#
# There is insufficient memory for the Java Runtime Environment to continue.
# Native memory allocation (mmap) failed to map 131072 bytes for committing reserved memory.
# Possible reasons:
#   The system is out of physical RAM or swap space
#   In 32 bit mode, the process size limit was hit
# Possible solutions:
#   Reduce memory load on the system
#   Increase physical memory or swap space
#   Check if swap backing store is full
#   Use 64 bit Java on a 64 bit OS
#   Decrease Java heap size (-Xmx/-Xms)
#   Decrease number of Java threads
#   Decrease Java thread stack sizes (-Xss)
#   Set larger code cache with -XX:ReservedCodeCacheSize=
# This output file may be truncated or incomplete.
#
#  Out of Memory Error (os_linux.cpp:2643), pid=17026, tid=0xb63a1b40
#
# JRE version: OpenJDK Runtime Environment (8.0_151-b12) (build 1.8.0_151-8u151-b12-0ubuntu0.16.04.2-b12)
# Java VM: OpenJDK Server VM (25.151-b12 mixed mode linux-x86 )
# Failed to write core dump. Core dumps have been disabled. To enable core dumping, try "ulimit -c unlimited" before starting Java again
#

---------------  T H R E A D  ---------------

Current thread (0xb6207800):  JavaThread "main" [_thread_in_vm, id=17517, stack(0xb6351000,0xb63a2000)]

Stack: [0xb6351000,0xb63a2000],  sp=0xb639eab0,  free space=310k
Native frames: (J=compiled Java code, j=interpreted, Vv=VM code, C=native code)
V  [libjvm.so+0x8d6834]
V  [libjvm.so+0x3a7c76]
V  [libjvm.so+0x7420c0]
V  [libjvm.so+0x73c013]
V  [libjvm.so+0x8d3264]
V  [libjvm.so+0x6cdd63]
V  [libjvm.so+0x6cdf7a]
V  [libjvm.so+0x6ceb05]
V  [libjvm.so+0x6cec5a]
V  [libjvm.so+0x6cfc9a]
V  [libjvm.so+0x6cfe8d]
V  [libjvm.so+0x3a528d]
V  [libjvm.so+0x3186e0]
V  [libjvm.so+0x319c32]
V  [libjvm.so+0x84d519]
V  [libjvm.so+0x55c01a]
V  [libjvm.so+0x55d4bc]  JVM_DefineClassWithSource+0x9c
C  [libjava.so+0xb357]  Java_java_lang_ClassLoader_defineClass1+0x1a7
J 573  java.lang.ClassLoader.defineClass1(Ljava/lang/String;[BIILjava/security/ProtectionDomain;Ljava/lang/String;)Ljava/lang/Class; (0 bytes) @ 0xa737f14b [0xa737f060+0xeb]
J 679 C1 java.lang.ClassLoader.defineClass(Ljava/lang/String;[BIILjava/security/ProtectionDomain;)Ljava/lang/Class; (43 bytes) @ 0xa73cfa54 [0xa73cf5a0+0x4b4]
J 676 C1 java.net.URLClassLoader.defineClass(Ljava/lang/String;Lsun/misc/Resource;)Ljava/lang/Class; (142 bytes) @ 0xa73cd0f8 [0xa73cba20+0x16d8]
J 581 C1 java.net.URLClassLoader$1.run()Ljava/lang/Class; (63 bytes) @ 0xa73844b8 [0xa7384280+0x238]
J 328 C1 java.net.URLClassLoader$1.run()Ljava/lang/Object; (5 bytes) @ 0xa730e2d0 [0xa730e260+0x70]
v  ~StubRoutines::call_stub
V  [libjvm.so+0x51faad]
V  [libjvm.so+0x746985]
V  [libjvm.so+0x51ebea]
V  [libjvm.so+0x56b9c4]  JVM_DoPrivileged+0x434
C  [libjava.so+0x9e15]  Java_java_security_AccessController_doPrivileged__Ljava_security_PrivilegedExceptionAction_2Ljava_security_AccessControlContext_2+0x25
J 180  java.security.AccessController.doPrivileged(Ljava/security/PrivilegedExceptionAction;Ljava/security/AccessControlContext;)Ljava/lang/Object; (0 bytes) @ 0xa72ad40c [0xa72ad360+0xac]
J 433 C1 java.net.URLClassLoader.findClass(Ljava/lang/String;)Ljava/lang/Class; (47 bytes) @ 0xa733c1b4 [0xa733c080+0x134]
J 321 C1 org.codehaus.groovy.tools.RootLoader.loadClass(Ljava/lang/String;Z)Ljava/lang/Class; (65 bytes) @ 0xa730a520 [0xa730a100+0x420]
J 322 C1 java.lang.ClassLoader.loadClass(Ljava/lang/String;)Ljava/lang/Class; (7 bytes) @ 0xa7309e40 [0xa7309d60+0xe0]
v  ~StubRoutines::call_stub
V  [libjvm.so+0x51faad]
V  [libjvm.so+0x746985]
V  [libjvm.so+0x51d586]
V  [libjvm.so+0x51dafb]
V  [libjvm.so+0x853e83]
V  [libjvm.so+0x8528ff]
V  [libjvm.so+0x854906]
V  [libjvm.so+0x39b0be]
V  [libjvm.so+0x50e3d6]
j  org.codehaus.groovy.syntax.ASTHelper.makeModule()V+1
j  org.codehaus.groovy.antlr.AntlrParserPlugin.buildAST(Lorg/codehaus/groovy/control/SourceUnit;Ljava/lang/ClassLoader;Lorg/codehaus/groovy/syntax/Reduction;)Lorg/codehaus/groovy/ast/ModuleNode;+6
j  org.codehaus.groovy.control.SourceUnit.convert()V+52
j  org.codehaus.groovy.control.CompilationUnit$13.call(Lorg/codehaus/groovy/control/SourceUnit;)V+1
j  org.codehaus.groovy.control.CompilationUnit.applyToSourceUnits(Lorg/codehaus/groovy/control/CompilationUnit$SourceUnitOperation;)V+79
j  org.codehaus.groovy.control.CompilationUnit.doPhaseOperation(Ljava/lang/Object;)V+30
j  org.codehaus.groovy.control.CompilationUnit.processPhaseOperations(I)V+32
j  org.codehaus.groovy.control.CompilationUnit.compile(I)V+60
j  groovy.lang.GroovyClassLoader.doParseClass(Lgroovy/lang/GroovyCodeSource;)Ljava/lang/Class;+164
j  groovy.lang.GroovyClassLoader.parseClass(Lgroovy/lang/GroovyCodeSource;Z)Ljava/lang/Class;+37
j  groovy.lang.GroovyShell.parseClass(Lgroovy/lang/GroovyCodeSource;)Ljava/lang/Class;+6
j  groovy.lang.GroovyShell.run(Lgroovy/lang/GroovyCodeSource;[Ljava/lang/String;)Ljava/lang/Object;+2
j  groovy.lang.GroovyShell.run(Lgroovy/lang/GroovyCodeSource;Ljava/util/List;)Ljava/lang/Object;+23
j  groovy.ui.GroovyMain.processOnce()V+33
j  groovy.ui.GroovyMain.run()Z+29
j  groovy.ui.GroovyMain.process(Lgroovyjarjarcommonscli/CommandLine;)Z+602
j  groovy.ui.GroovyMain.processArgs([Ljava/lang/String;Ljava/io/PrintStream;)V+108
j  groovy.ui.GroovyMain.main([Ljava/lang/String;)V+4
v  ~StubRoutines::call_stub
V  [libjvm.so+0x51faad]
V  [libjvm.so+0x746985]
V  [libjvm.so+0x51ebea]
V  [libjvm.so+0x7b8d25]
V  [libjvm.so+0x7baa5e]
V  [libjvm.so+0x565ade]  JVM_InvokeMethod+0x10e
C  [libjava.so+0xcf53]  Java_sun_reflect_NativeMethodAccessorImpl_invoke0+0x23
j  sun.reflect.NativeMethodAccessorImpl.invoke0(Ljava/lang/reflect/Method;Ljava/lang/Object;[Ljava/lang/Object;)Ljava/lang/Object;+0
j  sun.reflect.NativeMethodAccessorImpl.invoke(Ljava/lang/Object;[Ljava/lang/Object;)Ljava/lang/Object;+100
j  sun.reflect.DelegatingMethodAccessorImpl.invoke(Ljava/lang/Object;[Ljava/lang/Object;)Ljava/lang/Object;+6
j  java.lang.reflect.Method.invoke(Ljava/lang/Object;[Ljava/lang/Object;)Ljava/lang/Object;+56
j  org.codehaus.groovy.tools.GroovyStarter.rootLoader([Ljava/lang/String;)V+391
j  org.codehaus.groovy.tools.GroovyStarter.main([Ljava/lang/String;)V+1
v  ~StubRoutines::call_stub
V  [libjvm.so+0x51faad]
V  [libjvm.so+0x746985]
V  [libjvm.so+0x51ebea]
V  [libjvm.so+0x53eaf4]
V  [libjvm.so+0x540abb]
C  [libjli.so+0x2c30]
C  [libjli.so+0x69fe]
C  [libpthread.so.0+0x6295]  start_thread+0xe5
C  [libc.so.6+0xe705e]  clone+0x6e

Java frames: (J=compiled Java code, j=interpreted, Vv=VM code)
J 573  java.lang.ClassLoader.defineClass1(Ljava/lang/String;[BIILjava/security/ProtectionDomain;Ljava/lang/String;)Ljava/lang/Class; (0 bytes) @ 0xa737f107 [0xa737f060+0xa7]
J 679 C1 java.lang.ClassLoader.defineClass(Ljava/lang/String;[BIILjava/security/ProtectionDomain;)Ljava/lang/Class; (43 bytes) @ 0xa73cfa54 [0xa73cf5a0+0x4b4]
J 676 C1 java.net.URLClassLoader.defineClass(Ljava/lang/String;Lsun/misc/Resource;)Ljava/lang/Class; (142 bytes) @ 0xa73cd0f8 [0xa73cba20+0x16d8]
J 581 C1 java.net.URLClassLoader$1.run()Ljava/lang/Class; (63 bytes) @ 0xa73844b8 [0xa7384280+0x238]
J 328 C1 java.net.URLClassLoader$1.run()Ljava/lang/Object; (5 bytes) @ 0xa730e2d0 [0xa730e260+0x70]
v  ~StubRoutines::call_stub
J 180  java.security.AccessController.doPrivileged(Ljava/security/PrivilegedExceptionAction;Ljava/security/AccessControlContext;)Ljava/lang/Object; (0 bytes) @ 0xa72ad3c8 [0xa72ad360+0x68]
J 433 C1 java.net.URLClassLoader.findClass(Ljava/lang/String;)Ljava/lang/Class; (47 bytes) @ 0xa733c1b4 [0xa733c080+0x134]
J 321 C1 org.codehaus.groovy.tools.RootLoader.loadClass(Ljava/lang/String;Z)Ljava/lang/Class; (65 bytes) @ 0xa730a520 [0xa730a100+0x420]
J 322 C1 java.lang.ClassLoader.loadClass(Ljava/lang/String;)Ljava/lang/Class; (7 bytes) @ 0xa7309e40 [0xa7309d60+0xe0]
v  ~StubRoutines::call_stub
j  org.codehaus.groovy.syntax.ASTHelper.makeModule()V+1
j  org.codehaus.groovy.antlr.AntlrParserPlugin.buildAST(Lorg/codehaus/groovy/control/SourceUnit;Ljava/lang/ClassLoader;Lorg/codehaus/groovy/syntax/Reduction;)Lorg/codehaus/groovy/ast/ModuleNode;+6
j  org.codehaus.groovy.control.SourceUnit.convert()V+52
j  org.codehaus.groovy.control.CompilationUnit$13.call(Lorg/codehaus/groovy/control/SourceUnit;)V+1
j  org.codehaus.groovy.control.CompilationUnit.applyToSourceUnits(Lorg/codehaus/groovy/control/CompilationUnit$SourceUnitOperation;)V+79
j  org.codehaus.groovy.control.CompilationUnit.doPhaseOperation(Ljava/lang/Object;)V+30
j  org.codehaus.groovy.control.CompilationUnit.processPhaseOperations(I)V+32
j  org.codehaus.groovy.control.CompilationUnit.compile(I)V+60
j  groovy.lang.GroovyClassLoader.doParseClass(Lgroovy/lang/GroovyCodeSource;)Ljava/lang/Class;+164
j  groovy.lang.GroovyClassLoader.parseClass(Lgroovy/lang/GroovyCodeSource;Z)Ljava/lang/Class;+37
j  groovy.lang.GroovyShell.parseClass(Lgroovy/lang/GroovyCodeSource;)Ljava/lang/Class;+6
j  groovy.lang.GroovyShell.run(Lgroovy/lang/GroovyCodeSource;[Ljava/lang/String;)Ljava/lang/Object;+2
j  groovy.lang.GroovyShell.run(Lgroovy/lang/GroovyCodeSource;Ljava/util/List;)Ljava/lang/Object;+23
j  groovy.ui.GroovyMain.processOnce()V+33
j  groovy.ui.GroovyMain.run()Z+29
j  groovy.ui.GroovyMain.process(Lgroovyjarjarcommonscli/CommandLine;)Z+602
j  groovy.ui.GroovyMain.processArgs([Ljava/lang/String;Ljava/io/PrintStream;)V+108
j  groovy.ui.GroovyMain.main([Ljava/lang/String;)V+4
v  ~StubRoutines::call_stub
j  sun.reflect.NativeMethodAccessorImpl.invoke0(Ljava/lang/reflect/Method;Ljava/lang/Object;[Ljava/lang/Object;)Ljava/lang/Object;+0
j  sun.reflect.NativeMethodAccessorImpl.invoke(Ljava/lang/Object;[Ljava/lang/Object;)Ljava/lang/Object;+100
j  sun.reflect.DelegatingMethodAccessorImpl.invoke(Ljava/lang/Object;[Ljava/lang/Object;)Ljava/lang/Object;+6
j  java.lang.reflect.Method.invoke(Ljava/lang/Object;[Ljava/lang/Object;)Ljava/lang/Object;+56
j  org.codehaus.groovy.tools.GroovyStarter.rootLoader([Ljava/lang/String;)V+391
j  org.codehaus.groovy.tools.GroovyStarter.main([Ljava/lang/String;)V+1
v  ~StubRoutines::call_stub

---------------  P R O C E S S  ---------------

Java Threads: ( => current thread )
  0x637aa400 JavaThread "Service Thread" daemon [_thread_blocked, id=18167, stack(0x630db000,0x6312c000)]
  0x637a7400 JavaThread "C1 CompilerThread2" daemon [_thread_in_vm, id=18163, stack(0x6312c000,0x631ad000)]
  0x637a5c00 JavaThread "C2 CompilerThread1" daemon [_thread_blocked, id=18130, stack(0x631ad000,0x6322e000)]
  0x637a3c00 JavaThread "C2 CompilerThread0" daemon [_thread_blocked, id=18125, stack(0x6322e000,0x632af000)]
  0x637a2400 JavaThread "Signal Dispatcher" daemon [_thread_blocked, id=18110, stack(0x632af000,0x63300000)]
  0x63788800 JavaThread "Finalizer" daemon [_thread_blocked, id=17809, stack(0x63813000,0x63864000)]
  0x63785800 JavaThread "Reference Handler" daemon [_thread_blocked, id=17801, stack(0x6642e000,0x6647f000)]
=>0xb6207800 JavaThread "main" [_thread_in_vm, id=17517, stack(0xb6351000,0xb63a2000)]

Other Threads:
  0x63781000 VMThread [stack: 0x63864000,0x638e5000] [id=17717]
  0x637ac400 WatcherThread [stack: 0x6305a000,0x630db000] [id=18174]

VM state:not at safepoint (normal execution)

VM Mutex/Monitor currently owned by a thread:  ([mutex/lock_event])
[0xb6205810] MethodData_lock - owner thread: 0x637a7400

Heap:
 PSYoungGen      total 19200K, used 4554K [0x916c0000, 0x92c00000, 0xa6c00000)
  eden space 16640K, 12% used [0x916c0000,0x918b6978,0x92700000)
  from space 2560K, 99% used [0x92980000,0x92bfc168,0x92c00000)
  to   space 2560K, 0% used [0x92700000,0x92700000,0x92980000)
 ParOldGen       total 43776K, used 1364K [0x66c00000, 0x696c0000, 0x916c0000)
  object space 43776K, 3% used [0x66c00000,0x66d55088,0x696c0000)
 Metaspace       used 6458K, capacity 6508K, committed 6552K, reserved 7472K

Card table byte_map: [0x669ff000,0x66c00000] byte_map_base: 0x666c9000

Marking Bits: (ParMarkBitMap*) 0xb70c7880
 Begin Bits: [0x64300000, 0x65300000)
 End Bits:   [0x65300000, 0x66300000)

Polling page: 0xb76d4000

CodeCache: size=245760Kb used=2447Kb max_used=2448Kb free=243312Kb
 bounds [0xa71bb000, 0xa7423000, 0xb61bb000]
 total_blobs=949 nmethods=786 adapters=78
 compilation: enabled

Compilation events (10 events):
Event: 64.004 Thread 0x637a5c00 nmethod 805 0xa741fd08 code [0xa741fee0, 0xa7420538]
Event: 64.005 Thread 0x637a7400 nmethod 797 0xa74194c8 code [0xa7419620, 0xa74199f8]
Event: 64.005 Thread 0x637a7400  798       3       java.nio.ByteBuffer::hasArray (20 bytes)
Event: 64.005 Thread 0x637a7400 nmethod 798 0xa7418b48 code [0xa7418c60, 0xa7418da0]
Event: 64.005 Thread 0x637a7400  799       3       java.nio.CharBuffer::hasArray (20 bytes)
Event: 64.005 Thread 0x637a7400 nmethod 799 0xa7419208 code [0xa7419320, 0xa7419460]
Event: 64.005 Thread 0x637a7400  800   !   3       java.nio.charset.CharsetDecoder::decode (287 bytes)
Event: 64.067 Thread 0x637a7400 nmethod 800 0xa741dec8 code [0xa741e180, 0xa741f3e0]
Event: 64.067 Thread 0x637a7400  776       1       org.codehaus.groovy.antlr.GroovySourceAST::getLine (5 bytes)
Event: 64.067 Thread 0x637a7400 nmethod 776 0xa7416ec8 code [0xa7416fc0, 0xa7417060]

GC Heap History (4 events):
Event: 32.852 GC heap before
{Heap before GC invocations=1 (full 0):
 PSYoungGen      total 19200K, used 16640K [0x916c0000, 0x92c00000, 0xa6c00000)
  eden space 16640K, 100% used [0x916c0000,0x92700000,0x92700000)
  from space 2560K, 0% used [0x92980000,0x92980000,0x92c00000)
  to   space 2560K, 0% used [0x92700000,0x92700000,0x92980000)
 ParOldGen       total 43776K, used 0K [0x66c00000, 0x696c0000, 0x916c0000)
  object space 43776K, 0% used [0x66c00000,0x66c00000,0x696c0000)
 Metaspace       used 3723K, capacity 3786K, committed 3864K, reserved 4400K
Event: 32.864 GC heap after
Heap after GC invocations=1 (full 0):
 PSYoungGen      total 19200K, used 2555K [0x916c0000, 0x92c00000, 0xa6c00000)
  eden space 16640K, 0% used [0x916c0000,0x916c0000,0x92700000)
  from space 2560K, 99% used [0x92700000,0x9297ec58,0x92980000)
  to   space 2560K, 0% used [0x92980000,0x92980000,0x92c00000)
 ParOldGen       total 43776K, used 112K [0x66c00000, 0x696c0000, 0x916c0000)
  object space 43776K, 0% used [0x66c00000,0x66c1c1d8,0x696c0000)
 Metaspace       used 3723K, capacity 3786K, committed 3864K, reserved 4400K
}
Event: 56.880 GC heap before
{Heap before GC invocations=2 (full 0):
 PSYoungGen      total 19200K, used 19192K [0x916c0000, 0x92c00000, 0xa6c00000)
  eden space 16640K, 99% used [0x916c0000,0x926ff790,0x92700000)
  from space 2560K, 99% used [0x92700000,0x9297ec58,0x92980000)
  to   space 2560K, 0% used [0x92980000,0x92980000,0x92c00000)
 ParOldGen       total 43776K, used 112K [0x66c00000, 0x696c0000, 0x916c0000)
  object space 43776K, 0% used [0x66c00000,0x66c1c1d8,0x696c0000)
 Metaspace       used 6092K, capacity 6154K, committed 6168K, reserved 6448K
Event: 56.898 GC heap after
Heap after GC invocations=2 (full 0):
 PSYoungGen      total 19200K, used 2544K [0x916c0000, 0x92c00000, 0xa6c00000)
  eden space 16640K, 0% used [0x916c0000,0x916c0000,0x92700000)
  from space 2560K, 99% used [0x92980000,0x92bfc168,0x92c00000)
  to   space 2560K, 0% used [0x92700000,0x92700000,0x92980000)
 ParOldGen       total 43776K, used 1364K [0x66c00000, 0x696c0000, 0x916c0000)
  object space 43776K, 3% used [0x66c00000,0x66d55088,0x696c0000)
 Metaspace       used 6092K, capacity 6154K, committed 6168K, reserved 6448K
}

Deoptimization events (10 events):
Event: 21.994 Thread 0xb6207800 Uncommon trap: reason=unstable_if action=reinterpret pc=0xa72fa074 method=java.io.BufferedInputStream.read()I @ 8
Event: 31.465 Thread 0xb6207800 Uncommon trap: reason=unstable_if action=reinterpret pc=0xa72ec8c8 method=java.lang.String.indexOf([CII[CIII)I @ 3
Event: 32.888 Thread 0xb6207800 Uncommon trap: reason=unstable_if action=reinterpret pc=0xa732b644 method=java.lang.ref.SoftReference.get()Ljava/lang/Object; @ 17
Event: 33.647 Thread 0xb6207800 Uncommon trap: reason=unstable_if action=reinterpret pc=0xa72cd630 method=sun.misc.URLClassPath.getLoader(I)Lsun/misc/URLClassPath$Loader; @ 36
Event: 33.647 Thread 0xb6207800 Uncommon trap: reason=bimorphic action=maybe_recompile pc=0xa732e71c method=java.util.HashMap.getNode(ILjava/lang/Object;)Ljava/util/HashMap$Node; @ 126
Event: 33.647 Thread 0xb6207800 Uncommon trap: reason=unstable_if action=reinterpret pc=0xa72f7e90 method=sun.misc.URLClassPath$JarLoader.getResource(Ljava/lang/String;Z)Lsun/misc/Resource; @ 4
Event: 33.647 Thread 0xb6207800 Uncommon trap: reason=bimorphic action=maybe_recompile pc=0xa732e71c method=java.util.HashMap.getNode(ILjava/lang/Object;)Ljava/util/HashMap$Node; @ 126
Event: 38.848 Thread 0xb6207800 Uncommon trap: reason=bimorphic action=maybe_recompile pc=0xa732e71c method=java.util.HashMap.getNode(ILjava/lang/Object;)Ljava/util/HashMap$Node; @ 126
Event: 38.849 Thread 0xb6207800 Uncommon trap: reason=unstable_if action=reinterpret pc=0xa732e6c0 method=java.util.HashMap.getNode(ILjava/lang/Object;)Ljava/util/HashMap$Node; @ 62
Event: 38.849 Thread 0xb6207800 Uncommon trap: reason=bimorphic action=maybe_recompile pc=0xa73239f0 method=java.util.HashMap.getNode(ILjava/lang/Object;)Ljava/util/HashMap$Node; @ 126

Internal exceptions (10 events):
Event: 49.796 Thread 0xb6207800 Exception <a 'java/lang/ArrayIndexOutOfBoundsException'> (0x922a7540) thrown at [/build/openjdk-8-Y4imzb/openjdk-8-8u151-b12/src/hotspot/src/share/vm/runtime/sharedRuntime.cpp, line 605]
Event: 49.796 Thread 0xb6207800 Exception <a 'java/lang/ArrayIndexOutOfBoundsException'> (0x922a8390) thrown at [/build/openjdk-8-Y4imzb/openjdk-8-8u151-b12/src/hotspot/src/share/vm/runtime/sharedRuntime.cpp, line 605]
Event: 49.796 Thread 0xb6207800 Exception <a 'java/lang/ArrayIndexOutOfBoundsException'> (0x922a91c0) thrown at [/build/openjdk-8-Y4imzb/openjdk-8-8u151-b12/src/hotspot/src/share/vm/runtime/sharedRuntime.cpp, line 605]
Event: 49.796 Thread 0xb6207800 Exception <a 'java/lang/ArrayIndexOutOfBoundsException'> (0x922aa2b8) thrown at [/build/openjdk-8-Y4imzb/openjdk-8-8u151-b12/src/hotspot/src/share/vm/runtime/sharedRuntime.cpp, line 605]
Event: 49.797 Thread 0xb6207800 Exception <a 'java/lang/ArrayIndexOutOfBoundsException'> (0x922ab108) thrown at [/build/openjdk-8-Y4imzb/openjdk-8-8u151-b12/src/hotspot/src/share/vm/runtime/sharedRuntime.cpp, line 605]
Event: 49.797 Thread 0xb6207800 Exception <a 'java/lang/ArrayIndexOutOfBoundsException'> (0x922abf50) thrown at [/build/openjdk-8-Y4imzb/openjdk-8-8u151-b12/src/hotspot/src/share/vm/runtime/sharedRuntime.cpp, line 605]
Event: 49.798 Thread 0xb6207800 Exception <a 'java/lang/ArrayIndexOutOfBoundsException'> (0x922ad040) thrown at [/build/openjdk-8-Y4imzb/openjdk-8-8u151-b12/src/hotspot/src/share/vm/runtime/sharedRuntime.cpp, line 605]
Event: 49.798 Thread 0xb6207800 Exception <a 'java/lang/ArrayIndexOutOfBoundsException'> (0x922adef8) thrown at [/build/openjdk-8-Y4imzb/openjdk-8-8u151-b12/src/hotspot/src/share/vm/runtime/sharedRuntime.cpp, line 605]
Event: 49.798 Thread 0xb6207800 Exception <a 'java/lang/ArrayIndexOutOfBoundsException'> (0x922aeda8) thrown at [/build/openjdk-8-Y4imzb/openjdk-8-8u151-b12/src/hotspot/src/share/vm/runtime/sharedRuntime.cpp, line 605]
Event: 49.798 Thread 0xb6207800 Exception <a 'java/lang/ArrayIndexOutOfBoundsException'> (0x922afe60) thrown at [/build/openjdk-8-Y4imzb/openjdk-8-8u151-b12/src/hotspot/src/share/vm/runtime/sharedRuntime.cpp, line 605]

Events (10 events):
Event: 58.961 loading class sun/reflect/ClassDefiner
Event: 58.961 loading class sun/reflect/ClassDefiner done
Event: 58.961 loading class sun/reflect/ClassDefiner$1
Event: 58.961 loading class sun/reflect/ClassDefiner$1 done
Event: 58.962 loading class sun/reflect/BootstrapConstructorAccessorImpl
Event: 58.963 loading class sun/reflect/BootstrapConstructorAccessorImpl done
Event: 63.990 Thread 0x637a3c00 flushing nmethod 0xa7260548
Event: 63.990 Thread 0x637a3c00 flushing nmethod 0xa72607c8
Event: 63.990 Thread 0x637a3c00 flushing nmethod 0xa7260a48
Event: 63.990 Thread 0x637a3c00 flushing nmethod 0xa7260f48


Dynamic libraries:
08048000-08049000 r-xp 00000000 08:01 1693306    /usr/lib/jvm/java-8-openjdk-i386/jre/bin/java
08049000-0804a000 r--p 00000000 08:01 1693306    /usr/lib/jvm/java-8-openjdk-i386/jre/bin/java
0804a000-0804b000 rw-p 00001000 08:01 1693306    /usr/lib/jvm/java-8-openjdk-i386/jre/bin/java
08299000-082ba000 rw-p 00000000 00:00 0          [heap]
61c00000-61cf0000 rw-p 00000000 00:00 0 
61cf0000-61d00000 ---p 00000000 00:00 0 
61d00000-61d20000 rw-p 00000000 00:00 0 
61d40000-61e00000 ---p 00000000 00:00 0 
61e00000-61f00000 rw-p 00000000 00:00 0 
61f00000-61f8f000 rw-p 00000000 00:00 0 
61f8f000-62000000 ---p 00000000 00:00 0 
62000000-620c0000 rw-p 00000000 00:00 0 
620c0000-62100000 ---p 00000000 00:00 0 
62100000-621fa000 rw-p 00000000 00:00 0 
621fa000-62200000 ---p 00000000 00:00 0 
62200000-62300000 rw-p 00000000 00:00 0 
62300000-62380000 rw-p 00000000 00:00 0 
62380000-62400000 ---p 00000000 00:00 0 
62487000-62500000 r--s 010fe000 08:01 1694179    /usr/lib/jvm/java-8-openjdk-i386/lib/tools.jar
62500000-625fd000 rw-p 00000000 00:00 0 
625fd000-62600000 ---p 00000000 00:00 0 
62677000-6267a000 r--s 00023000 08:01 2478896    /home/sarnobat/github/groovy_libraries/.groovy/lib/maven-shared-utils-0.1.jar
6267a000-6267d000 r--s 0000b000 08:01 2478399    /home/sarnobat/github/groovy_libraries/.groovy/lib/concurrentlinkedhashmap-lru-1.3.1.jar
6267d000-62684000 r--s 0005b000 08:01 2478897    /home/sarnobat/github/groovy_libraries/.groovy/lib/mongo-java-driver-2.10.1.jar
62684000-62686000 r--s 0000c000 08:01 2478389    /home/sarnobat/github/groovy_libraries/.groovy/lib/commons-exec-1.3.jar
62686000-62687000 r--s 0000a000 08:01 2478397    /home/sarnobat/github/groovy_libraries/.groovy/lib/commons-logging-api-1.1.jar
62687000-62689000 r--s 00008000 08:01 2478930    /home/sarnobat/github/groovy_libraries/.groovy/lib/vget-1.1.5.jar
62689000-62697000 r--s 000ad000 08:01 2478846    /home/sarnobat/github/groovy_libraries/.groovy/lib/jackson-mapper-asl-1.9.2.jar
62697000-626a4000 r--s 000a2000 08:01 2478391    /home/sarnobat/github/groovy_libraries/.groovy/lib/commons-imaging-1.0-R1480221.jar
626a4000-626a6000 r--s 00000000 08:01 2478907    /home/sarnobat/github/groovy_libraries/.groovy/lib/plexus-component-annotations-1.5.5.jar
626a6000-626aa000 r--s 0000c000 08:01 2478929    /home/sarnobat/github/groovy_libraries/.groovy/lib/validation-api-1.1.0.Final.jar
626aa000-626ac000 r--s 00005000 08:01 2478924    /home/sarnobat/github/groovy_libraries/.groovy/lib/slf4j-api-1.7.5.jar
626ac000-626d1000 r--s 002e3000 08:01 2478932    /home/sarnobat/github/groovy_libraries/.groovy/lib/xalan-2.7.1.jar
626d1000-62700000 r--s 0028b000 08:01 2478865    /home/sarnobat/github/groovy_libraries/.groovy/lib/jetty-all-9.2.21.v20170120.jar
62700000-627f9000 rw-p 00000000 00:00 0 
627f9000-62800000 ---p 00000000 00:00 0 
62800000-628fb000 rw-p 00000000 00:00 0 
628fb000-62900000 ---p 00000000 00:00 0 
62900000-62901000 r--s 00004000 08:01 2478901    /home/sarnobat/github/groovy_libraries/.groovy/lib/opencsv-2.3.jar
62901000-62906000 r--s 0002a000 08:01 2478419    /home/sarnobat/github/groovy_libraries/.groovy/lib/gson-2.2.4.jar
62906000-62907000 r--s 00002000 08:01 2478875    /home/sarnobat/github/groovy_libraries/.groovy/lib/jsch.agentproxy.connector-factory-0.0.6.jar
62907000-62914000 r--s 00082000 08:01 2478856    /home/sarnobat/github/groovy_libraries/.groovy/lib/jersey-common-2.0.jar
62914000-62916000 r--s 0000d000 08:01 2478912    /home/sarnobat/github/groovy_libraries/.groovy/lib/plexus-interpolation-1.13.jar
62916000-62919000 r--s 0001b000 08:01 2478888    /home/sarnobat/github/groovy_libraries/.groovy/lib/junit-3.8.2.jar
62919000-6291a000 r--s 00001000 08:01 2478400    /home/sarnobat/github/groovy_libraries/.groovy/lib/doxia-sink-api-1.0-alpha-7.jar
6291a000-6291c000 r--s 00011000 08:01 2478873    /home/sarnobat/github/groovy_libraries/.groovy/lib/jsch-extension-0.1.3.jar
6291c000-62920000 r--s 00040000 08:01 2478871    /home/sarnobat/github/groovy_libraries/.groovy/lib/jsch-0.1.53-sources.jar
62920000-62923000 r--s 00023000 08:01 2478853    /home/sarnobat/github/groovy_libraries/.groovy/lib/jdom-1.0.jar
62923000-62924000 r--s 00003000 08:01 2478407    /home/sarnobat/github/groovy_libraries/.groovy/lib/geronimo-jta_1.1_spec-1.1.1.jar
62924000-62925000 r--s 00003000 08:01 2478857    /home/sarnobat/github/groovy_libraries/.groovy/lib/jersey-container-jdk-http-2.0.jar
62925000-62929000 r--s 0003b000 08:01 2478870    /home/sarnobat/github/groovy_libraries/.groovy/lib/jsch-0.1.50.jar.disabled
62929000-6292d000 r--s 00032000 08:01 2478915    /home/sarnobat/github/groovy_libraries/.groovy/lib/rome-1.0.jar
6292d000-62938000 r--s 00068000 08:01 2478859    /home/sarnobat/github/groovy_libraries/.groovy/lib/jersey-core-1.17.1.jar
62938000-6293a000 r--s 0000d000 08:01 2479615    /home/sarnobat/github/groovy_libraries/.groovy/lib/commons-codec-1.4.jar
6293a000-6293b000 r--s 00007000 08:01 2478923    /home/sarnobat/github/groovy_libraries/.groovy/lib/slf4j-api-1.7.12.jar
6293b000-6293d000 r--s 0000a000 08:01 2478931    /home/sarnobat/github/groovy_libraries/.groovy/lib/wget-1.2.9.jar
6293d000-6294c000 r--s 00095000 08:01 2478927    /home/sarnobat/github/groovy_libraries/.groovy/lib/sshd-core-0.14.0.jar
6294c000-6294d000 r--s 00001000 08:01 2478881    /home/sarnobat/github/groovy_libraries/.groovy/lib/jsch.agentproxy.usocket-jna-0.0.6.jar
6294d000-6294f000 r--s 00000000 08:01 2478877    /home/sarnobat/github/groovy_libraries/.groovy/lib/jsch.agentproxy.jsch-0.0.6.jar
6294f000-62953000 r--s 0001d000 08:01 2478933    /home/sarnobat/github/groovy_libraries/.groovy/lib/xbean-reflect-3.4.jar
62953000-62958000 r--s 00047000 08:01 2478381    /home/sarnobat/github/groovy_libraries/.groovy/lib/asm-all-repackaged-2.1.88.jar
62958000-6295a000 r--s 00000000 08:01 2478906    /home/sarnobat/github/groovy_libraries/.groovy/lib/plexus-compiler-manager-2.0.jar
6295a000-6295c000 r--s 00002000 08:01 2478895    /home/sarnobat/github/groovy_libraries/.groovy/lib/maven-shared-incremental-1.0.jar
6295c000-6295e000 r--s 00001000 08:01 2478876    /home/sarnobat/github/groovy_libraries/.groovy/lib/jsch.agentproxy.core-0.0.6.jar
6295e000-62960000 r--s 00282000 08:01 2478919    /home/sarnobat/github/groovy_libraries/.groovy/lib/selenium-firefox-driver-2.45.0.jar
62960000-62962000 r--s 00005000 08:01 2478847    /home/sarnobat/github/groovy_libraries/.groovy/lib/javax.annotation-api-1.2.jar
62962000-62963000 r--s 00001000 08:01 2478878    /home/sarnobat/github/groovy_libraries/.groovy/lib/jsch.agentproxy.pageant-0.0.6.jar
62963000-62965000 r--s 00000000 08:01 2478879    /home/sarnobat/github/groovy_libraries/.groovy/lib/jsch.agentproxy.sshagent-0.0.6.jar
62965000-62967000 r--s 0000d000 08:01 2478416    /home/sarnobat/github/groovy_libraries/.groovy/lib/google-oauth-client-1.17.0-rc.jar
62967000-6296b000 r--s 00025000 08:01 2478408    /home/sarnobat/github/groovy_libraries/.groovy/lib/google-api-client-1.17.0-rc.jar
6296b000-6296e000 r--s 0001b000 08:01 2478887    /home/sarnobat/github/groovy_libraries/.groovy/lib/junit-3.8.1.jar
6296e000-62997000 r--s 001ee000 08:01 2478420    /home/sarnobat/github/groovy_libraries/.groovy/lib/guava-14.0.1.jar
62997000-62a00000 r--s 003e4000 08:01 2478899    /home/sarnobat/github/groovy_libraries/.groovy/lib/neo4j-cypher-1.9.2.jar
62a00000-62aff000 rw-p 00000000 00:00 0 
62aff000-62b00000 ---p 00000000 00:00 0 
62b00000-62b01000 r--s 00001000 08:01 2478903    /home/sarnobat/github/groovy_libraries/.groovy/lib/plexus-build-api-0.0.4.jar
62b01000-62b05000 r--s 00019000 08:01 2478855    /home/sarnobat/github/groovy_libraries/.groovy/lib/jersey-client-2.0.jar
62b05000-62b07000 r--s 0000d000 08:01 2478874    /home/sarnobat/github/groovy_libraries/.groovy/lib/jsch-nio-0.1.5.jar
62b07000-62b0d000 r--s 00033000 08:01 2478921    /home/sarnobat/github/groovy_libraries/.groovy/lib/selenium-remote-driver-2.45.0.jar
62b0d000-62b11000 r--s 0002f000 08:01 2478845    /home/sarnobat/github/groovy_libraries/.groovy/lib/jackson-core-2.1.3.jar
62b11000-62b14000 r--s 00015000 08:01 2478409    /home/sarnobat/github/groovy_libraries/.groovy/lib/google-api-services-calendar-v3-rev72-1.17.0-rc.jar
62b14000-62b16000 r--s 0000b000 08:01 2478427    /home/sarnobat/github/groovy_libraries/.groovy/lib/hk2-utils-2.1.88.jar
62b16000-62b1c000 r--s 00042000 08:01 2478885    /home/sarnobat/github/groovy_libraries/.groovy/lib/jsoup-1.7.2.jar
62b1c000-62b2a000 r--s 0007f000 08:01 2478387    /home/sarnobat/github/groovy_libraries/.groovy/lib/commons-collections-3.2.1.jar
62b2a000-62b35000 r--s 00085000 08:01 2478429    /home/sarnobat/github/groovy_libraries/.groovy/lib/httpclient-4.3.3.jar
62b35000-62b36000 r--s 00002000 08:01 2478417    /home/sarnobat/github/groovy_libraries/.groovy/lib/google-oauth-client-java6-1.17.0-rc.jar
62b36000-62b37000 r--s 00001000 08:01 2478883    /home/sarnobat/github/groovy_libraries/.groovy/lib/jsch.agentproxy.usocket-nc-0.0.6.jar
62b37000-62b3b000 r--s 00017000 08:01 2478928    /home/sarnobat/github/groovy_libraries/.groovy/lib/thumbnailator-0.4.8.jar
62b3b000-62b3d000 r--s 0001f000 08:01 2478922    /home/sarnobat/github/groovy_libraries/.groovy/lib/servlet-api-2.5-20081211.jar
62b3d000-62b3f000 r--s 0001d000 08:01 2478425    /home/sarnobat/github/groovy_libraries/.groovy/lib/hk2-locator-2.1.88.jar
62b3f000-62b43000 r--s 00018000 08:01 2478424    /home/sarnobat/github/groovy_libraries/.groovy/lib/hk2-api-2.1.88.jar
62b43000-62b44000 r--s 00002000 08:01 2478918    /home/sarnobat/github/groovy_libraries/.groovy/lib/selenium-chrome-driver-2.45.0.jar
62b44000-62b48000 r--s 00024000 08:01 2478861    /home/sarnobat/github/groovy_libraries/.groovy/lib/jersey-json-1.17.1.jar
62b48000-62b4c000 r--s 0002a000 08:01 2478393    /home/sarnobat/github/groovy_libraries/.groovy/lib/commons-io-2.4.jar
62b4c000-62b6b000 r--s 00153000 08:01 2478900    /home/sarnobat/github/groovy_libraries/.groovy/lib/neo4j-kernel-1.9.2.jar
62b6b000-62b72000 r--s 00051000 08:01 2478889    /home/sarnobat/github/groovy_libraries/.groovy/lib/log4j-1.2.12.jar
62b72000-62b73000 r--s 00006000 08:01 2478926    /home/sarnobat/github/groovy_libraries/.groovy/lib/solr-commons-csv-3.5.0.jar
62b73000-62b77000 r--s 00018000 08:01 2478852    /home/sarnobat/github/groovy_libraries/.groovy/lib/javax.ws.rs-api-2.0.jar
62b77000-62b79000 r--s 0000b000 08:01 2478388    /home/sarnobat/github/groovy_libraries/.groovy/lib/commons-exec-1.1.jar
62b79000-62b7b000 r--s 00001000 08:01 2478925    /home/sarnobat/github/groovy_libraries/.groovy/lib/slf4j-log4j12-1.7.12.jar
62b7b000-62b7d000 r--s 00005000 08:01 2478904    /home/sarnobat/github/groovy_libraries/.groovy/lib/plexus-compiler-api-2.0.jar
62b7d000-62b7e000 r--s 00002000 08:01 2478893    /home/sarnobat/github/groovy_libraries/.groovy/lib/maven-reporting-api-2.0.6.jar
62b7e000-62b84000 r--s 0003c000 08:01 2478412    /home/sarnobat/github/groovy_libraries/.groovy/lib/google-http-client-1.17.0-rc.jar
62b84000-62b88000 r--s 00028000 08:01 2478867    /home/sarnobat/github/groovy_libraries/.groovy/lib/jetty-util-6.1.26.jar
62b88000-62b8f000 r--s 00058000 08:01 2478396    /home/sarnobat/github/groovy_libraries/.groovy/lib/commons-lang3-3.2.1.jar
62b8f000-62c00000 r--s 00658000 08:01 2478916    /home/sarnobat/github/groovy_libraries/.groovy/lib/scala-library-2.10.0.jar
62c00000-62cfc000 rw-p 00000000 00:00 0 
62cfc000-62d00000 ---p 00000000 00:00 0 
62d00000-62dfb000 rw-p 00000000 00:00 0 
62dfb000-62e00000 ---p 00000000 00:00 0 
62e00000-62e02000 r--s 00009000 08:01 2478891    /home/sarnobat/github/groovy_libraries/.groovy/lib/maven-compiler-plugin-3.0.jar
62e02000-62e04000 r--s 0000c000 08:01 2478385    /home/sarnobat/github/groovy_libraries/.groovy/lib/commons-cli-1.4.jar
62e04000-62e06000 r--s 00007000 08:01 2478892    /home/sarnobat/github/groovy_libraries/.groovy/lib/maven-filtering-1.0-beta-4.jar
62e06000-62e07000 r--s 00004000 08:01 2478905    /home/sarnobat/github/groovy_libraries/.groovy/lib/plexus-compiler-javac-2.0.jar
62e07000-62e0e000 r--s 00048000 08:01 2478841    /home/sarnobat/github/groovy_libraries/.groovy/lib/httpcore-4.4.1.jar
62e0e000-62e12000 r--s 000dc000 08:01 2478869    /home/sarnobat/github/groovy_libraries/.groovy/lib/jna-4.1.0.jar
62e12000-62e18000 r--s 00043000 08:01 2478402    /home/sarnobat/github/groovy_libraries/.groovy/lib/genson-0.98.jar
62e18000-62e19000 r--s 00005000 08:01 2478894    /home/sarnobat/github/groovy_libraries/.groovy/lib/maven-resources-plugin-2.4.3.jar
62e19000-62e1b000 r--s 00005000 08:01 2478844    /home/sarnobat/github/groovy_libraries/.groovy/lib/httpmime-4.2.3.jar
62e1b000-62e1f000 r--s 0003c000 08:01 2478394    /home/sarnobat/github/groovy_libraries/.groovy/lib/commons-lang-2.4.jar
62e1f000-62e23000 r--s 00030000 08:01 2478913    /home/sarnobat/github/groovy_libraries/.groovy/lib/plexus-utils-1.5.1.jar
62e23000-62e2a000 r--s 0003f000 08:01 2478382    /home/sarnobat/github/groovy_libraries/.groovy/lib/cglib-2.1.88.jar
62e2a000-62e2d000 r--s 00012000 08:01 2478851    /home/sarnobat/github/groovy_libraries/.groovy/lib/javax.json-1.0.4.jar
62e2d000-62e2e000 r--s 0000f000 08:01 2478884    /home/sarnobat/github/groovy_libraries/.groovy/lib/json-20131018.jar
62e2e000-62e2f000 r--s 00001000 08:01 2478418    /home/sarnobat/github/groovy_libraries/.groovy/lib/google-oauth-client-jetty-1.17.0-rc.jar
62e2f000-62e34000 r--s 0002b000 08:01 2478401    /home/sarnobat/github/groovy_libraries/.groovy/lib/fuse-jna-0.0.1-SNAPSHOT.jar
62e34000-62e46000 r--s 00099000 08:01 2478863    /home/sarnobat/github/groovy_libraries/.groovy/lib/jersey-server-2.0.jar
62e46000-62e48000 r--s 00006000 08:01 2478886    /home/sarnobat/github/groovy_libraries/.groovy/lib/jsr305-2.0.1.jar
62e48000-62e49000 r--s 00001000 08:01 2478415    /home/sarnobat/github/groovy_libraries/.groovy/lib/google-http-client-jackson2-1.17.0-rc.jar
62e49000-62e4b000 r--s 00002000 08:01 2478911    /home/sarnobat/github/groovy_libraries/.groovy/lib/plexus-interactivity-api-1.0-alpha-4.jar
62e4b000-62e4c000 r--s 00004000 08:01 2478902    /home/sarnobat/github/groovy_libraries/.groovy/lib/osgi-resource-locator-1.0.1.jar
62e4c000-62e51000 r--s 0001d000 08:01 2478917    /home/sarnobat/github/groovy_libraries/.groovy/lib/selenium-api-2.45.0.jar
62e51000-62e58000 r--s 00064000 08:01 2478890    /home/sarnobat/github/groovy_libraries/.groovy/lib/mail-1.4.2.jar
62e58000-62e59000 r--s 00001000 08:01 2478848    /home/sarnobat/github/groovy_libraries/.groovy/lib/javax.inject-2.1.88.jar
62e59000-62e60000 r--s 00050000 08:01 2478843    /home/sarnobat/github/groovy_libraries/.groovy/lib/httpcore-nio-4.4.1.jar
62e60000-62e64000 r--s 00033000 08:01 2478914    /home/sarnobat/github/groovy_libraries/.groovy/lib/plexus-utils-2.0.5.jar
62e64000-62e67000 r--s 0001d000 08:01 2478854    /home/sarnobat/github/groovy_libraries/.groovy/lib/jersey-client-1.17.1.jar
62e67000-62e68000 r--s 00006000 08:01 1693894    /usr/share/maven-repo/org/codehaus/groovy/groovy-servlet/2.4.5/groovy-servlet-2.4.5.jar
62e68000-62e6a000 r--s 0001b000 08:01 1693924    /usr/share/maven-repo/org/codehaus/groovy/groovy-docgenerator/2.4.5/groovy-docgenerator-2.4.5.jar
62e6a000-62e6c000 r--s 00011000 08:01 1147685    /usr/share/java/jsp-api-2.1.jar
62e6c000-62e7a000 r--s 000c8000 08:01 1149227    /usr/share/java/testng.jar
62e7a000-62e7c000 r--s 0000c000 08:01 1149198    /usr/share/java/asm4-5.0.4.jar
62e7c000-62e7e000 r--s 00006000 08:01 1149197    /usr/share/java/asm4-tree-5.0.4.jar
62e7e000-62e80000 r--s 00012000 08:01 1839680    /usr/share/maven-repo/org/codehaus/groovy/groovy-test/2.4.5/groovy-test-2.4.5.jar
62e80000-62e81000 r--s 00004000 08:01 1144744    /usr/share/java/ant-launcher-1.9.6.jar
62e81000-62e82000 r--s 00005000 08:01 1147905    /usr/share/java/jansi-1.4.jar
62e82000-62e84000 r--s 00019000 08:01 1149207    /usr/share/java/jline2.jar
62e84000-62e86000 r--s 00001000 08:01 1839692    /usr/share/maven-repo/org/codehaus/groovy/groovy-testng/2.4.5/groovy-testng-2.4.5.jar
62e86000-62e9b000 r--s 00124000 08:01 1147882    /usr/share/java/ivy-2.3.0.jar
62e9b000-62e9d000 r--s 00016000 08:01 1839697    /usr/share/maven-repo/org/codehaus/groovy/groovy-templates/2.4.5/groovy-templates-2.4.5.jar
62e9d000-62e9f000 r--s 00004000 08:01 1839662    /usr/share/maven-repo/org/codehaus/groovy/groovy-jsr223/2.4.5/groovy-jsr223-2.4.5.jar
62e9f000-62ea2000 r--s 0001e000 08:01 1147684    /usr/share/java/servlet-api-2.5.jar
62ea2000-62eef000 r--s 0040d000 08:01 1149211    /usr/share/java/groovy-2.x.jar
62eef000-62efc000 r--s 00076000 08:01 1147859    /usr/share/java/xstream-1.4.8.jar
62efc000-62f00000 r--s 00028000 08:01 1149209    /usr/share/java/qdox-1.12.1.jar
62f00000-62ffd000 rw-p 00000000 00:00 0 
62ffd000-63000000 ---p 00000000 00:00 0 
63000000-63001000 r--s 00003000 08:01 1147898    /usr/share/java/hawtjni-runtime-1.10.jar
63001000-63002000 r--s 00001000 08:01 1147901    /usr/share/java/jansi-native-1.0.jar
63002000-63003000 r--s 00005000 08:01 1147905    /usr/share/java/jansi-1.4.jar
63003000-63007000 r--s 0001e000 08:01 1839667    /usr/share/maven-repo/org/codehaus/groovy/groovy-groovydoc/2.4.5/groovy-groovydoc-2.4.5.jar
63007000-63008000 r--s 0000d000 08:01 1147020    /usr/share/java/commons-logging-1.2.jar
63008000-6300d000 r--s 00068000 08:01 1144929    /usr/share/java/antlr.jar
6300d000-6305a000 r--s 0040d000 08:01 1149211    /usr/share/java/groovy-2.x.jar
6305a000-6305b000 ---p 00000000 00:00 0 
6305b000-630db000 rw-p 00000000 00:00 0 
630db000-630de000 ---p 00000000 00:00 0 
630de000-6312c000 rw-p 00000000 00:00 0 
6312c000-6312f000 ---p 00000000 00:00 0 
6312f000-631ad000 rw-p 00000000 00:00 0 
631ad000-631b0000 ---p 00000000 00:00 0 
631b0000-6322e000 rw-p 00000000 00:00 0 
6322e000-63231000 ---p 00000000 00:00 0 
63231000-632af000 rw-p 00000000 00:00 0 
632af000-632b2000 ---p 00000000 00:00 0 
632b2000-63300000 rw-p 00000000 00:00 0 
63300000-63500000 r--p 00000000 08:01 1105218    /usr/lib/locale/locale-archive
63500000-635e7000 rw-p 00000000 00:00 0 
635e7000-63600000 ---p 00000000 00:00 0 
63600000-63621000 rw-p 00000000 00:00 0 
63621000-63700000 ---p 00000000 00:00 0 
63700000-637fc000 rw-p 00000000 00:00 0 
637fc000-63800000 ---p 00000000 00:00 0 
63800000-63803000 r--s 0001d000 08:01 1839643    /usr/share/maven-repo/org/codehaus/groovy/groovy-json/2.4.5/groovy-json-2.4.5.jar
63803000-63804000 r--s 0000a000 08:01 1149195    /usr/share/java/asm4-util-5.0.4.jar
63804000-63807000 r--s 0000d000 08:01 1149225    /usr/share/java/jcommander.jar
63807000-63808000 r--s 0000d000 08:01 1149216    /usr/share/java/jsr166y-1.7.0.jar
63808000-6380a000 r--s 0000a000 08:01 1147016    /usr/share/java/commons-cli-1.3.1.jar
6380a000-6380d000 r--s 00010000 08:01 1145778    /usr/share/java/bsf-2.4.0.jar
6380d000-6380f000 r--s 0001b000 08:01 1145289    /usr/share/java/ant-junit-1.9.6.jar
6380f000-63813000 r--s 00031000 08:01 1693912    /usr/share/maven-repo/org/codehaus/groovy/groovy-xml/2.4.5/groovy-xml-2.4.5.jar
63813000-63816000 ---p 00000000 00:00 0 
63816000-63864000 rw-p 00000000 00:00 0 
63864000-63865000 ---p 00000000 00:00 0 
63865000-638e5000 rw-p 00000000 00:00 0 
638e5000-63ab4000 r--s 03c21000 08:01 1693223    /usr/lib/jvm/java-8-openjdk-i386/jre/lib/rt.jar
63ab4000-63efa000 rw-p 00000000 00:00 0 
63efa000-63f00000 ---p 00000000 00:00 0 
63f00000-66300000 rw-p 00000000 00:00 0 
66300000-663fe000 rw-p 00000000 00:00 0 
663fe000-66400000 ---p 00000000 00:00 0 
66400000-66401000 r--s 00002000 08:01 1145284    /usr/share/java/ant-antlr-1.9.6.jar
66401000-66403000 r--s 0001d000 08:01 1693929    /usr/share/maven-repo/org/codehaus/groovy/groovy-jmx/2.4.5/groovy-jmx-2.4.5.jar
66403000-66422000 r--s 001d1000 08:01 1144743    /usr/share/java/ant-1.9.6.jar
66422000-6642e000 r--s 00094000 08:01 1693917    /usr/share/maven-repo/org/codehaus/groovy/groovy-console/2.4.5/groovy-console-2.4.5.jar
6642e000-66431000 ---p 00000000 00:00 0 
66431000-6647f000 rw-p 00000000 00:00 0 
6647f000-66480000 ---p 00000000 00:00 0 
66480000-66500000 rw-p 00000000 00:00 0 
66500000-665fa000 rw-p 00000000 00:00 0 
665fa000-66600000 ---p 00000000 00:00 0 
66600000-66621000 rw-p 00000000 00:00 0 
66621000-66700000 ---p 00000000 00:00 0 
66700000-66706000 r--s 0005e000 08:01 1693906    /usr/share/maven-repo/org/codehaus/groovy/groovy-groovysh/2.4.5/groovy-groovysh-2.4.5.jar
66706000-66708000 r--s 00004000 08:01 1149192    /usr/share/java/asm4-analysis-5.0.4.jar
66708000-66710000 r--s 00045000 08:01 1147522    /usr/share/java/junit4-4.12.jar
66710000-66716000 r--s 00051000 08:01 1839686    /usr/share/maven-repo/org/codehaus/groovy/groovy-swing/2.4.5/groovy-swing-2.4.5.jar
66716000-66731000 r--s 00394000 08:01 1693228    /usr/lib/jvm/java-8-openjdk-i386/jre/lib/ext/cldrdata.jar
66731000-6677f000 rw-p 00000000 00:00 0 
6677f000-66780000 ---p 00000000 00:00 0 
66780000-66800000 rw-p 00000000 00:00 0 
66800000-66821000 rw-p 00000000 00:00 0 
66821000-66900000 ---p 00000000 00:00 0 
66900000-66902000 r--s 0000a000 08:01 1147024    /usr/share/java/hamcrest-core-1.3.jar
66902000-66904000 r--s 00010000 08:01 1839656    /usr/share/maven-repo/org/codehaus/groovy/groovy-ant/2.4.5/groovy-ant-2.4.5.jar
66904000-66906000 r--s 00012000 08:01 1839650    /usr/share/maven-repo/org/codehaus/groovy/groovy-sql/2.4.5/groovy-sql-2.4.5.jar
66906000-66908000 r--s 00009000 08:01 1148102    /usr/share/java/asm4-commons-5.0.4.jar
66908000-66923000 r--s 001d6000 08:01 1693230    /usr/lib/jvm/java-8-openjdk-i386/jre/lib/ext/nashorn.jar
66923000-6697e000 rw-p 00000000 00:00 0 
6697e000-6697f000 ---p 00000000 00:00 0 
6697f000-66a15000 rw-p 00000000 00:00 0 
66a15000-66b54000 ---p 00000000 00:00 0 
66b54000-66b5f000 rw-p 00000000 00:00 0 
66b5f000-66bff000 ---p 00000000 00:00 0 
66bff000-696c0000 rw-p 00000000 00:00 0 
696c0000-916c0000 ---p 00000000 00:00 0 
916c0000-92c00000 rw-p 00000000 00:00 0 
92c00000-a6c00000 ---p 00000000 00:00 0 
a6c00000-a6c01000 r--s 00002000 08:01 1839673    /usr/share/maven-repo/org/codehaus/groovy/groovy-bsf/2.4.5/groovy-bsf-2.4.5.jar
a6c01000-a6c03000 r--s 00008000 08:01 1693232    /usr/lib/jvm/java-8-openjdk-i386/jre/lib/ext/sunec.jar
a6c03000-a6c04000 r--s 00010000 08:01 1693229    /usr/lib/jvm/java-8-openjdk-i386/jre/lib/ext/zipfs.jar
a6c04000-a6c06000 r--s 00001000 08:01 1693236    /usr/lib/jvm/java-8-openjdk-i386/jre/lib/ext/dnsns.jar
a6c06000-a6c0c000 r--s 0003a000 08:01 1693231    /usr/lib/jvm/java-8-openjdk-i386/jre/lib/ext/sunjce_provider.jar
a6c0c000-a6c24000 rw-p 00000000 00:00 0 
a6c24000-a6c25000 ---p 00000000 00:00 0 
a6c25000-a6cbb000 rw-p 00000000 00:00 0 
a6cbb000-a6dfb000 ---p 00000000 00:00 0 
a6dfb000-a6e05000 rw-p 00000000 00:00 0 
a6e05000-a71bb000 ---p 00000000 00:00 0 
a71bb000-a7423000 rwxp 00000000 00:00 0 
a7423000-b61bb000 ---p 00000000 00:00 0 
b61bb000-b61c6000 r-xp 00000000 08:01 3401300    /lib/i386-linux-gnu/libnss_files-2.23.so
b61c6000-b61c7000 r--p 0000a000 08:01 3401300    /lib/i386-linux-gnu/libnss_files-2.23.so
b61c7000-b61c8000 rw-p 0000b000 08:01 3401300    /lib/i386-linux-gnu/libnss_files-2.23.so
b61c8000-b61ce000 rw-p 00000000 00:00 0 
b61ce000-b61d9000 r-xp 00000000 08:01 3401303    /lib/i386-linux-gnu/libnss_nis-2.23.so
b61d9000-b61da000 r--p 0000a000 08:01 3401303    /lib/i386-linux-gnu/libnss_nis-2.23.so
b61da000-b61db000 rw-p 0000b000 08:01 3401303    /lib/i386-linux-gnu/libnss_nis-2.23.so
b61db000-b61f2000 r-xp 00000000 08:01 3401221    /lib/i386-linux-gnu/libnsl-2.23.so
b61f2000-b61f3000 r--p 00016000 08:01 3401221    /lib/i386-linux-gnu/libnsl-2.23.so
b61f3000-b61f4000 rw-p 00017000 08:01 3401221    /lib/i386-linux-gnu/libnsl-2.23.so
b61f4000-b61f6000 rw-p 00000000 00:00 0 
b61f6000-b61fe000 r-xp 00000000 08:01 3401309    /lib/i386-linux-gnu/libnss_compat-2.23.so
b61fe000-b61ff000 r--p 00007000 08:01 3401309    /lib/i386-linux-gnu/libnss_compat-2.23.so
b61ff000-b6200000 rw-p 00008000 08:01 3401309    /lib/i386-linux-gnu/libnss_compat-2.23.so
b6200000-b62fb000 rw-p 00000000 00:00 0 
b62fb000-b6300000 ---p 00000000 00:00 0 
b6300000-b6303000 r--s 0000f000 08:01 1693227    /usr/lib/jvm/java-8-openjdk-i386/jre/lib/ext/icedtea-sound.jar
b6303000-b630d000 r--s 00116000 08:01 1693233    /usr/lib/jvm/java-8-openjdk-i386/jre/lib/ext/localedata.jar
b630d000-b6315000 r-xp 00000000 08:01 1693277    /usr/lib/jvm/java-8-openjdk-i386/jre/lib/i386/libzip.so
b6315000-b6316000 r--p 00007000 08:01 1693277    /usr/lib/jvm/java-8-openjdk-i386/jre/lib/i386/libzip.so
b6316000-b6317000 rw-p 00008000 08:01 1693277    /usr/lib/jvm/java-8-openjdk-i386/jre/lib/i386/libzip.so
b6317000-b631f000 rw-s 00000000 08:01 2577042    /tmp/hsperfdata_sarnobat/17026
b631f000-b6346000 r-xp 00000000 08:01 1693258    /usr/lib/jvm/java-8-openjdk-i386/jre/lib/i386/libjava.so
b6346000-b6347000 r--p 00026000 08:01 1693258    /usr/lib/jvm/java-8-openjdk-i386/jre/lib/i386/libjava.so
b6347000-b6348000 rw-p 00027000 08:01 1693258    /usr/lib/jvm/java-8-openjdk-i386/jre/lib/i386/libjava.so
b6348000-b634f000 r-xp 00000000 08:01 3401305    /lib/i386-linux-gnu/librt-2.23.so
b634f000-b6350000 r--p 00006000 08:01 3401305    /lib/i386-linux-gnu/librt-2.23.so
b6350000-b6351000 rw-p 00007000 08:01 3401305    /lib/i386-linux-gnu/librt-2.23.so
b6351000-b6354000 ---p 00000000 00:00 0 
b6354000-b63a2000 rw-p 00000000 00:00 0 
b63a2000-b63be000 r-xp 00000000 08:01 3402590    /lib/i386-linux-gnu/libgcc_s.so.1
b63be000-b63bf000 rw-p 0001b000 08:01 3402590    /lib/i386-linux-gnu/libgcc_s.so.1
b63bf000-b6412000 r-xp 00000000 08:01 3401314    /lib/i386-linux-gnu/libm-2.23.so
b6412000-b6413000 r--p 00052000 08:01 3401314    /lib/i386-linux-gnu/libm-2.23.so
b6413000-b6414000 rw-p 00053000 08:01 3401314    /lib/i386-linux-gnu/libm-2.23.so
b6414000-b6581000 r-xp 00000000 08:01 1110301    /usr/lib/i386-linux-gnu/libstdc++.so.6.0.21
b6581000-b6582000 ---p 0016d000 08:01 1110301    /usr/lib/i386-linux-gnu/libstdc++.so.6.0.21
b6582000-b6587000 r--p 0016d000 08:01 1110301    /usr/lib/i386-linux-gnu/libstdc++.so.6.0.21
b6587000-b6588000 rw-p 00172000 08:01 1110301    /usr/lib/i386-linux-gnu/libstdc++.so.6.0.21
b6588000-b658b000 rw-p 00000000 00:00 0 
b658b000-b705c000 r-xp 00000000 08:01 1693269    /usr/lib/jvm/java-8-openjdk-i386/jre/lib/i386/server/libjvm.so
b705c000-b70a2000 r--p 00ad0000 08:01 1693269    /usr/lib/jvm/java-8-openjdk-i386/jre/lib/i386/server/libjvm.so
b70a2000-b70b9000 rw-p 00b16000 08:01 1693269    /usr/lib/jvm/java-8-openjdk-i386/jre/lib/i386/server/libjvm.so
b70b9000-b74da000 rw-p 00000000 00:00 0 
b74da000-b74f3000 r-xp 00000000 08:01 3401302    /lib/i386-linux-gnu/libpthread-2.23.so
b74f3000-b74f4000 r--p 00018000 08:01 3401302    /lib/i386-linux-gnu/libpthread-2.23.so
b74f4000-b74f5000 rw-p 00019000 08:01 3401302    /lib/i386-linux-gnu/libpthread-2.23.so
b74f5000-b74f7000 rw-p 00000000 00:00 0 
b74f7000-b74fa000 r-xp 00000000 08:01 3401308    /lib/i386-linux-gnu/libdl-2.23.so
b74fa000-b74fb000 r--p 00002000 08:01 3401308    /lib/i386-linux-gnu/libdl-2.23.so
b74fb000-b74fc000 rw-p 00003000 08:01 3401308    /lib/i386-linux-gnu/libdl-2.23.so
b74fc000-b7515000 r-xp 00000000 08:01 3402741    /lib/i386-linux-gnu/libz.so.1.2.8
b7515000-b7516000 r--p 00018000 08:01 3402741    /lib/i386-linux-gnu/libz.so.1.2.8
b7516000-b7517000 rw-p 00019000 08:01 3402741    /lib/i386-linux-gnu/libz.so.1.2.8
b7517000-b76c7000 r-xp 00000000 08:01 3402570    /lib/i386-linux-gnu/libc-2.23.so
b76c7000-b76c9000 r--p 001af000 08:01 3402570    /lib/i386-linux-gnu/libc-2.23.so
b76c9000-b76ca000 rw-p 001b1000 08:01 3402570    /lib/i386-linux-gnu/libc-2.23.so
b76ca000-b76cd000 rw-p 00000000 00:00 0 
b76cd000-b76ce000 r--s 0000a000 08:01 1693235    /usr/lib/jvm/java-8-openjdk-i386/jre/lib/ext/jaccess.jar
b76ce000-b76d2000 r--s 00037000 08:01 1693234    /usr/lib/jvm/java-8-openjdk-i386/jre/lib/ext/sunpkcs11.jar
b76d2000-b76d3000 r--p 002d4000 08:01 1105218    /usr/lib/locale/locale-archive
b76d3000-b76d4000 rw-p 00000000 00:00 0 
b76d4000-b76d5000 r--p 00000000 00:00 0 
b76d5000-b76e3000 r-xp 00000000 08:01 1693275    /usr/lib/jvm/java-8-openjdk-i386/jre/lib/i386/libverify.so
b76e3000-b76e4000 r--p 0000d000 08:01 1693275    /usr/lib/jvm/java-8-openjdk-i386/jre/lib/i386/libverify.so
b76e4000-b76e5000 rw-p 0000e000 08:01 1693275    /usr/lib/jvm/java-8-openjdk-i386/jre/lib/i386/libverify.so
b76e5000-b76f2000 r-xp 00000000 08:01 1693273    /usr/lib/jvm/java-8-openjdk-i386/jre/lib/i386/jli/libjli.so
b76f2000-b76f3000 r--p 0000c000 08:01 1693273    /usr/lib/jvm/java-8-openjdk-i386/jre/lib/i386/jli/libjli.so
b76f3000-b76f4000 rw-p 0000d000 08:01 1693273    /usr/lib/jvm/java-8-openjdk-i386/jre/lib/i386/jli/libjli.so
b76f4000-b76f6000 rw-p 00000000 00:00 0 
b76f6000-b76f8000 r--p 00000000 00:00 0          [vvar]
b76f8000-b76f9000 r-xp 00000000 00:00 0          [vdso]
b76f9000-b771b000 r-xp 00000000 08:01 3401231    /lib/i386-linux-gnu/ld-2.23.so
b771b000-b771c000 rw-p 00000000 00:00 0 
b771c000-b771d000 r--p 00022000 08:01 3401231    /lib/i386-linux-gnu/ld-2.23.so
b771d000-b771e000 rw-p 00023000 08:01 3401231    /lib/i386-linux-gnu/ld-2.23.so
bfb53000-bfb74000 rw-p 00000000 00:00 0          [stack]

VM Arguments:
jvm_args: -Dscript.name=/usr/bin/groovy -Dprogram.name=groovy -Dgroovy.starter.conf=/usr/share/groovy2/conf/groovy-starter.conf -Dgroovy.home=/usr/share/groovy2 -Dtools.jar=/usr/lib/jvm/default-java/lib/tools.jar 
java_command: org.codehaus.groovy.tools.GroovyStarter --main groovy.ui.GroovyMain --conf /usr/share/groovy2/conf/groovy-starter.conf --classpath . httpcat.groovy 4466
java_class_path (initial): /usr/share/groovy2/lib/groovy-2.4.5.jar
Launcher Type: SUN_STANDARD

Environment Variables:
PATH=/usr/bin:/bin
SHELL=/bin/sh

Signal Handlers:
SIGSEGV: [libjvm.so+0x8d7370], sa_mask[0]=11111111011111111101111111111110, sa_flags=SA_RESTART|SA_SIGINFO
SIGBUS: [libjvm.so+0x8d7370], sa_mask[0]=11111111011111111101111111111110, sa_flags=SA_RESTART|SA_SIGINFO
SIGFPE: [libjvm.so+0x73d1c0], sa_mask[0]=11111111011111111101111111111110, sa_flags=SA_RESTART|SA_SIGINFO
SIGPIPE: [libjvm.so+0x73d1c0], sa_mask[0]=11111111011111111101111111111110, sa_flags=SA_RESTART|SA_SIGINFO
SIGXFSZ: [libjvm.so+0x73d1c0], sa_mask[0]=11111111011111111101111111111110, sa_flags=SA_RESTART|SA_SIGINFO
SIGILL: [libjvm.so+0x73d1c0], sa_mask[0]=11111111011111111101111111111110, sa_flags=SA_RESTART|SA_SIGINFO
SIGUSR1: SIG_DFL, sa_mask[0]=00000000000000000000000000000000, sa_flags=none
SIGUSR2: [libjvm.so+0x73d000], sa_mask[0]=00000000000000000000000000000000, sa_flags=SA_RESTART|SA_SIGINFO
SIGHUP: [libjvm.so+0x73d790], sa_mask[0]=11111111011111111101111111111110, sa_flags=SA_RESTART|SA_SIGINFO
SIGINT: [libjvm.so+0x73d790], sa_mask[0]=11111111011111111101111111111110, sa_flags=SA_RESTART|SA_SIGINFO
SIGTERM: [libjvm.so+0x73d790], sa_mask[0]=11111111011111111101111111111110, sa_flags=SA_RESTART|SA_SIGINFO
SIGQUIT: [libjvm.so+0x73d790], sa_mask[0]=11111111011111111101111111111110, sa_flags=SA_RESTART|SA_SIGINFO


---------------  S Y S T E M  ---------------

OS:DISTRIB_ID=Ubuntu
DISTRIB_RELEASE=16.04
DISTRIB_CODENAME=xenial
DISTRIB_DESCRIPTION="Ubuntu 16.04.1 LTS"

uname:Linux 4.4.0-104-generic #127-Ubuntu SMP Mon Dec 11 12:16:50 UTC 2017 i686
libc:glibc 2.23 NPTL 2.23 
rlimit: STACK 8192k, CORE 0k, NPROC 63057, NOFILE 65536, AS infinity
load average:137.56 106.19 98.29

/proc/meminfo:
MemTotal:        8107456 kB
MemFree:          332024 kB
MemAvailable:          0 kB
Buffers:           15560 kB
Cached:           176984 kB
SwapCached:        57436 kB
Active:          6377880 kB
Inactive:        1148476 kB
Active(anon):    6337900 kB
Inactive(anon):  1115236 kB
Active(file):      39980 kB
Inactive(file):    33240 kB
Unevictable:           0 kB
Mlocked:               0 kB
HighTotal:       7292552 kB
HighFree:          48136 kB
LowTotal:         814904 kB
LowFree:          283888 kB
SwapTotal:       4007932 kB
SwapFree:              0 kB
Dirty:              2228 kB
Writeback:             0 kB
AnonPages:       7276900 kB
Mapped:            38832 kB
Shmem:            119028 kB
Slab:              99208 kB
SReclaimable:      31856 kB
SUnreclaim:        67352 kB
KernelStack:       29912 kB
PageTables:        66272 kB
NFS_Unstable:          0 kB
Bounce:                4 kB
WritebackTmp:          0 kB
CommitLimit:     8061660 kB
Committed_AS:   28694728 kB
VmallocTotal:     122880 kB
VmallocUsed:           0 kB
VmallocChunk:          0 kB
AnonHugePages:   3100672 kB
CmaTotal:              0 kB
CmaFree:               0 kB
HugePages_Total:       0
HugePages_Free:        0
HugePages_Rsvd:        0
HugePages_Surp:        0
Hugepagesize:       2048 kB
DirectMap4k:       40952 kB
DirectMap2M:      870400 kB


CPU:total 4 (initial active 4) (2 cores per cpu, 2 threads per core) family 6 model 58 stepping 9, cmov, cx8, fxsr, mmx, sse, sse2, sse3, ssse3, sse4.1, sse4.2, popcnt, avx, aes, clmul, erms, ht, tsc, tscinvbit, tscinv

/proc/cpuinfo:
processor	: 0
vendor_id	: GenuineIntel
cpu family	: 6
model		: 58
model name	: Intel(R) Core(TM) i5-3427U CPU @ 1.80GHz
stepping	: 9
microcode	: 0x17
cpu MHz		: 2599.988
cache size	: 3072 KB
physical id	: 0
siblings	: 4
core id		: 0
cpu cores	: 2
apicid		: 0
initial apicid	: 0
fdiv_bug	: no
f00f_bug	: no
coma_bug	: no
fpu		: yes
fpu_exception	: yes
cpuid level	: 13
wp		: yes
flags		: fpu vme de pse tsc msr pae mce cx8 apic sep mtrr pge mca cmov pat pse36 clflush dts acpi mmx fxsr sse sse2 ss ht tm pbe nx rdtscp lm constant_tsc arch_perfmon pebs bts xtopology nonstop_tsc aperfmperf eagerfpu pni pclmulqdq dtes64 monitor ds_cpl vmx smx est tm2 ssse3 cx16 xtpr pdcm pcid sse4_1 sse4_2 x2apic popcnt tsc_deadline_timer aes xsave avx f16c rdrand lahf_lm epb tpr_shadow vnmi flexpriority ept vpid fsgsbase smep erms xsaveopt dtherm ida arat pln pts
bugs		:
bogomips	: 4589.83
clflush size	: 64
cache_alignment	: 64
address sizes	: 36 bits physical, 48 bits virtual
power management:

processor	: 1
vendor_id	: GenuineIntel
cpu family	: 6
model		: 58
model name	: Intel(R) Core(TM) i5-3427U CPU @ 1.80GHz
stepping	: 9
microcode	: 0x17
cpu MHz		: 2599.988
cache size	: 3072 KB
physical id	: 0
siblings	: 4
core id		: 1
cpu cores	: 2
apicid		: 2
initial apicid	: 2
fdiv_bug	: no
f00f_bug	: no
coma_bug	: no
fpu		: yes
fpu_exception	: yes
cpuid level	: 13
wp		: yes
flags		: fpu vme de pse tsc msr pae mce cx8 apic sep mtrr pge mca cmov pat pse36 clflush dts acpi mmx fxsr sse sse2 ss ht tm pbe nx rdtscp lm constant_tsc arch_perfmon pebs bts xtopology nonstop_tsc aperfmperf eagerfpu pni pclmulqdq dtes64 monitor ds_cpl vmx smx est tm2 ssse3 cx16 xtpr pdcm pcid sse4_1 sse4_2 x2apic popcnt tsc_deadline_timer aes xsave avx f16c rdrand lahf_lm epb tpr_shadow vnmi flexpriority ept vpid fsgsbase smep erms xsaveopt dtherm ida arat pln pts
bugs		:
bogomips	: 4589.83
clflush size	: 64
cache_alignment	: 64
address sizes	: 36 bits physical, 48 bits virtual
power management:

processor	: 2
vendor_id	: GenuineIntel
cpu family	: 6
model		: 58
model name	: Intel(R) Core(TM) i5-3427U CPU @ 1.80GHz
stepping	: 9
microcode	: 0x17
cpu MHz		: 2599.988
cache size	: 3072 KB
physical id	: 0
siblings	: 4
core id		: 0
cpu cores	: 2
apicid		: 1
initial apicid	: 1
fdiv_bug	: no
f00f_bug	: no
coma_bug	: no
fpu		: yes
fpu_exception	: yes
cpuid level	: 13
wp		: yes
flags		: fpu vme de pse tsc msr pae mce cx8 apic sep mtrr pge mca cmov pat pse36 clflush dts acpi mmx fxsr sse sse2 ss ht tm pbe nx rdtscp lm constant_tsc arch_perfmon pebs bts xtopology nonstop_tsc aperfmperf eagerfpu pni pclmulqdq dtes64 monitor ds_cpl vmx smx est tm2 ssse3 cx16 xtpr pdcm pcid sse4_1 sse4_2 x2apic popcnt tsc_deadline_timer aes xsave avx f16c rdrand lahf_lm epb tpr_shadow vnmi flexpriority ept vpid fsgsbase smep erms xsaveopt dtherm ida arat pln pts
bugs		:
bogomips	: 4589.83
clflush size	: 64
cache_alignment	: 64
address sizes	: 36 bits physical, 48 bits virtual
power management:

processor	: 3
vendor_id	: GenuineIntel
cpu family	: 6
model		: 58
model name	: Intel(R) Core(TM) i5-3427U CPU @ 1.80GHz
stepping	: 9
microcode	: 0x17
cpu MHz		: 2599.988
cache size	: 3072 KB
physical id	: 0
siblings	: 4
core id		: 1
cpu cores	: 2
apicid		: 3
initial apicid	: 3
fdiv_bug	: no
f00f_bug	: no
coma_bug	: no
fpu		: yes
fpu_exception	: yes
cpuid level	: 13
wp		: yes
flags		: fpu vme de pse tsc msr pae mce cx8 apic sep mtrr pge mca cmov pat pse36 clflush dts acpi mmx fxsr sse sse2 ss ht tm pbe nx rdtscp lm constant_tsc arch_perfmon pebs bts xtopology nonstop_tsc aperfmperf eagerfpu pni pclmulqdq dtes64 monitor ds_cpl vmx smx est tm2 ssse3 cx16 xtpr pdcm pcid sse4_1 sse4_2 x2apic popcnt tsc_deadline_timer aes xsave avx f16c rdrand lahf_lm epb tpr_shadow vnmi flexpriority ept vpid fsgsbase smep erms xsaveopt dtherm ida arat pln pts
bugs		:
bogomips	: 4589.83
clflush size	: 64
cache_alignment	: 64
address sizes	: 36 bits physical, 48 bits virtual
power management:



Memory: 4k page, physical 8107456k(329192k free), swap 4007932k(0k free)

vm_info: OpenJDK Server VM (25.151-b12) for linux-x86 JRE (1.8.0_151-8u151-b12-0ubuntu0.16.04.2-b12), built on Oct 27 2017 22:05:04 by "buildd" with gcc 5.4.0 20160609

time: Wed Dec 20 12:01:07 2017
elapsed time: 64 seconds (0d 0h 1m 4s)

