#
# There is insufficient memory for the Java Runtime Environment to continue.
# Native memory allocation (mmap) failed to map 131072 bytes for committing reserved memory.
# Possible reasons:
#   The system is out of physical RAM or swap space
#   In 32 bit mode, the process size limit was hit
# Possible solutions:
#   Reduce memory load on the system
#   Increase physical memory or swap space
#   Check if swap backing store is full
#   Use 64 bit Java on a 64 bit OS
#   Decrease Java heap size (-Xmx/-Xms)
#   Decrease number of Java threads
#   Decrease Java thread stack sizes (-Xss)
#   Set larger code cache with -XX:ReservedCodeCacheSize=
# This output file may be truncated or incomplete.
#
#  Out of Memory Error (os_linux.cpp:2643), pid=27743, tid=0xb6472b40
#
# JRE version: OpenJDK Runtime Environment (8.0_151-b12) (build 1.8.0_151-8u151-b12-0ubuntu0.16.04.2-b12)
# Java VM: OpenJDK Server VM (25.151-b12 mixed mode linux-x86 )
# Failed to write core dump. Core dumps have been disabled. To enable core dumping, try "ulimit -c unlimited" before starting Java again
#

---------------  T H R E A D  ---------------

Current thread (0xb6307800):  JavaThread "main" [_thread_in_vm, id=27963, stack(0xb6422000,0xb6473000)]

Stack: [0xb6422000,0xb6473000],  sp=0xb646f7f0,  free space=309k
Native frames: (J=compiled Java code, j=interpreted, Vv=VM code, C=native code)
V  [libjvm.so+0x8d6834]
V  [libjvm.so+0x3a7c76]
V  [libjvm.so+0x7420c0]
V  [libjvm.so+0x73c013]
V  [libjvm.so+0x8d3264]
V  [libjvm.so+0x6cdd63]
V  [libjvm.so+0x6cdf7a]
V  [libjvm.so+0x6ceb05]
V  [libjvm.so+0x6cec5a]
V  [libjvm.so+0x6cfc9a]
V  [libjvm.so+0x6cfe8d]
V  [libjvm.so+0x39895f]
V  [libjvm.so+0x6d542e]
V  [libjvm.so+0x317bdf]
V  [libjvm.so+0x3183b3]
V  [libjvm.so+0x31a202]
V  [libjvm.so+0x320d96]
V  [libjvm.so+0x853dd4]
V  [libjvm.so+0x8528ff]
V  [libjvm.so+0x854906]
V  [libjvm.so+0x39b0be]
V  [libjvm.so+0x50e3d6]
j  java.util.concurrent.ConcurrentHashMap.treeifyBin([Ljava/util/concurrent/ConcurrentHashMap$Node;I)V+70
J 350 C1 java.util.concurrent.ConcurrentHashMap.putVal(Ljava/lang/Object;Ljava/lang/Object;Z)Ljava/lang/Object; (362 bytes) @ 0xa73f779c [0xa73f6780+0x101c]
j  java.util.concurrent.ConcurrentHashMap.put(Ljava/lang/Object;Ljava/lang/Object;)Ljava/lang/Object;+4
j  com.owlike.genson.reflect.TypeUtil.expandType(Ljava/lang/reflect/Type;Ljava/lang/reflect/Type;)Ljava/lang/reflect/Type;+480
j  com.owlike.genson.Genson$Builder.addDefaultSerializers(Ljava/util/List;)V+52
j  com.owlike.genson.Genson$Builder.create()Lcom/owlike/genson/Genson;+92
j  com.owlike.genson.ext.jaxrs.GensonJsonConverter$GensonStandardResolver.createDefaultInstance()Lcom/owlike/genson/Genson;+32
j  com.owlike.genson.ext.jaxrs.GensonJsonConverter$GensonStandardResolver.<init>()V+6
j  com.owlike.genson.ext.jaxrs.GensonJsonConverter.<init>()V+5
v  ~StubRoutines::call_stub
V  [libjvm.so+0x51faad]
V  [libjvm.so+0x746985]
V  [libjvm.so+0x51ebea]
V  [libjvm.so+0x7b8d25]
V  [libjvm.so+0x7bb00e]
V  [libjvm.so+0x565ccb]  JVM_NewInstanceFromConstructor+0x6b
C  [libjava.so+0xcf80]  Java_sun_reflect_NativeConstructorAccessorImpl_newInstance0+0x20
j  sun.reflect.NativeConstructorAccessorImpl.newInstance0(Ljava/lang/reflect/Constructor;[Ljava/lang/Object;)Ljava/lang/Object;+0
j  sun.reflect.NativeConstructorAccessorImpl.newInstance([Ljava/lang/Object;)Ljava/lang/Object;+85
J 808 C1 sun.reflect.DelegatingConstructorAccessorImpl.newInstance([Ljava/lang/Object;)Ljava/lang/Object; (9 bytes) @ 0xa74f3500 [0xa74f3420+0xe0]
J 807 C1 java.lang.reflect.Constructor.newInstance([Ljava/lang/Object;)Ljava/lang/Object; (87 bytes) @ 0xa74f2f2c [0xa74f2b60+0x3cc]
J 793 C1 java.lang.Class.newInstance()Ljava/lang/Object; (155 bytes) @ 0xa74f0a80 [0xa74f0380+0x700]
j  org.glassfish.jersey.internal.ServiceFinder$LazyObjectIterator.hasNext()Z+115
j  org.glassfish.jersey.internal.ServiceFinderBinder.configure()V+13
j  org.glassfish.hk2.utilities.binding.AbstractBinder.bind(Lorg/glassfish/hk2/api/DynamicConfiguration;)V+37
j  org.glassfish.hk2.utilities.binding.AbstractBinder.install([Lorg/glassfish/hk2/utilities/Binder;)V+23
j  org.glassfish.jersey.message.internal.MessagingBinders$MessageBodyProviders.configure()V+302
j  org.glassfish.hk2.utilities.binding.AbstractBinder.bind(Lorg/glassfish/hk2/api/DynamicConfiguration;)V+37
j  org.glassfish.hk2.utilities.binding.AbstractBinder.install([Lorg/glassfish/hk2/utilities/Binder;)V+23
j  org.glassfish.jersey.server.ServerBinder.configure()V+237
j  org.glassfish.hk2.utilities.binding.AbstractBinder.bind(Lorg/glassfish/hk2/api/DynamicConfiguration;)V+37
j  org.glassfish.jersey.internal.inject.Injections.bind(Lorg/glassfish/hk2/api/ServiceLocator;Lorg/glassfish/hk2/utilities/Binder;)V+33
j  org.glassfish.jersey.internal.inject.Injections._createLocator(Ljava/lang/String;Lorg/glassfish/hk2/api/ServiceLocator;[Lorg/glassfish/hk2/utilities/Binder;)Lorg/glassfish/hk2/api/ServiceLocator;+44
j  org.glassfish.jersey.internal.inject.Injections.createLocator([Lorg/glassfish/hk2/utilities/Binder;)Lorg/glassfish/hk2/api/ServiceLocator;+3
j  org.glassfish.jersey.server.ApplicationHandler.<init>(Ljavax/ws/rs/core/Application;)V+31
j  org.glassfish.jersey.server.ContainerFactory.createContainer(Ljava/lang/Class;Ljavax/ws/rs/core/Application;)Ljava/lang/Object;+5
j  org.glassfish.jersey.jdkhttp.JdkHttpServerFactory.createHttpServer(Ljava/net/URI;Lorg/glassfish/jersey/server/ResourceConfig;)Lcom/sun/net/httpserver/HttpServer;+4
j  org.glassfish.jersey.jdkhttp.JdkHttpServerFactory$createHttpServer.call(Ljava/lang/Object;[Ljava/lang/Object;)Ljava/lang/Object;+21
j  org.codehaus.groovy.runtime.callsite.CallSiteArray.defaultCall(Lorg/codehaus/groovy/runtime/callsite/CallSite;Ljava/lang/Object;[Ljava/lang/Object;)Ljava/lang/Object;+8
j  org.codehaus.groovy.runtime.callsite.AbstractCallSite.call(Ljava/lang/Object;[Ljava/lang/Object;)Ljava/lang/Object;+3
j  org.codehaus.groovy.runtime.callsite.AbstractCallSite.call(Ljava/lang/Object;Ljava/lang/Object;Ljava/lang/Object;)Ljava/lang/Object;+38
j  HttpCat.main([Ljava/lang/String;)V+468
v  ~StubRoutines::call_stub
V  [libjvm.so+0x51faad]
V  [libjvm.so+0x746985]
V  [libjvm.so+0x51ebea]
V  [libjvm.so+0x7b8d25]
V  [libjvm.so+0x7baa5e]
V  [libjvm.so+0x565ade]  JVM_InvokeMethod+0x10e
C  [libjava.so+0xcf53]  Java_sun_reflect_NativeMethodAccessorImpl_invoke0+0x23
j  sun.reflect.NativeMethodAccessorImpl.invoke0(Ljava/lang/reflect/Method;Ljava/lang/Object;[Ljava/lang/Object;)Ljava/lang/Object;+0
j  sun.reflect.NativeMethodAccessorImpl.invoke(Ljava/lang/Object;[Ljava/lang/Object;)Ljava/lang/Object;+100
j  sun.reflect.DelegatingMethodAccessorImpl.invoke(Ljava/lang/Object;[Ljava/lang/Object;)Ljava/lang/Object;+6
j  java.lang.reflect.Method.invoke(Ljava/lang/Object;[Ljava/lang/Object;)Ljava/lang/Object;+56
j  org.codehaus.groovy.reflection.CachedMethod.invoke(Ljava/lang/Object;[Ljava/lang/Object;)Ljava/lang/Object;+6
j  groovy.lang.MetaMethod.doMethodInvoke(Ljava/lang/Object;[Ljava/lang/Object;)Ljava/lang/Object;+9
j  groovy.lang.MetaClassImpl.invokeStaticMethod(Ljava/lang/Object;Ljava/lang/String;[Ljava/lang/Object;)Ljava/lang/Object;+103
j  org.codehaus.groovy.runtime.InvokerHelper.invokeMethod(Ljava/lang/Object;Ljava/lang/String;Ljava/lang/Object;)Ljava/lang/Object;+39
j  groovy.lang.GroovyShell.runScriptOrMainOrTestOrRunnable(Ljava/lang/Class;[Ljava/lang/String;)Ljava/lang/Object;+138
j  groovy.lang.GroovyShell.run(Lgroovy/lang/GroovyCodeSource;[Ljava/lang/String;)Ljava/lang/Object;+9
j  groovy.lang.GroovyShell.run(Lgroovy/lang/GroovyCodeSource;Ljava/util/List;)Ljava/lang/Object;+23
j  groovy.ui.GroovyMain.processOnce()V+33
j  groovy.ui.GroovyMain.run()Z+29
j  groovy.ui.GroovyMain.process(Lgroovyjarjarcommonscli/CommandLine;)Z+602
j  groovy.ui.GroovyMain.processArgs([Ljava/lang/String;Ljava/io/PrintStream;)V+108
j  groovy.ui.GroovyMain.main([Ljava/lang/String;)V+4
v  ~StubRoutines::call_stub
V  [libjvm.so+0x51faad]
V  [libjvm.so+0x746985]
V  [libjvm.so+0x51ebea]
V  [libjvm.so+0x7b8d25]
V  [libjvm.so+0x7baa5e]
V  [libjvm.so+0x565ade]  JVM_InvokeMethod+0x10e
C  [libjava.so+0xcf53]  Java_sun_reflect_NativeMethodAccessorImpl_invoke0+0x23
j  sun.reflect.NativeMethodAccessorImpl.invoke0(Ljava/lang/reflect/Method;Ljava/lang/Object;[Ljava/lang/Object;)Ljava/lang/Object;+0
j  sun.reflect.NativeMethodAccessorImpl.invoke(Ljava/lang/Object;[Ljava/lang/Object;)Ljava/lang/Object;+100
j  sun.reflect.DelegatingMethodAccessorImpl.invoke(Ljava/lang/Object;[Ljava/lang/Object;)Ljava/lang/Object;+6
j  java.lang.reflect.Method.invoke(Ljava/lang/Object;[Ljava/lang/Object;)Ljava/lang/Object;+56
...<more frames>...

Java frames: (J=compiled Java code, j=interpreted, Vv=VM code)
j  java.util.concurrent.ConcurrentHashMap.treeifyBin([Ljava/util/concurrent/ConcurrentHashMap$Node;I)V+70
J 350 C1 java.util.concurrent.ConcurrentHashMap.putVal(Ljava/lang/Object;Ljava/lang/Object;Z)Ljava/lang/Object; (362 bytes) @ 0xa73f779c [0xa73f6780+0x101c]
j  java.util.concurrent.ConcurrentHashMap.put(Ljava/lang/Object;Ljava/lang/Object;)Ljava/lang/Object;+4
j  com.owlike.genson.reflect.TypeUtil.expandType(Ljava/lang/reflect/Type;Ljava/lang/reflect/Type;)Ljava/lang/reflect/Type;+480
j  com.owlike.genson.Genson$Builder.addDefaultSerializers(Ljava/util/List;)V+52
j  com.owlike.genson.Genson$Builder.create()Lcom/owlike/genson/Genson;+92
j  com.owlike.genson.ext.jaxrs.GensonJsonConverter$GensonStandardResolver.createDefaultInstance()Lcom/owlike/genson/Genson;+32
j  com.owlike.genson.ext.jaxrs.GensonJsonConverter$GensonStandardResolver.<init>()V+6
j  com.owlike.genson.ext.jaxrs.GensonJsonConverter.<init>()V+5
v  ~StubRoutines::call_stub
j  sun.reflect.NativeConstructorAccessorImpl.newInstance0(Ljava/lang/reflect/Constructor;[Ljava/lang/Object;)Ljava/lang/Object;+0
j  sun.reflect.NativeConstructorAccessorImpl.newInstance([Ljava/lang/Object;)Ljava/lang/Object;+85
J 808 C1 sun.reflect.DelegatingConstructorAccessorImpl.newInstance([Ljava/lang/Object;)Ljava/lang/Object; (9 bytes) @ 0xa74f3500 [0xa74f3420+0xe0]
J 807 C1 java.lang.reflect.Constructor.newInstance([Ljava/lang/Object;)Ljava/lang/Object; (87 bytes) @ 0xa74f2f2c [0xa74f2b60+0x3cc]
J 793 C1 java.lang.Class.newInstance()Ljava/lang/Object; (155 bytes) @ 0xa74f0a80 [0xa74f0380+0x700]
j  org.glassfish.jersey.internal.ServiceFinder$LazyObjectIterator.hasNext()Z+115
j  org.glassfish.jersey.internal.ServiceFinderBinder.configure()V+13
j  org.glassfish.hk2.utilities.binding.AbstractBinder.bind(Lorg/glassfish/hk2/api/DynamicConfiguration;)V+37
j  org.glassfish.hk2.utilities.binding.AbstractBinder.install([Lorg/glassfish/hk2/utilities/Binder;)V+23
j  org.glassfish.jersey.message.internal.MessagingBinders$MessageBodyProviders.configure()V+302
j  org.glassfish.hk2.utilities.binding.AbstractBinder.bind(Lorg/glassfish/hk2/api/DynamicConfiguration;)V+37
j  org.glassfish.hk2.utilities.binding.AbstractBinder.install([Lorg/glassfish/hk2/utilities/Binder;)V+23
j  org.glassfish.jersey.server.ServerBinder.configure()V+237
j  org.glassfish.hk2.utilities.binding.AbstractBinder.bind(Lorg/glassfish/hk2/api/DynamicConfiguration;)V+37
j  org.glassfish.jersey.internal.inject.Injections.bind(Lorg/glassfish/hk2/api/ServiceLocator;Lorg/glassfish/hk2/utilities/Binder;)V+33
j  org.glassfish.jersey.internal.inject.Injections._createLocator(Ljava/lang/String;Lorg/glassfish/hk2/api/ServiceLocator;[Lorg/glassfish/hk2/utilities/Binder;)Lorg/glassfish/hk2/api/ServiceLocator;+44
j  org.glassfish.jersey.internal.inject.Injections.createLocator([Lorg/glassfish/hk2/utilities/Binder;)Lorg/glassfish/hk2/api/ServiceLocator;+3
j  org.glassfish.jersey.server.ApplicationHandler.<init>(Ljavax/ws/rs/core/Application;)V+31
j  org.glassfish.jersey.server.ContainerFactory.createContainer(Ljava/lang/Class;Ljavax/ws/rs/core/Application;)Ljava/lang/Object;+5
j  org.glassfish.jersey.jdkhttp.JdkHttpServerFactory.createHttpServer(Ljava/net/URI;Lorg/glassfish/jersey/server/ResourceConfig;)Lcom/sun/net/httpserver/HttpServer;+4
j  org.glassfish.jersey.jdkhttp.JdkHttpServerFactory$createHttpServer.call(Ljava/lang/Object;[Ljava/lang/Object;)Ljava/lang/Object;+21
j  org.codehaus.groovy.runtime.callsite.CallSiteArray.defaultCall(Lorg/codehaus/groovy/runtime/callsite/CallSite;Ljava/lang/Object;[Ljava/lang/Object;)Ljava/lang/Object;+8
j  org.codehaus.groovy.runtime.callsite.AbstractCallSite.call(Ljava/lang/Object;[Ljava/lang/Object;)Ljava/lang/Object;+3
j  org.codehaus.groovy.runtime.callsite.AbstractCallSite.call(Ljava/lang/Object;Ljava/lang/Object;Ljava/lang/Object;)Ljava/lang/Object;+38
j  HttpCat.main([Ljava/lang/String;)V+468
v  ~StubRoutines::call_stub
j  sun.reflect.NativeMethodAccessorImpl.invoke0(Ljava/lang/reflect/Method;Ljava/lang/Object;[Ljava/lang/Object;)Ljava/lang/Object;+0
j  sun.reflect.NativeMethodAccessorImpl.invoke(Ljava/lang/Object;[Ljava/lang/Object;)Ljava/lang/Object;+100
j  sun.reflect.DelegatingMethodAccessorImpl.invoke(Ljava/lang/Object;[Ljava/lang/Object;)Ljava/lang/Object;+6
j  java.lang.reflect.Method.invoke(Ljava/lang/Object;[Ljava/lang/Object;)Ljava/lang/Object;+56
j  org.codehaus.groovy.reflection.CachedMethod.invoke(Ljava/lang/Object;[Ljava/lang/Object;)Ljava/lang/Object;+6
j  groovy.lang.MetaMethod.doMethodInvoke(Ljava/lang/Object;[Ljava/lang/Object;)Ljava/lang/Object;+9
j  groovy.lang.MetaClassImpl.invokeStaticMethod(Ljava/lang/Object;Ljava/lang/String;[Ljava/lang/Object;)Ljava/lang/Object;+103
j  org.codehaus.groovy.runtime.InvokerHelper.invokeMethod(Ljava/lang/Object;Ljava/lang/String;Ljava/lang/Object;)Ljava/lang/Object;+39
j  groovy.lang.GroovyShell.runScriptOrMainOrTestOrRunnable(Ljava/lang/Class;[Ljava/lang/String;)Ljava/lang/Object;+138
j  groovy.lang.GroovyShell.run(Lgroovy/lang/GroovyCodeSource;[Ljava/lang/String;)Ljava/lang/Object;+9
j  groovy.lang.GroovyShell.run(Lgroovy/lang/GroovyCodeSource;Ljava/util/List;)Ljava/lang/Object;+23
j  groovy.ui.GroovyMain.processOnce()V+33
j  groovy.ui.GroovyMain.run()Z+29
j  groovy.ui.GroovyMain.process(Lgroovyjarjarcommonscli/CommandLine;)Z+602
j  groovy.ui.GroovyMain.processArgs([Ljava/lang/String;Ljava/io/PrintStream;)V+108
j  groovy.ui.GroovyMain.main([Ljava/lang/String;)V+4
v  ~StubRoutines::call_stub
j  sun.reflect.NativeMethodAccessorImpl.invoke0(Ljava/lang/reflect/Method;Ljava/lang/Object;[Ljava/lang/Object;)Ljava/lang/Object;+0
j  sun.reflect.NativeMethodAccessorImpl.invoke(Ljava/lang/Object;[Ljava/lang/Object;)Ljava/lang/Object;+100
j  sun.reflect.DelegatingMethodAccessorImpl.invoke(Ljava/lang/Object;[Ljava/lang/Object;)Ljava/lang/Object;+6
j  java.lang.reflect.Method.invoke(Ljava/lang/Object;[Ljava/lang/Object;)Ljava/lang/Object;+56
j  org.codehaus.groovy.tools.GroovyStarter.rootLoader([Ljava/lang/String;)V+391
j  org.codehaus.groovy.tools.GroovyStarter.main([Ljava/lang/String;)V+1
v  ~StubRoutines::call_stub

---------------  P R O C E S S  ---------------

Java Threads: ( => current thread )
  0x638aa800 JavaThread "Service Thread" daemon [_thread_blocked, id=28150, stack(0x6318a000,0x631db000)]
  0x638a7400 JavaThread "C1 CompilerThread2" daemon [_thread_blocked, id=28142, stack(0x631db000,0x6325c000)]
  0x638a5c00 JavaThread "C2 CompilerThread1" daemon [_thread_blocked, id=28137, stack(0x6325c000,0x632dd000)]
  0x638a4000 JavaThread "C2 CompilerThread0" daemon [_thread_blocked, id=28129, stack(0x632dd000,0x6335e000)]
  0x638a2400 JavaThread "Signal Dispatcher" daemon [_thread_blocked, id=28124, stack(0x6335e000,0x633af000)]
  0x63888800 JavaThread "Finalizer" daemon [_thread_blocked, id=28086, stack(0x635af000,0x63600000)]
  0x63885c00 JavaThread "Reference Handler" daemon [_thread_blocked, id=28080, stack(0x63913000,0x63964000)]
=>0xb6307800 JavaThread "main" [_thread_in_vm, id=27963, stack(0xb6422000,0xb6473000)]

Other Threads:
  0x63881000 VMThread [stack: 0x63964000,0x639e5000] [id=28075]
  0x638ac400 WatcherThread [stack: 0x63109000,0x6318a000] [id=28156]

VM state:not at safepoint (normal execution)

VM Mutex/Monitor currently owned by a thread: None

Heap:
 PSYoungGen      total 18944K, used 16594K [0x918c0000, 0x93240000, 0xa6e00000)
  eden space 16384K, 85% used [0x918c0000,0x92678aa0,0x928c0000)
  from space 2560K, 99% used [0x92900000,0x92b7c140,0x92b80000)
  to   space 4864K, 0% used [0x92d80000,0x92d80000,0x93240000)
 ParOldGen       total 43776K, used 5541K [0x66e00000, 0x698c0000, 0x918c0000)
  object space 43776K, 12% used [0x66e00000,0x67369668,0x698c0000)
 Metaspace       used 10158K, capacity 10259K, committed 10264K, reserved 10544K

Card table byte_map: [0x66bff000,0x66e00000] byte_map_base: 0x668c8000

Marking Bits: (ParMarkBitMap*) 0xb7198880
 Begin Bits: [0x64400000, 0x65400000)
 End Bits:   [0x65400000, 0x66400000)

Polling page: 0xb77a5000

CodeCache: size=245760Kb used=4486Kb max_used=4600Kb free=241273Kb
 bounds [0xa7292000, 0xa771a000, 0xb6292000]
 total_blobs=1645 nmethods=1222 adapters=337
 compilation: enabled

Compilation events (10 events):
Event: 98.133 Thread 0x638a7400 nmethod 1327 0xa7386e88 code [0xa7386fe0, 0xa73872f0]
Event: 98.627 Thread 0x638a5c00 nmethod 1323 0xa73c1988 code [0xa73c1c20, 0xa73c31d8]
Event: 98.982 Thread 0x638a7400 1330       1       java.lang.ThreadLocal::getMap (5 bytes)
Event: 98.983 Thread 0x638a7400 nmethod 1330 0xa739c988 code [0xa739ca80, 0xa739cb20]
Event: 98.984 Thread 0x638a4000 1331       4       java.lang.ThreadLocal::get (38 bytes)
Event: 98.987 Thread 0x638a4000 nmethod 1331 0xa73492c8 code [0xa73493e0, 0xa7349524]
Event: 98.987 Thread 0x638a7400 1332       3       sun.reflect.generics.reflectiveObjects.ParameterizedTypeImpl::getActualTypeArguments (11 bytes)
Event: 98.987 Thread 0x638a7400 nmethod 1332 0xa7348e88 code [0xa7348fc0, 0xa734920c]
Event: 98.988 Thread 0x638a7400 1333       3       sun.reflect.generics.parser.SignatureParser::parseFieldTypeSignature (6 bytes)
Event: 98.988 Thread 0x638a7400 nmethod 1333 0xa7711048 code [0xa7711160, 0xa771124c]

GC Heap History (10 events):
Event: 27.726 GC heap before
{Heap before GC invocations=1 (full 0):
 PSYoungGen      total 19200K, used 16640K [0x918c0000, 0x92e00000, 0xa6e00000)
  eden space 16640K, 100% used [0x918c0000,0x92900000,0x92900000)
  from space 2560K, 0% used [0x92b80000,0x92b80000,0x92e00000)
  to   space 2560K, 0% used [0x92900000,0x92900000,0x92b80000)
 ParOldGen       total 43776K, used 0K [0x66e00000, 0x698c0000, 0x918c0000)
  object space 43776K, 0% used [0x66e00000,0x66e00000,0x698c0000)
 Metaspace       used 3730K, capacity 3786K, committed 3864K, reserved 4400K
Event: 27.745 GC heap after
Heap after GC invocations=1 (full 0):
 PSYoungGen      total 19200K, used 2551K [0x918c0000, 0x92e00000, 0xa6e00000)
  eden space 16640K, 0% used [0x918c0000,0x918c0000,0x92900000)
  from space 2560K, 99% used [0x92900000,0x92b7de80,0x92b80000)
  to   space 2560K, 0% used [0x92b80000,0x92b80000,0x92e00000)
 ParOldGen       total 43776K, used 116K [0x66e00000, 0x698c0000, 0x918c0000)
  object space 43776K, 0% used [0x66e00000,0x66e1d160,0x698c0000)
 Metaspace       used 3730K, capacity 3786K, committed 3864K, reserved 4400K
}
Event: 45.470 GC heap before
{Heap before GC invocations=2 (full 0):
 PSYoungGen      total 19200K, used 19191K [0x918c0000, 0x92e00000, 0xa6e00000)
  eden space 16640K, 100% used [0x918c0000,0x92900000,0x92900000)
  from space 2560K, 99% used [0x92900000,0x92b7de80,0x92b80000)
  to   space 2560K, 0% used [0x92b80000,0x92b80000,0x92e00000)
 ParOldGen       total 43776K, used 116K [0x66e00000, 0x698c0000, 0x918c0000)
  object space 43776K, 0% used [0x66e00000,0x66e1d160,0x698c0000)
 Metaspace       used 6106K, capacity 6154K, committed 6168K, reserved 6448K
Event: 45.482 GC heap after
Heap after GC invocations=2 (full 0):
 PSYoungGen      total 19200K, used 2544K [0x918c0000, 0x92e00000, 0xa6e00000)
  eden space 16640K, 0% used [0x918c0000,0x918c0000,0x92900000)
  from space 2560K, 99% used [0x92b80000,0x92dfc270,0x92e00000)
  to   space 2560K, 0% used [0x92900000,0x92900000,0x92b80000)
 ParOldGen       total 43776K, used 1369K [0x66e00000, 0x698c0000, 0x918c0000)
  object space 43776K, 3% used [0x66e00000,0x66f565a0,0x698c0000)
 Metaspace       used 6106K, capacity 6154K, committed 6168K, reserved 6448K
}
Event: 59.268 GC heap before
{Heap before GC invocations=3 (full 0):
 PSYoungGen      total 19200K, used 19184K [0x918c0000, 0x92e00000, 0xa6e00000)
  eden space 16640K, 100% used [0x918c0000,0x92900000,0x92900000)
  from space 2560K, 99% used [0x92b80000,0x92dfc270,0x92e00000)
  to   space 2560K, 0% used [0x92900000,0x92900000,0x92b80000)
 ParOldGen       total 43776K, used 1369K [0x66e00000, 0x698c0000, 0x918c0000)
  object space 43776K, 3% used [0x66e00000,0x66f565a0,0x698c0000)
 Metaspace       used 6807K, capacity 6860K, committed 6936K, reserved 7472K
Event: 59.285 GC heap after
Heap after GC invocations=3 (full 0):
 PSYoungGen      total 19200K, used 2545K [0x918c0000, 0x92e00000, 0xa6e00000)
  eden space 16640K, 0% used [0x918c0000,0x918c0000,0x92900000)
  from space 2560K, 99% used [0x92900000,0x92b7c4e8,0x92b80000)
  to   space 2560K, 0% used [0x92b80000,0x92b80000,0x92e00000)
 ParOldGen       total 43776K, used 2057K [0x66e00000, 0x698c0000, 0x918c0000)
  object space 43776K, 4% used [0x66e00000,0x67002770,0x698c0000)
 Metaspace       used 6807K, capacity 6860K, committed 6936K, reserved 7472K
}
Event: 77.539 GC heap before
{Heap before GC invocations=4 (full 0):
 PSYoungGen      total 19200K, used 19185K [0x918c0000, 0x92e00000, 0xa6e00000)
  eden space 16640K, 100% used [0x918c0000,0x92900000,0x92900000)
  from space 2560K, 99% used [0x92900000,0x92b7c4e8,0x92b80000)
  to   space 2560K, 0% used [0x92b80000,0x92b80000,0x92e00000)
 ParOldGen       total 43776K, used 2057K [0x66e00000, 0x698c0000, 0x918c0000)
  object space 43776K, 4% used [0x66e00000,0x67002770,0x698c0000)
 Metaspace       used 8449K, capacity 8551K, committed 8600K, reserved 9520K
Event: 77.555 GC heap after
Heap after GC invocations=4 (full 0):
 PSYoungGen      total 19200K, used 2552K [0x918c0000, 0x92e00000, 0xa6e00000)
  eden space 16640K, 0% used [0x918c0000,0x918c0000,0x92900000)
  from space 2560K, 99% used [0x92b80000,0x92dfe150,0x92e00000)
  to   space 2560K, 0% used [0x92900000,0x92900000,0x92b80000)
 ParOldGen       total 43776K, used 3993K [0x66e00000, 0x698c0000, 0x918c0000)
  object space 43776K, 9% used [0x66e00000,0x671e66c0,0x698c0000)
 Metaspace       used 8449K, capacity 8551K, committed 8600K, reserved 9520K
}
Event: 90.035 GC heap before
{Heap before GC invocations=5 (full 0):
 PSYoungGen      total 19200K, used 19192K [0x918c0000, 0x92e00000, 0xa6e00000)
  eden space 16640K, 100% used [0x918c0000,0x92900000,0x92900000)
  from space 2560K, 99% used [0x92b80000,0x92dfe150,0x92e00000)
  to   space 2560K, 0% used [0x92900000,0x92900000,0x92b80000)
 ParOldGen       total 43776K, used 3993K [0x66e00000, 0x698c0000, 0x918c0000)
  object space 43776K, 9% used [0x66e00000,0x671e66c0,0x698c0000)
 Metaspace       used 9229K, capacity 9331K, committed 9368K, reserved 9520K
Event: 90.055 GC heap after
Heap after GC invocations=5 (full 0):
 PSYoungGen      total 18944K, used 2544K [0x918c0000, 0x93240000, 0xa6e00000)
  eden space 16384K, 0% used [0x918c0000,0x918c0000,0x928c0000)
  from space 2560K, 99% used [0x92900000,0x92b7c140,0x92b80000)
  to   space 4864K, 0% used [0x92d80000,0x92d80000,0x93240000)
 ParOldGen       total 43776K, used 5541K [0x66e00000, 0x698c0000, 0x918c0000)
  object space 43776K, 12% used [0x66e00000,0x67369668,0x698c0000)
 Metaspace       used 9229K, capacity 9331K, committed 9368K, reserved 9520K
}

Deoptimization events (10 events):
Event: 62.880 Thread 0xb6307800 Uncommon trap: reason=unstable_if action=reinterpret pc=0xa7338ff4 method=java.util.HashMap.hash(Ljava/lang/Object;)I @ 1
Event: 79.596 Thread 0xb6307800 Uncommon trap: reason=unstable_if action=reinterpret pc=0xa735be34 method=java.net.URI.match(CJJ)Z @ 45
Event: 87.816 Thread 0xb6307800 Uncommon trap: reason=unstable_if action=reinterpret pc=0xa7506948 method=java.util.HashMap.getNode(ILjava/lang/Object;)Ljava/util/HashMap$Node; @ 129
Event: 87.816 Thread 0xb6307800 Uncommon trap: reason=class_check action=maybe_recompile pc=0xa75ce720 method=java.util.HashMap.putVal(ILjava/lang/Object;Ljava/lang/Object;ZZ)Ljava/lang/Object; @ 203
Event: 90.342 Thread 0xb6307800 Uncommon trap: reason=class_check action=maybe_recompile pc=0xa75ce720 method=java.util.HashMap.putVal(ILjava/lang/Object;Ljava/lang/Object;ZZ)Ljava/lang/Object; @ 203
Event: 90.815 Thread 0xb6307800 Uncommon trap: reason=class_check action=maybe_recompile pc=0xa75ce720 method=java.util.HashMap.putVal(ILjava/lang/Object;Ljava/lang/Object;ZZ)Ljava/lang/Object; @ 203
Event: 90.815 Thread 0xb6307800 Uncommon trap: reason=class_check action=maybe_recompile pc=0xa75ce720 method=java.util.HashMap.putVal(ILjava/lang/Object;Ljava/lang/Object;ZZ)Ljava/lang/Object; @ 203
Event: 90.815 Thread 0xb6307800 Uncommon trap: reason=class_check action=maybe_recompile pc=0xa75c0580 method=java.util.HashMap.putVal(ILjava/lang/Object;Ljava/lang/Object;ZZ)Ljava/lang/Object; @ 203
Event: 95.462 Thread 0xb6307800 Uncommon trap: reason=class_check action=maybe_recompile pc=0xa73eb99c method=java.io.BufferedInputStream.read([BII)I @ 101
Event: 98.115 Thread 0xb6307800 Uncommon trap: reason=unstable_if action=reinterpret pc=0xa73eb7d0 method=java.io.DataInputStream.readUTF(Ljava/io/DataInput;)Ljava/lang/String; @ 31

Internal exceptions (10 events):
Event: 78.492 Thread 0xb6307800 Exception <a 'java/lang/ClassNotFoundException': java/lang/StringBeanInfo> (0x91a0de68) thrown at [/build/openjdk-8-Y4imzb/openjdk-8-8u151-b12/src/hotspot/src/share/vm/classfile/systemDictionary.cpp, line 210]
Event: 78.494 Thread 0xb6307800 Exception <a 'java/lang/ClassNotFoundException': java/lang/StringCustomizer> (0x91a2e410) thrown at [/build/openjdk-8-Y4imzb/openjdk-8-8u151-b12/src/hotspot/src/share/vm/classfile/systemDictionary.cpp, line 210]
Event: 79.295 Thread 0xb6307800 Exception <a 'java/lang/ClassNotFoundException': java/net/URIBeanInfo> (0x91aa3338) thrown at [/build/openjdk-8-Y4imzb/openjdk-8-8u151-b12/src/hotspot/src/share/vm/classfile/systemDictionary.cpp, line 210]
Event: 79.297 Thread 0xb6307800 Exception <a 'java/lang/ClassNotFoundException': java/net/URICustomizer> (0x91ac0e50) thrown at [/build/openjdk-8-Y4imzb/openjdk-8-8u151-b12/src/hotspot/src/share/vm/classfile/systemDictionary.cpp, line 210]
Event: 80.757 Thread 0xb6307800 Exception <a 'java/lang/ClassNotFoundException': org/glassfish/jersey/server/ResourceConfigBeanInfo> (0x91c04728) thrown at [/build/openjdk-8-Y4imzb/openjdk-8-8u151-b12/src/hotspot/src/share/vm/classfile/systemDictionary.cpp, line 210]
Event: 80.759 Thread 0xb6307800 Exception <a 'java/lang/ClassNotFoundException': javax/ws/rs/core/ApplicationBeanInfo> (0x91c3a270) thrown at [/build/openjdk-8-Y4imzb/openjdk-8-8u151-b12/src/hotspot/src/share/vm/classfile/systemDictionary.cpp, line 210]
Event: 80.853 Thread 0xb6307800 Exception <a 'java/lang/ClassNotFoundException': javax/ws/rs/core/ApplicationCustomizer> (0x91c71c90) thrown at [/build/openjdk-8-Y4imzb/openjdk-8-8u151-b12/src/hotspot/src/share/vm/classfile/systemDictionary.cpp, line 210]
Event: 81.085 Thread 0xb6307800 Exception <a 'java/lang/ClassNotFoundException': org/glassfish/jersey/server/ResourceConfigCustomizer> (0x91cbd558) thrown at [/build/openjdk-8-Y4imzb/openjdk-8-8u151-b12/src/hotspot/src/share/vm/classfile/systemDictionary.cpp, line 210]
Event: 84.149 Thread 0xb6307800 Exception <a 'java/lang/ClassNotFoundException': org/glassfish/jersey/jdkhttp/JdkHttpServerFactoryBeanInfo> (0x922575e8) thrown at [/build/openjdk-8-Y4imzb/openjdk-8-8u151-b12/src/hotspot/src/share/vm/classfile/systemDictionary.cpp, line 210]
Event: 84.150 Thread 0xb6307800 Exception <a 'java/lang/ClassNotFoundException': org/glassfish/jersey/jdkhttp/JdkHttpServerFactoryCustomizer> (0x922a3648) thrown at [/build/openjdk-8-Y4imzb/openjdk-8-8u151-b12/src/hotspot/src/share/vm/classfile/systemDictionary.cpp, line 210]

Events (10 events):
Event: 98.221 loading class java/text/DecimalFormat done
Event: 98.221 loading class java/text/FieldPosition
Event: 98.239 loading class java/text/FieldPosition done
Event: 98.239 loading class java/text/DigitList
Event: 98.254 loading class java/text/DigitList done
Event: 98.417 loading class javax/xml/datatype/XMLGregorianCalendar
Event: 98.455 loading class javax/xml/datatype/XMLGregorianCalendar done
Event: 98.476 loading class javax/xml/datatype/Duration
Event: 98.490 loading class javax/xml/datatype/Duration done
Event: 98.988 loading class java/util/concurrent/ConcurrentHashMap$TreeNode


Dynamic libraries:
08048000-08049000 r-xp 00000000 08:01 1693306    /usr/lib/jvm/java-8-openjdk-i386/jre/bin/java
08049000-0804a000 r--p 00000000 08:01 1693306    /usr/lib/jvm/java-8-openjdk-i386/jre/bin/java
0804a000-0804b000 rw-p 00001000 08:01 1693306    /usr/lib/jvm/java-8-openjdk-i386/jre/bin/java
09623000-09644000 rw-p 00000000 00:00 0          [heap]
61000000-61100000 rw-p 00000000 00:00 0 
61100000-611fe000 rw-p 00000000 00:00 0 
611fe000-61200000 ---p 00000000 00:00 0 
61300000-613c0000 rw-p 00000000 00:00 0 
613e0000-61400000 ---p 00000000 00:00 0 
61400000-614b1000 rw-p 00000000 00:00 0 
614b1000-61500000 ---p 00000000 00:00 0 
61500000-61600000 rw-p 00000000 00:00 0 
61600000-61800000 rw-p 00000000 00:00 0 
61800000-618fb000 rw-p 00000000 00:00 0 
618fb000-61900000 ---p 00000000 00:00 0 
61900000-6194a000 rw-p 00000000 00:00 0 
6194a000-61a00000 ---p 00000000 00:00 0 
61a00000-61b00000 rw-p 00000000 00:00 0 
61b00000-61bed000 rw-p 00000000 00:00 0 
61bed000-61c00000 ---p 00000000 00:00 0 
61c00000-61d00000 rw-p 00000000 00:00 0 
61d00000-61df3000 rw-p 00000000 00:00 0 
61df3000-61e00000 ---p 00000000 00:00 0 
61e00000-61eb5000 rw-p 00000000 00:00 0 
61eb5000-61f00000 ---p 00000000 00:00 0 
61f00000-62000000 rw-p 00000000 00:00 0 
62000000-62100000 rw-p 00000000 00:00 0 
62100000-621e2000 rw-p 00000000 00:00 0 
621e2000-62200000 ---p 00000000 00:00 0 
62200000-62300000 rw-p 00000000 00:00 0 
62300000-62400000 rw-p 00000000 00:00 0 
62400000-624fd000 rw-p 00000000 00:00 0 
624fd000-62500000 ---p 00000000 00:00 0 
62587000-62600000 r--s 010fe000 08:01 1694179    /usr/lib/jvm/java-8-openjdk-i386/lib/tools.jar
62600000-626fd000 rw-p 00000000 00:00 0 
626fd000-62700000 ---p 00000000 00:00 0 
62735000-62748000 r--s 00346000 08:01 1693287    /usr/lib/jvm/java-8-openjdk-i386/jre/lib/resources.jar
62748000-6274b000 r--s 00023000 08:01 2478896    /home/sarnobat/github/groovy_libraries/.groovy/lib/maven-shared-utils-0.1.jar
6274b000-6274e000 r--s 0000b000 08:01 2478399    /home/sarnobat/github/groovy_libraries/.groovy/lib/concurrentlinkedhashmap-lru-1.3.1.jar
6274e000-62755000 r--s 0005b000 08:01 2478897    /home/sarnobat/github/groovy_libraries/.groovy/lib/mongo-java-driver-2.10.1.jar
62755000-62757000 r--s 0000c000 08:01 2478389    /home/sarnobat/github/groovy_libraries/.groovy/lib/commons-exec-1.3.jar
62757000-62758000 r--s 0000a000 08:01 2478397    /home/sarnobat/github/groovy_libraries/.groovy/lib/commons-logging-api-1.1.jar
62758000-6275a000 r--s 00008000 08:01 2478930    /home/sarnobat/github/groovy_libraries/.groovy/lib/vget-1.1.5.jar
6275a000-6275b000 r--s 00004000 08:01 2478901    /home/sarnobat/github/groovy_libraries/.groovy/lib/opencsv-2.3.jar
6275b000-62769000 r--s 000ad000 08:01 2478846    /home/sarnobat/github/groovy_libraries/.groovy/lib/jackson-mapper-asl-1.9.2.jar
62769000-62776000 r--s 000a2000 08:01 2478391    /home/sarnobat/github/groovy_libraries/.groovy/lib/commons-imaging-1.0-R1480221.jar
62776000-62778000 r--s 00000000 08:01 2478907    /home/sarnobat/github/groovy_libraries/.groovy/lib/plexus-component-annotations-1.5.5.jar
62778000-6277c000 r--s 0000c000 08:01 2478929    /home/sarnobat/github/groovy_libraries/.groovy/lib/validation-api-1.1.0.Final.jar
6277c000-6277e000 r--s 00005000 08:01 2478924    /home/sarnobat/github/groovy_libraries/.groovy/lib/slf4j-api-1.7.5.jar
6277e000-62783000 r--s 0002a000 08:01 2478419    /home/sarnobat/github/groovy_libraries/.groovy/lib/gson-2.2.4.jar
62783000-62784000 r--s 00002000 08:01 2478875    /home/sarnobat/github/groovy_libraries/.groovy/lib/jsch.agentproxy.connector-factory-0.0.6.jar
62784000-62791000 r--s 00082000 08:01 2478856    /home/sarnobat/github/groovy_libraries/.groovy/lib/jersey-common-2.0.jar
62791000-62793000 r--s 0000d000 08:01 2478912    /home/sarnobat/github/groovy_libraries/.groovy/lib/plexus-interpolation-1.13.jar
62793000-627b8000 r--s 002e3000 08:01 2478932    /home/sarnobat/github/groovy_libraries/.groovy/lib/xalan-2.7.1.jar
627b8000-627bb000 r--s 0001b000 08:01 2478888    /home/sarnobat/github/groovy_libraries/.groovy/lib/junit-3.8.2.jar
627bb000-627bc000 r--s 00001000 08:01 2478400    /home/sarnobat/github/groovy_libraries/.groovy/lib/doxia-sink-api-1.0-alpha-7.jar
627bc000-627be000 r--s 00011000 08:01 2478873    /home/sarnobat/github/groovy_libraries/.groovy/lib/jsch-extension-0.1.3.jar
627be000-627ed000 r--s 0028b000 08:01 2478865    /home/sarnobat/github/groovy_libraries/.groovy/lib/jetty-all-9.2.21.v20170120.jar
627ed000-627f1000 r--s 00040000 08:01 2478871    /home/sarnobat/github/groovy_libraries/.groovy/lib/jsch-0.1.53-sources.jar
627f1000-627f4000 r--s 00023000 08:01 2478853    /home/sarnobat/github/groovy_libraries/.groovy/lib/jdom-1.0.jar
627f4000-627f5000 r--s 00003000 08:01 2478407    /home/sarnobat/github/groovy_libraries/.groovy/lib/geronimo-jta_1.1_spec-1.1.1.jar
627f5000-62800000 r--s 00068000 08:01 2478859    /home/sarnobat/github/groovy_libraries/.groovy/lib/jersey-core-1.17.1.jar
62800000-628f9000 rw-p 00000000 00:00 0 
628f9000-62900000 ---p 00000000 00:00 0 
62900000-629fb000 rw-p 00000000 00:00 0 
629fb000-62a00000 ---p 00000000 00:00 0 
62a00000-62a01000 r--s 00003000 08:01 2478857    /home/sarnobat/github/groovy_libraries/.groovy/lib/jersey-container-jdk-http-2.0.jar
62a01000-62a05000 r--s 0003b000 08:01 2478870    /home/sarnobat/github/groovy_libraries/.groovy/lib/jsch-0.1.50.jar.disabled
62a05000-62a09000 r--s 00032000 08:01 2478915    /home/sarnobat/github/groovy_libraries/.groovy/lib/rome-1.0.jar
62a09000-62a0b000 r--s 0000d000 08:01 2479615    /home/sarnobat/github/groovy_libraries/.groovy/lib/commons-codec-1.4.jar
62a0b000-62a0c000 r--s 00007000 08:01 2478923    /home/sarnobat/github/groovy_libraries/.groovy/lib/slf4j-api-1.7.12.jar
62a0c000-62a0e000 r--s 0000a000 08:01 2478931    /home/sarnobat/github/groovy_libraries/.groovy/lib/wget-1.2.9.jar
62a0e000-62a1d000 r--s 00095000 08:01 2478927    /home/sarnobat/github/groovy_libraries/.groovy/lib/sshd-core-0.14.0.jar
62a1d000-62a1e000 r--s 00001000 08:01 2478881    /home/sarnobat/github/groovy_libraries/.groovy/lib/jsch.agentproxy.usocket-jna-0.0.6.jar
62a1e000-62a20000 r--s 00000000 08:01 2478877    /home/sarnobat/github/groovy_libraries/.groovy/lib/jsch.agentproxy.jsch-0.0.6.jar
62a20000-62a24000 r--s 0001d000 08:01 2478933    /home/sarnobat/github/groovy_libraries/.groovy/lib/xbean-reflect-3.4.jar
62a24000-62a29000 r--s 00047000 08:01 2478381    /home/sarnobat/github/groovy_libraries/.groovy/lib/asm-all-repackaged-2.1.88.jar
62a29000-62a2b000 r--s 00000000 08:01 2478906    /home/sarnobat/github/groovy_libraries/.groovy/lib/plexus-compiler-manager-2.0.jar
62a2b000-62a2d000 r--s 00002000 08:01 2478895    /home/sarnobat/github/groovy_libraries/.groovy/lib/maven-shared-incremental-1.0.jar
62a2d000-62a2f000 r--s 00001000 08:01 2478876    /home/sarnobat/github/groovy_libraries/.groovy/lib/jsch.agentproxy.core-0.0.6.jar
62a2f000-62a31000 r--s 00282000 08:01 2478919    /home/sarnobat/github/groovy_libraries/.groovy/lib/selenium-firefox-driver-2.45.0.jar
62a31000-62a33000 r--s 00005000 08:01 2478847    /home/sarnobat/github/groovy_libraries/.groovy/lib/javax.annotation-api-1.2.jar
62a33000-62a34000 r--s 00001000 08:01 2478878    /home/sarnobat/github/groovy_libraries/.groovy/lib/jsch.agentproxy.pageant-0.0.6.jar
62a34000-62a36000 r--s 00000000 08:01 2478879    /home/sarnobat/github/groovy_libraries/.groovy/lib/jsch.agentproxy.sshagent-0.0.6.jar
62a36000-62a38000 r--s 0000d000 08:01 2478416    /home/sarnobat/github/groovy_libraries/.groovy/lib/google-oauth-client-1.17.0-rc.jar
62a38000-62a3c000 r--s 00025000 08:01 2478408    /home/sarnobat/github/groovy_libraries/.groovy/lib/google-api-client-1.17.0-rc.jar
62a3c000-62a3d000 r--s 00001000 08:01 2478903    /home/sarnobat/github/groovy_libraries/.groovy/lib/plexus-build-api-0.0.4.jar
62a3d000-62a40000 r--s 0001b000 08:01 2478887    /home/sarnobat/github/groovy_libraries/.groovy/lib/junit-3.8.1.jar
62a40000-62a44000 r--s 00019000 08:01 2478855    /home/sarnobat/github/groovy_libraries/.groovy/lib/jersey-client-2.0.jar
62a44000-62a46000 r--s 0000d000 08:01 2478874    /home/sarnobat/github/groovy_libraries/.groovy/lib/jsch-nio-0.1.5.jar
62a46000-62a4c000 r--s 00033000 08:01 2478921    /home/sarnobat/github/groovy_libraries/.groovy/lib/selenium-remote-driver-2.45.0.jar
62a4c000-62a50000 r--s 0002f000 08:01 2478845    /home/sarnobat/github/groovy_libraries/.groovy/lib/jackson-core-2.1.3.jar
62a50000-62a79000 r--s 001ee000 08:01 2478420    /home/sarnobat/github/groovy_libraries/.groovy/lib/guava-14.0.1.jar
62a79000-62a7c000 r--s 00015000 08:01 2478409    /home/sarnobat/github/groovy_libraries/.groovy/lib/google-api-services-calendar-v3-rev72-1.17.0-rc.jar
62a7c000-62a7e000 r--s 0000b000 08:01 2478427    /home/sarnobat/github/groovy_libraries/.groovy/lib/hk2-utils-2.1.88.jar
62a7e000-62a8c000 r--s 0007f000 08:01 2478387    /home/sarnobat/github/groovy_libraries/.groovy/lib/commons-collections-3.2.1.jar
62a8c000-62a97000 r--s 00085000 08:01 2478429    /home/sarnobat/github/groovy_libraries/.groovy/lib/httpclient-4.3.3.jar
62a97000-62b00000 r--s 003e4000 08:01 2478899    /home/sarnobat/github/groovy_libraries/.groovy/lib/neo4j-cypher-1.9.2.jar
62b00000-62bff000 rw-p 00000000 00:00 0 
62bff000-62c00000 ---p 00000000 00:00 0 
62c00000-62c06000 r--s 00042000 08:01 2478885    /home/sarnobat/github/groovy_libraries/.groovy/lib/jsoup-1.7.2.jar
62c06000-62c07000 r--s 00002000 08:01 2478417    /home/sarnobat/github/groovy_libraries/.groovy/lib/google-oauth-client-java6-1.17.0-rc.jar
62c07000-62c08000 r--s 00001000 08:01 2478883    /home/sarnobat/github/groovy_libraries/.groovy/lib/jsch.agentproxy.usocket-nc-0.0.6.jar
62c08000-62c0c000 r--s 00017000 08:01 2478928    /home/sarnobat/github/groovy_libraries/.groovy/lib/thumbnailator-0.4.8.jar
62c0c000-62c0e000 r--s 0001f000 08:01 2478922    /home/sarnobat/github/groovy_libraries/.groovy/lib/servlet-api-2.5-20081211.jar
62c0e000-62c10000 r--s 0001d000 08:01 2478425    /home/sarnobat/github/groovy_libraries/.groovy/lib/hk2-locator-2.1.88.jar
62c10000-62c14000 r--s 00018000 08:01 2478424    /home/sarnobat/github/groovy_libraries/.groovy/lib/hk2-api-2.1.88.jar
62c14000-62c15000 r--s 00002000 08:01 2478918    /home/sarnobat/github/groovy_libraries/.groovy/lib/selenium-chrome-driver-2.45.0.jar
62c15000-62c19000 r--s 00024000 08:01 2478861    /home/sarnobat/github/groovy_libraries/.groovy/lib/jersey-json-1.17.1.jar
62c19000-62c1d000 r--s 0002a000 08:01 2478393    /home/sarnobat/github/groovy_libraries/.groovy/lib/commons-io-2.4.jar
62c1d000-62c3c000 r--s 00153000 08:01 2478900    /home/sarnobat/github/groovy_libraries/.groovy/lib/neo4j-kernel-1.9.2.jar
62c3c000-62c43000 r--s 00051000 08:01 2478889    /home/sarnobat/github/groovy_libraries/.groovy/lib/log4j-1.2.12.jar
62c43000-62c44000 r--s 00006000 08:01 2478926    /home/sarnobat/github/groovy_libraries/.groovy/lib/solr-commons-csv-3.5.0.jar
62c44000-62c48000 r--s 00018000 08:01 2478852    /home/sarnobat/github/groovy_libraries/.groovy/lib/javax.ws.rs-api-2.0.jar
62c48000-62c4a000 r--s 0000b000 08:01 2478388    /home/sarnobat/github/groovy_libraries/.groovy/lib/commons-exec-1.1.jar
62c4a000-62c4c000 r--s 00001000 08:01 2478925    /home/sarnobat/github/groovy_libraries/.groovy/lib/slf4j-log4j12-1.7.12.jar
62c4c000-62c4e000 r--s 00005000 08:01 2478904    /home/sarnobat/github/groovy_libraries/.groovy/lib/plexus-compiler-api-2.0.jar
62c4e000-62c4f000 r--s 00002000 08:01 2478893    /home/sarnobat/github/groovy_libraries/.groovy/lib/maven-reporting-api-2.0.6.jar
62c4f000-62c55000 r--s 0003c000 08:01 2478412    /home/sarnobat/github/groovy_libraries/.groovy/lib/google-http-client-1.17.0-rc.jar
62c55000-62c59000 r--s 00028000 08:01 2478867    /home/sarnobat/github/groovy_libraries/.groovy/lib/jetty-util-6.1.26.jar
62c59000-62c5b000 r--s 00009000 08:01 2478891    /home/sarnobat/github/groovy_libraries/.groovy/lib/maven-compiler-plugin-3.0.jar
62c5b000-62c62000 r--s 00058000 08:01 2478396    /home/sarnobat/github/groovy_libraries/.groovy/lib/commons-lang3-3.2.1.jar
62c62000-62c64000 r--s 0000c000 08:01 2478385    /home/sarnobat/github/groovy_libraries/.groovy/lib/commons-cli-1.4.jar
62c64000-62c66000 r--s 00007000 08:01 2478892    /home/sarnobat/github/groovy_libraries/.groovy/lib/maven-filtering-1.0-beta-4.jar
62c66000-62c67000 r--s 00004000 08:01 2478905    /home/sarnobat/github/groovy_libraries/.groovy/lib/plexus-compiler-javac-2.0.jar
62c67000-62c6e000 r--s 00048000 08:01 2478841    /home/sarnobat/github/groovy_libraries/.groovy/lib/httpcore-4.4.1.jar
62c6e000-62c72000 r--s 000dc000 08:01 2478869    /home/sarnobat/github/groovy_libraries/.groovy/lib/jna-4.1.0.jar
62c72000-62c78000 r--s 00043000 08:01 2478402    /home/sarnobat/github/groovy_libraries/.groovy/lib/genson-0.98.jar
62c78000-62c79000 r--s 00005000 08:01 2478894    /home/sarnobat/github/groovy_libraries/.groovy/lib/maven-resources-plugin-2.4.3.jar
62c79000-62c7b000 r--s 00005000 08:01 2478844    /home/sarnobat/github/groovy_libraries/.groovy/lib/httpmime-4.2.3.jar
62c7b000-62c7f000 r--s 0003c000 08:01 2478394    /home/sarnobat/github/groovy_libraries/.groovy/lib/commons-lang-2.4.jar
62c7f000-62c83000 r--s 00030000 08:01 2478913    /home/sarnobat/github/groovy_libraries/.groovy/lib/plexus-utils-1.5.1.jar
62c83000-62c8a000 r--s 0003f000 08:01 2478382    /home/sarnobat/github/groovy_libraries/.groovy/lib/cglib-2.1.88.jar
62c8a000-62c8d000 r--s 00012000 08:01 2478851    /home/sarnobat/github/groovy_libraries/.groovy/lib/javax.json-1.0.4.jar
62c8d000-62c8e000 r--s 0000f000 08:01 2478884    /home/sarnobat/github/groovy_libraries/.groovy/lib/json-20131018.jar
62c8e000-62c8f000 r--s 00001000 08:01 2478418    /home/sarnobat/github/groovy_libraries/.groovy/lib/google-oauth-client-jetty-1.17.0-rc.jar
62c8f000-62d00000 r--s 00658000 08:01 2478916    /home/sarnobat/github/groovy_libraries/.groovy/lib/scala-library-2.10.0.jar
62d00000-62dfc000 rw-p 00000000 00:00 0 
62dfc000-62e00000 ---p 00000000 00:00 0 
62e00000-62efc000 rw-p 00000000 00:00 0 
62efc000-62f00000 ---p 00000000 00:00 0 
62f00000-62ffc000 rw-p 00000000 00:00 0 
62ffc000-63000000 ---p 00000000 00:00 0 
63000000-63005000 r--s 0002b000 08:01 2478401    /home/sarnobat/github/groovy_libraries/.groovy/lib/fuse-jna-0.0.1-SNAPSHOT.jar
63005000-63017000 r--s 00099000 08:01 2478863    /home/sarnobat/github/groovy_libraries/.groovy/lib/jersey-server-2.0.jar
63017000-63019000 r--s 00006000 08:01 2478886    /home/sarnobat/github/groovy_libraries/.groovy/lib/jsr305-2.0.1.jar
63019000-6301a000 r--s 00001000 08:01 2478415    /home/sarnobat/github/groovy_libraries/.groovy/lib/google-http-client-jackson2-1.17.0-rc.jar
6301a000-6301c000 r--s 00002000 08:01 2478911    /home/sarnobat/github/groovy_libraries/.groovy/lib/plexus-interactivity-api-1.0-alpha-4.jar
6301c000-6301d000 r--s 00004000 08:01 2478902    /home/sarnobat/github/groovy_libraries/.groovy/lib/osgi-resource-locator-1.0.1.jar
6301d000-63022000 r--s 0001d000 08:01 2478917    /home/sarnobat/github/groovy_libraries/.groovy/lib/selenium-api-2.45.0.jar
63022000-63029000 r--s 00064000 08:01 2478890    /home/sarnobat/github/groovy_libraries/.groovy/lib/mail-1.4.2.jar
63029000-6302a000 r--s 00001000 08:01 2478848    /home/sarnobat/github/groovy_libraries/.groovy/lib/javax.inject-2.1.88.jar
6302a000-63031000 r--s 00050000 08:01 2478843    /home/sarnobat/github/groovy_libraries/.groovy/lib/httpcore-nio-4.4.1.jar
63031000-63035000 r--s 00033000 08:01 2478914    /home/sarnobat/github/groovy_libraries/.groovy/lib/plexus-utils-2.0.5.jar
63035000-63038000 r--s 0001d000 08:01 2478854    /home/sarnobat/github/groovy_libraries/.groovy/lib/jersey-client-1.17.1.jar
63038000-63039000 r--s 00006000 08:01 1693894    /usr/share/maven-repo/org/codehaus/groovy/groovy-servlet/2.4.5/groovy-servlet-2.4.5.jar
63039000-6303b000 r--s 0001b000 08:01 1693924    /usr/share/maven-repo/org/codehaus/groovy/groovy-docgenerator/2.4.5/groovy-docgenerator-2.4.5.jar
6303b000-6303d000 r--s 00011000 08:01 1147685    /usr/share/java/jsp-api-2.1.jar
6303d000-6304b000 r--s 000c8000 08:01 1149227    /usr/share/java/testng.jar
6304b000-6304d000 r--s 0000c000 08:01 1149198    /usr/share/java/asm4-5.0.4.jar
6304d000-6304f000 r--s 00006000 08:01 1149197    /usr/share/java/asm4-tree-5.0.4.jar
6304f000-63051000 r--s 00012000 08:01 1839680    /usr/share/maven-repo/org/codehaus/groovy/groovy-test/2.4.5/groovy-test-2.4.5.jar
63051000-63052000 r--s 00004000 08:01 1144744    /usr/share/java/ant-launcher-1.9.6.jar
63052000-63054000 r--s 00019000 08:01 1149207    /usr/share/java/jline2.jar
63054000-63056000 r--s 00001000 08:01 1839692    /usr/share/maven-repo/org/codehaus/groovy/groovy-testng/2.4.5/groovy-testng-2.4.5.jar
63056000-6306b000 r--s 00124000 08:01 1147882    /usr/share/java/ivy-2.3.0.jar
6306b000-6306d000 r--s 00016000 08:01 1839697    /usr/share/maven-repo/org/codehaus/groovy/groovy-templates/2.4.5/groovy-templates-2.4.5.jar
6306d000-6306f000 r--s 00004000 08:01 1839662    /usr/share/maven-repo/org/codehaus/groovy/groovy-jsr223/2.4.5/groovy-jsr223-2.4.5.jar
6306f000-630bc000 r--s 0040d000 08:01 1149211    /usr/share/java/groovy-2.x.jar
630bc000-63109000 r--s 0040d000 08:01 1149211    /usr/share/java/groovy-2.x.jar
63109000-6310a000 ---p 00000000 00:00 0 
6310a000-6318a000 rw-p 00000000 00:00 0 
6318a000-6318d000 ---p 00000000 00:00 0 
6318d000-631db000 rw-p 00000000 00:00 0 
631db000-631de000 ---p 00000000 00:00 0 
631de000-6325c000 rw-p 00000000 00:00 0 
6325c000-6325f000 ---p 00000000 00:00 0 
6325f000-632dd000 rw-p 00000000 00:00 0 
632dd000-632e0000 ---p 00000000 00:00 0 
632e0000-6335e000 rw-p 00000000 00:00 0 
6335e000-63361000 ---p 00000000 00:00 0 
63361000-633af000 rw-p 00000000 00:00 0 
633af000-635af000 r--p 00000000 08:01 1105218    /usr/lib/locale/locale-archive
635af000-635b2000 ---p 00000000 00:00 0 
635b2000-63600000 rw-p 00000000 00:00 0 
63600000-636e7000 rw-p 00000000 00:00 0 
636e7000-63700000 ---p 00000000 00:00 0 
63700000-63721000 rw-p 00000000 00:00 0 
63721000-63800000 ---p 00000000 00:00 0 
63800000-638fc000 rw-p 00000000 00:00 0 
638fc000-63900000 ---p 00000000 00:00 0 
63900000-63901000 r--s 00005000 08:01 1147905    /usr/share/java/jansi-1.4.jar
63901000-63904000 r--s 0001e000 08:01 1147684    /usr/share/java/servlet-api-2.5.jar
63904000-63905000 r--s 00003000 08:01 1147898    /usr/share/java/hawtjni-runtime-1.10.jar
63905000-63906000 r--s 00001000 08:01 1147901    /usr/share/java/jansi-native-1.0.jar
63906000-63913000 r--s 00076000 08:01 1147859    /usr/share/java/xstream-1.4.8.jar
63913000-63916000 ---p 00000000 00:00 0 
63916000-63964000 rw-p 00000000 00:00 0 
63964000-63965000 ---p 00000000 00:00 0 
63965000-639e5000 rw-p 00000000 00:00 0 
639e5000-63bb4000 r--s 03c21000 08:01 1693223    /usr/lib/jvm/java-8-openjdk-i386/jre/lib/rt.jar
63bb4000-63ffa000 rw-p 00000000 00:00 0 
63ffa000-64000000 ---p 00000000 00:00 0 
64000000-66400000 rw-p 00000000 00:00 0 
66400000-664f5000 rw-p 00000000 00:00 0 
664f5000-66500000 ---p 00000000 00:00 0 
66500000-66501000 r--s 00005000 08:01 1147905    /usr/share/java/jansi-1.4.jar
66501000-66505000 r--s 00028000 08:01 1149209    /usr/share/java/qdox-1.12.1.jar
66505000-66509000 r--s 0001e000 08:01 1839667    /usr/share/maven-repo/org/codehaus/groovy/groovy-groovydoc/2.4.5/groovy-groovydoc-2.4.5.jar
66509000-6650a000 r--s 0000d000 08:01 1147020    /usr/share/java/commons-logging-1.2.jar
6650a000-6650f000 r--s 00068000 08:01 1144929    /usr/share/java/antlr.jar
6650f000-66512000 r--s 0001d000 08:01 1839643    /usr/share/maven-repo/org/codehaus/groovy/groovy-json/2.4.5/groovy-json-2.4.5.jar
66512000-66531000 r--s 001d1000 08:01 1144743    /usr/share/java/ant-1.9.6.jar
66531000-6657f000 rw-p 00000000 00:00 0 
6657f000-66580000 ---p 00000000 00:00 0 
66580000-66600000 rw-p 00000000 00:00 0 
66600000-666fc000 rw-p 00000000 00:00 0 
666fc000-66700000 ---p 00000000 00:00 0 
66700000-66721000 rw-p 00000000 00:00 0 
66721000-66800000 ---p 00000000 00:00 0 
66800000-66801000 r--s 0000a000 08:01 1149195    /usr/share/java/asm4-util-5.0.4.jar
66801000-66804000 r--s 0000d000 08:01 1149225    /usr/share/java/jcommander.jar
66804000-66805000 r--s 0000d000 08:01 1149216    /usr/share/java/jsr166y-1.7.0.jar
66805000-66807000 r--s 0000a000 08:01 1147016    /usr/share/java/commons-cli-1.3.1.jar
66807000-6680a000 r--s 00010000 08:01 1145778    /usr/share/java/bsf-2.4.0.jar
6680a000-6680c000 r--s 0001b000 08:01 1145289    /usr/share/java/ant-junit-1.9.6.jar
6680c000-66810000 r--s 00031000 08:01 1693912    /usr/share/maven-repo/org/codehaus/groovy/groovy-xml/2.4.5/groovy-xml-2.4.5.jar
66810000-66812000 r--s 0001d000 08:01 1693929    /usr/share/maven-repo/org/codehaus/groovy/groovy-jmx/2.4.5/groovy-jmx-2.4.5.jar
66812000-66818000 r--s 0005e000 08:01 1693906    /usr/share/maven-repo/org/codehaus/groovy/groovy-groovysh/2.4.5/groovy-groovysh-2.4.5.jar
66818000-66824000 r--s 00094000 08:01 1693917    /usr/share/maven-repo/org/codehaus/groovy/groovy-console/2.4.5/groovy-console-2.4.5.jar
66824000-6687f000 rw-p 00000000 00:00 0 
6687f000-66880000 ---p 00000000 00:00 0 
66880000-66900000 rw-p 00000000 00:00 0 
66900000-66921000 rw-p 00000000 00:00 0 
66921000-66a00000 ---p 00000000 00:00 0 
66a00000-66a01000 r--s 00002000 08:01 1145284    /usr/share/java/ant-antlr-1.9.6.jar
66a01000-66a03000 r--s 00004000 08:01 1149192    /usr/share/java/asm4-analysis-5.0.4.jar
66a03000-66a05000 r--s 0000a000 08:01 1147024    /usr/share/java/hamcrest-core-1.3.jar
66a05000-66a0d000 r--s 00045000 08:01 1147522    /usr/share/java/junit4-4.12.jar
66a0d000-66a28000 r--s 00394000 08:01 1693228    /usr/lib/jvm/java-8-openjdk-i386/jre/lib/ext/cldrdata.jar
66a28000-66a29000 ---p 00000000 00:00 0 
66a29000-66abf000 rw-p 00000000 00:00 0 
66abf000-66bff000 ---p 00000000 00:00 0 
66bff000-66c15000 rw-p 00000000 00:00 0 
66c15000-66d54000 ---p 00000000 00:00 0 
66d54000-66d62000 rw-p 00000000 00:00 0 
66d62000-66dff000 ---p 00000000 00:00 0 
66dff000-698c0000 rw-p 00000000 00:00 0 
698c0000-918c0000 ---p 00000000 00:00 0 
918c0000-93240000 rw-p 00000000 00:00 0 
93240000-a6e00000 ---p 00000000 00:00 0 
a6e00000-a6e06000 r--s 00051000 08:01 1839686    /usr/share/maven-repo/org/codehaus/groovy/groovy-swing/2.4.5/groovy-swing-2.4.5.jar
a6e06000-a6e08000 r--s 00010000 08:01 1839656    /usr/share/maven-repo/org/codehaus/groovy/groovy-ant/2.4.5/groovy-ant-2.4.5.jar
a6e08000-a6e0a000 r--s 00012000 08:01 1839650    /usr/share/maven-repo/org/codehaus/groovy/groovy-sql/2.4.5/groovy-sql-2.4.5.jar
a6e0a000-a6e0c000 r--s 00009000 08:01 1148102    /usr/share/java/asm4-commons-5.0.4.jar
a6e0c000-a6e0e000 r--s 00008000 08:01 1693232    /usr/lib/jvm/java-8-openjdk-i386/jre/lib/ext/sunec.jar
a6e0e000-a6e29000 r--s 001d6000 08:01 1693230    /usr/lib/jvm/java-8-openjdk-i386/jre/lib/ext/nashorn.jar
a6e29000-a6e2f000 r--s 0003a000 08:01 1693231    /usr/lib/jvm/java-8-openjdk-i386/jre/lib/ext/sunjce_provider.jar
a6e2f000-a6e39000 r--s 00116000 08:01 1693233    /usr/lib/jvm/java-8-openjdk-i386/jre/lib/ext/localedata.jar
a6e39000-a6e51000 rw-p 00000000 00:00 0 
a6e51000-a6e52000 ---p 00000000 00:00 0 
a6e52000-a6ee5000 rw-p 00000000 00:00 0 
a6ee5000-a7292000 ---p 00000000 00:00 0 
a7292000-a771a000 rwxp 00000000 00:00 0 
a771a000-b6292000 ---p 00000000 00:00 0 
b6292000-b629d000 r-xp 00000000 08:01 3401300    /lib/i386-linux-gnu/libnss_files-2.23.so
b629d000-b629e000 r--p 0000a000 08:01 3401300    /lib/i386-linux-gnu/libnss_files-2.23.so
b629e000-b629f000 rw-p 0000b000 08:01 3401300    /lib/i386-linux-gnu/libnss_files-2.23.so
b629f000-b62a5000 rw-p 00000000 00:00 0 
b62a5000-b62b0000 r-xp 00000000 08:01 3401303    /lib/i386-linux-gnu/libnss_nis-2.23.so
b62b0000-b62b1000 r--p 0000a000 08:01 3401303    /lib/i386-linux-gnu/libnss_nis-2.23.so
b62b1000-b62b2000 rw-p 0000b000 08:01 3401303    /lib/i386-linux-gnu/libnss_nis-2.23.so
b62b2000-b62c9000 r-xp 00000000 08:01 3401221    /lib/i386-linux-gnu/libnsl-2.23.so
b62c9000-b62ca000 r--p 00016000 08:01 3401221    /lib/i386-linux-gnu/libnsl-2.23.so
b62ca000-b62cb000 rw-p 00017000 08:01 3401221    /lib/i386-linux-gnu/libnsl-2.23.so
b62cb000-b62cd000 rw-p 00000000 00:00 0 
b62cd000-b62d5000 r-xp 00000000 08:01 3401309    /lib/i386-linux-gnu/libnss_compat-2.23.so
b62d5000-b62d6000 r--p 00007000 08:01 3401309    /lib/i386-linux-gnu/libnss_compat-2.23.so
b62d6000-b62d7000 rw-p 00008000 08:01 3401309    /lib/i386-linux-gnu/libnss_compat-2.23.so
b62d7000-b62fe000 r-xp 00000000 08:01 1693258    /usr/lib/jvm/java-8-openjdk-i386/jre/lib/i386/libjava.so
b62fe000-b62ff000 r--p 00026000 08:01 1693258    /usr/lib/jvm/java-8-openjdk-i386/jre/lib/i386/libjava.so
b62ff000-b6300000 rw-p 00027000 08:01 1693258    /usr/lib/jvm/java-8-openjdk-i386/jre/lib/i386/libjava.so
b6300000-b63fb000 rw-p 00000000 00:00 0 
b63fb000-b6400000 ---p 00000000 00:00 0 
b6400000-b6401000 r--s 00002000 08:01 1839673    /usr/share/maven-repo/org/codehaus/groovy/groovy-bsf/2.4.5/groovy-bsf-2.4.5.jar
b6401000-b6402000 r--s 00010000 08:01 1693229    /usr/lib/jvm/java-8-openjdk-i386/jre/lib/ext/zipfs.jar
b6402000-b6404000 r--s 00001000 08:01 1693236    /usr/lib/jvm/java-8-openjdk-i386/jre/lib/ext/dnsns.jar
b6404000-b6407000 r--s 0000f000 08:01 1693227    /usr/lib/jvm/java-8-openjdk-i386/jre/lib/ext/icedtea-sound.jar
b6407000-b640f000 r-xp 00000000 08:01 1693277    /usr/lib/jvm/java-8-openjdk-i386/jre/lib/i386/libzip.so
b640f000-b6410000 r--p 00007000 08:01 1693277    /usr/lib/jvm/java-8-openjdk-i386/jre/lib/i386/libzip.so
b6410000-b6411000 rw-p 00008000 08:01 1693277    /usr/lib/jvm/java-8-openjdk-i386/jre/lib/i386/libzip.so
b6411000-b6419000 rw-s 00000000 08:01 2577152    /tmp/hsperfdata_sarnobat/27743
b6419000-b6420000 r-xp 00000000 08:01 3401305    /lib/i386-linux-gnu/librt-2.23.so
b6420000-b6421000 r--p 00006000 08:01 3401305    /lib/i386-linux-gnu/librt-2.23.so
b6421000-b6422000 rw-p 00007000 08:01 3401305    /lib/i386-linux-gnu/librt-2.23.so
b6422000-b6425000 ---p 00000000 00:00 0 
b6425000-b6473000 rw-p 00000000 00:00 0 
b6473000-b648f000 r-xp 00000000 08:01 3402590    /lib/i386-linux-gnu/libgcc_s.so.1
b648f000-b6490000 rw-p 0001b000 08:01 3402590    /lib/i386-linux-gnu/libgcc_s.so.1
b6490000-b64e3000 r-xp 00000000 08:01 3401314    /lib/i386-linux-gnu/libm-2.23.so
b64e3000-b64e4000 r--p 00052000 08:01 3401314    /lib/i386-linux-gnu/libm-2.23.so
b64e4000-b64e5000 rw-p 00053000 08:01 3401314    /lib/i386-linux-gnu/libm-2.23.so
b64e5000-b6652000 r-xp 00000000 08:01 1110301    /usr/lib/i386-linux-gnu/libstdc++.so.6.0.21
b6652000-b6653000 ---p 0016d000 08:01 1110301    /usr/lib/i386-linux-gnu/libstdc++.so.6.0.21
b6653000-b6658000 r--p 0016d000 08:01 1110301    /usr/lib/i386-linux-gnu/libstdc++.so.6.0.21
b6658000-b6659000 rw-p 00172000 08:01 1110301    /usr/lib/i386-linux-gnu/libstdc++.so.6.0.21
b6659000-b665c000 rw-p 00000000 00:00 0 
b665c000-b712d000 r-xp 00000000 08:01 1693269    /usr/lib/jvm/java-8-openjdk-i386/jre/lib/i386/server/libjvm.so
b712d000-b7173000 r--p 00ad0000 08:01 1693269    /usr/lib/jvm/java-8-openjdk-i386/jre/lib/i386/server/libjvm.so
b7173000-b718a000 rw-p 00b16000 08:01 1693269    /usr/lib/jvm/java-8-openjdk-i386/jre/lib/i386/server/libjvm.so
b718a000-b75ab000 rw-p 00000000 00:00 0 
b75ab000-b75c4000 r-xp 00000000 08:01 3401302    /lib/i386-linux-gnu/libpthread-2.23.so
b75c4000-b75c5000 r--p 00018000 08:01 3401302    /lib/i386-linux-gnu/libpthread-2.23.so
b75c5000-b75c6000 rw-p 00019000 08:01 3401302    /lib/i386-linux-gnu/libpthread-2.23.so
b75c6000-b75c8000 rw-p 00000000 00:00 0 
b75c8000-b75cb000 r-xp 00000000 08:01 3401308    /lib/i386-linux-gnu/libdl-2.23.so
b75cb000-b75cc000 r--p 00002000 08:01 3401308    /lib/i386-linux-gnu/libdl-2.23.so
b75cc000-b75cd000 rw-p 00003000 08:01 3401308    /lib/i386-linux-gnu/libdl-2.23.so
b75cd000-b75e6000 r-xp 00000000 08:01 3402741    /lib/i386-linux-gnu/libz.so.1.2.8
b75e6000-b75e7000 r--p 00018000 08:01 3402741    /lib/i386-linux-gnu/libz.so.1.2.8
b75e7000-b75e8000 rw-p 00019000 08:01 3402741    /lib/i386-linux-gnu/libz.so.1.2.8
b75e8000-b7798000 r-xp 00000000 08:01 3402570    /lib/i386-linux-gnu/libc-2.23.so
b7798000-b779a000 r--p 001af000 08:01 3402570    /lib/i386-linux-gnu/libc-2.23.so
b779a000-b779b000 rw-p 001b1000 08:01 3402570    /lib/i386-linux-gnu/libc-2.23.so
b779b000-b779e000 rw-p 00000000 00:00 0 
b779e000-b779f000 r--s 0000a000 08:01 1693235    /usr/lib/jvm/java-8-openjdk-i386/jre/lib/ext/jaccess.jar
b779f000-b77a3000 r--s 00037000 08:01 1693234    /usr/lib/jvm/java-8-openjdk-i386/jre/lib/ext/sunpkcs11.jar
b77a3000-b77a4000 r--p 002d4000 08:01 1105218    /usr/lib/locale/locale-archive
b77a4000-b77a5000 rw-p 00000000 00:00 0 
b77a5000-b77a6000 r--p 00000000 00:00 0 
b77a6000-b77b4000 r-xp 00000000 08:01 1693275    /usr/lib/jvm/java-8-openjdk-i386/jre/lib/i386/libverify.so
b77b4000-b77b5000 r--p 0000d000 08:01 1693275    /usr/lib/jvm/java-8-openjdk-i386/jre/lib/i386/libverify.so
b77b5000-b77b6000 rw-p 0000e000 08:01 1693275    /usr/lib/jvm/java-8-openjdk-i386/jre/lib/i386/libverify.so
b77b6000-b77c3000 r-xp 00000000 08:01 1693273    /usr/lib/jvm/java-8-openjdk-i386/jre/lib/i386/jli/libjli.so
b77c3000-b77c4000 r--p 0000c000 08:01 1693273    /usr/lib/jvm/java-8-openjdk-i386/jre/lib/i386/jli/libjli.so
b77c4000-b77c5000 rw-p 0000d000 08:01 1693273    /usr/lib/jvm/java-8-openjdk-i386/jre/lib/i386/jli/libjli.so
b77c5000-b77c7000 rw-p 00000000 00:00 0 
b77c7000-b77c9000 r--p 00000000 00:00 0          [vvar]
b77c9000-b77ca000 r-xp 00000000 00:00 0          [vdso]
b77ca000-b77ec000 r-xp 00000000 08:01 3401231    /lib/i386-linux-gnu/ld-2.23.so
b77ec000-b77ed000 rw-p 00000000 00:00 0 
b77ed000-b77ee000 r--p 00022000 08:01 3401231    /lib/i386-linux-gnu/ld-2.23.so
b77ee000-b77ef000 rw-p 00023000 08:01 3401231    /lib/i386-linux-gnu/ld-2.23.so
bfaee000-bfb0f000 rw-p 00000000 00:00 0          [stack]

VM Arguments:
jvm_args: -Dscript.name=/usr/bin/groovy -Dprogram.name=groovy -Dgroovy.starter.conf=/usr/share/groovy2/conf/groovy-starter.conf -Dgroovy.home=/usr/share/groovy2 -Dtools.jar=/usr/lib/jvm/default-java/lib/tools.jar 
java_command: org.codehaus.groovy.tools.GroovyStarter --main groovy.ui.GroovyMain --conf /usr/share/groovy2/conf/groovy-starter.conf --classpath . httpcat_with_write.groovy --port=4465 --file=/home/sarnobat/sarnobat.git/yurl_queue_httpcat.txt
java_class_path (initial): /usr/share/groovy2/lib/groovy-2.4.5.jar
Launcher Type: SUN_STANDARD

Environment Variables:
PATH=/usr/bin:/bin
SHELL=/bin/sh

Signal Handlers:
SIGSEGV: [libjvm.so+0x8d7370], sa_mask[0]=11111111011111111101111111111110, sa_flags=SA_RESTART|SA_SIGINFO
SIGBUS: [libjvm.so+0x8d7370], sa_mask[0]=11111111011111111101111111111110, sa_flags=SA_RESTART|SA_SIGINFO
SIGFPE: [libjvm.so+0x73d1c0], sa_mask[0]=11111111011111111101111111111110, sa_flags=SA_RESTART|SA_SIGINFO
SIGPIPE: [libjvm.so+0x73d1c0], sa_mask[0]=11111111011111111101111111111110, sa_flags=SA_RESTART|SA_SIGINFO
SIGXFSZ: [libjvm.so+0x73d1c0], sa_mask[0]=11111111011111111101111111111110, sa_flags=SA_RESTART|SA_SIGINFO
SIGILL: [libjvm.so+0x73d1c0], sa_mask[0]=11111111011111111101111111111110, sa_flags=SA_RESTART|SA_SIGINFO
SIGUSR1: SIG_DFL, sa_mask[0]=00000000000000000000000000000000, sa_flags=none
SIGUSR2: [libjvm.so+0x73d000], sa_mask[0]=00000000000000000000000000000000, sa_flags=SA_RESTART|SA_SIGINFO
SIGHUP: [libjvm.so+0x73d790], sa_mask[0]=11111111011111111101111111111110, sa_flags=SA_RESTART|SA_SIGINFO
SIGINT: [libjvm.so+0x73d790], sa_mask[0]=11111111011111111101111111111110, sa_flags=SA_RESTART|SA_SIGINFO
SIGTERM: [libjvm.so+0x73d790], sa_mask[0]=11111111011111111101111111111110, sa_flags=SA_RESTART|SA_SIGINFO
SIGQUIT: [libjvm.so+0x73d790], sa_mask[0]=11111111011111111101111111111110, sa_flags=SA_RESTART|SA_SIGINFO


---------------  S Y S T E M  ---------------

OS:DISTRIB_ID=Ubuntu
DISTRIB_RELEASE=16.04
DISTRIB_CODENAME=xenial
DISTRIB_DESCRIPTION="Ubuntu 16.04.1 LTS"

uname:Linux 4.4.0-104-generic #127-Ubuntu SMP Mon Dec 11 12:16:50 UTC 2017 i686
libc:glibc 2.23 NPTL 2.23 
rlimit: STACK 8192k, CORE 0k, NPROC 63057, NOFILE 65536, AS infinity
load average:118.51 108.24 105.67

/proc/meminfo:
MemTotal:        8107456 kB
MemFree:         1113128 kB
MemAvailable:     686264 kB
Buffers:           10792 kB
Cached:           189432 kB
SwapCached:        11528 kB
Active:          5645748 kB
Inactive:        1096996 kB
Active(anon):    5612928 kB
Inactive(anon):  1050024 kB
Active(file):      32820 kB
Inactive(file):    46972 kB
Unevictable:           0 kB
Mlocked:               0 kB
HighTotal:       7292552 kB
HighFree:         762952 kB
LowTotal:         814904 kB
LowFree:          350176 kB
SwapTotal:       4007932 kB
SwapFree:           1080 kB
Dirty:              2912 kB
Writeback:             0 kB
AnonPages:       6531496 kB
Mapped:            37084 kB
Shmem:            120164 kB
Slab:             105596 kB
SReclaimable:      30860 kB
SUnreclaim:        74736 kB
KernelStack:       29544 kB
PageTables:        64572 kB
NFS_Unstable:          0 kB
Bounce:                0 kB
WritebackTmp:          0 kB
CommitLimit:     8061660 kB
Committed_AS:   26751128 kB
VmallocTotal:     122880 kB
VmallocUsed:           0 kB
VmallocChunk:          0 kB
AnonHugePages:   2676736 kB
CmaTotal:              0 kB
CmaFree:               0 kB
HugePages_Total:       0
HugePages_Free:        0
HugePages_Rsvd:        0
HugePages_Surp:        0
Hugepagesize:       2048 kB
DirectMap4k:       40952 kB
DirectMap2M:      870400 kB


CPU:total 4 (initial active 4) (2 cores per cpu, 2 threads per core) family 6 model 58 stepping 9, cmov, cx8, fxsr, mmx, sse, sse2, sse3, ssse3, sse4.1, sse4.2, popcnt, avx, aes, clmul, erms, ht, tsc, tscinvbit, tscinv

/proc/cpuinfo:
processor	: 0
vendor_id	: GenuineIntel
cpu family	: 6
model		: 58
model name	: Intel(R) Core(TM) i5-3427U CPU @ 1.80GHz
stepping	: 9
microcode	: 0x17
cpu MHz		: 2599.988
cache size	: 3072 KB
physical id	: 0
siblings	: 4
core id		: 0
cpu cores	: 2
apicid		: 0
initial apicid	: 0
fdiv_bug	: no
f00f_bug	: no
coma_bug	: no
fpu		: yes
fpu_exception	: yes
cpuid level	: 13
wp		: yes
flags		: fpu vme de pse tsc msr pae mce cx8 apic sep mtrr pge mca cmov pat pse36 clflush dts acpi mmx fxsr sse sse2 ss ht tm pbe nx rdtscp lm constant_tsc arch_perfmon pebs bts xtopology nonstop_tsc aperfmperf eagerfpu pni pclmulqdq dtes64 monitor ds_cpl vmx smx est tm2 ssse3 cx16 xtpr pdcm pcid sse4_1 sse4_2 x2apic popcnt tsc_deadline_timer aes xsave avx f16c rdrand lahf_lm epb tpr_shadow vnmi flexpriority ept vpid fsgsbase smep erms xsaveopt dtherm ida arat pln pts
bugs		:
bogomips	: 4589.83
clflush size	: 64
cache_alignment	: 64
address sizes	: 36 bits physical, 48 bits virtual
power management:

processor	: 1
vendor_id	: GenuineIntel
cpu family	: 6
model		: 58
model name	: Intel(R) Core(TM) i5-3427U CPU @ 1.80GHz
stepping	: 9
microcode	: 0x17
cpu MHz		: 2599.988
cache size	: 3072 KB
physical id	: 0
siblings	: 4
core id		: 1
cpu cores	: 2
apicid		: 2
initial apicid	: 2
fdiv_bug	: no
f00f_bug	: no
coma_bug	: no
fpu		: yes
fpu_exception	: yes
cpuid level	: 13
wp		: yes
flags		: fpu vme de pse tsc msr pae mce cx8 apic sep mtrr pge mca cmov pat pse36 clflush dts acpi mmx fxsr sse sse2 ss ht tm pbe nx rdtscp lm constant_tsc arch_perfmon pebs bts xtopology nonstop_tsc aperfmperf eagerfpu pni pclmulqdq dtes64 monitor ds_cpl vmx smx est tm2 ssse3 cx16 xtpr pdcm pcid sse4_1 sse4_2 x2apic popcnt tsc_deadline_timer aes xsave avx f16c rdrand lahf_lm epb tpr_shadow vnmi flexpriority ept vpid fsgsbase smep erms xsaveopt dtherm ida arat pln pts
bugs		:
bogomips	: 4589.83
clflush size	: 64
cache_alignment	: 64
address sizes	: 36 bits physical, 48 bits virtual
power management:

processor	: 2
vendor_id	: GenuineIntel
cpu family	: 6
model		: 58
model name	: Intel(R) Core(TM) i5-3427U CPU @ 1.80GHz
stepping	: 9
microcode	: 0x17
cpu MHz		: 2599.988
cache size	: 3072 KB
physical id	: 0
siblings	: 4
core id		: 0
cpu cores	: 2
apicid		: 1
initial apicid	: 1
fdiv_bug	: no
f00f_bug	: no
coma_bug	: no
fpu		: yes
fpu_exception	: yes
cpuid level	: 13
wp		: yes
flags		: fpu vme de pse tsc msr pae mce cx8 apic sep mtrr pge mca cmov pat pse36 clflush dts acpi mmx fxsr sse sse2 ss ht tm pbe nx rdtscp lm constant_tsc arch_perfmon pebs bts xtopology nonstop_tsc aperfmperf eagerfpu pni pclmulqdq dtes64 monitor ds_cpl vmx smx est tm2 ssse3 cx16 xtpr pdcm pcid sse4_1 sse4_2 x2apic popcnt tsc_deadline_timer aes xsave avx f16c rdrand lahf_lm epb tpr_shadow vnmi flexpriority ept vpid fsgsbase smep erms xsaveopt dtherm ida arat pln pts
bugs		:
bogomips	: 4589.83
clflush size	: 64
cache_alignment	: 64
address sizes	: 36 bits physical, 48 bits virtual
power management:

processor	: 3
vendor_id	: GenuineIntel
cpu family	: 6
model		: 58
model name	: Intel(R) Core(TM) i5-3427U CPU @ 1.80GHz
stepping	: 9
microcode	: 0x17
cpu MHz		: 2599.988
cache size	: 3072 KB
physical id	: 0
siblings	: 4
core id		: 1
cpu cores	: 2
apicid		: 3
initial apicid	: 3
fdiv_bug	: no
f00f_bug	: no
coma_bug	: no
fpu		: yes
fpu_exception	: yes
cpuid level	: 13
wp		: yes
flags		: fpu vme de pse tsc msr pae mce cx8 apic sep mtrr pge mca cmov pat pse36 clflush dts acpi mmx fxsr sse sse2 ss ht tm pbe nx rdtscp lm constant_tsc arch_perfmon pebs bts xtopology nonstop_tsc aperfmperf eagerfpu pni pclmulqdq dtes64 monitor ds_cpl vmx smx est tm2 ssse3 cx16 xtpr pdcm pcid sse4_1 sse4_2 x2apic popcnt tsc_deadline_timer aes xsave avx f16c rdrand lahf_lm epb tpr_shadow vnmi flexpriority ept vpid fsgsbase smep erms xsaveopt dtherm ida arat pln pts
bugs		:
bogomips	: 4589.83
clflush size	: 64
cache_alignment	: 64
address sizes	: 36 bits physical, 48 bits virtual
power management:



Memory: 4k page, physical 8107456k(1192844k free), swap 4007932k(1080k free)

vm_info: OpenJDK Server VM (25.151-b12) for linux-x86 JRE (1.8.0_151-8u151-b12-0ubuntu0.16.04.2-b12), built on Oct 27 2017 22:05:04 by "buildd" with gcc 5.4.0 20160609

time: Thu Dec 21 09:41:42 2017
elapsed time: 99 seconds (0d 0h 1m 39s)

