#
# There is insufficient memory for the Java Runtime Environment to continue.
# Native memory allocation (mmap) failed to map 131072 bytes for committing reserved memory.
# Possible reasons:
#   The system is out of physical RAM or swap space
#   In 32 bit mode, the process size limit was hit
# Possible solutions:
#   Reduce memory load on the system
#   Increase physical memory or swap space
#   Check if swap backing store is full
#   Use 64 bit Java on a 64 bit OS
#   Decrease Java heap size (-Xmx/-Xms)
#   Decrease number of Java threads
#   Decrease Java thread stack sizes (-Xss)
#   Set larger code cache with -XX:ReservedCodeCacheSize=
# This output file may be truncated or incomplete.
#
#  Out of Memory Error (os_linux.cpp:2643), pid=25128, tid=0xb63edb40
#
# JRE version: OpenJDK Runtime Environment (8.0_151-b12) (build 1.8.0_151-8u151-b12-0ubuntu0.16.04.2-b12)
# Java VM: OpenJDK Server VM (25.151-b12 mixed mode linux-x86 )
# Failed to write core dump. Core dumps have been disabled. To enable core dumping, try "ulimit -c unlimited" before starting Java again
#

---------------  T H R E A D  ---------------

Current thread (0xb6207800):  JavaThread "main" [_thread_in_vm, id=25368, stack(0xb639d000,0xb63ee000)]

Stack: [0xb639d000,0xb63ee000],  sp=0xb63ea2e8,  free space=308k
Native frames: (J=compiled Java code, j=interpreted, Vv=VM code, C=native code)
V  [libjvm.so+0x8d6834]
V  [libjvm.so+0x3a7c76]
V  [libjvm.so+0x7420c0]
V  [libjvm.so+0x73c013]
V  [libjvm.so+0x8d3264]
V  [libjvm.so+0x6cdd63]
V  [libjvm.so+0x6cdf7a]
V  [libjvm.so+0x6ceb05]
V  [libjvm.so+0x6cec5a]
V  [libjvm.so+0x6cfc9a]
V  [libjvm.so+0x6cfe8d]
V  [libjvm.so+0x39895f]
V  [libjvm.so+0x6d542e]
V  [libjvm.so+0x317bdf]
V  [libjvm.so+0x3183b3]
V  [libjvm.so+0x31a202]
V  [libjvm.so+0x320d96]
V  [libjvm.so+0x853dd4]
V  [libjvm.so+0x8528ff]
V  [libjvm.so+0x854906]
V  [libjvm.so+0x39b0be]
V  [libjvm.so+0x50e3d6]
j  sun.misc.FloatingDecimal.<clinit>()V+71
v  ~StubRoutines::call_stub
V  [libjvm.so+0x51faad]
V  [libjvm.so+0x746985]
V  [libjvm.so+0x51ebea]
V  [libjvm.so+0x4ebfb8]
V  [libjvm.so+0x4ec367]
V  [libjvm.so+0x4ec7aa]
V  [libjvm.so+0x62d508]
V  [libjvm.so+0x63147a]
V  [libjvm.so+0x633a38]
V  [libjvm.so+0x513af7]
j  java.lang.Double.toString(D)Ljava/lang/String;+1
j  java.lang.String.valueOf(D)Ljava/lang/String;+1
j  org.codehaus.groovy.syntax.Numbers.<clinit>()V+43
v  ~StubRoutines::call_stub
V  [libjvm.so+0x51faad]
V  [libjvm.so+0x746985]
V  [libjvm.so+0x51ebea]
V  [libjvm.so+0x4ebfb8]
V  [libjvm.so+0x4ec367]
V  [libjvm.so+0x4ec7aa]
V  [libjvm.so+0x62d508]
V  [libjvm.so+0x63147a]
V  [libjvm.so+0x633a38]
V  [libjvm.so+0x513af7]
j  org.codehaus.groovy.antlr.AntlrParserPlugin.integerExpression(Lgroovyjarjarantlr/collections/AST;)Lorg/codehaus/groovy/ast/expr/ConstantExpression;+8
j  org.codehaus.groovy.antlr.AntlrParserPlugin.expressionSwitch(Lgroovyjarjarantlr/collections/AST;)Lorg/codehaus/groovy/ast/expr/Expression;+1008
j  org.codehaus.groovy.antlr.AntlrParserPlugin.expression(Lgroovyjarjarantlr/collections/AST;Z)Lorg/codehaus/groovy/ast/expr/Expression;+2
j  org.codehaus.groovy.antlr.AntlrParserPlugin.expression(Lgroovyjarjarantlr/collections/AST;)Lorg/codehaus/groovy/ast/expr/Expression;+3
j  org.codehaus.groovy.antlr.AntlrParserPlugin.expressionSwitch(Lgroovyjarjarantlr/collections/AST;)Lorg/codehaus/groovy/ast/expr/Expression;+827
j  org.codehaus.groovy.antlr.AntlrParserPlugin.expression(Lgroovyjarjarantlr/collections/AST;Z)Lorg/codehaus/groovy/ast/expr/Expression;+2
j  org.codehaus.groovy.antlr.AntlrParserPlugin.expression(Lgroovyjarjarantlr/collections/AST;)Lorg/codehaus/groovy/ast/expr/Expression;+3
j  org.codehaus.groovy.antlr.AntlrParserPlugin.addArgumentExpression(Lgroovyjarjarantlr/collections/AST;Ljava/util/List;)Z+58
j  org.codehaus.groovy.antlr.AntlrParserPlugin.arguments(Lgroovyjarjarantlr/collections/AST;)Lorg/codehaus/groovy/ast/expr/Expression;+47
j  org.codehaus.groovy.antlr.AntlrParserPlugin.methodCallExpression(Lgroovyjarjarantlr/collections/AST;)Lorg/codehaus/groovy/ast/expr/Expression;+457
j  org.codehaus.groovy.antlr.AntlrParserPlugin.expressionSwitch(Lgroovyjarjarantlr/collections/AST;)Lorg/codehaus/groovy/ast/expr/Expression;+860
j  org.codehaus.groovy.antlr.AntlrParserPlugin.expression(Lgroovyjarjarantlr/collections/AST;Z)Lorg/codehaus/groovy/ast/expr/Expression;+2
j  org.codehaus.groovy.antlr.AntlrParserPlugin.expression(Lgroovyjarjarantlr/collections/AST;)Lorg/codehaus/groovy/ast/expr/Expression;+3
j  org.codehaus.groovy.antlr.AntlrParserPlugin.expressionSwitch(Lgroovyjarjarantlr/collections/AST;)Lorg/codehaus/groovy/ast/expr/Expression;+827
j  org.codehaus.groovy.antlr.AntlrParserPlugin.expression(Lgroovyjarjarantlr/collections/AST;Z)Lorg/codehaus/groovy/ast/expr/Expression;+2
j  org.codehaus.groovy.antlr.AntlrParserPlugin.expression(Lgroovyjarjarantlr/collections/AST;)Lorg/codehaus/groovy/ast/expr/Expression;+3
j  org.codehaus.groovy.antlr.AntlrParserPlugin.statement(Lgroovyjarjarantlr/collections/AST;)Lorg/codehaus/groovy/ast/stmt/Statement;+286
j  org.codehaus.groovy.antlr.AntlrParserPlugin.statementListNoChild(Lgroovyjarjarantlr/collections/AST;Lgroovyjarjarantlr/collections/AST;)Lorg/codehaus/groovy/ast/stmt/Statement;+34
j  org.codehaus.groovy.antlr.AntlrParserPlugin.statementList(Lgroovyjarjarantlr/collections/AST;)Lorg/codehaus/groovy/ast/stmt/Statement;+8
j  org.codehaus.groovy.antlr.AntlrParserPlugin.statement(Lgroovyjarjarantlr/collections/AST;)Lorg/codehaus/groovy/ast/stmt/Statement;+150
j  org.codehaus.groovy.antlr.AntlrParserPlugin.ifStatement(Lgroovyjarjarantlr/collections/AST;)Lorg/codehaus/groovy/ast/stmt/Statement;+29
j  org.codehaus.groovy.antlr.AntlrParserPlugin.statement(Lgroovyjarjarantlr/collections/AST;)Lorg/codehaus/groovy/ast/stmt/Statement;+210
j  org.codehaus.groovy.antlr.AntlrParserPlugin.statementListNoChild(Lgroovyjarjarantlr/collections/AST;Lgroovyjarjarantlr/collections/AST;)Lorg/codehaus/groovy/ast/stmt/Statement;+34
j  org.codehaus.groovy.antlr.AntlrParserPlugin.statementList(Lgroovyjarjarantlr/collections/AST;)Lorg/codehaus/groovy/ast/stmt/Statement;+8
j  org.codehaus.groovy.antlr.AntlrParserPlugin.statement(Lgroovyjarjarantlr/collections/AST;)Lorg/codehaus/groovy/ast/stmt/Statement;+150
j  org.codehaus.groovy.antlr.AntlrParserPlugin.tryStatement(Lgroovyjarjarantlr/collections/AST;)Lorg/codehaus/groovy/ast/stmt/Statement;+9
j  org.codehaus.groovy.antlr.AntlrParserPlugin.statement(Lgroovyjarjarantlr/collections/AST;)Lorg/codehaus/groovy/ast/stmt/Statement;+255
j  org.codehaus.groovy.antlr.AntlrParserPlugin.statementListNoChild(Lgroovyjarjarantlr/collections/AST;Lgroovyjarjarantlr/collections/AST;)Lorg/codehaus/groovy/ast/stmt/Statement;+34
j  org.codehaus.groovy.antlr.AntlrParserPlugin.statementList(Lgroovyjarjarantlr/collections/AST;)Lorg/codehaus/groovy/ast/stmt/Statement;+8
j  org.codehaus.groovy.antlr.AntlrParserPlugin.statement(Lgroovyjarjarantlr/collections/AST;)Lorg/codehaus/groovy/ast/stmt/Statement;+150
j  org.codehaus.groovy.antlr.AntlrParserPlugin.labelledStatement(Lgroovyjarjarantlr/collections/AST;)Lorg/codehaus/groovy/ast/stmt/Statement;+20
j  org.codehaus.groovy.antlr.AntlrParserPlugin.statement(Lgroovyjarjarantlr/collections/AST;)Lorg/codehaus/groovy/ast/stmt/Statement;+177
j  org.codehaus.groovy.antlr.AntlrParserPlugin.statementListNoChild(Lgroovyjarjarantlr/collections/AST;Lgroovyjarjarantlr/collections/AST;)Lorg/codehaus/groovy/ast/stmt/Statement;+34
j  org.codehaus.groovy.antlr.AntlrParserPlugin.statementList(Lgroovyjarjarantlr/collections/AST;)Lorg/codehaus/groovy/ast/stmt/Statement;+8
j  org.codehaus.groovy.antlr.AntlrParserPlugin.methodDef(Lgroovyjarjarantlr/collections/AST;)V+462
j  org.codehaus.groovy.antlr.AntlrParserPlugin.objectBlock(Lgroovyjarjarantlr/collections/AST;)V+134
j  org.codehaus.groovy.antlr.AntlrParserPlugin.innerClassDef(Lgroovyjarjarantlr/collections/AST;)V+388
j  org.codehaus.groovy.antlr.AntlrParserPlugin.classDef(Lgroovyjarjarantlr/collections/AST;)V+7
j  org.codehaus.groovy.antlr.AntlrParserPlugin.convertGroovy(Lgroovyjarjarantlr/collections/AST;)V+114
j  org.codehaus.groovy.antlr.AntlrParserPlugin.buildAST(Lorg/codehaus/groovy/control/SourceUnit;Ljava/lang/ClassLoader;Lorg/codehaus/groovy/syntax/Reduction;)Lorg/codehaus/groovy/ast/ModuleNode;+14
j  org.codehaus.groovy.control.SourceUnit.convert()V+52
j  org.codehaus.groovy.control.CompilationUnit$13.call(Lorg/codehaus/groovy/control/SourceUnit;)V+1
j  org.codehaus.groovy.control.CompilationUnit.applyToSourceUnits(Lorg/codehaus/groovy/control/CompilationUnit$SourceUnitOperation;)V+79
j  org.codehaus.groovy.control.CompilationUnit.doPhaseOperation(Ljava/lang/Object;)V+30
j  org.codehaus.groovy.control.CompilationUnit.processPhaseOperations(I)V+32
j  org.codehaus.groovy.control.CompilationUnit.compile(I)V+60
j  groovy.lang.GroovyClassLoader.doParseClass(Lgroovy/lang/GroovyCodeSource;)Ljava/lang/Class;+164
j  groovy.lang.GroovyClassLoader.parseClass(Lgroovy/lang/GroovyCodeSource;Z)Ljava/lang/Class;+37
j  groovy.lang.GroovyShell.parseClass(Lgroovy/lang/GroovyCodeSource;)Ljava/lang/Class;+6
j  groovy.lang.GroovyShell.run(Lgroovy/lang/GroovyCodeSource;[Ljava/lang/String;)Ljava/lang/Object;+2
j  groovy.lang.GroovyShell.run(Lgroovy/lang/GroovyCodeSource;Ljava/util/List;)Ljava/lang/Object;+23
j  groovy.ui.GroovyMain.processOnce()V+33
...<more frames>...

Java frames: (J=compiled Java code, j=interpreted, Vv=VM code)
j  sun.misc.FloatingDecimal.<clinit>()V+71
v  ~StubRoutines::call_stub
j  java.lang.Double.toString(D)Ljava/lang/String;+1
j  java.lang.String.valueOf(D)Ljava/lang/String;+1
j  org.codehaus.groovy.syntax.Numbers.<clinit>()V+43
v  ~StubRoutines::call_stub
j  org.codehaus.groovy.antlr.AntlrParserPlugin.integerExpression(Lgroovyjarjarantlr/collections/AST;)Lorg/codehaus/groovy/ast/expr/ConstantExpression;+8
j  org.codehaus.groovy.antlr.AntlrParserPlugin.expressionSwitch(Lgroovyjarjarantlr/collections/AST;)Lorg/codehaus/groovy/ast/expr/Expression;+1008
j  org.codehaus.groovy.antlr.AntlrParserPlugin.expression(Lgroovyjarjarantlr/collections/AST;Z)Lorg/codehaus/groovy/ast/expr/Expression;+2
j  org.codehaus.groovy.antlr.AntlrParserPlugin.expression(Lgroovyjarjarantlr/collections/AST;)Lorg/codehaus/groovy/ast/expr/Expression;+3
j  org.codehaus.groovy.antlr.AntlrParserPlugin.expressionSwitch(Lgroovyjarjarantlr/collections/AST;)Lorg/codehaus/groovy/ast/expr/Expression;+827
j  org.codehaus.groovy.antlr.AntlrParserPlugin.expression(Lgroovyjarjarantlr/collections/AST;Z)Lorg/codehaus/groovy/ast/expr/Expression;+2
j  org.codehaus.groovy.antlr.AntlrParserPlugin.expression(Lgroovyjarjarantlr/collections/AST;)Lorg/codehaus/groovy/ast/expr/Expression;+3
j  org.codehaus.groovy.antlr.AntlrParserPlugin.addArgumentExpression(Lgroovyjarjarantlr/collections/AST;Ljava/util/List;)Z+58
j  org.codehaus.groovy.antlr.AntlrParserPlugin.arguments(Lgroovyjarjarantlr/collections/AST;)Lorg/codehaus/groovy/ast/expr/Expression;+47
j  org.codehaus.groovy.antlr.AntlrParserPlugin.methodCallExpression(Lgroovyjarjarantlr/collections/AST;)Lorg/codehaus/groovy/ast/expr/Expression;+457
j  org.codehaus.groovy.antlr.AntlrParserPlugin.expressionSwitch(Lgroovyjarjarantlr/collections/AST;)Lorg/codehaus/groovy/ast/expr/Expression;+860
j  org.codehaus.groovy.antlr.AntlrParserPlugin.expression(Lgroovyjarjarantlr/collections/AST;Z)Lorg/codehaus/groovy/ast/expr/Expression;+2
j  org.codehaus.groovy.antlr.AntlrParserPlugin.expression(Lgroovyjarjarantlr/collections/AST;)Lorg/codehaus/groovy/ast/expr/Expression;+3
j  org.codehaus.groovy.antlr.AntlrParserPlugin.expressionSwitch(Lgroovyjarjarantlr/collections/AST;)Lorg/codehaus/groovy/ast/expr/Expression;+827
j  org.codehaus.groovy.antlr.AntlrParserPlugin.expression(Lgroovyjarjarantlr/collections/AST;Z)Lorg/codehaus/groovy/ast/expr/Expression;+2
j  org.codehaus.groovy.antlr.AntlrParserPlugin.expression(Lgroovyjarjarantlr/collections/AST;)Lorg/codehaus/groovy/ast/expr/Expression;+3
j  org.codehaus.groovy.antlr.AntlrParserPlugin.statement(Lgroovyjarjarantlr/collections/AST;)Lorg/codehaus/groovy/ast/stmt/Statement;+286
j  org.codehaus.groovy.antlr.AntlrParserPlugin.statementListNoChild(Lgroovyjarjarantlr/collections/AST;Lgroovyjarjarantlr/collections/AST;)Lorg/codehaus/groovy/ast/stmt/Statement;+34
j  org.codehaus.groovy.antlr.AntlrParserPlugin.statementList(Lgroovyjarjarantlr/collections/AST;)Lorg/codehaus/groovy/ast/stmt/Statement;+8
j  org.codehaus.groovy.antlr.AntlrParserPlugin.statement(Lgroovyjarjarantlr/collections/AST;)Lorg/codehaus/groovy/ast/stmt/Statement;+150
j  org.codehaus.groovy.antlr.AntlrParserPlugin.ifStatement(Lgroovyjarjarantlr/collections/AST;)Lorg/codehaus/groovy/ast/stmt/Statement;+29
j  org.codehaus.groovy.antlr.AntlrParserPlugin.statement(Lgroovyjarjarantlr/collections/AST;)Lorg/codehaus/groovy/ast/stmt/Statement;+210
j  org.codehaus.groovy.antlr.AntlrParserPlugin.statementListNoChild(Lgroovyjarjarantlr/collections/AST;Lgroovyjarjarantlr/collections/AST;)Lorg/codehaus/groovy/ast/stmt/Statement;+34
j  org.codehaus.groovy.antlr.AntlrParserPlugin.statementList(Lgroovyjarjarantlr/collections/AST;)Lorg/codehaus/groovy/ast/stmt/Statement;+8
j  org.codehaus.groovy.antlr.AntlrParserPlugin.statement(Lgroovyjarjarantlr/collections/AST;)Lorg/codehaus/groovy/ast/stmt/Statement;+150
j  org.codehaus.groovy.antlr.AntlrParserPlugin.tryStatement(Lgroovyjarjarantlr/collections/AST;)Lorg/codehaus/groovy/ast/stmt/Statement;+9
j  org.codehaus.groovy.antlr.AntlrParserPlugin.statement(Lgroovyjarjarantlr/collections/AST;)Lorg/codehaus/groovy/ast/stmt/Statement;+255
j  org.codehaus.groovy.antlr.AntlrParserPlugin.statementListNoChild(Lgroovyjarjarantlr/collections/AST;Lgroovyjarjarantlr/collections/AST;)Lorg/codehaus/groovy/ast/stmt/Statement;+34
j  org.codehaus.groovy.antlr.AntlrParserPlugin.statementList(Lgroovyjarjarantlr/collections/AST;)Lorg/codehaus/groovy/ast/stmt/Statement;+8
j  org.codehaus.groovy.antlr.AntlrParserPlugin.statement(Lgroovyjarjarantlr/collections/AST;)Lorg/codehaus/groovy/ast/stmt/Statement;+150
j  org.codehaus.groovy.antlr.AntlrParserPlugin.labelledStatement(Lgroovyjarjarantlr/collections/AST;)Lorg/codehaus/groovy/ast/stmt/Statement;+20
j  org.codehaus.groovy.antlr.AntlrParserPlugin.statement(Lgroovyjarjarantlr/collections/AST;)Lorg/codehaus/groovy/ast/stmt/Statement;+177
j  org.codehaus.groovy.antlr.AntlrParserPlugin.statementListNoChild(Lgroovyjarjarantlr/collections/AST;Lgroovyjarjarantlr/collections/AST;)Lorg/codehaus/groovy/ast/stmt/Statement;+34
j  org.codehaus.groovy.antlr.AntlrParserPlugin.statementList(Lgroovyjarjarantlr/collections/AST;)Lorg/codehaus/groovy/ast/stmt/Statement;+8
j  org.codehaus.groovy.antlr.AntlrParserPlugin.methodDef(Lgroovyjarjarantlr/collections/AST;)V+462
j  org.codehaus.groovy.antlr.AntlrParserPlugin.objectBlock(Lgroovyjarjarantlr/collections/AST;)V+134
j  org.codehaus.groovy.antlr.AntlrParserPlugin.innerClassDef(Lgroovyjarjarantlr/collections/AST;)V+388
j  org.codehaus.groovy.antlr.AntlrParserPlugin.classDef(Lgroovyjarjarantlr/collections/AST;)V+7
j  org.codehaus.groovy.antlr.AntlrParserPlugin.convertGroovy(Lgroovyjarjarantlr/collections/AST;)V+114
j  org.codehaus.groovy.antlr.AntlrParserPlugin.buildAST(Lorg/codehaus/groovy/control/SourceUnit;Ljava/lang/ClassLoader;Lorg/codehaus/groovy/syntax/Reduction;)Lorg/codehaus/groovy/ast/ModuleNode;+14
j  org.codehaus.groovy.control.SourceUnit.convert()V+52
j  org.codehaus.groovy.control.CompilationUnit$13.call(Lorg/codehaus/groovy/control/SourceUnit;)V+1
j  org.codehaus.groovy.control.CompilationUnit.applyToSourceUnits(Lorg/codehaus/groovy/control/CompilationUnit$SourceUnitOperation;)V+79
j  org.codehaus.groovy.control.CompilationUnit.doPhaseOperation(Ljava/lang/Object;)V+30
j  org.codehaus.groovy.control.CompilationUnit.processPhaseOperations(I)V+32
j  org.codehaus.groovy.control.CompilationUnit.compile(I)V+60
j  groovy.lang.GroovyClassLoader.doParseClass(Lgroovy/lang/GroovyCodeSource;)Ljava/lang/Class;+164
j  groovy.lang.GroovyClassLoader.parseClass(Lgroovy/lang/GroovyCodeSource;Z)Ljava/lang/Class;+37
j  groovy.lang.GroovyShell.parseClass(Lgroovy/lang/GroovyCodeSource;)Ljava/lang/Class;+6
j  groovy.lang.GroovyShell.run(Lgroovy/lang/GroovyCodeSource;[Ljava/lang/String;)Ljava/lang/Object;+2
j  groovy.lang.GroovyShell.run(Lgroovy/lang/GroovyCodeSource;Ljava/util/List;)Ljava/lang/Object;+23
j  groovy.ui.GroovyMain.processOnce()V+33
j  groovy.ui.GroovyMain.run()Z+29
j  groovy.ui.GroovyMain.process(Lgroovyjarjarcommonscli/CommandLine;)Z+602
j  groovy.ui.GroovyMain.processArgs([Ljava/lang/String;Ljava/io/PrintStream;)V+108
j  groovy.ui.GroovyMain.main([Ljava/lang/String;)V+4
v  ~StubRoutines::call_stub
j  sun.reflect.NativeMethodAccessorImpl.invoke0(Ljava/lang/reflect/Method;Ljava/lang/Object;[Ljava/lang/Object;)Ljava/lang/Object;+0
j  sun.reflect.NativeMethodAccessorImpl.invoke(Ljava/lang/Object;[Ljava/lang/Object;)Ljava/lang/Object;+100
j  sun.reflect.DelegatingMethodAccessorImpl.invoke(Ljava/lang/Object;[Ljava/lang/Object;)Ljava/lang/Object;+6
j  java.lang.reflect.Method.invoke(Ljava/lang/Object;[Ljava/lang/Object;)Ljava/lang/Object;+56
j  org.codehaus.groovy.tools.GroovyStarter.rootLoader([Ljava/lang/String;)V+391
j  org.codehaus.groovy.tools.GroovyStarter.main([Ljava/lang/String;)V+1
v  ~StubRoutines::call_stub

---------------  P R O C E S S  ---------------

Java Threads: ( => current thread )
  0x637aa400 JavaThread "Service Thread" daemon [_thread_blocked, id=25680, stack(0x630db000,0x6312c000)]
  0x637a7400 JavaThread "C1 CompilerThread2" daemon [_thread_in_native, id=25673, stack(0x6312c000,0x631ad000)]
  0x637a5c00 JavaThread "C2 CompilerThread1" daemon [_thread_blocked, id=25670, stack(0x631ad000,0x6322e000)]
  0x637a4000 JavaThread "C2 CompilerThread0" daemon [_thread_blocked, id=25667, stack(0x6322e000,0x632af000)]
  0x637a2400 JavaThread "Signal Dispatcher" daemon [_thread_blocked, id=25645, stack(0x632af000,0x63300000)]
  0x63788800 JavaThread "Finalizer" daemon [_thread_blocked, id=25478, stack(0x63813000,0x63864000)]
  0x63785c00 JavaThread "Reference Handler" daemon [_thread_blocked, id=25475, stack(0x6642e000,0x6647f000)]
=>0xb6207800 JavaThread "main" [_thread_in_vm, id=25368, stack(0xb639d000,0xb63ee000)]

Other Threads:
  0x63781000 VMThread [stack: 0x63864000,0x638e5000] [id=25453]
  0x637abc00 WatcherThread [stack: 0x6305a000,0x630db000] [id=25684]

VM state:not at safepoint (normal execution)

VM Mutex/Monitor currently owned by a thread: None

Heap:
 PSYoungGen      total 19200K, used 5203K [0x918c0000, 0x92e00000, 0xa6e00000)
  eden space 16640K, 15% used [0x918c0000,0x91b56dd8,0x92900000)
  from space 2560K, 99% used [0x92b80000,0x92dfe178,0x92e00000)
  to   space 2560K, 0% used [0x92900000,0x92900000,0x92b80000)
 ParOldGen       total 43776K, used 1358K [0x66e00000, 0x698c0000, 0x918c0000)
  object space 43776K, 3% used [0x66e00000,0x66f53918,0x698c0000)
 Metaspace       used 6601K, capacity 6636K, committed 6680K, reserved 7472K

Card table byte_map: [0x66bff000,0x66e00000] byte_map_base: 0x668c8000

Marking Bits: (ParMarkBitMap*) 0xb7113880
 Begin Bits: [0x64300000, 0x65300000)
 End Bits:   [0x65300000, 0x66300000)

Polling page: 0xb7720000

CodeCache: size=245760Kb used=2456Kb max_used=2462Kb free=243303Kb
 bounds [0xa7200000, 0xa7470000, 0xb6200000]
 total_blobs=976 nmethods=797 adapters=94
 compilation: enabled

Compilation events (10 events):
Event: 45.358 Thread 0x637a4000 nmethod 827 0xa745ee08 code [0xa745ef00, 0xa745efd0]
Event: 45.550 Thread 0x637a7400 nmethod 812 0xa7457988 code [0xa7457b80, 0xa745855c]
Event: 45.550 Thread 0x637a7400  786       3       groovyjarjarantlr.Parser::match (37 bytes)
Event: 45.550 Thread 0x637a7400 nmethod 786 0xa7460148 code [0xa74602a0, 0xa74606d0]
Event: 45.555 Thread 0x637a5c00 nmethod 821 0xa7468d88 code [0xa7468f60, 0xa74695b8]
Event: 45.564 Thread 0x637a7400  834   !   3       org.codehaus.groovy.antlr.parser.GroovyLexer::nextToken (2683 bytes)
Event: 45.593 Thread 0x637a5c00  848       4       java.nio.Buffer::position (43 bytes)
Event: 45.594 Thread 0x637a5c00 nmethod 848 0xa7457748 code [0xa7457840, 0xa74578f0]
Event: 45.649 Thread 0x637a4000  861       4       java.util.ArrayList::add (29 bytes)
Event: 45.657 Thread 0x637a4000 nmethod 861 0xa745fac8 code [0xa745fbe0, 0xa745febc]

GC Heap History (4 events):
Event: 23.443 GC heap before
{Heap before GC invocations=1 (full 0):
 PSYoungGen      total 19200K, used 16640K [0x918c0000, 0x92e00000, 0xa6e00000)
  eden space 16640K, 100% used [0x918c0000,0x92900000,0x92900000)
  from space 2560K, 0% used [0x92b80000,0x92b80000,0x92e00000)
  to   space 2560K, 0% used [0x92900000,0x92900000,0x92b80000)
 ParOldGen       total 43776K, used 0K [0x66e00000, 0x698c0000, 0x918c0000)
  object space 43776K, 0% used [0x66e00000,0x66e00000,0x698c0000)
 Metaspace       used 3720K, capacity 3786K, committed 3864K, reserved 4400K
Event: 23.461 GC heap after
Heap after GC invocations=1 (full 0):
 PSYoungGen      total 19200K, used 2551K [0x918c0000, 0x92e00000, 0xa6e00000)
  eden space 16640K, 0% used [0x918c0000,0x918c0000,0x92900000)
  from space 2560K, 99% used [0x92900000,0x92b7de80,0x92b80000)
  to   space 2560K, 0% used [0x92b80000,0x92b80000,0x92e00000)
 ParOldGen       total 43776K, used 117K [0x66e00000, 0x698c0000, 0x918c0000)
  object space 43776K, 0% used [0x66e00000,0x66e1d610,0x698c0000)
 Metaspace       used 3720K, capacity 3786K, committed 3864K, reserved 4400K
}
Event: 39.459 GC heap before
{Heap before GC invocations=2 (full 0):
 PSYoungGen      total 19200K, used 19191K [0x918c0000, 0x92e00000, 0xa6e00000)
  eden space 16640K, 100% used [0x918c0000,0x92900000,0x92900000)
  from space 2560K, 99% used [0x92900000,0x92b7de80,0x92b80000)
  to   space 2560K, 0% used [0x92b80000,0x92b80000,0x92e00000)
 ParOldGen       total 43776K, used 117K [0x66e00000, 0x698c0000, 0x918c0000)
  object space 43776K, 0% used [0x66e00000,0x66e1d610,0x698c0000)
 Metaspace       used 6098K, capacity 6154K, committed 6168K, reserved 6448K
Event: 39.483 GC heap after
Heap after GC invocations=2 (full 0):
 PSYoungGen      total 19200K, used 2552K [0x918c0000, 0x92e00000, 0xa6e00000)
  eden space 16640K, 0% used [0x918c0000,0x918c0000,0x92900000)
  from space 2560K, 99% used [0x92b80000,0x92dfe178,0x92e00000)
  to   space 2560K, 0% used [0x92900000,0x92900000,0x92b80000)
 ParOldGen       total 43776K, used 1358K [0x66e00000, 0x698c0000, 0x918c0000)
  object space 43776K, 3% used [0x66e00000,0x66f53918,0x698c0000)
 Metaspace       used 6098K, capacity 6154K, committed 6168K, reserved 6448K
}

Deoptimization events (10 events):
Event: 15.371 Thread 0xb6207800 Uncommon trap: reason=unstable_if action=reinterpret pc=0xa734c334 method=java.io.BufferedInputStream.read()I @ 8
Event: 22.602 Thread 0xb6207800 Uncommon trap: reason=unstable_if action=reinterpret pc=0xa7326848 method=java.lang.String.indexOf([CII[CIII)I @ 3
Event: 23.530 Thread 0xb6207800 Uncommon trap: reason=unstable_if action=reinterpret pc=0xa737e2c4 method=java.lang.ref.SoftReference.get()Ljava/lang/Object; @ 17
Event: 24.334 Thread 0xb6207800 Uncommon trap: reason=unstable_if action=reinterpret pc=0xa7318f70 method=sun.misc.URLClassPath.getLoader(I)Lsun/misc/URLClassPath$Loader; @ 36
Event: 24.334 Thread 0xb6207800 Uncommon trap: reason=bimorphic action=maybe_recompile pc=0xa7388a9c method=java.util.HashMap.getNode(ILjava/lang/Object;)Ljava/util/HashMap$Node; @ 126
Event: 24.334 Thread 0xb6207800 Uncommon trap: reason=unstable_if action=reinterpret pc=0xa733a310 method=sun.misc.URLClassPath$JarLoader.getResource(Ljava/lang/String;Z)Lsun/misc/Resource; @ 4
Event: 24.334 Thread 0xb6207800 Uncommon trap: reason=bimorphic action=maybe_recompile pc=0xa7388a9c method=java.util.HashMap.getNode(ILjava/lang/Object;)Ljava/util/HashMap$Node; @ 126
Event: 27.181 Thread 0xb6207800 Uncommon trap: reason=bimorphic action=maybe_recompile pc=0xa7388a9c method=java.util.HashMap.getNode(ILjava/lang/Object;)Ljava/util/HashMap$Node; @ 126
Event: 27.182 Thread 0xb6207800 Uncommon trap: reason=unstable_if action=reinterpret pc=0xa7388a5c method=java.util.HashMap.getNode(ILjava/lang/Object;)Ljava/util/HashMap$Node; @ 62
Event: 27.182 Thread 0xb6207800 Uncommon trap: reason=bimorphic action=maybe_recompile pc=0xa7378fe8 method=java.util.HashMap.getNode(ILjava/lang/Object;)Ljava/util/HashMap$Node; @ 126

Internal exceptions (10 events):
Event: 35.867 Thread 0xb6207800 Exception <a 'java/lang/ArrayIndexOutOfBoundsException'> (0x924a7398) thrown at [/build/openjdk-8-Y4imzb/openjdk-8-8u151-b12/src/hotspot/src/share/vm/runtime/sharedRuntime.cpp, line 605]
Event: 35.867 Thread 0xb6207800 Exception <a 'java/lang/ArrayIndexOutOfBoundsException'> (0x924a81e8) thrown at [/build/openjdk-8-Y4imzb/openjdk-8-8u151-b12/src/hotspot/src/share/vm/runtime/sharedRuntime.cpp, line 605]
Event: 35.867 Thread 0xb6207800 Exception <a 'java/lang/ArrayIndexOutOfBoundsException'> (0x924a9018) thrown at [/build/openjdk-8-Y4imzb/openjdk-8-8u151-b12/src/hotspot/src/share/vm/runtime/sharedRuntime.cpp, line 605]
Event: 35.867 Thread 0xb6207800 Exception <a 'java/lang/ArrayIndexOutOfBoundsException'> (0x924aa110) thrown at [/build/openjdk-8-Y4imzb/openjdk-8-8u151-b12/src/hotspot/src/share/vm/runtime/sharedRuntime.cpp, line 605]
Event: 35.868 Thread 0xb6207800 Exception <a 'java/lang/ArrayIndexOutOfBoundsException'> (0x924aaf60) thrown at [/build/openjdk-8-Y4imzb/openjdk-8-8u151-b12/src/hotspot/src/share/vm/runtime/sharedRuntime.cpp, line 605]
Event: 35.868 Thread 0xb6207800 Exception <a 'java/lang/ArrayIndexOutOfBoundsException'> (0x924abda8) thrown at [/build/openjdk-8-Y4imzb/openjdk-8-8u151-b12/src/hotspot/src/share/vm/runtime/sharedRuntime.cpp, line 605]
Event: 36.024 Thread 0xb6207800 Exception <a 'java/lang/ArrayIndexOutOfBoundsException'> (0x924ace98) thrown at [/build/openjdk-8-Y4imzb/openjdk-8-8u151-b12/src/hotspot/src/share/vm/runtime/sharedRuntime.cpp, line 605]
Event: 36.025 Thread 0xb6207800 Exception <a 'java/lang/ArrayIndexOutOfBoundsException'> (0x924add50) thrown at [/build/openjdk-8-Y4imzb/openjdk-8-8u151-b12/src/hotspot/src/share/vm/runtime/sharedRuntime.cpp, line 605]
Event: 36.025 Thread 0xb6207800 Exception <a 'java/lang/ArrayIndexOutOfBoundsException'> (0x924aec00) thrown at [/build/openjdk-8-Y4imzb/openjdk-8-8u151-b12/src/hotspot/src/share/vm/runtime/sharedRuntime.cpp, line 605]
Event: 36.025 Thread 0xb6207800 Exception <a 'java/lang/ArrayIndexOutOfBoundsException'> (0x924afcb8) thrown at [/build/openjdk-8-Y4imzb/openjdk-8-8u151-b12/src/hotspot/src/share/vm/runtime/sharedRuntime.cpp, line 605]

Events (10 events):
Event: 42.937 loading class sun/reflect/BootstrapConstructorAccessorImpl done
Event: 46.673 loading class java/math/BigDecimal$1
Event: 46.673 loading class java/math/BigDecimal$1 done
Event: 46.673 loading class sun/misc/FloatingDecimal
Event: 46.786 loading class sun/misc/FloatingDecimal done
Event: 46.786 loading class sun/misc/FloatingDecimal$ExceptionalBinaryToASCIIBuffer
Event: 46.846 loading class sun/misc/FloatingDecimal$BinaryToASCIIConverter
Event: 46.847 loading class sun/misc/FloatingDecimal$BinaryToASCIIConverter done
Event: 46.851 loading class sun/misc/FloatingDecimal$ExceptionalBinaryToASCIIBuffer done
Event: 46.855 loading class sun/misc/FloatingDecimal$BinaryToASCIIBuffer


Dynamic libraries:
08048000-08049000 r-xp 00000000 08:01 1693306    /usr/lib/jvm/java-8-openjdk-i386/jre/bin/java
08049000-0804a000 r--p 00000000 08:01 1693306    /usr/lib/jvm/java-8-openjdk-i386/jre/bin/java
0804a000-0804b000 rw-p 00001000 08:01 1693306    /usr/lib/jvm/java-8-openjdk-i386/jre/bin/java
08b97000-08bb8000 rw-p 00000000 00:00 0          [heap]
61c00000-61cf0000 rw-p 00000000 00:00 0 
61cf0000-61d00000 ---p 00000000 00:00 0 
61d00000-61dca000 rw-p 00000000 00:00 0 
61dca000-61e00000 ---p 00000000 00:00 0 
61e00000-61e40000 rw-p 00000000 00:00 0 
61e60000-61f00000 ---p 00000000 00:00 0 
61f00000-62000000 rw-p 00000000 00:00 0 
62000000-620f3000 rw-p 00000000 00:00 0 
620f3000-62100000 ---p 00000000 00:00 0 
62100000-621e5000 rw-p 00000000 00:00 0 
621e5000-62200000 ---p 00000000 00:00 0 
62200000-62300000 rw-p 00000000 00:00 0 
62300000-623fb000 rw-p 00000000 00:00 0 
623fb000-62400000 ---p 00000000 00:00 0 
62400000-62500000 rw-p 00000000 00:00 0 
6254a000-625c3000 r--s 010fe000 08:01 1694179    /usr/lib/jvm/java-8-openjdk-i386/lib/tools.jar
625c3000-625c6000 r--s 00023000 08:01 2478896    /home/sarnobat/github/groovy_libraries/.groovy/lib/maven-shared-utils-0.1.jar
625c6000-625c9000 r--s 0000b000 08:01 2478399    /home/sarnobat/github/groovy_libraries/.groovy/lib/concurrentlinkedhashmap-lru-1.3.1.jar
625c9000-625d0000 r--s 0005b000 08:01 2478897    /home/sarnobat/github/groovy_libraries/.groovy/lib/mongo-java-driver-2.10.1.jar
625d0000-625d2000 r--s 0000c000 08:01 2478389    /home/sarnobat/github/groovy_libraries/.groovy/lib/commons-exec-1.3.jar
625d2000-625d3000 r--s 0000a000 08:01 2478397    /home/sarnobat/github/groovy_libraries/.groovy/lib/commons-logging-api-1.1.jar
625d3000-625d5000 r--s 00008000 08:01 2478930    /home/sarnobat/github/groovy_libraries/.groovy/lib/vget-1.1.5.jar
625d5000-625d6000 r--s 00004000 08:01 2478901    /home/sarnobat/github/groovy_libraries/.groovy/lib/opencsv-2.3.jar
625d6000-625e4000 r--s 000ad000 08:01 2478846    /home/sarnobat/github/groovy_libraries/.groovy/lib/jackson-mapper-asl-1.9.2.jar
625e4000-625f1000 r--s 000a2000 08:01 2478391    /home/sarnobat/github/groovy_libraries/.groovy/lib/commons-imaging-1.0-R1480221.jar
625f1000-625f3000 r--s 00000000 08:01 2478907    /home/sarnobat/github/groovy_libraries/.groovy/lib/plexus-component-annotations-1.5.5.jar
625f3000-62600000 r--s 00082000 08:01 2478856    /home/sarnobat/github/groovy_libraries/.groovy/lib/jersey-common-2.0.jar
62600000-626f9000 rw-p 00000000 00:00 0 
626f9000-62700000 ---p 00000000 00:00 0 
62700000-627fb000 rw-p 00000000 00:00 0 
627fb000-62800000 ---p 00000000 00:00 0 
62800000-62804000 r--s 0000c000 08:01 2478929    /home/sarnobat/github/groovy_libraries/.groovy/lib/validation-api-1.1.0.Final.jar
62804000-62806000 r--s 00005000 08:01 2478924    /home/sarnobat/github/groovy_libraries/.groovy/lib/slf4j-api-1.7.5.jar
62806000-6280b000 r--s 0002a000 08:01 2478419    /home/sarnobat/github/groovy_libraries/.groovy/lib/gson-2.2.4.jar
6280b000-6280c000 r--s 00002000 08:01 2478875    /home/sarnobat/github/groovy_libraries/.groovy/lib/jsch.agentproxy.connector-factory-0.0.6.jar
6280c000-6280e000 r--s 0000d000 08:01 2478912    /home/sarnobat/github/groovy_libraries/.groovy/lib/plexus-interpolation-1.13.jar
6280e000-62833000 r--s 002e3000 08:01 2478932    /home/sarnobat/github/groovy_libraries/.groovy/lib/xalan-2.7.1.jar
62833000-62836000 r--s 0001b000 08:01 2478888    /home/sarnobat/github/groovy_libraries/.groovy/lib/junit-3.8.2.jar
62836000-62837000 r--s 00001000 08:01 2478400    /home/sarnobat/github/groovy_libraries/.groovy/lib/doxia-sink-api-1.0-alpha-7.jar
62837000-62839000 r--s 00011000 08:01 2478873    /home/sarnobat/github/groovy_libraries/.groovy/lib/jsch-extension-0.1.3.jar
62839000-62868000 r--s 0028b000 08:01 2478865    /home/sarnobat/github/groovy_libraries/.groovy/lib/jetty-all-9.2.21.v20170120.jar
62868000-6286c000 r--s 00040000 08:01 2478871    /home/sarnobat/github/groovy_libraries/.groovy/lib/jsch-0.1.53-sources.jar
6286c000-6286f000 r--s 00023000 08:01 2478853    /home/sarnobat/github/groovy_libraries/.groovy/lib/jdom-1.0.jar
6286f000-62870000 r--s 00003000 08:01 2478407    /home/sarnobat/github/groovy_libraries/.groovy/lib/geronimo-jta_1.1_spec-1.1.1.jar
62870000-62871000 r--s 00003000 08:01 2478857    /home/sarnobat/github/groovy_libraries/.groovy/lib/jersey-container-jdk-http-2.0.jar
62871000-62875000 r--s 0003b000 08:01 2478870    /home/sarnobat/github/groovy_libraries/.groovy/lib/jsch-0.1.50.jar.disabled
62875000-62879000 r--s 00032000 08:01 2478915    /home/sarnobat/github/groovy_libraries/.groovy/lib/rome-1.0.jar
62879000-62884000 r--s 00068000 08:01 2478859    /home/sarnobat/github/groovy_libraries/.groovy/lib/jersey-core-1.17.1.jar
62884000-62886000 r--s 0000d000 08:01 2479615    /home/sarnobat/github/groovy_libraries/.groovy/lib/commons-codec-1.4.jar
62886000-62887000 r--s 00007000 08:01 2478923    /home/sarnobat/github/groovy_libraries/.groovy/lib/slf4j-api-1.7.12.jar
62887000-62889000 r--s 0000a000 08:01 2478931    /home/sarnobat/github/groovy_libraries/.groovy/lib/wget-1.2.9.jar
62889000-62898000 r--s 00095000 08:01 2478927    /home/sarnobat/github/groovy_libraries/.groovy/lib/sshd-core-0.14.0.jar
62898000-62899000 r--s 00001000 08:01 2478881    /home/sarnobat/github/groovy_libraries/.groovy/lib/jsch.agentproxy.usocket-jna-0.0.6.jar
62899000-6289b000 r--s 00000000 08:01 2478877    /home/sarnobat/github/groovy_libraries/.groovy/lib/jsch.agentproxy.jsch-0.0.6.jar
6289b000-6289f000 r--s 0001d000 08:01 2478933    /home/sarnobat/github/groovy_libraries/.groovy/lib/xbean-reflect-3.4.jar
6289f000-628a4000 r--s 00047000 08:01 2478381    /home/sarnobat/github/groovy_libraries/.groovy/lib/asm-all-repackaged-2.1.88.jar
628a4000-628a6000 r--s 00000000 08:01 2478906    /home/sarnobat/github/groovy_libraries/.groovy/lib/plexus-compiler-manager-2.0.jar
628a6000-628a8000 r--s 00002000 08:01 2478895    /home/sarnobat/github/groovy_libraries/.groovy/lib/maven-shared-incremental-1.0.jar
628a8000-628aa000 r--s 00001000 08:01 2478876    /home/sarnobat/github/groovy_libraries/.groovy/lib/jsch.agentproxy.core-0.0.6.jar
628aa000-628ac000 r--s 00282000 08:01 2478919    /home/sarnobat/github/groovy_libraries/.groovy/lib/selenium-firefox-driver-2.45.0.jar
628ac000-628ae000 r--s 00005000 08:01 2478847    /home/sarnobat/github/groovy_libraries/.groovy/lib/javax.annotation-api-1.2.jar
628ae000-628af000 r--s 00001000 08:01 2478878    /home/sarnobat/github/groovy_libraries/.groovy/lib/jsch.agentproxy.pageant-0.0.6.jar
628af000-628b1000 r--s 00000000 08:01 2478879    /home/sarnobat/github/groovy_libraries/.groovy/lib/jsch.agentproxy.sshagent-0.0.6.jar
628b1000-628b3000 r--s 0000d000 08:01 2478416    /home/sarnobat/github/groovy_libraries/.groovy/lib/google-oauth-client-1.17.0-rc.jar
628b3000-628b7000 r--s 00025000 08:01 2478408    /home/sarnobat/github/groovy_libraries/.groovy/lib/google-api-client-1.17.0-rc.jar
628b7000-628b8000 r--s 00001000 08:01 2478903    /home/sarnobat/github/groovy_libraries/.groovy/lib/plexus-build-api-0.0.4.jar
628b8000-628bb000 r--s 0001b000 08:01 2478887    /home/sarnobat/github/groovy_libraries/.groovy/lib/junit-3.8.1.jar
628bb000-628bf000 r--s 00019000 08:01 2478855    /home/sarnobat/github/groovy_libraries/.groovy/lib/jersey-client-2.0.jar
628bf000-628c5000 r--s 00033000 08:01 2478921    /home/sarnobat/github/groovy_libraries/.groovy/lib/selenium-remote-driver-2.45.0.jar
628c5000-628c9000 r--s 0002f000 08:01 2478845    /home/sarnobat/github/groovy_libraries/.groovy/lib/jackson-core-2.1.3.jar
628c9000-628f2000 r--s 001ee000 08:01 2478420    /home/sarnobat/github/groovy_libraries/.groovy/lib/guava-14.0.1.jar
628f2000-62900000 r--s 0007f000 08:01 2478387    /home/sarnobat/github/groovy_libraries/.groovy/lib/commons-collections-3.2.1.jar
62900000-629ff000 rw-p 00000000 00:00 0 
629ff000-62a00000 ---p 00000000 00:00 0 
62a00000-62a02000 r--s 0000d000 08:01 2478874    /home/sarnobat/github/groovy_libraries/.groovy/lib/jsch-nio-0.1.5.jar
62a02000-62a05000 r--s 00015000 08:01 2478409    /home/sarnobat/github/groovy_libraries/.groovy/lib/google-api-services-calendar-v3-rev72-1.17.0-rc.jar
62a05000-62a07000 r--s 0000b000 08:01 2478427    /home/sarnobat/github/groovy_libraries/.groovy/lib/hk2-utils-2.1.88.jar
62a07000-62a0d000 r--s 00042000 08:01 2478885    /home/sarnobat/github/groovy_libraries/.groovy/lib/jsoup-1.7.2.jar
62a0d000-62a18000 r--s 00085000 08:01 2478429    /home/sarnobat/github/groovy_libraries/.groovy/lib/httpclient-4.3.3.jar
62a18000-62a19000 r--s 00002000 08:01 2478417    /home/sarnobat/github/groovy_libraries/.groovy/lib/google-oauth-client-java6-1.17.0-rc.jar
62a19000-62a1a000 r--s 00001000 08:01 2478883    /home/sarnobat/github/groovy_libraries/.groovy/lib/jsch.agentproxy.usocket-nc-0.0.6.jar
62a1a000-62a1e000 r--s 00017000 08:01 2478928    /home/sarnobat/github/groovy_libraries/.groovy/lib/thumbnailator-0.4.8.jar
62a1e000-62a20000 r--s 0001f000 08:01 2478922    /home/sarnobat/github/groovy_libraries/.groovy/lib/servlet-api-2.5-20081211.jar
62a20000-62a89000 r--s 003e4000 08:01 2478899    /home/sarnobat/github/groovy_libraries/.groovy/lib/neo4j-cypher-1.9.2.jar
62a89000-62a8b000 r--s 0001d000 08:01 2478425    /home/sarnobat/github/groovy_libraries/.groovy/lib/hk2-locator-2.1.88.jar
62a8b000-62a8f000 r--s 00018000 08:01 2478424    /home/sarnobat/github/groovy_libraries/.groovy/lib/hk2-api-2.1.88.jar
62a8f000-62a90000 r--s 00002000 08:01 2478918    /home/sarnobat/github/groovy_libraries/.groovy/lib/selenium-chrome-driver-2.45.0.jar
62a90000-62a94000 r--s 00024000 08:01 2478861    /home/sarnobat/github/groovy_libraries/.groovy/lib/jersey-json-1.17.1.jar
62a94000-62a98000 r--s 0002a000 08:01 2478393    /home/sarnobat/github/groovy_libraries/.groovy/lib/commons-io-2.4.jar
62a98000-62ab7000 r--s 00153000 08:01 2478900    /home/sarnobat/github/groovy_libraries/.groovy/lib/neo4j-kernel-1.9.2.jar
62ab7000-62abe000 r--s 00051000 08:01 2478889    /home/sarnobat/github/groovy_libraries/.groovy/lib/log4j-1.2.12.jar
62abe000-62abf000 r--s 00006000 08:01 2478926    /home/sarnobat/github/groovy_libraries/.groovy/lib/solr-commons-csv-3.5.0.jar
62abf000-62ac3000 r--s 00018000 08:01 2478852    /home/sarnobat/github/groovy_libraries/.groovy/lib/javax.ws.rs-api-2.0.jar
62ac3000-62ac5000 r--s 0000b000 08:01 2478388    /home/sarnobat/github/groovy_libraries/.groovy/lib/commons-exec-1.1.jar
62ac5000-62ac7000 r--s 00001000 08:01 2478925    /home/sarnobat/github/groovy_libraries/.groovy/lib/slf4j-log4j12-1.7.12.jar
62ac7000-62ac9000 r--s 00005000 08:01 2478904    /home/sarnobat/github/groovy_libraries/.groovy/lib/plexus-compiler-api-2.0.jar
62ac9000-62aca000 r--s 00002000 08:01 2478893    /home/sarnobat/github/groovy_libraries/.groovy/lib/maven-reporting-api-2.0.6.jar
62aca000-62ad0000 r--s 0003c000 08:01 2478412    /home/sarnobat/github/groovy_libraries/.groovy/lib/google-http-client-1.17.0-rc.jar
62ad0000-62ad4000 r--s 00028000 08:01 2478867    /home/sarnobat/github/groovy_libraries/.groovy/lib/jetty-util-6.1.26.jar
62ad4000-62ad6000 r--s 00009000 08:01 2478891    /home/sarnobat/github/groovy_libraries/.groovy/lib/maven-compiler-plugin-3.0.jar
62ad6000-62add000 r--s 00058000 08:01 2478396    /home/sarnobat/github/groovy_libraries/.groovy/lib/commons-lang3-3.2.1.jar
62add000-62adf000 r--s 0000c000 08:01 2478385    /home/sarnobat/github/groovy_libraries/.groovy/lib/commons-cli-1.4.jar
62adf000-62ae1000 r--s 00007000 08:01 2478892    /home/sarnobat/github/groovy_libraries/.groovy/lib/maven-filtering-1.0-beta-4.jar
62ae1000-62ae2000 r--s 00004000 08:01 2478905    /home/sarnobat/github/groovy_libraries/.groovy/lib/plexus-compiler-javac-2.0.jar
62ae2000-62ae9000 r--s 00048000 08:01 2478841    /home/sarnobat/github/groovy_libraries/.groovy/lib/httpcore-4.4.1.jar
62ae9000-62aed000 r--s 000dc000 08:01 2478869    /home/sarnobat/github/groovy_libraries/.groovy/lib/jna-4.1.0.jar
62aed000-62af3000 r--s 00043000 08:01 2478402    /home/sarnobat/github/groovy_libraries/.groovy/lib/genson-0.98.jar
62af3000-62af5000 r--s 00005000 08:01 2478844    /home/sarnobat/github/groovy_libraries/.groovy/lib/httpmime-4.2.3.jar
62af5000-62af9000 r--s 0003c000 08:01 2478394    /home/sarnobat/github/groovy_libraries/.groovy/lib/commons-lang-2.4.jar
62af9000-62b00000 r--s 0003f000 08:01 2478382    /home/sarnobat/github/groovy_libraries/.groovy/lib/cglib-2.1.88.jar
62b00000-62bfc000 rw-p 00000000 00:00 0 
62bfc000-62c00000 ---p 00000000 00:00 0 
62c00000-62c01000 r--s 00005000 08:01 2478894    /home/sarnobat/github/groovy_libraries/.groovy/lib/maven-resources-plugin-2.4.3.jar
62c01000-62c05000 r--s 00030000 08:01 2478913    /home/sarnobat/github/groovy_libraries/.groovy/lib/plexus-utils-1.5.1.jar
62c05000-62c08000 r--s 00012000 08:01 2478851    /home/sarnobat/github/groovy_libraries/.groovy/lib/javax.json-1.0.4.jar
62c08000-62c09000 r--s 0000f000 08:01 2478884    /home/sarnobat/github/groovy_libraries/.groovy/lib/json-20131018.jar
62c09000-62c0a000 r--s 00001000 08:01 2478418    /home/sarnobat/github/groovy_libraries/.groovy/lib/google-oauth-client-jetty-1.17.0-rc.jar
62c0a000-62c0f000 r--s 0002b000 08:01 2478401    /home/sarnobat/github/groovy_libraries/.groovy/lib/fuse-jna-0.0.1-SNAPSHOT.jar
62c0f000-62c21000 r--s 00099000 08:01 2478863    /home/sarnobat/github/groovy_libraries/.groovy/lib/jersey-server-2.0.jar
62c21000-62c23000 r--s 00006000 08:01 2478886    /home/sarnobat/github/groovy_libraries/.groovy/lib/jsr305-2.0.1.jar
62c23000-62c24000 r--s 00001000 08:01 2478415    /home/sarnobat/github/groovy_libraries/.groovy/lib/google-http-client-jackson2-1.17.0-rc.jar
62c24000-62c26000 r--s 00002000 08:01 2478911    /home/sarnobat/github/groovy_libraries/.groovy/lib/plexus-interactivity-api-1.0-alpha-4.jar
62c26000-62c2d000 r--s 00064000 08:01 2478890    /home/sarnobat/github/groovy_libraries/.groovy/lib/mail-1.4.2.jar
62c2d000-62c9e000 r--s 00658000 08:01 2478916    /home/sarnobat/github/groovy_libraries/.groovy/lib/scala-library-2.10.0.jar
62c9e000-62cb3000 r--s 00124000 08:01 1147882    /usr/share/java/ivy-2.3.0.jar
62cb3000-62d00000 r--s 0040d000 08:01 1149211    /usr/share/java/groovy-2.x.jar
62d00000-62dfe000 rw-p 00000000 00:00 0 
62dfe000-62e00000 ---p 00000000 00:00 0 
62e00000-62efc000 rw-p 00000000 00:00 0 
62efc000-62f00000 ---p 00000000 00:00 0 
62f00000-62ffd000 rw-p 00000000 00:00 0 
62ffd000-63000000 ---p 00000000 00:00 0 
63000000-63001000 r--s 00004000 08:01 2478902    /home/sarnobat/github/groovy_libraries/.groovy/lib/osgi-resource-locator-1.0.1.jar
63001000-63006000 r--s 0001d000 08:01 2478917    /home/sarnobat/github/groovy_libraries/.groovy/lib/selenium-api-2.45.0.jar
63006000-6300d000 r--s 00050000 08:01 2478843    /home/sarnobat/github/groovy_libraries/.groovy/lib/httpcore-nio-4.4.1.jar
6300d000-6305a000 r--s 0040d000 08:01 1149211    /usr/share/java/groovy-2.x.jar
6305a000-6305b000 ---p 00000000 00:00 0 
6305b000-630db000 rw-p 00000000 00:00 0 
630db000-630de000 ---p 00000000 00:00 0 
630de000-6312c000 rw-p 00000000 00:00 0 
6312c000-6312f000 ---p 00000000 00:00 0 
6312f000-631ad000 rw-p 00000000 00:00 0 
631ad000-631b0000 ---p 00000000 00:00 0 
631b0000-6322e000 rw-p 00000000 00:00 0 
6322e000-63231000 ---p 00000000 00:00 0 
63231000-632af000 rw-p 00000000 00:00 0 
632af000-632b2000 ---p 00000000 00:00 0 
632b2000-63300000 rw-p 00000000 00:00 0 
63300000-63500000 r--p 00000000 08:01 1105218    /usr/lib/locale/locale-archive
63500000-635f8000 rw-p 00000000 00:00 0 
635f8000-63600000 ---p 00000000 00:00 0 
63600000-63621000 rw-p 00000000 00:00 0 
63621000-63700000 ---p 00000000 00:00 0 
63700000-637fb000 rw-p 00000000 00:00 0 
637fb000-63800000 ---p 00000000 00:00 0 
63800000-63801000 r--s 00001000 08:01 2478848    /home/sarnobat/github/groovy_libraries/.groovy/lib/javax.inject-2.1.88.jar
63801000-63805000 r--s 00033000 08:01 2478914    /home/sarnobat/github/groovy_libraries/.groovy/lib/plexus-utils-2.0.5.jar
63805000-63813000 r--s 000c8000 08:01 1149227    /usr/share/java/testng.jar
63813000-63816000 ---p 00000000 00:00 0 
63816000-63864000 rw-p 00000000 00:00 0 
63864000-63865000 ---p 00000000 00:00 0 
63865000-638e5000 rw-p 00000000 00:00 0 
638e5000-63ab4000 r--s 03c21000 08:01 1693223    /usr/lib/jvm/java-8-openjdk-i386/jre/lib/rt.jar
63ab4000-63efa000 rw-p 00000000 00:00 0 
63efa000-63f00000 ---p 00000000 00:00 0 
63f00000-66300000 rw-p 00000000 00:00 0 
66300000-663ed000 rw-p 00000000 00:00 0 
663ed000-66400000 ---p 00000000 00:00 0 
66400000-66403000 r--s 0001d000 08:01 2478854    /home/sarnobat/github/groovy_libraries/.groovy/lib/jersey-client-1.17.1.jar
66403000-66404000 r--s 00006000 08:01 1693894    /usr/share/maven-repo/org/codehaus/groovy/groovy-servlet/2.4.5/groovy-servlet-2.4.5.jar
66404000-66406000 r--s 0001b000 08:01 1693924    /usr/share/maven-repo/org/codehaus/groovy/groovy-docgenerator/2.4.5/groovy-docgenerator-2.4.5.jar
66406000-66408000 r--s 00011000 08:01 1147685    /usr/share/java/jsp-api-2.1.jar
66408000-6640a000 r--s 0000c000 08:01 1149198    /usr/share/java/asm4-5.0.4.jar
6640a000-6640c000 r--s 00006000 08:01 1149197    /usr/share/java/asm4-tree-5.0.4.jar
6640c000-6640e000 r--s 00012000 08:01 1839680    /usr/share/maven-repo/org/codehaus/groovy/groovy-test/2.4.5/groovy-test-2.4.5.jar
6640e000-6640f000 r--s 00004000 08:01 1144744    /usr/share/java/ant-launcher-1.9.6.jar
6640f000-66410000 r--s 00005000 08:01 1147905    /usr/share/java/jansi-1.4.jar
66410000-66412000 r--s 00019000 08:01 1149207    /usr/share/java/jline2.jar
66412000-66414000 r--s 00001000 08:01 1839692    /usr/share/maven-repo/org/codehaus/groovy/groovy-testng/2.4.5/groovy-testng-2.4.5.jar
66414000-66416000 r--s 00016000 08:01 1839697    /usr/share/maven-repo/org/codehaus/groovy/groovy-templates/2.4.5/groovy-templates-2.4.5.jar
66416000-66418000 r--s 00004000 08:01 1839662    /usr/share/maven-repo/org/codehaus/groovy/groovy-jsr223/2.4.5/groovy-jsr223-2.4.5.jar
66418000-6641b000 r--s 0001e000 08:01 1147684    /usr/share/java/servlet-api-2.5.jar
6641b000-6641c000 r--s 00003000 08:01 1147898    /usr/share/java/hawtjni-runtime-1.10.jar
6641c000-6641d000 r--s 00001000 08:01 1147901    /usr/share/java/jansi-native-1.0.jar
6641d000-6642a000 r--s 00076000 08:01 1147859    /usr/share/java/xstream-1.4.8.jar
6642a000-6642e000 r--s 00028000 08:01 1149209    /usr/share/java/qdox-1.12.1.jar
6642e000-66431000 ---p 00000000 00:00 0 
66431000-6647f000 rw-p 00000000 00:00 0 
6647f000-66480000 ---p 00000000 00:00 0 
66480000-66500000 rw-p 00000000 00:00 0 
66500000-665fb000 rw-p 00000000 00:00 0 
665fb000-66600000 ---p 00000000 00:00 0 
66600000-66601000 r--s 00005000 08:01 1147905    /usr/share/java/jansi-1.4.jar
66601000-66605000 r--s 0001e000 08:01 1839667    /usr/share/maven-repo/org/codehaus/groovy/groovy-groovydoc/2.4.5/groovy-groovydoc-2.4.5.jar
66605000-6660a000 r--s 00068000 08:01 1144929    /usr/share/java/antlr.jar
6660a000-6660d000 r--s 0001d000 08:01 1839643    /usr/share/maven-repo/org/codehaus/groovy/groovy-json/2.4.5/groovy-json-2.4.5.jar
6660d000-66610000 r--s 0000d000 08:01 1149225    /usr/share/java/jcommander.jar
66610000-66612000 r--s 0000a000 08:01 1147016    /usr/share/java/commons-cli-1.3.1.jar
66612000-66631000 r--s 001d1000 08:01 1144743    /usr/share/java/ant-1.9.6.jar
66631000-6667f000 rw-p 00000000 00:00 0 
6667f000-66680000 ---p 00000000 00:00 0 
66680000-66700000 rw-p 00000000 00:00 0 
66700000-66721000 rw-p 00000000 00:00 0 
66721000-66800000 ---p 00000000 00:00 0 
66800000-66801000 r--s 0000d000 08:01 1147020    /usr/share/java/commons-logging-1.2.jar
66801000-66804000 r--s 00010000 08:01 1145778    /usr/share/java/bsf-2.4.0.jar
66804000-66806000 r--s 0001b000 08:01 1145289    /usr/share/java/ant-junit-1.9.6.jar
66806000-6680a000 r--s 00031000 08:01 1693912    /usr/share/maven-repo/org/codehaus/groovy/groovy-xml/2.4.5/groovy-xml-2.4.5.jar
6680a000-66810000 r--s 0005e000 08:01 1693906    /usr/share/maven-repo/org/codehaus/groovy/groovy-groovysh/2.4.5/groovy-groovysh-2.4.5.jar
66810000-6681c000 r--s 00094000 08:01 1693917    /usr/share/maven-repo/org/codehaus/groovy/groovy-console/2.4.5/groovy-console-2.4.5.jar
6681c000-66824000 r--s 00045000 08:01 1147522    /usr/share/java/junit4-4.12.jar
66824000-6687f000 rw-p 00000000 00:00 0 
6687f000-66880000 ---p 00000000 00:00 0 
66880000-66900000 rw-p 00000000 00:00 0 
66900000-66921000 rw-p 00000000 00:00 0 
66921000-66a00000 ---p 00000000 00:00 0 
66a00000-66a01000 r--s 0000a000 08:01 1149195    /usr/share/java/asm4-util-5.0.4.jar
66a01000-66a03000 r--s 0001d000 08:01 1693929    /usr/share/maven-repo/org/codehaus/groovy/groovy-jmx/2.4.5/groovy-jmx-2.4.5.jar
66a03000-66a05000 r--s 00004000 08:01 1149192    /usr/share/java/asm4-analysis-5.0.4.jar
66a05000-66a07000 r--s 0000a000 08:01 1147024    /usr/share/java/hamcrest-core-1.3.jar
66a07000-66a0d000 r--s 00051000 08:01 1839686    /usr/share/maven-repo/org/codehaus/groovy/groovy-swing/2.4.5/groovy-swing-2.4.5.jar
66a0d000-66a28000 r--s 00394000 08:01 1693228    /usr/lib/jvm/java-8-openjdk-i386/jre/lib/ext/cldrdata.jar
66a28000-66a29000 ---p 00000000 00:00 0 
66a29000-66abf000 rw-p 00000000 00:00 0 
66abf000-66bff000 ---p 00000000 00:00 0 
66bff000-66c15000 rw-p 00000000 00:00 0 
66c15000-66d54000 ---p 00000000 00:00 0 
66d54000-66d5f000 rw-p 00000000 00:00 0 
66d5f000-66dff000 ---p 00000000 00:00 0 
66dff000-698c0000 rw-p 00000000 00:00 0 
698c0000-918c0000 ---p 00000000 00:00 0 
918c0000-92e00000 rw-p 00000000 00:00 0 
92e00000-a6e00000 ---p 00000000 00:00 0 
a6e00000-a6e01000 r--s 0000d000 08:01 1149216    /usr/share/java/jsr166y-1.7.0.jar
a6e01000-a6e03000 r--s 00010000 08:01 1839656    /usr/share/maven-repo/org/codehaus/groovy/groovy-ant/2.4.5/groovy-ant-2.4.5.jar
a6e03000-a6e05000 r--s 00012000 08:01 1839650    /usr/share/maven-repo/org/codehaus/groovy/groovy-sql/2.4.5/groovy-sql-2.4.5.jar
a6e05000-a6e07000 r--s 00009000 08:01 1148102    /usr/share/java/asm4-commons-5.0.4.jar
a6e07000-a6e22000 r--s 001d6000 08:01 1693230    /usr/lib/jvm/java-8-openjdk-i386/jre/lib/ext/nashorn.jar
a6e22000-a6e28000 r--s 0003a000 08:01 1693231    /usr/lib/jvm/java-8-openjdk-i386/jre/lib/ext/sunjce_provider.jar
a6e28000-a6e4a000 rw-p 00000000 00:00 0 
a6e4a000-a7200000 ---p 00000000 00:00 0 
a7200000-a7470000 rwxp 00000000 00:00 0 
a7470000-b6200000 ---p 00000000 00:00 0 
b6200000-b62fb000 rw-p 00000000 00:00 0 
b62fb000-b6300000 ---p 00000000 00:00 0 
b6300000-b6301000 r--s 00002000 08:01 1145284    /usr/share/java/ant-antlr-1.9.6.jar
b6301000-b6302000 r--s 00002000 08:01 1839673    /usr/share/maven-repo/org/codehaus/groovy/groovy-bsf/2.4.5/groovy-bsf-2.4.5.jar
b6302000-b6304000 r--s 00008000 08:01 1693232    /usr/lib/jvm/java-8-openjdk-i386/jre/lib/ext/sunec.jar
b6304000-b630e000 r--s 00116000 08:01 1693233    /usr/lib/jvm/java-8-openjdk-i386/jre/lib/ext/localedata.jar
b630e000-b6319000 r-xp 00000000 08:01 3401300    /lib/i386-linux-gnu/libnss_files-2.23.so
b6319000-b631a000 r--p 0000a000 08:01 3401300    /lib/i386-linux-gnu/libnss_files-2.23.so
b631a000-b631b000 rw-p 0000b000 08:01 3401300    /lib/i386-linux-gnu/libnss_files-2.23.so
b631b000-b6321000 rw-p 00000000 00:00 0 
b6321000-b632c000 r-xp 00000000 08:01 3401303    /lib/i386-linux-gnu/libnss_nis-2.23.so
b632c000-b632d000 r--p 0000a000 08:01 3401303    /lib/i386-linux-gnu/libnss_nis-2.23.so
b632d000-b632e000 rw-p 0000b000 08:01 3401303    /lib/i386-linux-gnu/libnss_nis-2.23.so
b632e000-b6345000 r-xp 00000000 08:01 3401221    /lib/i386-linux-gnu/libnsl-2.23.so
b6345000-b6346000 r--p 00016000 08:01 3401221    /lib/i386-linux-gnu/libnsl-2.23.so
b6346000-b6347000 rw-p 00017000 08:01 3401221    /lib/i386-linux-gnu/libnsl-2.23.so
b6347000-b6349000 rw-p 00000000 00:00 0 
b6349000-b6351000 r-xp 00000000 08:01 3401309    /lib/i386-linux-gnu/libnss_compat-2.23.so
b6351000-b6352000 r--p 00007000 08:01 3401309    /lib/i386-linux-gnu/libnss_compat-2.23.so
b6352000-b6353000 rw-p 00008000 08:01 3401309    /lib/i386-linux-gnu/libnss_compat-2.23.so
b6353000-b6354000 r--s 00010000 08:01 1693229    /usr/lib/jvm/java-8-openjdk-i386/jre/lib/ext/zipfs.jar
b6354000-b6356000 r--s 00001000 08:01 1693236    /usr/lib/jvm/java-8-openjdk-i386/jre/lib/ext/dnsns.jar
b6356000-b6359000 r--s 0000f000 08:01 1693227    /usr/lib/jvm/java-8-openjdk-i386/jre/lib/ext/icedtea-sound.jar
b6359000-b6361000 r-xp 00000000 08:01 1693277    /usr/lib/jvm/java-8-openjdk-i386/jre/lib/i386/libzip.so
b6361000-b6362000 r--p 00007000 08:01 1693277    /usr/lib/jvm/java-8-openjdk-i386/jre/lib/i386/libzip.so
b6362000-b6363000 rw-p 00008000 08:01 1693277    /usr/lib/jvm/java-8-openjdk-i386/jre/lib/i386/libzip.so
b6363000-b636b000 rw-s 00000000 08:01 2576956    /tmp/hsperfdata_sarnobat/25128
b636b000-b6392000 r-xp 00000000 08:01 1693258    /usr/lib/jvm/java-8-openjdk-i386/jre/lib/i386/libjava.so
b6392000-b6393000 r--p 00026000 08:01 1693258    /usr/lib/jvm/java-8-openjdk-i386/jre/lib/i386/libjava.so
b6393000-b6394000 rw-p 00027000 08:01 1693258    /usr/lib/jvm/java-8-openjdk-i386/jre/lib/i386/libjava.so
b6394000-b639b000 r-xp 00000000 08:01 3401305    /lib/i386-linux-gnu/librt-2.23.so
b639b000-b639c000 r--p 00006000 08:01 3401305    /lib/i386-linux-gnu/librt-2.23.so
b639c000-b639d000 rw-p 00007000 08:01 3401305    /lib/i386-linux-gnu/librt-2.23.so
b639d000-b63a0000 ---p 00000000 00:00 0 
b63a0000-b63ee000 rw-p 00000000 00:00 0 
b63ee000-b640a000 r-xp 00000000 08:01 3402590    /lib/i386-linux-gnu/libgcc_s.so.1
b640a000-b640b000 rw-p 0001b000 08:01 3402590    /lib/i386-linux-gnu/libgcc_s.so.1
b640b000-b645e000 r-xp 00000000 08:01 3401314    /lib/i386-linux-gnu/libm-2.23.so
b645e000-b645f000 r--p 00052000 08:01 3401314    /lib/i386-linux-gnu/libm-2.23.so
b645f000-b6460000 rw-p 00053000 08:01 3401314    /lib/i386-linux-gnu/libm-2.23.so
b6460000-b65cd000 r-xp 00000000 08:01 1110301    /usr/lib/i386-linux-gnu/libstdc++.so.6.0.21
b65cd000-b65ce000 ---p 0016d000 08:01 1110301    /usr/lib/i386-linux-gnu/libstdc++.so.6.0.21
b65ce000-b65d3000 r--p 0016d000 08:01 1110301    /usr/lib/i386-linux-gnu/libstdc++.so.6.0.21
b65d3000-b65d4000 rw-p 00172000 08:01 1110301    /usr/lib/i386-linux-gnu/libstdc++.so.6.0.21
b65d4000-b65d7000 rw-p 00000000 00:00 0 
b65d7000-b70a8000 r-xp 00000000 08:01 1693269    /usr/lib/jvm/java-8-openjdk-i386/jre/lib/i386/server/libjvm.so
b70a8000-b70ee000 r--p 00ad0000 08:01 1693269    /usr/lib/jvm/java-8-openjdk-i386/jre/lib/i386/server/libjvm.so
b70ee000-b7105000 rw-p 00b16000 08:01 1693269    /usr/lib/jvm/java-8-openjdk-i386/jre/lib/i386/server/libjvm.so
b7105000-b7526000 rw-p 00000000 00:00 0 
b7526000-b753f000 r-xp 00000000 08:01 3401302    /lib/i386-linux-gnu/libpthread-2.23.so
b753f000-b7540000 r--p 00018000 08:01 3401302    /lib/i386-linux-gnu/libpthread-2.23.so
b7540000-b7541000 rw-p 00019000 08:01 3401302    /lib/i386-linux-gnu/libpthread-2.23.so
b7541000-b7543000 rw-p 00000000 00:00 0 
b7543000-b7546000 r-xp 00000000 08:01 3401308    /lib/i386-linux-gnu/libdl-2.23.so
b7546000-b7547000 r--p 00002000 08:01 3401308    /lib/i386-linux-gnu/libdl-2.23.so
b7547000-b7548000 rw-p 00003000 08:01 3401308    /lib/i386-linux-gnu/libdl-2.23.so
b7548000-b7561000 r-xp 00000000 08:01 3402741    /lib/i386-linux-gnu/libz.so.1.2.8
b7561000-b7562000 r--p 00018000 08:01 3402741    /lib/i386-linux-gnu/libz.so.1.2.8
b7562000-b7563000 rw-p 00019000 08:01 3402741    /lib/i386-linux-gnu/libz.so.1.2.8
b7563000-b7713000 r-xp 00000000 08:01 3402570    /lib/i386-linux-gnu/libc-2.23.so
b7713000-b7715000 r--p 001af000 08:01 3402570    /lib/i386-linux-gnu/libc-2.23.so
b7715000-b7716000 rw-p 001b1000 08:01 3402570    /lib/i386-linux-gnu/libc-2.23.so
b7716000-b7719000 rw-p 00000000 00:00 0 
b7719000-b771a000 r--s 0000a000 08:01 1693235    /usr/lib/jvm/java-8-openjdk-i386/jre/lib/ext/jaccess.jar
b771a000-b771e000 r--s 00037000 08:01 1693234    /usr/lib/jvm/java-8-openjdk-i386/jre/lib/ext/sunpkcs11.jar
b771e000-b771f000 r--p 002d4000 08:01 1105218    /usr/lib/locale/locale-archive
b771f000-b7720000 rw-p 00000000 00:00 0 
b7720000-b7721000 r--p 00000000 00:00 0 
b7721000-b772f000 r-xp 00000000 08:01 1693275    /usr/lib/jvm/java-8-openjdk-i386/jre/lib/i386/libverify.so
b772f000-b7730000 r--p 0000d000 08:01 1693275    /usr/lib/jvm/java-8-openjdk-i386/jre/lib/i386/libverify.so
b7730000-b7731000 rw-p 0000e000 08:01 1693275    /usr/lib/jvm/java-8-openjdk-i386/jre/lib/i386/libverify.so
b7731000-b773e000 r-xp 00000000 08:01 1693273    /usr/lib/jvm/java-8-openjdk-i386/jre/lib/i386/jli/libjli.so
b773e000-b773f000 r--p 0000c000 08:01 1693273    /usr/lib/jvm/java-8-openjdk-i386/jre/lib/i386/jli/libjli.so
b773f000-b7740000 rw-p 0000d000 08:01 1693273    /usr/lib/jvm/java-8-openjdk-i386/jre/lib/i386/jli/libjli.so
b7740000-b7742000 rw-p 00000000 00:00 0 
b7742000-b7744000 r--p 00000000 00:00 0          [vvar]
b7744000-b7745000 r-xp 00000000 00:00 0          [vdso]
b7745000-b7767000 r-xp 00000000 08:01 3401231    /lib/i386-linux-gnu/ld-2.23.so
b7767000-b7768000 rw-p 00000000 00:00 0 
b7768000-b7769000 r--p 00022000 08:01 3401231    /lib/i386-linux-gnu/ld-2.23.so
b7769000-b776a000 rw-p 00023000 08:01 3401231    /lib/i386-linux-gnu/ld-2.23.so
bf9d2000-bf9f3000 rw-p 00000000 00:00 0          [stack]

VM Arguments:
jvm_args: -Dscript.name=/usr/bin/groovy -Dprogram.name=groovy -Dgroovy.starter.conf=/usr/share/groovy2/conf/groovy-starter.conf -Dgroovy.home=/usr/share/groovy2 -Dtools.jar=/usr/lib/jvm/default-java/lib/tools.jar 
java_command: org.codehaus.groovy.tools.GroovyStarter --main groovy.ui.GroovyMain --conf /usr/share/groovy2/conf/groovy-starter.conf --classpath . httpcat_with_write.groovy --port=4465 --file=/home/sarnobat/sarnobat.git/yurl_queue_httpcat.txt
java_class_path (initial): /usr/share/groovy2/lib/groovy-2.4.5.jar
Launcher Type: SUN_STANDARD

Environment Variables:
PATH=/usr/bin:/bin
SHELL=/bin/sh

Signal Handlers:
SIGSEGV: [libjvm.so+0x8d7370], sa_mask[0]=11111111011111111101111111111110, sa_flags=SA_RESTART|SA_SIGINFO
SIGBUS: [libjvm.so+0x8d7370], sa_mask[0]=11111111011111111101111111111110, sa_flags=SA_RESTART|SA_SIGINFO
SIGFPE: [libjvm.so+0x73d1c0], sa_mask[0]=11111111011111111101111111111110, sa_flags=SA_RESTART|SA_SIGINFO
SIGPIPE: [libjvm.so+0x73d1c0], sa_mask[0]=11111111011111111101111111111110, sa_flags=SA_RESTART|SA_SIGINFO
SIGXFSZ: [libjvm.so+0x73d1c0], sa_mask[0]=11111111011111111101111111111110, sa_flags=SA_RESTART|SA_SIGINFO
SIGILL: [libjvm.so+0x73d1c0], sa_mask[0]=11111111011111111101111111111110, sa_flags=SA_RESTART|SA_SIGINFO
SIGUSR1: SIG_DFL, sa_mask[0]=00000000000000000000000000000000, sa_flags=none
SIGUSR2: [libjvm.so+0x73d000], sa_mask[0]=00000000000000000000000000000000, sa_flags=SA_RESTART|SA_SIGINFO
SIGHUP: [libjvm.so+0x73d790], sa_mask[0]=11111111011111111101111111111110, sa_flags=SA_RESTART|SA_SIGINFO
SIGINT: [libjvm.so+0x73d790], sa_mask[0]=11111111011111111101111111111110, sa_flags=SA_RESTART|SA_SIGINFO
SIGTERM: [libjvm.so+0x73d790], sa_mask[0]=11111111011111111101111111111110, sa_flags=SA_RESTART|SA_SIGINFO
SIGQUIT: [libjvm.so+0x73d790], sa_mask[0]=11111111011111111101111111111110, sa_flags=SA_RESTART|SA_SIGINFO


---------------  S Y S T E M  ---------------

OS:DISTRIB_ID=Ubuntu
DISTRIB_RELEASE=16.04
DISTRIB_CODENAME=xenial
DISTRIB_DESCRIPTION="Ubuntu 16.04.1 LTS"

uname:Linux 4.4.0-104-generic #127-Ubuntu SMP Mon Dec 11 12:16:50 UTC 2017 i686
libc:glibc 2.23 NPTL 2.23 
rlimit: STACK 8192k, CORE 0k, NPROC 63057, NOFILE 65536, AS infinity
load average:99.86 97.07 110.47

/proc/meminfo:
MemTotal:        8107456 kB
MemFree:          584664 kB
MemAvailable:     142928 kB
Buffers:            5500 kB
Cached:           168224 kB
SwapCached:        62712 kB
Active:          6133964 kB
Inactive:        1147864 kB
Active(anon):    6110544 kB
Inactive(anon):  1122576 kB
Active(file):      23420 kB
Inactive(file):    25288 kB
Unevictable:           0 kB
Mlocked:               0 kB
HighTotal:       7292552 kB
HighFree:         294944 kB
LowTotal:         814904 kB
LowFree:          289720 kB
SwapTotal:       4007932 kB
SwapFree:              0 kB
Dirty:               260 kB
Writeback:           700 kB
AnonPages:       7040732 kB
Mapped:            23776 kB
Shmem:            124780 kB
Slab:              97452 kB
SReclaimable:      32196 kB
SUnreclaim:        65256 kB
KernelStack:       27888 kB
PageTables:        62872 kB
NFS_Unstable:         48 kB
Bounce:               48 kB
WritebackTmp:          0 kB
CommitLimit:     8061660 kB
Committed_AS:   27313436 kB
VmallocTotal:     122880 kB
VmallocUsed:           0 kB
VmallocChunk:          0 kB
AnonHugePages:   2893824 kB
CmaTotal:              0 kB
CmaFree:               0 kB
HugePages_Total:       0
HugePages_Free:        0
HugePages_Rsvd:        0
HugePages_Surp:        0
Hugepagesize:       2048 kB
DirectMap4k:       40952 kB
DirectMap2M:      870400 kB


CPU:total 4 (initial active 4) (2 cores per cpu, 2 threads per core) family 6 model 58 stepping 9, cmov, cx8, fxsr, mmx, sse, sse2, sse3, ssse3, sse4.1, sse4.2, popcnt, avx, aes, clmul, erms, ht, tsc, tscinvbit, tscinv

/proc/cpuinfo:
processor	: 0
vendor_id	: GenuineIntel
cpu family	: 6
model		: 58
model name	: Intel(R) Core(TM) i5-3427U CPU @ 1.80GHz
stepping	: 9
microcode	: 0x17
cpu MHz		: 2599.988
cache size	: 3072 KB
physical id	: 0
siblings	: 4
core id		: 0
cpu cores	: 2
apicid		: 0
initial apicid	: 0
fdiv_bug	: no
f00f_bug	: no
coma_bug	: no
fpu		: yes
fpu_exception	: yes
cpuid level	: 13
wp		: yes
flags		: fpu vme de pse tsc msr pae mce cx8 apic sep mtrr pge mca cmov pat pse36 clflush dts acpi mmx fxsr sse sse2 ss ht tm pbe nx rdtscp lm constant_tsc arch_perfmon pebs bts xtopology nonstop_tsc aperfmperf eagerfpu pni pclmulqdq dtes64 monitor ds_cpl vmx smx est tm2 ssse3 cx16 xtpr pdcm pcid sse4_1 sse4_2 x2apic popcnt tsc_deadline_timer aes xsave avx f16c rdrand lahf_lm epb tpr_shadow vnmi flexpriority ept vpid fsgsbase smep erms xsaveopt dtherm ida arat pln pts
bugs		:
bogomips	: 4589.83
clflush size	: 64
cache_alignment	: 64
address sizes	: 36 bits physical, 48 bits virtual
power management:

processor	: 1
vendor_id	: GenuineIntel
cpu family	: 6
model		: 58
model name	: Intel(R) Core(TM) i5-3427U CPU @ 1.80GHz
stepping	: 9
microcode	: 0x17
cpu MHz		: 2599.988
cache size	: 3072 KB
physical id	: 0
siblings	: 4
core id		: 1
cpu cores	: 2
apicid		: 2
initial apicid	: 2
fdiv_bug	: no
f00f_bug	: no
coma_bug	: no
fpu		: yes
fpu_exception	: yes
cpuid level	: 13
wp		: yes
flags		: fpu vme de pse tsc msr pae mce cx8 apic sep mtrr pge mca cmov pat pse36 clflush dts acpi mmx fxsr sse sse2 ss ht tm pbe nx rdtscp lm constant_tsc arch_perfmon pebs bts xtopology nonstop_tsc aperfmperf eagerfpu pni pclmulqdq dtes64 monitor ds_cpl vmx smx est tm2 ssse3 cx16 xtpr pdcm pcid sse4_1 sse4_2 x2apic popcnt tsc_deadline_timer aes xsave avx f16c rdrand lahf_lm epb tpr_shadow vnmi flexpriority ept vpid fsgsbase smep erms xsaveopt dtherm ida arat pln pts
bugs		:
bogomips	: 4589.83
clflush size	: 64
cache_alignment	: 64
address sizes	: 36 bits physical, 48 bits virtual
power management:

processor	: 2
vendor_id	: GenuineIntel
cpu family	: 6
model		: 58
model name	: Intel(R) Core(TM) i5-3427U CPU @ 1.80GHz
stepping	: 9
microcode	: 0x17
cpu MHz		: 2599.988
cache size	: 3072 KB
physical id	: 0
siblings	: 4
core id		: 0
cpu cores	: 2
apicid		: 1
initial apicid	: 1
fdiv_bug	: no
f00f_bug	: no
coma_bug	: no
fpu		: yes
fpu_exception	: yes
cpuid level	: 13
wp		: yes
flags		: fpu vme de pse tsc msr pae mce cx8 apic sep mtrr pge mca cmov pat pse36 clflush dts acpi mmx fxsr sse sse2 ss ht tm pbe nx rdtscp lm constant_tsc arch_perfmon pebs bts xtopology nonstop_tsc aperfmperf eagerfpu pni pclmulqdq dtes64 monitor ds_cpl vmx smx est tm2 ssse3 cx16 xtpr pdcm pcid sse4_1 sse4_2 x2apic popcnt tsc_deadline_timer aes xsave avx f16c rdrand lahf_lm epb tpr_shadow vnmi flexpriority ept vpid fsgsbase smep erms xsaveopt dtherm ida arat pln pts
bugs		:
bogomips	: 4589.83
clflush size	: 64
cache_alignment	: 64
address sizes	: 36 bits physical, 48 bits virtual
power management:

processor	: 3
vendor_id	: GenuineIntel
cpu family	: 6
model		: 58
model name	: Intel(R) Core(TM) i5-3427U CPU @ 1.80GHz
stepping	: 9
microcode	: 0x17
cpu MHz		: 2599.988
cache size	: 3072 KB
physical id	: 0
siblings	: 4
core id		: 1
cpu cores	: 2
apicid		: 3
initial apicid	: 3
fdiv_bug	: no
f00f_bug	: no
coma_bug	: no
fpu		: yes
fpu_exception	: yes
cpuid level	: 13
wp		: yes
flags		: fpu vme de pse tsc msr pae mce cx8 apic sep mtrr pge mca cmov pat pse36 clflush dts acpi mmx fxsr sse sse2 ss ht tm pbe nx rdtscp lm constant_tsc arch_perfmon pebs bts xtopology nonstop_tsc aperfmperf eagerfpu pni pclmulqdq dtes64 monitor ds_cpl vmx smx est tm2 ssse3 cx16 xtpr pdcm pcid sse4_1 sse4_2 x2apic popcnt tsc_deadline_timer aes xsave avx f16c rdrand lahf_lm epb tpr_shadow vnmi flexpriority ept vpid fsgsbase smep erms xsaveopt dtherm ida arat pln pts
bugs		:
bogomips	: 4589.83
clflush size	: 64
cache_alignment	: 64
address sizes	: 36 bits physical, 48 bits virtual
power management:



Memory: 4k page, physical 8107456k(584664k free), swap 4007932k(0k free)

vm_info: OpenJDK Server VM (25.151-b12) for linux-x86 JRE (1.8.0_151-8u151-b12-0ubuntu0.16.04.2-b12), built on Oct 27 2017 22:05:04 by "buildd" with gcc 5.4.0 20160609

time: Wed Dec 20 10:40:49 2017
elapsed time: 47 seconds (0d 0h 0m 47s)

