#
# There is insufficient memory for the Java Runtime Environment to continue.
# Native memory allocation (mmap) failed to map 131072 bytes for committing reserved memory.
# Possible reasons:
#   The system is out of physical RAM or swap space
#   In 32 bit mode, the process size limit was hit
# Possible solutions:
#   Reduce memory load on the system
#   Increase physical memory or swap space
#   Check if swap backing store is full
#   Use 64 bit Java on a 64 bit OS
#   Decrease Java heap size (-Xmx/-Xms)
#   Decrease number of Java threads
#   Decrease Java thread stack sizes (-Xss)
#   Set larger code cache with -XX:ReservedCodeCacheSize=
# This output file may be truncated or incomplete.
#
#  Out of Memory Error (os_linux.cpp:2643), pid=22537, tid=0xb641fb40
#
# JRE version: OpenJDK Runtime Environment (8.0_151-b12) (build 1.8.0_151-8u151-b12-0ubuntu0.16.04.2-b12)
# Java VM: OpenJDK Server VM (25.151-b12 mixed mode linux-x86 )
# Failed to write core dump. Core dumps have been disabled. To enable core dumping, try "ulimit -c unlimited" before starting Java again
#

---------------  T H R E A D  ---------------

Current thread (0xb6207800):  JavaThread "main" [_thread_in_vm, id=22788, stack(0xb63cf000,0xb6420000)]

Stack: [0xb63cf000,0xb6420000],  sp=0xb641b5a0,  free space=305k
Native frames: (J=compiled Java code, j=interpreted, Vv=VM code, C=native code)
V  [libjvm.so+0x8d6834]
V  [libjvm.so+0x3a7c76]
V  [libjvm.so+0x7420c0]
V  [libjvm.so+0x73c013]
V  [libjvm.so+0x8d3264]
V  [libjvm.so+0x6cdd63]
V  [libjvm.so+0x6cdf7a]
V  [libjvm.so+0x6ceb05]
V  [libjvm.so+0x6cec5a]
V  [libjvm.so+0x6cfc9a]
V  [libjvm.so+0x6cfe8d]
V  [libjvm.so+0x3a528d]
V  [libjvm.so+0x3186e0]
V  [libjvm.so+0x319c32]
V  [libjvm.so+0x320d96]
V  [libjvm.so+0x853dd4]
V  [libjvm.so+0x8528ff]
V  [libjvm.so+0x854906]
V  [libjvm.so+0x7b6040]
V  [libjvm.so+0x7b6519]
V  [libjvm.so+0x7b6c8c]
V  [libjvm.so+0x56c7b1]
V  [libjvm.so+0x56c9c7]  JVM_GetClassDeclaredMethods+0xa7
j  java.lang.Class.getDeclaredMethods0(Z)[Ljava/lang/reflect/Method;+0
J 442 C1 java.lang.Class.privateGetDeclaredMethods(Z)[Ljava/lang/reflect/Method; (67 bytes) @ 0xa738b0c8 [0xa738ae80+0x248]
j  java.lang.Class.getDeclaredMethods()[Ljava/lang/reflect/Method;+11
j  org.codehaus.groovy.reflection.stdclasses.CachedSAMClass$1.run()[Ljava/lang/reflect/Method;+4
j  org.codehaus.groovy.reflection.stdclasses.CachedSAMClass$1.run()Ljava/lang/Object;+1
v  ~StubRoutines::call_stub
V  [libjvm.so+0x51faad]
V  [libjvm.so+0x746985]
V  [libjvm.so+0x51ebea]
V  [libjvm.so+0x56b9c4]  JVM_DoPrivileged+0x434
C  [libjava.so+0x9d84]  Java_java_security_AccessController_doPrivileged__Ljava_security_PrivilegedAction_2+0x24
j  java.security.AccessController.doPrivileged(Ljava/security/PrivilegedAction;)Ljava/lang/Object;+0
j  org.codehaus.groovy.reflection.stdclasses.CachedSAMClass.getDeclaredMethods(Ljava/lang/Class;)[Ljava/lang/reflect/Method;+8
j  org.codehaus.groovy.reflection.stdclasses.CachedSAMClass.getAbstractMethods(Ljava/lang/Class;Ljava/util/List;)V+59
j  org.codehaus.groovy.reflection.stdclasses.CachedSAMClass.getSAMMethod(Ljava/lang/Class;)Ljava/lang/reflect/Method;+123
j  org.codehaus.groovy.reflection.ClassInfo.isSAM(Ljava/lang/Class;)Z+1
j  org.codehaus.groovy.reflection.ClassInfo.createCachedClass(Ljava/lang/Class;Lorg/codehaus/groovy/reflection/ClassInfo;)Lorg/codehaus/groovy/reflection/CachedClass;+489
j  org.codehaus.groovy.reflection.ClassInfo.access$700(Ljava/lang/Class;Lorg/codehaus/groovy/reflection/ClassInfo;)Lorg/codehaus/groovy/reflection/CachedClass;+2
j  org.codehaus.groovy.reflection.ClassInfo$LazyCachedClassRef.initValue()Lorg/codehaus/groovy/reflection/CachedClass;+11
j  org.codehaus.groovy.reflection.ClassInfo$LazyCachedClassRef.initValue()Ljava/lang/Object;+1
J 513 C1 org.codehaus.groovy.util.LazyReference.getLocked(Z)Ljava/lang/Object; (85 bytes) @ 0xa73b2ce0 [0xa73b26c0+0x620]
J 379 C1 org.codehaus.groovy.util.LazyReference.get()Ljava/lang/Object; (44 bytes) @ 0xa7375708 [0xa73754a0+0x268]
J 394 C1 org.codehaus.groovy.reflection.ReflectionCache.getCachedClass(Ljava/lang/Class;)Lorg/codehaus/groovy/reflection/CachedClass; (14 bytes) @ 0xa7379e40 [0xa73796e0+0x760]
j  org.codehaus.groovy.reflection.CachedClass$4.initValue()Lorg/codehaus/groovy/reflection/CachedClass;+20
j  org.codehaus.groovy.reflection.CachedClass$4.initValue()Ljava/lang/Object;+1
J 513 C1 org.codehaus.groovy.util.LazyReference.getLocked(Z)Ljava/lang/Object; (85 bytes) @ 0xa73b2ce0 [0xa73b26c0+0x620]
J 379 C1 org.codehaus.groovy.util.LazyReference.get()Ljava/lang/Object; (44 bytes) @ 0xa7375708 [0xa73754a0+0x268]
J 498 C1 org.codehaus.groovy.reflection.CachedClass.getCachedSuperClass()Lorg/codehaus/groovy/reflection/CachedClass; (11 bytes) @ 0xa73a7bb8 [0xa73a7ae0+0xd8]
j  org.codehaus.groovy.reflection.CachedClass$8.initValue()Ljava/util/Set;+106
j  org.codehaus.groovy.reflection.CachedClass$8.initValue()Ljava/lang/Object;+1
J 513 C1 org.codehaus.groovy.util.LazyReference.getLocked(Z)Ljava/lang/Object; (85 bytes) @ 0xa73b2ce0 [0xa73b26c0+0x620]
J 379 C1 org.codehaus.groovy.util.LazyReference.get()Ljava/lang/Object; (44 bytes) @ 0xa7375708 [0xa73754a0+0x268]
J 448 C1 org.codehaus.groovy.reflection.CachedClass.getInterfaces()Ljava/util/Set; (11 bytes) @ 0xa738ec58 [0xa738eb80+0xd8]
j  org.codehaus.groovy.reflection.CachedClass.<init>(Ljava/lang/Class;Lorg/codehaus/groovy/reflection/ClassInfo;)V+182
j  org.codehaus.groovy.reflection.ClassInfo.createCachedClass(Ljava/lang/Class;Lorg/codehaus/groovy/reflection/ClassInfo;)Lorg/codehaus/groovy/reflection/CachedClass;+514
j  org.codehaus.groovy.reflection.ClassInfo.access$700(Ljava/lang/Class;Lorg/codehaus/groovy/reflection/ClassInfo;)Lorg/codehaus/groovy/reflection/CachedClass;+2
j  org.codehaus.groovy.reflection.ClassInfo$LazyCachedClassRef.initValue()Lorg/codehaus/groovy/reflection/CachedClass;+11
j  org.codehaus.groovy.reflection.ClassInfo$LazyCachedClassRef.initValue()Ljava/lang/Object;+1
J 513 C1 org.codehaus.groovy.util.LazyReference.getLocked(Z)Ljava/lang/Object; (85 bytes) @ 0xa73b2ce0 [0xa73b26c0+0x620]
J 379 C1 org.codehaus.groovy.util.LazyReference.get()Ljava/lang/Object; (44 bytes) @ 0xa7375708 [0xa73754a0+0x268]
J 394 C1 org.codehaus.groovy.reflection.ReflectionCache.getCachedClass(Ljava/lang/Class;)Lorg/codehaus/groovy/reflection/CachedClass; (14 bytes) @ 0xa7379e40 [0xa73796e0+0x760]
j  org.codehaus.groovy.reflection.CachedClass$4.initValue()Lorg/codehaus/groovy/reflection/CachedClass;+20
j  org.codehaus.groovy.reflection.CachedClass$4.initValue()Ljava/lang/Object;+1
J 513 C1 org.codehaus.groovy.util.LazyReference.getLocked(Z)Ljava/lang/Object; (85 bytes) @ 0xa73b2ce0 [0xa73b26c0+0x620]
J 379 C1 org.codehaus.groovy.util.LazyReference.get()Ljava/lang/Object; (44 bytes) @ 0xa7375708 [0xa73754a0+0x268]
J 498 C1 org.codehaus.groovy.reflection.CachedClass.getCachedSuperClass()Lorg/codehaus/groovy/reflection/CachedClass; (11 bytes) @ 0xa73a7bb8 [0xa73a7ae0+0xd8]
j  org.codehaus.groovy.reflection.CachedClass$8.initValue()Ljava/util/Set;+106
j  org.codehaus.groovy.reflection.CachedClass$8.initValue()Ljava/lang/Object;+1
J 513 C1 org.codehaus.groovy.util.LazyReference.getLocked(Z)Ljava/lang/Object; (85 bytes) @ 0xa73b2ce0 [0xa73b26c0+0x620]
J 379 C1 org.codehaus.groovy.util.LazyReference.get()Ljava/lang/Object; (44 bytes) @ 0xa7375708 [0xa73754a0+0x268]
J 448 C1 org.codehaus.groovy.reflection.CachedClass.getInterfaces()Ljava/util/Set; (11 bytes) @ 0xa738ec58 [0xa738eb80+0xd8]
j  org.codehaus.groovy.reflection.CachedClass.<init>(Ljava/lang/Class;Lorg/codehaus/groovy/reflection/ClassInfo;)V+182
j  org.codehaus.groovy.reflection.ClassInfo.createCachedClass(Ljava/lang/Class;Lorg/codehaus/groovy/reflection/ClassInfo;)Lorg/codehaus/groovy/reflection/CachedClass;+514
j  org.codehaus.groovy.reflection.ClassInfo.access$700(Ljava/lang/Class;Lorg/codehaus/groovy/reflection/ClassInfo;)Lorg/codehaus/groovy/reflection/CachedClass;+2
j  org.codehaus.groovy.reflection.ClassInfo$LazyCachedClassRef.initValue()Lorg/codehaus/groovy/reflection/CachedClass;+11
j  org.codehaus.groovy.reflection.ClassInfo$LazyCachedClassRef.initValue()Ljava/lang/Object;+1
J 513 C1 org.codehaus.groovy.util.LazyReference.getLocked(Z)Ljava/lang/Object; (85 bytes) @ 0xa73b2ce0 [0xa73b26c0+0x620]
J 379 C1 org.codehaus.groovy.util.LazyReference.get()Ljava/lang/Object; (44 bytes) @ 0xa7375708 [0xa73754a0+0x268]
J 394 C1 org.codehaus.groovy.reflection.ReflectionCache.getCachedClass(Ljava/lang/Class;)Lorg/codehaus/groovy/reflection/CachedClass; (14 bytes) @ 0xa7379e40 [0xa73796e0+0x760]
j  org.codehaus.groovy.reflection.CachedClass$4.initValue()Lorg/codehaus/groovy/reflection/CachedClass;+20
j  org.codehaus.groovy.reflection.CachedClass$4.initValue()Ljava/lang/Object;+1
J 513 C1 org.codehaus.groovy.util.LazyReference.getLocked(Z)Ljava/lang/Object; (85 bytes) @ 0xa73b2ce0 [0xa73b26c0+0x620]
J 379 C1 org.codehaus.groovy.util.LazyReference.get()Ljava/lang/Object; (44 bytes) @ 0xa7375708 [0xa73754a0+0x268]
J 498 C1 org.codehaus.groovy.reflection.CachedClass.getCachedSuperClass()Lorg/codehaus/groovy/reflection/CachedClass; (11 bytes) @ 0xa73a7bb8 [0xa73a7ae0+0xd8]
j  org.codehaus.groovy.reflection.CachedClass$8.initValue()Ljava/util/Set;+106
j  org.codehaus.groovy.reflection.CachedClass$8.initValue()Ljava/lang/Object;+1
J 513 C1 org.codehaus.groovy.util.LazyReference.getLocked(Z)Ljava/lang/Object; (85 bytes) @ 0xa73b2ce0 [0xa73b26c0+0x620]
J 379 C1 org.codehaus.groovy.util.LazyReference.get()Ljava/lang/Object; (44 bytes) @ 0xa7375708 [0xa73754a0+0x268]
J 448 C1 org.codehaus.groovy.reflection.CachedClass.getInterfaces()Ljava/util/Set; (11 bytes) @ 0xa738ec58 [0xa738eb80+0xd8]
j  org.codehaus.groovy.reflection.CachedClass.<init>(Ljava/lang/Class;Lorg/codehaus/groovy/reflection/ClassInfo;)V+182
j  org.codehaus.groovy.reflection.ClassInfo.createCachedClass(Ljava/lang/Class;Lorg/codehaus/groovy/reflection/ClassInfo;)Lorg/codehaus/groovy/reflection/CachedClass;+514
j  org.codehaus.groovy.reflection.ClassInfo.access$700(Ljava/lang/Class;Lorg/codehaus/groovy/reflection/ClassInfo;)Lorg/codehaus/groovy/reflection/CachedClass;+2
j  org.codehaus.groovy.reflection.ClassInfo$LazyCachedClassRef.initValue()Lorg/codehaus/groovy/reflection/CachedClass;+11
j  org.codehaus.groovy.reflection.ClassInfo$LazyCachedClassRef.initValue()Ljava/lang/Object;+1
J 513 C1 org.codehaus.groovy.util.LazyReference.getLocked(Z)Ljava/lang/Object; (85 bytes) @ 0xa73b2ce0 [0xa73b26c0+0x620]
J 379 C1 org.codehaus.groovy.util.LazyReference.get()Ljava/lang/Object; (44 bytes) @ 0xa7375708 [0xa73754a0+0x268]
J 394 C1 org.codehaus.groovy.reflection.ReflectionCache.getCachedClass(Ljava/lang/Class;)Lorg/codehaus/groovy/reflection/CachedClass; (14 bytes) @ 0xa7379e40 [0xa73796e0+0x760]
...<more frames>...

Java frames: (J=compiled Java code, j=interpreted, Vv=VM code)
j  java.lang.Class.getDeclaredMethods0(Z)[Ljava/lang/reflect/Method;+0
J 442 C1 java.lang.Class.privateGetDeclaredMethods(Z)[Ljava/lang/reflect/Method; (67 bytes) @ 0xa738b0c8 [0xa738ae80+0x248]
j  java.lang.Class.getDeclaredMethods()[Ljava/lang/reflect/Method;+11
j  org.codehaus.groovy.reflection.stdclasses.CachedSAMClass$1.run()[Ljava/lang/reflect/Method;+4
j  org.codehaus.groovy.reflection.stdclasses.CachedSAMClass$1.run()Ljava/lang/Object;+1
v  ~StubRoutines::call_stub
j  java.security.AccessController.doPrivileged(Ljava/security/PrivilegedAction;)Ljava/lang/Object;+0
j  org.codehaus.groovy.reflection.stdclasses.CachedSAMClass.getDeclaredMethods(Ljava/lang/Class;)[Ljava/lang/reflect/Method;+8
j  org.codehaus.groovy.reflection.stdclasses.CachedSAMClass.getAbstractMethods(Ljava/lang/Class;Ljava/util/List;)V+59
j  org.codehaus.groovy.reflection.stdclasses.CachedSAMClass.getSAMMethod(Ljava/lang/Class;)Ljava/lang/reflect/Method;+123
j  org.codehaus.groovy.reflection.ClassInfo.isSAM(Ljava/lang/Class;)Z+1
j  org.codehaus.groovy.reflection.ClassInfo.createCachedClass(Ljava/lang/Class;Lorg/codehaus/groovy/reflection/ClassInfo;)Lorg/codehaus/groovy/reflection/CachedClass;+489
j  org.codehaus.groovy.reflection.ClassInfo.access$700(Ljava/lang/Class;Lorg/codehaus/groovy/reflection/ClassInfo;)Lorg/codehaus/groovy/reflection/CachedClass;+2
j  org.codehaus.groovy.reflection.ClassInfo$LazyCachedClassRef.initValue()Lorg/codehaus/groovy/reflection/CachedClass;+11
j  org.codehaus.groovy.reflection.ClassInfo$LazyCachedClassRef.initValue()Ljava/lang/Object;+1
J 513 C1 org.codehaus.groovy.util.LazyReference.getLocked(Z)Ljava/lang/Object; (85 bytes) @ 0xa73b2ce0 [0xa73b26c0+0x620]
J 379 C1 org.codehaus.groovy.util.LazyReference.get()Ljava/lang/Object; (44 bytes) @ 0xa7375708 [0xa73754a0+0x268]
J 394 C1 org.codehaus.groovy.reflection.ReflectionCache.getCachedClass(Ljava/lang/Class;)Lorg/codehaus/groovy/reflection/CachedClass; (14 bytes) @ 0xa7379e40 [0xa73796e0+0x760]
j  org.codehaus.groovy.reflection.CachedClass$4.initValue()Lorg/codehaus/groovy/reflection/CachedClass;+20
j  org.codehaus.groovy.reflection.CachedClass$4.initValue()Ljava/lang/Object;+1
J 513 C1 org.codehaus.groovy.util.LazyReference.getLocked(Z)Ljava/lang/Object; (85 bytes) @ 0xa73b2ce0 [0xa73b26c0+0x620]
J 379 C1 org.codehaus.groovy.util.LazyReference.get()Ljava/lang/Object; (44 bytes) @ 0xa7375708 [0xa73754a0+0x268]
J 498 C1 org.codehaus.groovy.reflection.CachedClass.getCachedSuperClass()Lorg/codehaus/groovy/reflection/CachedClass; (11 bytes) @ 0xa73a7bb8 [0xa73a7ae0+0xd8]
j  org.codehaus.groovy.reflection.CachedClass$8.initValue()Ljava/util/Set;+106
j  org.codehaus.groovy.reflection.CachedClass$8.initValue()Ljava/lang/Object;+1
J 513 C1 org.codehaus.groovy.util.LazyReference.getLocked(Z)Ljava/lang/Object; (85 bytes) @ 0xa73b2ce0 [0xa73b26c0+0x620]
J 379 C1 org.codehaus.groovy.util.LazyReference.get()Ljava/lang/Object; (44 bytes) @ 0xa7375708 [0xa73754a0+0x268]
J 448 C1 org.codehaus.groovy.reflection.CachedClass.getInterfaces()Ljava/util/Set; (11 bytes) @ 0xa738ec58 [0xa738eb80+0xd8]
j  org.codehaus.groovy.reflection.CachedClass.<init>(Ljava/lang/Class;Lorg/codehaus/groovy/reflection/ClassInfo;)V+182
j  org.codehaus.groovy.reflection.ClassInfo.createCachedClass(Ljava/lang/Class;Lorg/codehaus/groovy/reflection/ClassInfo;)Lorg/codehaus/groovy/reflection/CachedClass;+514
j  org.codehaus.groovy.reflection.ClassInfo.access$700(Ljava/lang/Class;Lorg/codehaus/groovy/reflection/ClassInfo;)Lorg/codehaus/groovy/reflection/CachedClass;+2
j  org.codehaus.groovy.reflection.ClassInfo$LazyCachedClassRef.initValue()Lorg/codehaus/groovy/reflection/CachedClass;+11
j  org.codehaus.groovy.reflection.ClassInfo$LazyCachedClassRef.initValue()Ljava/lang/Object;+1
J 513 C1 org.codehaus.groovy.util.LazyReference.getLocked(Z)Ljava/lang/Object; (85 bytes) @ 0xa73b2ce0 [0xa73b26c0+0x620]
J 379 C1 org.codehaus.groovy.util.LazyReference.get()Ljava/lang/Object; (44 bytes) @ 0xa7375708 [0xa73754a0+0x268]
J 394 C1 org.codehaus.groovy.reflection.ReflectionCache.getCachedClass(Ljava/lang/Class;)Lorg/codehaus/groovy/reflection/CachedClass; (14 bytes) @ 0xa7379e40 [0xa73796e0+0x760]
j  org.codehaus.groovy.reflection.CachedClass$4.initValue()Lorg/codehaus/groovy/reflection/CachedClass;+20
j  org.codehaus.groovy.reflection.CachedClass$4.initValue()Ljava/lang/Object;+1
J 513 C1 org.codehaus.groovy.util.LazyReference.getLocked(Z)Ljava/lang/Object; (85 bytes) @ 0xa73b2ce0 [0xa73b26c0+0x620]
J 379 C1 org.codehaus.groovy.util.LazyReference.get()Ljava/lang/Object; (44 bytes) @ 0xa7375708 [0xa73754a0+0x268]
J 498 C1 org.codehaus.groovy.reflection.CachedClass.getCachedSuperClass()Lorg/codehaus/groovy/reflection/CachedClass; (11 bytes) @ 0xa73a7bb8 [0xa73a7ae0+0xd8]
j  org.codehaus.groovy.reflection.CachedClass$8.initValue()Ljava/util/Set;+106
j  org.codehaus.groovy.reflection.CachedClass$8.initValue()Ljava/lang/Object;+1
J 513 C1 org.codehaus.groovy.util.LazyReference.getLocked(Z)Ljava/lang/Object; (85 bytes) @ 0xa73b2ce0 [0xa73b26c0+0x620]
J 379 C1 org.codehaus.groovy.util.LazyReference.get()Ljava/lang/Object; (44 bytes) @ 0xa7375708 [0xa73754a0+0x268]
J 448 C1 org.codehaus.groovy.reflection.CachedClass.getInterfaces()Ljava/util/Set; (11 bytes) @ 0xa738ec58 [0xa738eb80+0xd8]
j  org.codehaus.groovy.reflection.CachedClass.<init>(Ljava/lang/Class;Lorg/codehaus/groovy/reflection/ClassInfo;)V+182
j  org.codehaus.groovy.reflection.ClassInfo.createCachedClass(Ljava/lang/Class;Lorg/codehaus/groovy/reflection/ClassInfo;)Lorg/codehaus/groovy/reflection/CachedClass;+514
j  org.codehaus.groovy.reflection.ClassInfo.access$700(Ljava/lang/Class;Lorg/codehaus/groovy/reflection/ClassInfo;)Lorg/codehaus/groovy/reflection/CachedClass;+2
j  org.codehaus.groovy.reflection.ClassInfo$LazyCachedClassRef.initValue()Lorg/codehaus/groovy/reflection/CachedClass;+11
j  org.codehaus.groovy.reflection.ClassInfo$LazyCachedClassRef.initValue()Ljava/lang/Object;+1
J 513 C1 org.codehaus.groovy.util.LazyReference.getLocked(Z)Ljava/lang/Object; (85 bytes) @ 0xa73b2ce0 [0xa73b26c0+0x620]
J 379 C1 org.codehaus.groovy.util.LazyReference.get()Ljava/lang/Object; (44 bytes) @ 0xa7375708 [0xa73754a0+0x268]
J 394 C1 org.codehaus.groovy.reflection.ReflectionCache.getCachedClass(Ljava/lang/Class;)Lorg/codehaus/groovy/reflection/CachedClass; (14 bytes) @ 0xa7379e40 [0xa73796e0+0x760]
j  org.codehaus.groovy.reflection.CachedClass$4.initValue()Lorg/codehaus/groovy/reflection/CachedClass;+20
j  org.codehaus.groovy.reflection.CachedClass$4.initValue()Ljava/lang/Object;+1
J 513 C1 org.codehaus.groovy.util.LazyReference.getLocked(Z)Ljava/lang/Object; (85 bytes) @ 0xa73b2ce0 [0xa73b26c0+0x620]
J 379 C1 org.codehaus.groovy.util.LazyReference.get()Ljava/lang/Object; (44 bytes) @ 0xa7375708 [0xa73754a0+0x268]
J 498 C1 org.codehaus.groovy.reflection.CachedClass.getCachedSuperClass()Lorg/codehaus/groovy/reflection/CachedClass; (11 bytes) @ 0xa73a7bb8 [0xa73a7ae0+0xd8]
j  org.codehaus.groovy.reflection.CachedClass$8.initValue()Ljava/util/Set;+106
j  org.codehaus.groovy.reflection.CachedClass$8.initValue()Ljava/lang/Object;+1
J 513 C1 org.codehaus.groovy.util.LazyReference.getLocked(Z)Ljava/lang/Object; (85 bytes) @ 0xa73b2ce0 [0xa73b26c0+0x620]
J 379 C1 org.codehaus.groovy.util.LazyReference.get()Ljava/lang/Object; (44 bytes) @ 0xa7375708 [0xa73754a0+0x268]
J 448 C1 org.codehaus.groovy.reflection.CachedClass.getInterfaces()Ljava/util/Set; (11 bytes) @ 0xa738ec58 [0xa738eb80+0xd8]
j  org.codehaus.groovy.reflection.CachedClass.<init>(Ljava/lang/Class;Lorg/codehaus/groovy/reflection/ClassInfo;)V+182
j  org.codehaus.groovy.reflection.ClassInfo.createCachedClass(Ljava/lang/Class;Lorg/codehaus/groovy/reflection/ClassInfo;)Lorg/codehaus/groovy/reflection/CachedClass;+514
j  org.codehaus.groovy.reflection.ClassInfo.access$700(Ljava/lang/Class;Lorg/codehaus/groovy/reflection/ClassInfo;)Lorg/codehaus/groovy/reflection/CachedClass;+2
j  org.codehaus.groovy.reflection.ClassInfo$LazyCachedClassRef.initValue()Lorg/codehaus/groovy/reflection/CachedClass;+11
j  org.codehaus.groovy.reflection.ClassInfo$LazyCachedClassRef.initValue()Ljava/lang/Object;+1
J 513 C1 org.codehaus.groovy.util.LazyReference.getLocked(Z)Ljava/lang/Object; (85 bytes) @ 0xa73b2ce0 [0xa73b26c0+0x620]
J 379 C1 org.codehaus.groovy.util.LazyReference.get()Ljava/lang/Object; (44 bytes) @ 0xa7375708 [0xa73754a0+0x268]
J 394 C1 org.codehaus.groovy.reflection.ReflectionCache.getCachedClass(Ljava/lang/Class;)Lorg/codehaus/groovy/reflection/CachedClass; (14 bytes) @ 0xa7379e40 [0xa73796e0+0x760]
j  org.codehaus.groovy.reflection.ParameterTypes.getParametersTypes0()V+46
j  org.codehaus.groovy.reflection.ParameterTypes.getParameterTypes()[Lorg/codehaus/groovy/reflection/CachedClass;+8
j  org.codehaus.groovy.reflection.CachedMethod.compareToCachedMethod(Lorg/codehaus/groovy/reflection/CachedMethod;)I+49
J 491 C1 org.codehaus.groovy.reflection.CachedMethod.compareTo(Ljava/lang/Object;)I (25 bytes) @ 0xa73a61bc [0xa73a5fc0+0x1fc]
j  java.util.ComparableTimSort.binarySort([Ljava/lang/Object;III)V+94
j  java.util.ComparableTimSort.sort([Ljava/lang/Object;II[Ljava/lang/Object;II)V+134
j  java.util.Arrays.sort([Ljava/lang/Object;)V+20
j  org.codehaus.groovy.reflection.CachedClass$3.initValue()[Lorg/codehaus/groovy/reflection/CachedMethod;+164
j  org.codehaus.groovy.reflection.CachedClass$3.initValue()Ljava/lang/Object;+1
J 513 C1 org.codehaus.groovy.util.LazyReference.getLocked(Z)Ljava/lang/Object; (85 bytes) @ 0xa73b2ce0 [0xa73b26c0+0x620]
J 379 C1 org.codehaus.groovy.util.LazyReference.get()Ljava/lang/Object; (44 bytes) @ 0xa7375708 [0xa73754a0+0x268]
j  org.codehaus.groovy.reflection.CachedClass.getMethods()[Lorg/codehaus/groovy/reflection/CachedMethod;+4
j  org.codehaus.groovy.runtime.m12n.SimpleExtensionModule.createMetaMethods(Ljava/lang/Class;Ljava/util/List;Z)V+8
j  org.codehaus.groovy.runtime.m12n.SimpleExtensionModule.getMetaMethods()Ljava/util/List;+45
j  org.codehaus.groovy.runtime.metaclass.MetaClassRegistryImpl$DefaultModuleListener.onModule(Lorg/codehaus/groovy/runtime/m12n/ExtensionModule;)V+113
j  org.codehaus.groovy.runtime.m12n.ExtensionModuleScanner.scanExtensionModuleFromProperties(Ljava/util/Properties;)V+23
j  org.codehaus.groovy.runtime.m12n.ExtensionModuleScanner.scanExtensionModuleFromMetaInf(Ljava/net/URL;)V+52
j  org.codehaus.groovy.runtime.m12n.ExtensionModuleScanner.scanClasspathModules()V+31
j  org.codehaus.groovy.runtime.metaclass.MetaClassRegistryImpl.<init>(IZ)V+279
j  org.codehaus.groovy.runtime.metaclass.MetaClassRegistryImpl.<init>()V+3
j  groovy.lang.GroovySystem.<clinit>()V+8
v  ~StubRoutines::call_stub
j  org.codehaus.groovy.runtime.InvokerHelper.<clinit>()V+34
v  ~StubRoutines::call_stub
j  groovy.lang.GroovyObjectSupport.<init>()V+9
j  groovy.lang.Binding.<init>()V+1
j  groovy.lang.GroovyShell.<init>(Lorg/codehaus/groovy/control/CompilerConfiguration;)V+5
j  groovy.ui.GroovyMain.processOnce()V+8
j  groovy.ui.GroovyMain.run()Z+29
j  groovy.ui.GroovyMain.process(Lgroovyjarjarcommonscli/CommandLine;)Z+602
j  groovy.ui.GroovyMain.processArgs([Ljava/lang/String;Ljava/io/PrintStream;)V+108
j  groovy.ui.GroovyMain.main([Ljava/lang/String;)V+4
v  ~StubRoutines::call_stub
j  sun.reflect.NativeMethodAccessorImpl.invoke0(Ljava/lang/reflect/Method;Ljava/lang/Object;[Ljava/lang/Object;)Ljava/lang/Object;+0
j  sun.reflect.NativeMethodAccessorImpl.invoke(Ljava/lang/Object;[Ljava/lang/Object;)Ljava/lang/Object;+100
j  sun.reflect.DelegatingMethodAccessorImpl.invoke(Ljava/lang/Object;[Ljava/lang/Object;)Ljava/lang/Object;+6
j  java.lang.reflect.Method.invoke(Ljava/lang/Object;[Ljava/lang/Object;)Ljava/lang/Object;+56
j  org.codehaus.groovy.tools.GroovyStarter.rootLoader([Ljava/lang/String;)V+391
j  org.codehaus.groovy.tools.GroovyStarter.main([Ljava/lang/String;)V+1
v  ~StubRoutines::call_stub

---------------  P R O C E S S  ---------------

Java Threads: ( => current thread )
  0x637aa400 JavaThread "Service Thread" daemon [_thread_blocked, id=22913, stack(0x630db000,0x6312c000)]
  0x637a7400 JavaThread "C1 CompilerThread2" daemon [_thread_blocked, id=22912, stack(0x6312c000,0x631ad000)]
  0x637a5c00 JavaThread "C2 CompilerThread1" daemon [_thread_blocked, id=22910, stack(0x631ad000,0x6322e000)]
  0x637a4000 JavaThread "C2 CompilerThread0" daemon [_thread_blocked, id=22908, stack(0x6322e000,0x632af000)]
  0x637a2400 JavaThread "Signal Dispatcher" daemon [_thread_blocked, id=22904, stack(0x632af000,0x63300000)]
  0x63788800 JavaThread "Finalizer" daemon [_thread_blocked, id=22844, stack(0x63813000,0x63864000)]
  0x63785800 JavaThread "Reference Handler" daemon [_thread_blocked, id=22842, stack(0x6642e000,0x6647f000)]
=>0xb6207800 JavaThread "main" [_thread_in_vm, id=22788, stack(0xb63cf000,0xb6420000)]

Other Threads:
  0x63781000 VMThread [stack: 0x63864000,0x638e5000] [id=22835]
  0x637abc00 WatcherThread [stack: 0x6305a000,0x630db000] [id=22914]

VM state:not at safepoint (normal execution)

VM Mutex/Monitor currently owned by a thread: None

Heap:
 PSYoungGen      total 19200K, used 6021K [0x918c0000, 0x92e00000, 0xa6e00000)
  eden space 16640K, 20% used [0x918c0000,0x91c24e00,0x92900000)
  from space 2560K, 99% used [0x92900000,0x92b7c820,0x92b80000)
  to   space 2560K, 0% used [0x92b80000,0x92b80000,0x92e00000)
 ParOldGen       total 43776K, used 134K [0x66e00000, 0x698c0000, 0x918c0000)
  object space 43776K, 0% used [0x66e00000,0x66e21b70,0x698c0000)
 Metaspace       used 4588K, capacity 4618K, committed 4632K, reserved 5424K

Card table byte_map: [0x66bff000,0x66e00000] byte_map_base: 0x668c8000

Marking Bits: (ParMarkBitMap*) 0xb7145880
 Begin Bits: [0x64300000, 0x65300000)
 End Bits:   [0x65300000, 0x66300000)

Polling page: 0xb7752000

CodeCache: size=245760Kb used=1746Kb max_used=1746Kb free=244013Kb
 bounds [0xa7200000, 0xa7440000, 0xb6200000]
 total_blobs=681 nmethods=518 adapters=78
 compilation: enabled

Compilation events (10 events):
Event: 5.319 Thread 0x637a7400  514       3       java.util.HashMap::containsKey (18 bytes)
Event: 5.319 Thread 0x637a7400 nmethod 514 0xa73b0508 code [0xa73b0640, 0xa73b0938]
Event: 5.319 Thread 0x637a7400  515       3       java.util.jar.JarFile::getManifestFromReference (113 bytes)
Event: 5.321 Thread 0x637a7400 nmethod 515 0xa73b3f08 code [0xa73b4240, 0xa73b5340]
Event: 5.367 Thread 0x637a7400  516       3       java.util.AbstractSet::<init> (5 bytes)
Event: 5.367 Thread 0x637a7400 nmethod 516 0xa73b01c8 code [0xa73b02e0, 0xa73b0440]
Event: 5.403 Thread 0x637a7400  517       1       org.codehaus.groovy.reflection.GroovyClassValuePreJava7::access$100 (5 bytes)
Event: 5.404 Thread 0x637a7400 nmethod 517 0xa73a7dc8 code [0xa73a7ec0, 0xa73a7f40]
Event: 5.404 Thread 0x637a7400  518       3       org.codehaus.groovy.util.ReferenceType$2::createReference (11 bytes)
Event: 5.404 Thread 0x637a7400 nmethod 518 0xa73afc08 code [0xa73afd40, 0xa73b0000]

GC Heap History (2 events):
Event: 4.910 GC heap before
{Heap before GC invocations=1 (full 0):
 PSYoungGen      total 19200K, used 16640K [0x918c0000, 0x92e00000, 0xa6e00000)
  eden space 16640K, 100% used [0x918c0000,0x92900000,0x92900000)
  from space 2560K, 0% used [0x92b80000,0x92b80000,0x92e00000)
  to   space 2560K, 0% used [0x92900000,0x92900000,0x92b80000)
 ParOldGen       total 43776K, used 0K [0x66e00000, 0x698c0000, 0x918c0000)
  object space 43776K, 0% used [0x66e00000,0x66e00000,0x698c0000)
 Metaspace       used 3731K, capacity 3786K, committed 3864K, reserved 4400K
Event: 4.929 GC heap after
Heap after GC invocations=1 (full 0):
 PSYoungGen      total 19200K, used 2546K [0x918c0000, 0x92e00000, 0xa6e00000)
  eden space 16640K, 0% used [0x918c0000,0x918c0000,0x92900000)
  from space 2560K, 99% used [0x92900000,0x92b7c820,0x92b80000)
  to   space 2560K, 0% used [0x92b80000,0x92b80000,0x92e00000)
 ParOldGen       total 43776K, used 134K [0x66e00000, 0x698c0000, 0x918c0000)
  object space 43776K, 0% used [0x66e00000,0x66e21b70,0x698c0000)
 Metaspace       used 3731K, capacity 3786K, committed 3864K, reserved 4400K
}

Deoptimization events (10 events):
Event: 1.454 Thread 0xb6207800 Uncommon trap: reason=unstable_if action=reinterpret pc=0xa72e1544 method=java.net.URLStreamHandler.sameFile(Ljava/net/URL;Ljava/net/URL;)Z @ 8
Event: 1.460 Thread 0xb6207800 Uncommon trap: reason=unstable_if action=reinterpret pc=0xa72e91c0 method=java.net.URLStreamHandler.sameFile(Ljava/net/URL;Ljava/net/URL;)Z @ 8
Event: 3.134 Thread 0xb6207800 Uncommon trap: reason=unstable_if action=reinterpret pc=0xa734ae74 method=java.io.BufferedInputStream.read()I @ 8
Event: 4.462 Thread 0xb6207800 Uncommon trap: reason=unstable_if action=reinterpret pc=0xa731d6c8 method=java.lang.String.indexOf([CII[CIII)I @ 3
Event: 4.940 Thread 0xb6207800 Uncommon trap: reason=unstable_if action=reinterpret pc=0xa73879c4 method=java.lang.ref.SoftReference.get()Ljava/lang/Object; @ 17
Event: 5.142 Thread 0xb6207800 Uncommon trap: reason=unstable_if action=reinterpret pc=0xa736b544 method=sun.misc.URLClassPath.getLoader(I)Lsun/misc/URLClassPath$Loader; @ 36
Event: 5.142 Thread 0xb6207800 Uncommon trap: reason=bimorphic action=maybe_recompile pc=0xa737eb9c method=java.util.HashMap.getNode(ILjava/lang/Object;)Ljava/util/HashMap$Node; @ 126
Event: 5.142 Thread 0xb6207800 Uncommon trap: reason=unstable_if action=reinterpret pc=0xa7341610 method=sun.misc.URLClassPath$JarLoader.getResource(Ljava/lang/String;Z)Lsun/misc/Resource; @ 4
Event: 5.142 Thread 0xb6207800 Uncommon trap: reason=unstable_if action=reinterpret pc=0xa736c19c method=sun.misc.URLClassPath.getLoader(I)Lsun/misc/URLClassPath$Loader; @ 36
Event: 5.142 Thread 0xb6207800 Uncommon trap: reason=bimorphic action=maybe_recompile pc=0xa737eb9c method=java.util.HashMap.getNode(ILjava/lang/Object;)Ljava/util/HashMap$Node; @ 126

Internal exceptions (10 events):
Event: 1.377 Thread 0xb6207800 Exception <a 'java/security/PrivilegedActionException'> (0x91bd1018) thrown at [/build/openjdk-8-Y4imzb/openjdk-8-8u151-b12/src/hotspot/src/share/vm/prims/jvm.cpp, line 1390]
Event: 1.377 Thread 0xb6207800 Exception <a 'java/security/PrivilegedActionException'> (0x91bd1218) thrown at [/build/openjdk-8-Y4imzb/openjdk-8-8u151-b12/src/hotspot/src/share/vm/prims/jvm.cpp, line 1390]
Event: 1.381 Thread 0xb6207800 Exception <a 'java/security/PrivilegedActionException'> (0x91bd1df0) thrown at [/build/openjdk-8-Y4imzb/openjdk-8-8u151-b12/src/hotspot/src/share/vm/prims/jvm.cpp, line 1390]
Event: 1.381 Thread 0xb6207800 Exception <a 'java/security/PrivilegedActionException'> (0x91bd1ff0) thrown at [/build/openjdk-8-Y4imzb/openjdk-8-8u151-b12/src/hotspot/src/share/vm/prims/jvm.cpp, line 1390]
Event: 5.142 Thread 0xb6207800 Exception <a 'java/security/PrivilegedActionException'> (0x91a0f9f8) thrown at [/build/openjdk-8-Y4imzb/openjdk-8-8u151-b12/src/hotspot/src/share/vm/prims/jvm.cpp, line 1390]
Event: 5.142 Thread 0xb6207800 Exception <a 'java/security/PrivilegedActionException'> (0x91a0fdd8) thrown at [/build/openjdk-8-Y4imzb/openjdk-8-8u151-b12/src/hotspot/src/share/vm/prims/jvm.cpp, line 1390]
Event: 5.142 Thread 0xb6207800 Exception <a 'java/security/PrivilegedActionException'> (0x91a11fd8) thrown at [/build/openjdk-8-Y4imzb/openjdk-8-8u151-b12/src/hotspot/src/share/vm/prims/jvm.cpp, line 1390]
Event: 5.142 Thread 0xb6207800 Exception <a 'java/security/PrivilegedActionException'> (0x91a123b8) thrown at [/build/openjdk-8-Y4imzb/openjdk-8-8u151-b12/src/hotspot/src/share/vm/prims/jvm.cpp, line 1390]
Event: 5.142 Thread 0xb6207800 Exception <a 'java/security/PrivilegedActionException'> (0x91a131b0) thrown at [/build/openjdk-8-Y4imzb/openjdk-8-8u151-b12/src/hotspot/src/share/vm/prims/jvm.cpp, line 1390]
Event: 5.142 Thread 0xb6207800 Exception <a 'java/security/PrivilegedActionException'> (0x91a13590) thrown at [/build/openjdk-8-Y4imzb/openjdk-8-8u151-b12/src/hotspot/src/share/vm/prims/jvm.cpp, line 1390]

Events (10 events):
Event: 5.407 loading class sun/java2d/pipe/Region done
Event: 5.407 loading class java/awt/Window
Event: 5.408 loading class java/awt/Window done
Event: 5.408 loading class java/awt/PointerInfo
Event: 5.408 loading class java/awt/PointerInfo done
Event: 5.408 loading class java/awt/dnd/DropTarget
Event: 5.408 loading class java/awt/dnd/DropTargetListener
Event: 5.408 loading class java/awt/dnd/DropTargetListener done
Event: 5.412 loading class java/awt/dnd/DropTarget done
Event: 5.412 loading class java/awt/Toolkit


Dynamic libraries:
08048000-08049000 r-xp 00000000 08:01 1693306    /usr/lib/jvm/java-8-openjdk-i386/jre/bin/java
08049000-0804a000 r--p 00000000 08:01 1693306    /usr/lib/jvm/java-8-openjdk-i386/jre/bin/java
0804a000-0804b000 rw-p 00001000 08:01 1693306    /usr/lib/jvm/java-8-openjdk-i386/jre/bin/java
09580000-095a1000 rw-p 00000000 00:00 0          [heap]
62200000-62274000 rw-p 00000000 00:00 0 
62274000-62300000 ---p 00000000 00:00 0 
62300000-62340000 rw-p 00000000 00:00 0 
62360000-62400000 ---p 00000000 00:00 0 
62400000-624dd000 rw-p 00000000 00:00 0 
624dd000-62500000 ---p 00000000 00:00 0 
62500000-625fb000 rw-p 00000000 00:00 0 
625fb000-62600000 ---p 00000000 00:00 0 
6267a000-626f3000 r--s 010fe000 08:01 1694179    /usr/lib/jvm/java-8-openjdk-i386/lib/tools.jar
626f3000-626f6000 r--s 00023000 08:01 2478896    /home/sarnobat/github/groovy_libraries/.groovy/lib/maven-shared-utils-0.1.jar
626f6000-626f9000 r--s 0000b000 08:01 2478399    /home/sarnobat/github/groovy_libraries/.groovy/lib/concurrentlinkedhashmap-lru-1.3.1.jar
626f9000-62700000 r--s 0005b000 08:01 2478897    /home/sarnobat/github/groovy_libraries/.groovy/lib/mongo-java-driver-2.10.1.jar
62700000-627f9000 rw-p 00000000 00:00 0 
627f9000-62800000 ---p 00000000 00:00 0 
62802000-62804000 r--s 0000c000 08:01 2478389    /home/sarnobat/github/groovy_libraries/.groovy/lib/commons-exec-1.3.jar
62804000-62805000 r--s 0000a000 08:01 2478397    /home/sarnobat/github/groovy_libraries/.groovy/lib/commons-logging-api-1.1.jar
62805000-62807000 r--s 00008000 08:01 2478930    /home/sarnobat/github/groovy_libraries/.groovy/lib/vget-1.1.5.jar
62807000-62808000 r--s 00004000 08:01 2478901    /home/sarnobat/github/groovy_libraries/.groovy/lib/opencsv-2.3.jar
62808000-62816000 r--s 000ad000 08:01 2478846    /home/sarnobat/github/groovy_libraries/.groovy/lib/jackson-mapper-asl-1.9.2.jar
62816000-62823000 r--s 000a2000 08:01 2478391    /home/sarnobat/github/groovy_libraries/.groovy/lib/commons-imaging-1.0-R1480221.jar
62823000-62825000 r--s 00000000 08:01 2478907    /home/sarnobat/github/groovy_libraries/.groovy/lib/plexus-component-annotations-1.5.5.jar
62825000-62829000 r--s 0000c000 08:01 2478929    /home/sarnobat/github/groovy_libraries/.groovy/lib/validation-api-1.1.0.Final.jar
62829000-6282b000 r--s 00005000 08:01 2478924    /home/sarnobat/github/groovy_libraries/.groovy/lib/slf4j-api-1.7.5.jar
6282b000-62830000 r--s 0002a000 08:01 2478419    /home/sarnobat/github/groovy_libraries/.groovy/lib/gson-2.2.4.jar
62830000-62831000 r--s 00002000 08:01 2478875    /home/sarnobat/github/groovy_libraries/.groovy/lib/jsch.agentproxy.connector-factory-0.0.6.jar
62831000-6283e000 r--s 00082000 08:01 2478856    /home/sarnobat/github/groovy_libraries/.groovy/lib/jersey-common-2.0.jar
6283e000-62840000 r--s 0000d000 08:01 2478912    /home/sarnobat/github/groovy_libraries/.groovy/lib/plexus-interpolation-1.13.jar
62840000-62865000 r--s 002e3000 08:01 2478932    /home/sarnobat/github/groovy_libraries/.groovy/lib/xalan-2.7.1.jar
62865000-62868000 r--s 0001b000 08:01 2478888    /home/sarnobat/github/groovy_libraries/.groovy/lib/junit-3.8.2.jar
62868000-62869000 r--s 00001000 08:01 2478400    /home/sarnobat/github/groovy_libraries/.groovy/lib/doxia-sink-api-1.0-alpha-7.jar
62869000-6286b000 r--s 00011000 08:01 2478873    /home/sarnobat/github/groovy_libraries/.groovy/lib/jsch-extension-0.1.3.jar
6286b000-6289a000 r--s 0028b000 08:01 2478865    /home/sarnobat/github/groovy_libraries/.groovy/lib/jetty-all-9.2.21.v20170120.jar
6289a000-6289e000 r--s 00040000 08:01 2478871    /home/sarnobat/github/groovy_libraries/.groovy/lib/jsch-0.1.53-sources.jar
6289e000-628a1000 r--s 00023000 08:01 2478853    /home/sarnobat/github/groovy_libraries/.groovy/lib/jdom-1.0.jar
628a1000-628a2000 r--s 00003000 08:01 2478407    /home/sarnobat/github/groovy_libraries/.groovy/lib/geronimo-jta_1.1_spec-1.1.1.jar
628a2000-628a3000 r--s 00003000 08:01 2478857    /home/sarnobat/github/groovy_libraries/.groovy/lib/jersey-container-jdk-http-2.0.jar
628a3000-628a7000 r--s 0003b000 08:01 2478870    /home/sarnobat/github/groovy_libraries/.groovy/lib/jsch-0.1.50.jar.disabled
628a7000-628ab000 r--s 00032000 08:01 2478915    /home/sarnobat/github/groovy_libraries/.groovy/lib/rome-1.0.jar
628ab000-628b6000 r--s 00068000 08:01 2478859    /home/sarnobat/github/groovy_libraries/.groovy/lib/jersey-core-1.17.1.jar
628b6000-628b8000 r--s 0000d000 08:01 2479615    /home/sarnobat/github/groovy_libraries/.groovy/lib/commons-codec-1.4.jar
628b8000-628b9000 r--s 00007000 08:01 2478923    /home/sarnobat/github/groovy_libraries/.groovy/lib/slf4j-api-1.7.12.jar
628b9000-628bb000 r--s 0000a000 08:01 2478931    /home/sarnobat/github/groovy_libraries/.groovy/lib/wget-1.2.9.jar
628bb000-628ca000 r--s 00095000 08:01 2478927    /home/sarnobat/github/groovy_libraries/.groovy/lib/sshd-core-0.14.0.jar
628ca000-628cc000 r--s 00000000 08:01 2478877    /home/sarnobat/github/groovy_libraries/.groovy/lib/jsch.agentproxy.jsch-0.0.6.jar
628cc000-628d0000 r--s 0001d000 08:01 2478933    /home/sarnobat/github/groovy_libraries/.groovy/lib/xbean-reflect-3.4.jar
628d0000-628d5000 r--s 00047000 08:01 2478381    /home/sarnobat/github/groovy_libraries/.groovy/lib/asm-all-repackaged-2.1.88.jar
628d5000-628d7000 r--s 00000000 08:01 2478906    /home/sarnobat/github/groovy_libraries/.groovy/lib/plexus-compiler-manager-2.0.jar
628d7000-62900000 r--s 001ee000 08:01 2478420    /home/sarnobat/github/groovy_libraries/.groovy/lib/guava-14.0.1.jar
62900000-629fb000 rw-p 00000000 00:00 0 
629fb000-62a00000 ---p 00000000 00:00 0 
62a00000-62aff000 rw-p 00000000 00:00 0 
62aff000-62b00000 ---p 00000000 00:00 0 
62b00000-62b01000 r--s 00001000 08:01 2478881    /home/sarnobat/github/groovy_libraries/.groovy/lib/jsch.agentproxy.usocket-jna-0.0.6.jar
62b01000-62b03000 r--s 00002000 08:01 2478895    /home/sarnobat/github/groovy_libraries/.groovy/lib/maven-shared-incremental-1.0.jar
62b03000-62b05000 r--s 00001000 08:01 2478876    /home/sarnobat/github/groovy_libraries/.groovy/lib/jsch.agentproxy.core-0.0.6.jar
62b05000-62b07000 r--s 00282000 08:01 2478919    /home/sarnobat/github/groovy_libraries/.groovy/lib/selenium-firefox-driver-2.45.0.jar
62b07000-62b09000 r--s 00005000 08:01 2478847    /home/sarnobat/github/groovy_libraries/.groovy/lib/javax.annotation-api-1.2.jar
62b09000-62b0a000 r--s 00001000 08:01 2478878    /home/sarnobat/github/groovy_libraries/.groovy/lib/jsch.agentproxy.pageant-0.0.6.jar
62b0a000-62b0c000 r--s 00000000 08:01 2478879    /home/sarnobat/github/groovy_libraries/.groovy/lib/jsch.agentproxy.sshagent-0.0.6.jar
62b0c000-62b0e000 r--s 0000d000 08:01 2478416    /home/sarnobat/github/groovy_libraries/.groovy/lib/google-oauth-client-1.17.0-rc.jar
62b0e000-62b12000 r--s 00025000 08:01 2478408    /home/sarnobat/github/groovy_libraries/.groovy/lib/google-api-client-1.17.0-rc.jar
62b12000-62b13000 r--s 00001000 08:01 2478903    /home/sarnobat/github/groovy_libraries/.groovy/lib/plexus-build-api-0.0.4.jar
62b13000-62b16000 r--s 0001b000 08:01 2478887    /home/sarnobat/github/groovy_libraries/.groovy/lib/junit-3.8.1.jar
62b16000-62b1a000 r--s 00019000 08:01 2478855    /home/sarnobat/github/groovy_libraries/.groovy/lib/jersey-client-2.0.jar
62b1a000-62b1c000 r--s 0000d000 08:01 2478874    /home/sarnobat/github/groovy_libraries/.groovy/lib/jsch-nio-0.1.5.jar
62b1c000-62b22000 r--s 00033000 08:01 2478921    /home/sarnobat/github/groovy_libraries/.groovy/lib/selenium-remote-driver-2.45.0.jar
62b22000-62b26000 r--s 0002f000 08:01 2478845    /home/sarnobat/github/groovy_libraries/.groovy/lib/jackson-core-2.1.3.jar
62b26000-62b29000 r--s 00015000 08:01 2478409    /home/sarnobat/github/groovy_libraries/.groovy/lib/google-api-services-calendar-v3-rev72-1.17.0-rc.jar
62b29000-62b2b000 r--s 0000b000 08:01 2478427    /home/sarnobat/github/groovy_libraries/.groovy/lib/hk2-utils-2.1.88.jar
62b2b000-62b31000 r--s 00042000 08:01 2478885    /home/sarnobat/github/groovy_libraries/.groovy/lib/jsoup-1.7.2.jar
62b31000-62b3f000 r--s 0007f000 08:01 2478387    /home/sarnobat/github/groovy_libraries/.groovy/lib/commons-collections-3.2.1.jar
62b3f000-62b4a000 r--s 00085000 08:01 2478429    /home/sarnobat/github/groovy_libraries/.groovy/lib/httpclient-4.3.3.jar
62b4a000-62b4b000 r--s 00002000 08:01 2478417    /home/sarnobat/github/groovy_libraries/.groovy/lib/google-oauth-client-java6-1.17.0-rc.jar
62b4b000-62b4c000 r--s 00001000 08:01 2478883    /home/sarnobat/github/groovy_libraries/.groovy/lib/jsch.agentproxy.usocket-nc-0.0.6.jar
62b4c000-62b50000 r--s 00017000 08:01 2478928    /home/sarnobat/github/groovy_libraries/.groovy/lib/thumbnailator-0.4.8.jar
62b50000-62b52000 r--s 0001f000 08:01 2478922    /home/sarnobat/github/groovy_libraries/.groovy/lib/servlet-api-2.5-20081211.jar
62b52000-62bbb000 r--s 003e4000 08:01 2478899    /home/sarnobat/github/groovy_libraries/.groovy/lib/neo4j-cypher-1.9.2.jar
62bbb000-62bbd000 r--s 0001d000 08:01 2478425    /home/sarnobat/github/groovy_libraries/.groovy/lib/hk2-locator-2.1.88.jar
62bbd000-62bc1000 r--s 00018000 08:01 2478424    /home/sarnobat/github/groovy_libraries/.groovy/lib/hk2-api-2.1.88.jar
62bc1000-62bc2000 r--s 00002000 08:01 2478918    /home/sarnobat/github/groovy_libraries/.groovy/lib/selenium-chrome-driver-2.45.0.jar
62bc2000-62bc6000 r--s 00024000 08:01 2478861    /home/sarnobat/github/groovy_libraries/.groovy/lib/jersey-json-1.17.1.jar
62bc6000-62bca000 r--s 0002a000 08:01 2478393    /home/sarnobat/github/groovy_libraries/.groovy/lib/commons-io-2.4.jar
62bca000-62be9000 r--s 00153000 08:01 2478900    /home/sarnobat/github/groovy_libraries/.groovy/lib/neo4j-kernel-1.9.2.jar
62be9000-62bf0000 r--s 00051000 08:01 2478889    /home/sarnobat/github/groovy_libraries/.groovy/lib/log4j-1.2.12.jar
62bf0000-62bf4000 r--s 00018000 08:01 2478852    /home/sarnobat/github/groovy_libraries/.groovy/lib/javax.ws.rs-api-2.0.jar
62bf4000-62bf6000 r--s 0000b000 08:01 2478388    /home/sarnobat/github/groovy_libraries/.groovy/lib/commons-exec-1.1.jar
62bf6000-62bf8000 r--s 00001000 08:01 2478925    /home/sarnobat/github/groovy_libraries/.groovy/lib/slf4j-log4j12-1.7.12.jar
62bf8000-62bfa000 r--s 00005000 08:01 2478904    /home/sarnobat/github/groovy_libraries/.groovy/lib/plexus-compiler-api-2.0.jar
62bfa000-62c00000 r--s 0003c000 08:01 2478412    /home/sarnobat/github/groovy_libraries/.groovy/lib/google-http-client-1.17.0-rc.jar
62c00000-62cfe000 rw-p 00000000 00:00 0 
62cfe000-62d00000 ---p 00000000 00:00 0 
62d00000-62df9000 rw-p 00000000 00:00 0 
62df9000-62e00000 ---p 00000000 00:00 0 
62e00000-62e01000 r--s 00006000 08:01 2478926    /home/sarnobat/github/groovy_libraries/.groovy/lib/solr-commons-csv-3.5.0.jar
62e01000-62e02000 r--s 00002000 08:01 2478893    /home/sarnobat/github/groovy_libraries/.groovy/lib/maven-reporting-api-2.0.6.jar
62e02000-62e06000 r--s 00028000 08:01 2478867    /home/sarnobat/github/groovy_libraries/.groovy/lib/jetty-util-6.1.26.jar
62e06000-62e08000 r--s 00009000 08:01 2478891    /home/sarnobat/github/groovy_libraries/.groovy/lib/maven-compiler-plugin-3.0.jar
62e08000-62e0f000 r--s 00058000 08:01 2478396    /home/sarnobat/github/groovy_libraries/.groovy/lib/commons-lang3-3.2.1.jar
62e0f000-62e11000 r--s 0000c000 08:01 2478385    /home/sarnobat/github/groovy_libraries/.groovy/lib/commons-cli-1.4.jar
62e11000-62e13000 r--s 00007000 08:01 2478892    /home/sarnobat/github/groovy_libraries/.groovy/lib/maven-filtering-1.0-beta-4.jar
62e13000-62e14000 r--s 00004000 08:01 2478905    /home/sarnobat/github/groovy_libraries/.groovy/lib/plexus-compiler-javac-2.0.jar
62e14000-62e1b000 r--s 00048000 08:01 2478841    /home/sarnobat/github/groovy_libraries/.groovy/lib/httpcore-4.4.1.jar
62e1b000-62e1f000 r--s 000dc000 08:01 2478869    /home/sarnobat/github/groovy_libraries/.groovy/lib/jna-4.1.0.jar
62e1f000-62e25000 r--s 00043000 08:01 2478402    /home/sarnobat/github/groovy_libraries/.groovy/lib/genson-0.98.jar
62e25000-62e29000 r--s 0003c000 08:01 2478394    /home/sarnobat/github/groovy_libraries/.groovy/lib/commons-lang-2.4.jar
62e29000-62e30000 r--s 0003f000 08:01 2478382    /home/sarnobat/github/groovy_libraries/.groovy/lib/cglib-2.1.88.jar
62e30000-62e42000 r--s 00099000 08:01 2478863    /home/sarnobat/github/groovy_libraries/.groovy/lib/jersey-server-2.0.jar
62e42000-62eb3000 r--s 00658000 08:01 2478916    /home/sarnobat/github/groovy_libraries/.groovy/lib/scala-library-2.10.0.jar
62eb3000-62f00000 r--s 0040d000 08:01 1149211    /usr/share/java/groovy-2.x.jar
62f00000-62ff9000 rw-p 00000000 00:00 0 
62ff9000-63000000 ---p 00000000 00:00 0 
63000000-63001000 r--s 00005000 08:01 2478894    /home/sarnobat/github/groovy_libraries/.groovy/lib/maven-resources-plugin-2.4.3.jar
63001000-63005000 r--s 00030000 08:01 2478913    /home/sarnobat/github/groovy_libraries/.groovy/lib/plexus-utils-1.5.1.jar
63005000-63008000 r--s 00012000 08:01 2478851    /home/sarnobat/github/groovy_libraries/.groovy/lib/javax.json-1.0.4.jar
63008000-6300d000 r--s 0002b000 08:01 2478401    /home/sarnobat/github/groovy_libraries/.groovy/lib/fuse-jna-0.0.1-SNAPSHOT.jar
6300d000-6305a000 r--s 0040d000 08:01 1149211    /usr/share/java/groovy-2.x.jar
6305a000-6305b000 ---p 00000000 00:00 0 
6305b000-630db000 rw-p 00000000 00:00 0 
630db000-630de000 ---p 00000000 00:00 0 
630de000-6312c000 rw-p 00000000 00:00 0 
6312c000-6312f000 ---p 00000000 00:00 0 
6312f000-631ad000 rw-p 00000000 00:00 0 
631ad000-631b0000 ---p 00000000 00:00 0 
631b0000-6322e000 rw-p 00000000 00:00 0 
6322e000-63231000 ---p 00000000 00:00 0 
63231000-632af000 rw-p 00000000 00:00 0 
632af000-632b2000 ---p 00000000 00:00 0 
632b2000-63300000 rw-p 00000000 00:00 0 
63300000-63500000 r--p 00000000 08:01 1105218    /usr/lib/locale/locale-archive
63500000-63572000 rw-p 00000000 00:00 0 
63572000-63600000 ---p 00000000 00:00 0 
63600000-63621000 rw-p 00000000 00:00 0 
63621000-63700000 ---p 00000000 00:00 0 
63700000-637fb000 rw-p 00000000 00:00 0 
637fb000-63800000 ---p 00000000 00:00 0 
63800000-63802000 r--s 00005000 08:01 2478844    /home/sarnobat/github/groovy_libraries/.groovy/lib/httpmime-4.2.3.jar
63802000-63803000 r--s 0000f000 08:01 2478884    /home/sarnobat/github/groovy_libraries/.groovy/lib/json-20131018.jar
63803000-63804000 r--s 00001000 08:01 2478418    /home/sarnobat/github/groovy_libraries/.groovy/lib/google-oauth-client-jetty-1.17.0-rc.jar
63804000-63806000 r--s 00006000 08:01 2478886    /home/sarnobat/github/groovy_libraries/.groovy/lib/jsr305-2.0.1.jar
63806000-63807000 r--s 00001000 08:01 2478415    /home/sarnobat/github/groovy_libraries/.groovy/lib/google-http-client-jackson2-1.17.0-rc.jar
63807000-6380c000 r--s 0001d000 08:01 2478917    /home/sarnobat/github/groovy_libraries/.groovy/lib/selenium-api-2.45.0.jar
6380c000-63813000 r--s 00064000 08:01 2478890    /home/sarnobat/github/groovy_libraries/.groovy/lib/mail-1.4.2.jar
63813000-63816000 ---p 00000000 00:00 0 
63816000-63864000 rw-p 00000000 00:00 0 
63864000-63865000 ---p 00000000 00:00 0 
63865000-638e5000 rw-p 00000000 00:00 0 
638e5000-63ab4000 r--s 03c21000 08:01 1693223    /usr/lib/jvm/java-8-openjdk-i386/jre/lib/rt.jar
63ab4000-63efa000 rw-p 00000000 00:00 0 
63efa000-63f00000 ---p 00000000 00:00 0 
63f00000-66300000 rw-p 00000000 00:00 0 
66300000-6632e000 rw-p 00000000 00:00 0 
6632e000-66400000 ---p 00000000 00:00 0 
66400000-66402000 r--s 00002000 08:01 2478911    /home/sarnobat/github/groovy_libraries/.groovy/lib/plexus-interactivity-api-1.0-alpha-4.jar
66402000-66403000 r--s 00004000 08:01 2478902    /home/sarnobat/github/groovy_libraries/.groovy/lib/osgi-resource-locator-1.0.1.jar
66403000-66404000 r--s 00001000 08:01 2478848    /home/sarnobat/github/groovy_libraries/.groovy/lib/javax.inject-2.1.88.jar
66404000-6640b000 r--s 00050000 08:01 2478843    /home/sarnobat/github/groovy_libraries/.groovy/lib/httpcore-nio-4.4.1.jar
6640b000-6640f000 r--s 00033000 08:01 2478914    /home/sarnobat/github/groovy_libraries/.groovy/lib/plexus-utils-2.0.5.jar
6640f000-66412000 r--s 0001d000 08:01 2478854    /home/sarnobat/github/groovy_libraries/.groovy/lib/jersey-client-1.17.1.jar
66412000-66413000 r--s 00006000 08:01 1693894    /usr/share/maven-repo/org/codehaus/groovy/groovy-servlet/2.4.5/groovy-servlet-2.4.5.jar
66413000-66415000 r--s 0001b000 08:01 1693924    /usr/share/maven-repo/org/codehaus/groovy/groovy-docgenerator/2.4.5/groovy-docgenerator-2.4.5.jar
66415000-66417000 r--s 00011000 08:01 1147685    /usr/share/java/jsp-api-2.1.jar
66417000-66425000 r--s 000c8000 08:01 1149227    /usr/share/java/testng.jar
66425000-66427000 r--s 0000c000 08:01 1149198    /usr/share/java/asm4-5.0.4.jar
66427000-66429000 r--s 00006000 08:01 1149197    /usr/share/java/asm4-tree-5.0.4.jar
66429000-6642b000 r--s 00012000 08:01 1839680    /usr/share/maven-repo/org/codehaus/groovy/groovy-test/2.4.5/groovy-test-2.4.5.jar
6642b000-6642c000 r--s 00004000 08:01 1144744    /usr/share/java/ant-launcher-1.9.6.jar
6642c000-6642e000 r--s 00019000 08:01 1149207    /usr/share/java/jline2.jar
6642e000-66431000 ---p 00000000 00:00 0 
66431000-6647f000 rw-p 00000000 00:00 0 
6647f000-66480000 ---p 00000000 00:00 0 
66480000-66500000 rw-p 00000000 00:00 0 
66500000-665fd000 rw-p 00000000 00:00 0 
665fd000-66600000 ---p 00000000 00:00 0 
66600000-66601000 r--s 00005000 08:01 1147905    /usr/share/java/jansi-1.4.jar
66601000-66603000 r--s 00001000 08:01 1839692    /usr/share/maven-repo/org/codehaus/groovy/groovy-testng/2.4.5/groovy-testng-2.4.5.jar
66603000-66618000 r--s 00124000 08:01 1147882    /usr/share/java/ivy-2.3.0.jar
66618000-6661a000 r--s 00016000 08:01 1839697    /usr/share/maven-repo/org/codehaus/groovy/groovy-templates/2.4.5/groovy-templates-2.4.5.jar
6661a000-6661c000 r--s 00004000 08:01 1839662    /usr/share/maven-repo/org/codehaus/groovy/groovy-jsr223/2.4.5/groovy-jsr223-2.4.5.jar
6661c000-6661f000 r--s 0001e000 08:01 1147684    /usr/share/java/servlet-api-2.5.jar
6661f000-66620000 r--s 00003000 08:01 1147898    /usr/share/java/hawtjni-runtime-1.10.jar
66620000-6662d000 r--s 00076000 08:01 1147859    /usr/share/java/xstream-1.4.8.jar
6662d000-66631000 r--s 00028000 08:01 1149209    /usr/share/java/qdox-1.12.1.jar
66631000-6667f000 rw-p 00000000 00:00 0 
6667f000-66680000 ---p 00000000 00:00 0 
66680000-66700000 rw-p 00000000 00:00 0 
66700000-66721000 rw-p 00000000 00:00 0 
66721000-66800000 ---p 00000000 00:00 0 
66800000-66801000 r--s 00001000 08:01 1147901    /usr/share/java/jansi-native-1.0.jar
66801000-66805000 r--s 0001e000 08:01 1839667    /usr/share/maven-repo/org/codehaus/groovy/groovy-groovydoc/2.4.5/groovy-groovydoc-2.4.5.jar
66805000-66824000 r--s 001d1000 08:01 1144743    /usr/share/java/ant-1.9.6.jar
66824000-6687f000 rw-p 00000000 00:00 0 
6687f000-66880000 ---p 00000000 00:00 0 
66880000-66900000 rw-p 00000000 00:00 0 
66900000-66921000 rw-p 00000000 00:00 0 
66921000-66a00000 ---p 00000000 00:00 0 
66a00000-66a01000 r--s 00005000 08:01 1147905    /usr/share/java/jansi-1.4.jar
66a01000-66a02000 r--s 0000d000 08:01 1147020    /usr/share/java/commons-logging-1.2.jar
66a02000-66a07000 r--s 00068000 08:01 1144929    /usr/share/java/antlr.jar
66a07000-66a0a000 r--s 0001d000 08:01 1839643    /usr/share/maven-repo/org/codehaus/groovy/groovy-json/2.4.5/groovy-json-2.4.5.jar
66a0a000-66a0b000 r--s 0000a000 08:01 1149195    /usr/share/java/asm4-util-5.0.4.jar
66a0b000-66a0e000 r--s 0000d000 08:01 1149225    /usr/share/java/jcommander.jar
66a0e000-66a0f000 r--s 0000d000 08:01 1149216    /usr/share/java/jsr166y-1.7.0.jar
66a0f000-66a11000 r--s 0000a000 08:01 1147016    /usr/share/java/commons-cli-1.3.1.jar
66a11000-66a14000 r--s 00010000 08:01 1145778    /usr/share/java/bsf-2.4.0.jar
66a14000-66a16000 r--s 0001b000 08:01 1145289    /usr/share/java/ant-junit-1.9.6.jar
66a16000-66a1a000 r--s 00031000 08:01 1693912    /usr/share/maven-repo/org/codehaus/groovy/groovy-xml/2.4.5/groovy-xml-2.4.5.jar
66a1a000-66a1c000 r--s 0001d000 08:01 1693929    /usr/share/maven-repo/org/codehaus/groovy/groovy-jmx/2.4.5/groovy-jmx-2.4.5.jar
66a1c000-66a28000 r--s 00094000 08:01 1693917    /usr/share/maven-repo/org/codehaus/groovy/groovy-console/2.4.5/groovy-console-2.4.5.jar
66a28000-66a29000 ---p 00000000 00:00 0 
66a29000-66abf000 rw-p 00000000 00:00 0 
66abf000-66bff000 ---p 00000000 00:00 0 
66bff000-66c15000 rw-p 00000000 00:00 0 
66c15000-66d54000 ---p 00000000 00:00 0 
66d54000-66d5f000 rw-p 00000000 00:00 0 
66d5f000-66dff000 ---p 00000000 00:00 0 
66dff000-698c0000 rw-p 00000000 00:00 0 
698c0000-918c0000 ---p 00000000 00:00 0 
918c0000-92e00000 rw-p 00000000 00:00 0 
92e00000-a6e00000 ---p 00000000 00:00 0 
a6e00000-a6e06000 r--s 0005e000 08:01 1693906    /usr/share/maven-repo/org/codehaus/groovy/groovy-groovysh/2.4.5/groovy-groovysh-2.4.5.jar
a6e06000-a6e08000 r--s 00004000 08:01 1149192    /usr/share/java/asm4-analysis-5.0.4.jar
a6e08000-a6e0a000 r--s 0000a000 08:01 1147024    /usr/share/java/hamcrest-core-1.3.jar
a6e0a000-a6e25000 r--s 00394000 08:01 1693228    /usr/lib/jvm/java-8-openjdk-i386/jre/lib/ext/cldrdata.jar
a6e25000-a6e40000 r--s 001d6000 08:01 1693230    /usr/lib/jvm/java-8-openjdk-i386/jre/lib/ext/nashorn.jar
a6e40000-a6e49000 rw-p 00000000 00:00 0 
a6e49000-a7200000 ---p 00000000 00:00 0 
a7200000-a7440000 rwxp 00000000 00:00 0 
a7440000-b6200000 ---p 00000000 00:00 0 
b6200000-b62fb000 rw-p 00000000 00:00 0 
b62fb000-b6300000 ---p 00000000 00:00 0 
b6300000-b6301000 r--s 00002000 08:01 1145284    /usr/share/java/ant-antlr-1.9.6.jar
b6301000-b6309000 r--s 00045000 08:01 1147522    /usr/share/java/junit4-4.12.jar
b6309000-b630f000 r--s 00051000 08:01 1839686    /usr/share/maven-repo/org/codehaus/groovy/groovy-swing/2.4.5/groovy-swing-2.4.5.jar
b630f000-b6311000 r--s 00010000 08:01 1839656    /usr/share/maven-repo/org/codehaus/groovy/groovy-ant/2.4.5/groovy-ant-2.4.5.jar
b6311000-b6313000 r--s 00012000 08:01 1839650    /usr/share/maven-repo/org/codehaus/groovy/groovy-sql/2.4.5/groovy-sql-2.4.5.jar
b6313000-b6315000 r--s 00009000 08:01 1148102    /usr/share/java/asm4-commons-5.0.4.jar
b6315000-b6316000 r--s 00002000 08:01 1839673    /usr/share/maven-repo/org/codehaus/groovy/groovy-bsf/2.4.5/groovy-bsf-2.4.5.jar
b6316000-b6318000 r--s 00008000 08:01 1693232    /usr/lib/jvm/java-8-openjdk-i386/jre/lib/ext/sunec.jar
b6318000-b631e000 r--s 0003a000 08:01 1693231    /usr/lib/jvm/java-8-openjdk-i386/jre/lib/ext/sunjce_provider.jar
b631e000-b6328000 r--s 00116000 08:01 1693233    /usr/lib/jvm/java-8-openjdk-i386/jre/lib/ext/localedata.jar
b6328000-b6340000 rw-p 00000000 00:00 0 
b6340000-b634b000 r-xp 00000000 08:01 3401300    /lib/i386-linux-gnu/libnss_files-2.23.so
b634b000-b634c000 r--p 0000a000 08:01 3401300    /lib/i386-linux-gnu/libnss_files-2.23.so
b634c000-b634d000 rw-p 0000b000 08:01 3401300    /lib/i386-linux-gnu/libnss_files-2.23.so
b634d000-b6353000 rw-p 00000000 00:00 0 
b6353000-b635e000 r-xp 00000000 08:01 3401303    /lib/i386-linux-gnu/libnss_nis-2.23.so
b635e000-b635f000 r--p 0000a000 08:01 3401303    /lib/i386-linux-gnu/libnss_nis-2.23.so
b635f000-b6360000 rw-p 0000b000 08:01 3401303    /lib/i386-linux-gnu/libnss_nis-2.23.so
b6360000-b6377000 r-xp 00000000 08:01 3401221    /lib/i386-linux-gnu/libnsl-2.23.so
b6377000-b6378000 r--p 00016000 08:01 3401221    /lib/i386-linux-gnu/libnsl-2.23.so
b6378000-b6379000 rw-p 00017000 08:01 3401221    /lib/i386-linux-gnu/libnsl-2.23.so
b6379000-b637b000 rw-p 00000000 00:00 0 
b637b000-b6383000 r-xp 00000000 08:01 3401309    /lib/i386-linux-gnu/libnss_compat-2.23.so
b6383000-b6384000 r--p 00007000 08:01 3401309    /lib/i386-linux-gnu/libnss_compat-2.23.so
b6384000-b6385000 rw-p 00008000 08:01 3401309    /lib/i386-linux-gnu/libnss_compat-2.23.so
b6385000-b6386000 r--s 00010000 08:01 1693229    /usr/lib/jvm/java-8-openjdk-i386/jre/lib/ext/zipfs.jar
b6386000-b6388000 r--s 00001000 08:01 1693236    /usr/lib/jvm/java-8-openjdk-i386/jre/lib/ext/dnsns.jar
b6388000-b638b000 r--s 0000f000 08:01 1693227    /usr/lib/jvm/java-8-openjdk-i386/jre/lib/ext/icedtea-sound.jar
b638b000-b6393000 r-xp 00000000 08:01 1693277    /usr/lib/jvm/java-8-openjdk-i386/jre/lib/i386/libzip.so
b6393000-b6394000 r--p 00007000 08:01 1693277    /usr/lib/jvm/java-8-openjdk-i386/jre/lib/i386/libzip.so
b6394000-b6395000 rw-p 00008000 08:01 1693277    /usr/lib/jvm/java-8-openjdk-i386/jre/lib/i386/libzip.so
b6395000-b639d000 rw-s 00000000 08:01 2576621    /tmp/hsperfdata_sarnobat/22537
b639d000-b63c4000 r-xp 00000000 08:01 1693258    /usr/lib/jvm/java-8-openjdk-i386/jre/lib/i386/libjava.so
b63c4000-b63c5000 r--p 00026000 08:01 1693258    /usr/lib/jvm/java-8-openjdk-i386/jre/lib/i386/libjava.so
b63c5000-b63c6000 rw-p 00027000 08:01 1693258    /usr/lib/jvm/java-8-openjdk-i386/jre/lib/i386/libjava.so
b63c6000-b63cd000 r-xp 00000000 08:01 3401305    /lib/i386-linux-gnu/librt-2.23.so
b63cd000-b63ce000 r--p 00006000 08:01 3401305    /lib/i386-linux-gnu/librt-2.23.so
b63ce000-b63cf000 rw-p 00007000 08:01 3401305    /lib/i386-linux-gnu/librt-2.23.so
b63cf000-b63d2000 ---p 00000000 00:00 0 
b63d2000-b6420000 rw-p 00000000 00:00 0 
b6420000-b643c000 r-xp 00000000 08:01 3402590    /lib/i386-linux-gnu/libgcc_s.so.1
b643c000-b643d000 rw-p 0001b000 08:01 3402590    /lib/i386-linux-gnu/libgcc_s.so.1
b643d000-b6490000 r-xp 00000000 08:01 3401314    /lib/i386-linux-gnu/libm-2.23.so
b6490000-b6491000 r--p 00052000 08:01 3401314    /lib/i386-linux-gnu/libm-2.23.so
b6491000-b6492000 rw-p 00053000 08:01 3401314    /lib/i386-linux-gnu/libm-2.23.so
b6492000-b65ff000 r-xp 00000000 08:01 1110301    /usr/lib/i386-linux-gnu/libstdc++.so.6.0.21
b65ff000-b6600000 ---p 0016d000 08:01 1110301    /usr/lib/i386-linux-gnu/libstdc++.so.6.0.21
b6600000-b6605000 r--p 0016d000 08:01 1110301    /usr/lib/i386-linux-gnu/libstdc++.so.6.0.21
b6605000-b6606000 rw-p 00172000 08:01 1110301    /usr/lib/i386-linux-gnu/libstdc++.so.6.0.21
b6606000-b6609000 rw-p 00000000 00:00 0 
b6609000-b70da000 r-xp 00000000 08:01 1693269    /usr/lib/jvm/java-8-openjdk-i386/jre/lib/i386/server/libjvm.so
b70da000-b7120000 r--p 00ad0000 08:01 1693269    /usr/lib/jvm/java-8-openjdk-i386/jre/lib/i386/server/libjvm.so
b7120000-b7137000 rw-p 00b16000 08:01 1693269    /usr/lib/jvm/java-8-openjdk-i386/jre/lib/i386/server/libjvm.so
b7137000-b7558000 rw-p 00000000 00:00 0 
b7558000-b7571000 r-xp 00000000 08:01 3401302    /lib/i386-linux-gnu/libpthread-2.23.so
b7571000-b7572000 r--p 00018000 08:01 3401302    /lib/i386-linux-gnu/libpthread-2.23.so
b7572000-b7573000 rw-p 00019000 08:01 3401302    /lib/i386-linux-gnu/libpthread-2.23.so
b7573000-b7575000 rw-p 00000000 00:00 0 
b7575000-b7578000 r-xp 00000000 08:01 3401308    /lib/i386-linux-gnu/libdl-2.23.so
b7578000-b7579000 r--p 00002000 08:01 3401308    /lib/i386-linux-gnu/libdl-2.23.so
b7579000-b757a000 rw-p 00003000 08:01 3401308    /lib/i386-linux-gnu/libdl-2.23.so
b757a000-b7593000 r-xp 00000000 08:01 3402741    /lib/i386-linux-gnu/libz.so.1.2.8
b7593000-b7594000 r--p 00018000 08:01 3402741    /lib/i386-linux-gnu/libz.so.1.2.8
b7594000-b7595000 rw-p 00019000 08:01 3402741    /lib/i386-linux-gnu/libz.so.1.2.8
b7595000-b7745000 r-xp 00000000 08:01 3402570    /lib/i386-linux-gnu/libc-2.23.so
b7745000-b7747000 r--p 001af000 08:01 3402570    /lib/i386-linux-gnu/libc-2.23.so
b7747000-b7748000 rw-p 001b1000 08:01 3402570    /lib/i386-linux-gnu/libc-2.23.so
b7748000-b774b000 rw-p 00000000 00:00 0 
b774b000-b774c000 r--s 0000a000 08:01 1693235    /usr/lib/jvm/java-8-openjdk-i386/jre/lib/ext/jaccess.jar
b774c000-b7750000 r--s 00037000 08:01 1693234    /usr/lib/jvm/java-8-openjdk-i386/jre/lib/ext/sunpkcs11.jar
b7750000-b7751000 r--p 002d4000 08:01 1105218    /usr/lib/locale/locale-archive
b7751000-b7752000 rw-p 00000000 00:00 0 
b7752000-b7753000 r--p 00000000 00:00 0 
b7753000-b7761000 r-xp 00000000 08:01 1693275    /usr/lib/jvm/java-8-openjdk-i386/jre/lib/i386/libverify.so
b7761000-b7762000 r--p 0000d000 08:01 1693275    /usr/lib/jvm/java-8-openjdk-i386/jre/lib/i386/libverify.so
b7762000-b7763000 rw-p 0000e000 08:01 1693275    /usr/lib/jvm/java-8-openjdk-i386/jre/lib/i386/libverify.so
b7763000-b7770000 r-xp 00000000 08:01 1693273    /usr/lib/jvm/java-8-openjdk-i386/jre/lib/i386/jli/libjli.so
b7770000-b7771000 r--p 0000c000 08:01 1693273    /usr/lib/jvm/java-8-openjdk-i386/jre/lib/i386/jli/libjli.so
b7771000-b7772000 rw-p 0000d000 08:01 1693273    /usr/lib/jvm/java-8-openjdk-i386/jre/lib/i386/jli/libjli.so
b7772000-b7774000 rw-p 00000000 00:00 0 
b7774000-b7776000 r--p 00000000 00:00 0          [vvar]
b7776000-b7777000 r-xp 00000000 00:00 0          [vdso]
b7777000-b7799000 r-xp 00000000 08:01 3401231    /lib/i386-linux-gnu/ld-2.23.so
b7799000-b779a000 rw-p 00000000 00:00 0 
b779a000-b779b000 r--p 00022000 08:01 3401231    /lib/i386-linux-gnu/ld-2.23.so
b779b000-b779c000 rw-p 00023000 08:01 3401231    /lib/i386-linux-gnu/ld-2.23.so
bffa7000-bffc8000 rw-p 00000000 00:00 0          [stack]

VM Arguments:
jvm_args: -Dscript.name=/usr/bin/groovy -Dprogram.name=groovy -Dgroovy.starter.conf=/usr/share/groovy2/conf/groovy-starter.conf -Dgroovy.home=/usr/share/groovy2 -Dtools.jar=/usr/lib/jvm/default-java/lib/tools.jar 
java_command: org.codehaus.groovy.tools.GroovyStarter --main groovy.ui.GroovyMain --conf /usr/share/groovy2/conf/groovy-starter.conf --classpath . httpcat_with_write_freetext_no_url.groovy 4469 /dev/null /dev/null
java_class_path (initial): /usr/share/groovy2/lib/groovy-2.4.5.jar
Launcher Type: SUN_STANDARD

Environment Variables:
PATH=/usr/bin:/bin
SHELL=/bin/sh

Signal Handlers:
SIGSEGV: [libjvm.so+0x8d7370], sa_mask[0]=11111111011111111101111111111110, sa_flags=SA_RESTART|SA_SIGINFO
SIGBUS: [libjvm.so+0x8d7370], sa_mask[0]=11111111011111111101111111111110, sa_flags=SA_RESTART|SA_SIGINFO
SIGFPE: [libjvm.so+0x73d1c0], sa_mask[0]=11111111011111111101111111111110, sa_flags=SA_RESTART|SA_SIGINFO
SIGPIPE: [libjvm.so+0x73d1c0], sa_mask[0]=11111111011111111101111111111110, sa_flags=SA_RESTART|SA_SIGINFO
SIGXFSZ: [libjvm.so+0x73d1c0], sa_mask[0]=11111111011111111101111111111110, sa_flags=SA_RESTART|SA_SIGINFO
SIGILL: [libjvm.so+0x73d1c0], sa_mask[0]=11111111011111111101111111111110, sa_flags=SA_RESTART|SA_SIGINFO
SIGUSR1: SIG_DFL, sa_mask[0]=00000000000000000000000000000000, sa_flags=none
SIGUSR2: [libjvm.so+0x73d000], sa_mask[0]=00000000000000000000000000000000, sa_flags=SA_RESTART|SA_SIGINFO
SIGHUP: [libjvm.so+0x73d790], sa_mask[0]=11111111011111111101111111111110, sa_flags=SA_RESTART|SA_SIGINFO
SIGINT: [libjvm.so+0x73d790], sa_mask[0]=11111111011111111101111111111110, sa_flags=SA_RESTART|SA_SIGINFO
SIGTERM: [libjvm.so+0x73d790], sa_mask[0]=11111111011111111101111111111110, sa_flags=SA_RESTART|SA_SIGINFO
SIGQUIT: [libjvm.so+0x73d790], sa_mask[0]=11111111011111111101111111111110, sa_flags=SA_RESTART|SA_SIGINFO


---------------  S Y S T E M  ---------------

OS:DISTRIB_ID=Ubuntu
DISTRIB_RELEASE=16.04
DISTRIB_CODENAME=xenial
DISTRIB_DESCRIPTION="Ubuntu 16.04.1 LTS"

uname:Linux 4.4.0-104-generic #127-Ubuntu SMP Mon Dec 11 12:16:50 UTC 2017 i686
libc:glibc 2.23 NPTL 2.23 
rlimit: STACK 8192k, CORE 0k, NPROC 63057, NOFILE 65536, AS infinity
load average:71.54 69.63 71.80

/proc/meminfo:
MemTotal:        8107456 kB
MemFree:          394844 kB
MemAvailable:          0 kB
Buffers:           22304 kB
Cached:           154308 kB
SwapCached:        21112 kB
Active:          6318176 kB
Inactive:        1161716 kB
Active(anon):    6292068 kB
Inactive(anon):  1143348 kB
Active(file):      26108 kB
Inactive(file):    18368 kB
Unevictable:           0 kB
Mlocked:               0 kB
HighTotal:       7292552 kB
HighFree:          90904 kB
LowTotal:         814904 kB
LowFree:          303940 kB
SwapTotal:       4007932 kB
SwapFree:              0 kB
Dirty:              1776 kB
Writeback:             0 kB
AnonPages:       7282376 kB
Mapped:            22296 kB
Shmem:            132144 kB
Slab:              93228 kB
SReclaimable:      29552 kB
SUnreclaim:        63676 kB
KernelStack:       28560 kB
PageTables:        63772 kB
NFS_Unstable:          0 kB
Bounce:                0 kB
WritebackTmp:          0 kB
CommitLimit:     8061660 kB
Committed_AS:   28203932 kB
VmallocTotal:     122880 kB
VmallocUsed:           0 kB
VmallocChunk:          0 kB
AnonHugePages:   3473408 kB
CmaTotal:              0 kB
CmaFree:               0 kB
HugePages_Total:       0
HugePages_Free:        0
HugePages_Rsvd:        0
HugePages_Surp:        0
Hugepagesize:       2048 kB
DirectMap4k:       40952 kB
DirectMap2M:      870400 kB


CPU:total 4 (initial active 4) (2 cores per cpu, 2 threads per core) family 6 model 58 stepping 9, cmov, cx8, fxsr, mmx, sse, sse2, sse3, ssse3, sse4.1, sse4.2, popcnt, avx, aes, clmul, erms, ht, tsc, tscinvbit, tscinv

/proc/cpuinfo:
processor	: 0
vendor_id	: GenuineIntel
cpu family	: 6
model		: 58
model name	: Intel(R) Core(TM) i5-3427U CPU @ 1.80GHz
stepping	: 9
microcode	: 0x17
cpu MHz		: 2599.988
cache size	: 3072 KB
physical id	: 0
siblings	: 4
core id		: 0
cpu cores	: 2
apicid		: 0
initial apicid	: 0
fdiv_bug	: no
f00f_bug	: no
coma_bug	: no
fpu		: yes
fpu_exception	: yes
cpuid level	: 13
wp		: yes
flags		: fpu vme de pse tsc msr pae mce cx8 apic sep mtrr pge mca cmov pat pse36 clflush dts acpi mmx fxsr sse sse2 ss ht tm pbe nx rdtscp lm constant_tsc arch_perfmon pebs bts xtopology nonstop_tsc aperfmperf eagerfpu pni pclmulqdq dtes64 monitor ds_cpl vmx smx est tm2 ssse3 cx16 xtpr pdcm pcid sse4_1 sse4_2 x2apic popcnt tsc_deadline_timer aes xsave avx f16c rdrand lahf_lm epb tpr_shadow vnmi flexpriority ept vpid fsgsbase smep erms xsaveopt dtherm ida arat pln pts
bugs		:
bogomips	: 4589.83
clflush size	: 64
cache_alignment	: 64
address sizes	: 36 bits physical, 48 bits virtual
power management:

processor	: 1
vendor_id	: GenuineIntel
cpu family	: 6
model		: 58
model name	: Intel(R) Core(TM) i5-3427U CPU @ 1.80GHz
stepping	: 9
microcode	: 0x17
cpu MHz		: 2599.988
cache size	: 3072 KB
physical id	: 0
siblings	: 4
core id		: 1
cpu cores	: 2
apicid		: 2
initial apicid	: 2
fdiv_bug	: no
f00f_bug	: no
coma_bug	: no
fpu		: yes
fpu_exception	: yes
cpuid level	: 13
wp		: yes
flags		: fpu vme de pse tsc msr pae mce cx8 apic sep mtrr pge mca cmov pat pse36 clflush dts acpi mmx fxsr sse sse2 ss ht tm pbe nx rdtscp lm constant_tsc arch_perfmon pebs bts xtopology nonstop_tsc aperfmperf eagerfpu pni pclmulqdq dtes64 monitor ds_cpl vmx smx est tm2 ssse3 cx16 xtpr pdcm pcid sse4_1 sse4_2 x2apic popcnt tsc_deadline_timer aes xsave avx f16c rdrand lahf_lm epb tpr_shadow vnmi flexpriority ept vpid fsgsbase smep erms xsaveopt dtherm ida arat pln pts
bugs		:
bogomips	: 4589.83
clflush size	: 64
cache_alignment	: 64
address sizes	: 36 bits physical, 48 bits virtual
power management:

processor	: 2
vendor_id	: GenuineIntel
cpu family	: 6
model		: 58
model name	: Intel(R) Core(TM) i5-3427U CPU @ 1.80GHz
stepping	: 9
microcode	: 0x17
cpu MHz		: 2599.988
cache size	: 3072 KB
physical id	: 0
siblings	: 4
core id		: 0
cpu cores	: 2
apicid		: 1
initial apicid	: 1
fdiv_bug	: no
f00f_bug	: no
coma_bug	: no
fpu		: yes
fpu_exception	: yes
cpuid level	: 13
wp		: yes
flags		: fpu vme de pse tsc msr pae mce cx8 apic sep mtrr pge mca cmov pat pse36 clflush dts acpi mmx fxsr sse sse2 ss ht tm pbe nx rdtscp lm constant_tsc arch_perfmon pebs bts xtopology nonstop_tsc aperfmperf eagerfpu pni pclmulqdq dtes64 monitor ds_cpl vmx smx est tm2 ssse3 cx16 xtpr pdcm pcid sse4_1 sse4_2 x2apic popcnt tsc_deadline_timer aes xsave avx f16c rdrand lahf_lm epb tpr_shadow vnmi flexpriority ept vpid fsgsbase smep erms xsaveopt dtherm ida arat pln pts
bugs		:
bogomips	: 4589.83
clflush size	: 64
cache_alignment	: 64
address sizes	: 36 bits physical, 48 bits virtual
power management:

processor	: 3
vendor_id	: GenuineIntel
cpu family	: 6
model		: 58
model name	: Intel(R) Core(TM) i5-3427U CPU @ 1.80GHz
stepping	: 9
microcode	: 0x17
cpu MHz		: 2599.988
cache size	: 3072 KB
physical id	: 0
siblings	: 4
core id		: 1
cpu cores	: 2
apicid		: 3
initial apicid	: 3
fdiv_bug	: no
f00f_bug	: no
coma_bug	: no
fpu		: yes
fpu_exception	: yes
cpuid level	: 13
wp		: yes
flags		: fpu vme de pse tsc msr pae mce cx8 apic sep mtrr pge mca cmov pat pse36 clflush dts acpi mmx fxsr sse sse2 ss ht tm pbe nx rdtscp lm constant_tsc arch_perfmon pebs bts xtopology nonstop_tsc aperfmperf eagerfpu pni pclmulqdq dtes64 monitor ds_cpl vmx smx est tm2 ssse3 cx16 xtpr pdcm pcid sse4_1 sse4_2 x2apic popcnt tsc_deadline_timer aes xsave avx f16c rdrand lahf_lm epb tpr_shadow vnmi flexpriority ept vpid fsgsbase smep erms xsaveopt dtherm ida arat pln pts
bugs		:
bogomips	: 4589.83
clflush size	: 64
cache_alignment	: 64
address sizes	: 36 bits physical, 48 bits virtual
power management:



Memory: 4k page, physical 8107456k(394720k free), swap 4007932k(0k free)

vm_info: OpenJDK Server VM (25.151-b12) for linux-x86 JRE (1.8.0_151-8u151-b12-0ubuntu0.16.04.2-b12), built on Oct 27 2017 22:05:04 by "buildd" with gcc 5.4.0 20160609

time: Tue Dec 19 07:40:06 2017
elapsed time: 5 seconds (0d 0h 0m 5s)

