#
# There is insufficient memory for the Java Runtime Environment to continue.
# Native memory allocation (mmap) failed to map 131072 bytes for committing reserved memory.
# Possible reasons:
#   The system is out of physical RAM or swap space
#   In 32 bit mode, the process size limit was hit
# Possible solutions:
#   Reduce memory load on the system
#   Increase physical memory or swap space
#   Check if swap backing store is full
#   Use 64 bit Java on a 64 bit OS
#   Decrease Java heap size (-Xmx/-Xms)
#   Decrease number of Java threads
#   Decrease Java thread stack sizes (-Xss)
#   Set larger code cache with -XX:ReservedCodeCacheSize=
# This output file may be truncated or incomplete.
#
#  Out of Memory Error (os_linux.cpp:2643), pid=25197, tid=0xb63c5b40
#
# JRE version: OpenJDK Runtime Environment (8.0_151-b12) (build 1.8.0_151-8u151-b12-0ubuntu0.16.04.2-b12)
# Java VM: OpenJDK Server VM (25.151-b12 mixed mode linux-x86 )
# Failed to write core dump. Core dumps have been disabled. To enable core dumping, try "ulimit -c unlimited" before starting Java again
#

---------------  T H R E A D  ---------------

Current thread (0xb6207800):  JavaThread "main" [_thread_in_vm, id=25485, stack(0xb6375000,0xb63c6000)]

Stack: [0xb6375000,0xb63c6000],  sp=0xb63c283c,  free space=310k
Native frames: (J=compiled Java code, j=interpreted, Vv=VM code, C=native code)
V  [libjvm.so+0x8d6834]
V  [libjvm.so+0x3a7c76]
V  [libjvm.so+0x7420c0]
V  [libjvm.so+0x73c013]
V  [libjvm.so+0x8d3264]
V  [libjvm.so+0x6cdd63]
V  [libjvm.so+0x6cdf7a]
V  [libjvm.so+0x6ceb05]
V  [libjvm.so+0x6cec5a]
V  [libjvm.so+0x6cfc9a]
V  [libjvm.so+0x6cfe8d]
V  [libjvm.so+0x3a528d]
V  [libjvm.so+0x3186e0]
V  [libjvm.so+0x319c32]
V  [libjvm.so+0x320d96]
V  [libjvm.so+0x853dd4]
V  [libjvm.so+0x8528ff]
V  [libjvm.so+0x854906]
V  [libjvm.so+0x39b0be]
V  [libjvm.so+0x50e3d6]
j  sun.util.locale.provider.CalendarProviderImpl.getInstance(Ljava/util/TimeZone;Ljava/util/Locale;)Ljava/util/Calendar;+0
j  java.util.Calendar.createCalendar(Ljava/util/TimeZone;Ljava/util/Locale;)Ljava/util/Calendar;+17
j  java.util.Calendar.getInstance(Ljava/util/TimeZone;Ljava/util/Locale;)Ljava/util/Calendar;+2
j  java.text.SimpleDateFormat.initializeCalendar(Ljava/util/Locale;)V+30
j  java.text.SimpleDateFormat.<init>(Ljava/lang/String;Ljava/util/Locale;)V+43
j  sun.util.locale.provider.DateFormatProviderImpl.getInstance(IILjava/util/Locale;)Ljava/text/DateFormat;+19
j  sun.util.locale.provider.DateFormatProviderImpl.getDateInstance(ILjava/util/Locale;)Ljava/text/DateFormat;+4
j  java.text.DateFormat.get(Lsun/util/locale/provider/LocaleProviderAdapter;IILjava/util/Locale;)Ljava/text/DateFormat;+15
j  java.text.DateFormat.get(IIILjava/util/Locale;)Ljava/text/DateFormat;+101
j  java.text.DateFormat.getDateInstance()Ljava/text/DateFormat;+9
j  com.owlike.genson.convert.DefaultConverters$DateConverter.<init>()V+1
j  com.owlike.genson.ext.jaxb.JAXBBundle$XMLGregorianCalendarConverter.<init>(Lcom/owlike/genson/ext/jaxb/JAXBBundle;)V+14
j  com.owlike.genson.ext.jaxb.JAXBBundle$XMLGregorianCalendarConverter.<init>(Lcom/owlike/genson/ext/jaxb/JAXBBundle;Lcom/owlike/genson/ext/jaxb/JAXBBundle$1;)V+2
j  com.owlike.genson.ext.jaxb.JAXBBundle.configure(Lcom/owlike/genson/Genson$Builder;)V+13
j  com.owlike.genson.Genson$Builder.create()Lcom/owlike/genson/Genson;+31
j  com.owlike.genson.ext.jaxrs.GensonJsonConverter$GensonStandardResolver.createDefaultInstance()Lcom/owlike/genson/Genson;+32
j  com.owlike.genson.ext.jaxrs.GensonJsonConverter$GensonStandardResolver.<init>()V+6
j  com.owlike.genson.ext.jaxrs.GensonJsonConverter.<init>()V+5
v  ~StubRoutines::call_stub
V  [libjvm.so+0x51faad]
V  [libjvm.so+0x746985]
V  [libjvm.so+0x51ebea]
V  [libjvm.so+0x7b8d25]
V  [libjvm.so+0x7bb00e]
V  [libjvm.so+0x565ccb]  JVM_NewInstanceFromConstructor+0x6b
C  [libjava.so+0xcf80]  Java_sun_reflect_NativeConstructorAccessorImpl_newInstance0+0x20
j  sun.reflect.NativeConstructorAccessorImpl.newInstance0(Ljava/lang/reflect/Constructor;[Ljava/lang/Object;)Ljava/lang/Object;+0
j  sun.reflect.NativeConstructorAccessorImpl.newInstance([Ljava/lang/Object;)Ljava/lang/Object;+85
J 1235 C1 sun.reflect.DelegatingConstructorAccessorImpl.newInstance([Ljava/lang/Object;)Ljava/lang/Object; (9 bytes) @ 0xa72ad3c0 [0xa72ad2e0+0xe0]
j  java.lang.reflect.Constructor.newInstance([Ljava/lang/Object;)Ljava/lang/Object;+79
J 788 C1 java.lang.Class.newInstance()Ljava/lang/Object; (155 bytes) @ 0xa743a940 [0xa743a240+0x700]
j  org.glassfish.jersey.internal.ServiceFinder$LazyObjectIterator.hasNext()Z+115
j  org.glassfish.jersey.internal.ServiceFinderBinder.configure()V+13
j  org.glassfish.hk2.utilities.binding.AbstractBinder.bind(Lorg/glassfish/hk2/api/DynamicConfiguration;)V+37
j  org.glassfish.hk2.utilities.binding.AbstractBinder.install([Lorg/glassfish/hk2/utilities/Binder;)V+23
j  org.glassfish.jersey.message.internal.MessagingBinders$MessageBodyProviders.configure()V+302
j  org.glassfish.hk2.utilities.binding.AbstractBinder.bind(Lorg/glassfish/hk2/api/DynamicConfiguration;)V+37
j  org.glassfish.hk2.utilities.binding.AbstractBinder.install([Lorg/glassfish/hk2/utilities/Binder;)V+23
j  org.glassfish.jersey.server.ServerBinder.configure()V+237
j  org.glassfish.hk2.utilities.binding.AbstractBinder.bind(Lorg/glassfish/hk2/api/DynamicConfiguration;)V+37
j  org.glassfish.jersey.internal.inject.Injections.bind(Lorg/glassfish/hk2/api/ServiceLocator;Lorg/glassfish/hk2/utilities/Binder;)V+33
j  org.glassfish.jersey.internal.inject.Injections._createLocator(Ljava/lang/String;Lorg/glassfish/hk2/api/ServiceLocator;[Lorg/glassfish/hk2/utilities/Binder;)Lorg/glassfish/hk2/api/ServiceLocator;+44
j  org.glassfish.jersey.internal.inject.Injections.createLocator([Lorg/glassfish/hk2/utilities/Binder;)Lorg/glassfish/hk2/api/ServiceLocator;+3
j  org.glassfish.jersey.server.ApplicationHandler.<init>(Ljavax/ws/rs/core/Application;)V+31
j  org.glassfish.jersey.server.ContainerFactory.createContainer(Ljava/lang/Class;Ljavax/ws/rs/core/Application;)Ljava/lang/Object;+5
j  org.glassfish.jersey.jdkhttp.JdkHttpServerFactory.createHttpServer(Ljava/net/URI;Lorg/glassfish/jersey/server/ResourceConfig;)Lcom/sun/net/httpserver/HttpServer;+4
j  org.glassfish.jersey.jdkhttp.JdkHttpServerFactory$createHttpServer.call(Ljava/lang/Object;[Ljava/lang/Object;)Ljava/lang/Object;+21
j  org.codehaus.groovy.runtime.callsite.CallSiteArray.defaultCall(Lorg/codehaus/groovy/runtime/callsite/CallSite;Ljava/lang/Object;[Ljava/lang/Object;)Ljava/lang/Object;+8
j  org.codehaus.groovy.runtime.callsite.AbstractCallSite.call(Ljava/lang/Object;[Ljava/lang/Object;)Ljava/lang/Object;+3
j  org.codehaus.groovy.runtime.callsite.AbstractCallSite.call(Ljava/lang/Object;Ljava/lang/Object;Ljava/lang/Object;)Ljava/lang/Object;+38
j  test.HttpCat.main([Ljava/lang/String;)V+557
v  ~StubRoutines::call_stub
V  [libjvm.so+0x51faad]
V  [libjvm.so+0x746985]
V  [libjvm.so+0x51ebea]
V  [libjvm.so+0x7b8d25]
V  [libjvm.so+0x7baa5e]
V  [libjvm.so+0x565ade]  JVM_InvokeMethod+0x10e
C  [libjava.so+0xcf53]  Java_sun_reflect_NativeMethodAccessorImpl_invoke0+0x23
j  sun.reflect.NativeMethodAccessorImpl.invoke0(Ljava/lang/reflect/Method;Ljava/lang/Object;[Ljava/lang/Object;)Ljava/lang/Object;+0
j  sun.reflect.NativeMethodAccessorImpl.invoke(Ljava/lang/Object;[Ljava/lang/Object;)Ljava/lang/Object;+100
j  sun.reflect.DelegatingMethodAccessorImpl.invoke(Ljava/lang/Object;[Ljava/lang/Object;)Ljava/lang/Object;+6
j  java.lang.reflect.Method.invoke(Ljava/lang/Object;[Ljava/lang/Object;)Ljava/lang/Object;+56
j  org.codehaus.groovy.reflection.CachedMethod.invoke(Ljava/lang/Object;[Ljava/lang/Object;)Ljava/lang/Object;+6
j  groovy.lang.MetaMethod.doMethodInvoke(Ljava/lang/Object;[Ljava/lang/Object;)Ljava/lang/Object;+9
j  groovy.lang.MetaClassImpl.invokeStaticMethod(Ljava/lang/Object;Ljava/lang/String;[Ljava/lang/Object;)Ljava/lang/Object;+103
j  org.codehaus.groovy.runtime.InvokerHelper.invokeMethod(Ljava/lang/Object;Ljava/lang/String;Ljava/lang/Object;)Ljava/lang/Object;+39
j  groovy.lang.GroovyShell.runScriptOrMainOrTestOrRunnable(Ljava/lang/Class;[Ljava/lang/String;)Ljava/lang/Object;+138
j  groovy.lang.GroovyShell.run(Lgroovy/lang/GroovyCodeSource;[Ljava/lang/String;)Ljava/lang/Object;+9
j  groovy.lang.GroovyShell.run(Lgroovy/lang/GroovyCodeSource;Ljava/util/List;)Ljava/lang/Object;+23
j  groovy.ui.GroovyMain.processOnce()V+33
j  groovy.ui.GroovyMain.run()Z+29
j  groovy.ui.GroovyMain.process(Lgroovyjarjarcommonscli/CommandLine;)Z+602
j  groovy.ui.GroovyMain.processArgs([Ljava/lang/String;Ljava/io/PrintStream;)V+108
j  groovy.ui.GroovyMain.main([Ljava/lang/String;)V+4
v  ~StubRoutines::call_stub
V  [libjvm.so+0x51faad]
V  [libjvm.so+0x746985]
V  [libjvm.so+0x51ebea]
V  [libjvm.so+0x7b8d25]
...<more frames>...

Java frames: (J=compiled Java code, j=interpreted, Vv=VM code)
j  sun.util.locale.provider.CalendarProviderImpl.getInstance(Ljava/util/TimeZone;Ljava/util/Locale;)Ljava/util/Calendar;+0
j  java.util.Calendar.createCalendar(Ljava/util/TimeZone;Ljava/util/Locale;)Ljava/util/Calendar;+17
j  java.util.Calendar.getInstance(Ljava/util/TimeZone;Ljava/util/Locale;)Ljava/util/Calendar;+2
j  java.text.SimpleDateFormat.initializeCalendar(Ljava/util/Locale;)V+30
j  java.text.SimpleDateFormat.<init>(Ljava/lang/String;Ljava/util/Locale;)V+43
j  sun.util.locale.provider.DateFormatProviderImpl.getInstance(IILjava/util/Locale;)Ljava/text/DateFormat;+19
j  sun.util.locale.provider.DateFormatProviderImpl.getDateInstance(ILjava/util/Locale;)Ljava/text/DateFormat;+4
j  java.text.DateFormat.get(Lsun/util/locale/provider/LocaleProviderAdapter;IILjava/util/Locale;)Ljava/text/DateFormat;+15
j  java.text.DateFormat.get(IIILjava/util/Locale;)Ljava/text/DateFormat;+101
j  java.text.DateFormat.getDateInstance()Ljava/text/DateFormat;+9
j  com.owlike.genson.convert.DefaultConverters$DateConverter.<init>()V+1
j  com.owlike.genson.ext.jaxb.JAXBBundle$XMLGregorianCalendarConverter.<init>(Lcom/owlike/genson/ext/jaxb/JAXBBundle;)V+14
j  com.owlike.genson.ext.jaxb.JAXBBundle$XMLGregorianCalendarConverter.<init>(Lcom/owlike/genson/ext/jaxb/JAXBBundle;Lcom/owlike/genson/ext/jaxb/JAXBBundle$1;)V+2
j  com.owlike.genson.ext.jaxb.JAXBBundle.configure(Lcom/owlike/genson/Genson$Builder;)V+13
j  com.owlike.genson.Genson$Builder.create()Lcom/owlike/genson/Genson;+31
j  com.owlike.genson.ext.jaxrs.GensonJsonConverter$GensonStandardResolver.createDefaultInstance()Lcom/owlike/genson/Genson;+32
j  com.owlike.genson.ext.jaxrs.GensonJsonConverter$GensonStandardResolver.<init>()V+6
j  com.owlike.genson.ext.jaxrs.GensonJsonConverter.<init>()V+5
v  ~StubRoutines::call_stub
j  sun.reflect.NativeConstructorAccessorImpl.newInstance0(Ljava/lang/reflect/Constructor;[Ljava/lang/Object;)Ljava/lang/Object;+0
j  sun.reflect.NativeConstructorAccessorImpl.newInstance([Ljava/lang/Object;)Ljava/lang/Object;+85
J 1235 C1 sun.reflect.DelegatingConstructorAccessorImpl.newInstance([Ljava/lang/Object;)Ljava/lang/Object; (9 bytes) @ 0xa72ad3c0 [0xa72ad2e0+0xe0]
j  java.lang.reflect.Constructor.newInstance([Ljava/lang/Object;)Ljava/lang/Object;+79
J 788 C1 java.lang.Class.newInstance()Ljava/lang/Object; (155 bytes) @ 0xa743a940 [0xa743a240+0x700]
j  org.glassfish.jersey.internal.ServiceFinder$LazyObjectIterator.hasNext()Z+115
j  org.glassfish.jersey.internal.ServiceFinderBinder.configure()V+13
j  org.glassfish.hk2.utilities.binding.AbstractBinder.bind(Lorg/glassfish/hk2/api/DynamicConfiguration;)V+37
j  org.glassfish.hk2.utilities.binding.AbstractBinder.install([Lorg/glassfish/hk2/utilities/Binder;)V+23
j  org.glassfish.jersey.message.internal.MessagingBinders$MessageBodyProviders.configure()V+302
j  org.glassfish.hk2.utilities.binding.AbstractBinder.bind(Lorg/glassfish/hk2/api/DynamicConfiguration;)V+37
j  org.glassfish.hk2.utilities.binding.AbstractBinder.install([Lorg/glassfish/hk2/utilities/Binder;)V+23
j  org.glassfish.jersey.server.ServerBinder.configure()V+237
j  org.glassfish.hk2.utilities.binding.AbstractBinder.bind(Lorg/glassfish/hk2/api/DynamicConfiguration;)V+37
j  org.glassfish.jersey.internal.inject.Injections.bind(Lorg/glassfish/hk2/api/ServiceLocator;Lorg/glassfish/hk2/utilities/Binder;)V+33
j  org.glassfish.jersey.internal.inject.Injections._createLocator(Ljava/lang/String;Lorg/glassfish/hk2/api/ServiceLocator;[Lorg/glassfish/hk2/utilities/Binder;)Lorg/glassfish/hk2/api/ServiceLocator;+44
j  org.glassfish.jersey.internal.inject.Injections.createLocator([Lorg/glassfish/hk2/utilities/Binder;)Lorg/glassfish/hk2/api/ServiceLocator;+3
j  org.glassfish.jersey.server.ApplicationHandler.<init>(Ljavax/ws/rs/core/Application;)V+31
j  org.glassfish.jersey.server.ContainerFactory.createContainer(Ljava/lang/Class;Ljavax/ws/rs/core/Application;)Ljava/lang/Object;+5
j  org.glassfish.jersey.jdkhttp.JdkHttpServerFactory.createHttpServer(Ljava/net/URI;Lorg/glassfish/jersey/server/ResourceConfig;)Lcom/sun/net/httpserver/HttpServer;+4
j  org.glassfish.jersey.jdkhttp.JdkHttpServerFactory$createHttpServer.call(Ljava/lang/Object;[Ljava/lang/Object;)Ljava/lang/Object;+21
j  org.codehaus.groovy.runtime.callsite.CallSiteArray.defaultCall(Lorg/codehaus/groovy/runtime/callsite/CallSite;Ljava/lang/Object;[Ljava/lang/Object;)Ljava/lang/Object;+8
j  org.codehaus.groovy.runtime.callsite.AbstractCallSite.call(Ljava/lang/Object;[Ljava/lang/Object;)Ljava/lang/Object;+3
j  org.codehaus.groovy.runtime.callsite.AbstractCallSite.call(Ljava/lang/Object;Ljava/lang/Object;Ljava/lang/Object;)Ljava/lang/Object;+38
j  test.HttpCat.main([Ljava/lang/String;)V+557
v  ~StubRoutines::call_stub
j  sun.reflect.NativeMethodAccessorImpl.invoke0(Ljava/lang/reflect/Method;Ljava/lang/Object;[Ljava/lang/Object;)Ljava/lang/Object;+0
j  sun.reflect.NativeMethodAccessorImpl.invoke(Ljava/lang/Object;[Ljava/lang/Object;)Ljava/lang/Object;+100
j  sun.reflect.DelegatingMethodAccessorImpl.invoke(Ljava/lang/Object;[Ljava/lang/Object;)Ljava/lang/Object;+6
j  java.lang.reflect.Method.invoke(Ljava/lang/Object;[Ljava/lang/Object;)Ljava/lang/Object;+56
j  org.codehaus.groovy.reflection.CachedMethod.invoke(Ljava/lang/Object;[Ljava/lang/Object;)Ljava/lang/Object;+6
j  groovy.lang.MetaMethod.doMethodInvoke(Ljava/lang/Object;[Ljava/lang/Object;)Ljava/lang/Object;+9
j  groovy.lang.MetaClassImpl.invokeStaticMethod(Ljava/lang/Object;Ljava/lang/String;[Ljava/lang/Object;)Ljava/lang/Object;+103
j  org.codehaus.groovy.runtime.InvokerHelper.invokeMethod(Ljava/lang/Object;Ljava/lang/String;Ljava/lang/Object;)Ljava/lang/Object;+39
j  groovy.lang.GroovyShell.runScriptOrMainOrTestOrRunnable(Ljava/lang/Class;[Ljava/lang/String;)Ljava/lang/Object;+138
j  groovy.lang.GroovyShell.run(Lgroovy/lang/GroovyCodeSource;[Ljava/lang/String;)Ljava/lang/Object;+9
j  groovy.lang.GroovyShell.run(Lgroovy/lang/GroovyCodeSource;Ljava/util/List;)Ljava/lang/Object;+23
j  groovy.ui.GroovyMain.processOnce()V+33
j  groovy.ui.GroovyMain.run()Z+29
j  groovy.ui.GroovyMain.process(Lgroovyjarjarcommonscli/CommandLine;)Z+602
j  groovy.ui.GroovyMain.processArgs([Ljava/lang/String;Ljava/io/PrintStream;)V+108
j  groovy.ui.GroovyMain.main([Ljava/lang/String;)V+4
v  ~StubRoutines::call_stub
j  sun.reflect.NativeMethodAccessorImpl.invoke0(Ljava/lang/reflect/Method;Ljava/lang/Object;[Ljava/lang/Object;)Ljava/lang/Object;+0
j  sun.reflect.NativeMethodAccessorImpl.invoke(Ljava/lang/Object;[Ljava/lang/Object;)Ljava/lang/Object;+100
j  sun.reflect.DelegatingMethodAccessorImpl.invoke(Ljava/lang/Object;[Ljava/lang/Object;)Ljava/lang/Object;+6
j  java.lang.reflect.Method.invoke(Ljava/lang/Object;[Ljava/lang/Object;)Ljava/lang/Object;+56
j  org.codehaus.groovy.tools.GroovyStarter.rootLoader([Ljava/lang/String;)V+391
j  org.codehaus.groovy.tools.GroovyStarter.main([Ljava/lang/String;)V+1
v  ~StubRoutines::call_stub

---------------  P R O C E S S  ---------------

Java Threads: ( => current thread )
  0x637a9c00 JavaThread "Service Thread" daemon [_thread_blocked, id=25856, stack(0x630db000,0x6312c000)]
  0x637a7000 JavaThread "C1 CompilerThread2" daemon [_thread_blocked, id=25842, stack(0x6312c000,0x631ad000)]
  0x637a5c00 JavaThread "C2 CompilerThread1" daemon [_thread_blocked, id=25835, stack(0x631ad000,0x6322e000)]
  0x637a3c00 JavaThread "C2 CompilerThread0" daemon [_thread_blocked, id=25829, stack(0x6322e000,0x632af000)]
  0x637a2400 JavaThread "Signal Dispatcher" daemon [_thread_blocked, id=25819, stack(0x632af000,0x63300000)]
  0x63788800 JavaThread "Finalizer" daemon [_thread_blocked, id=25682, stack(0x63813000,0x63864000)]
  0x63785800 JavaThread "Reference Handler" daemon [_thread_blocked, id=25644, stack(0x6642e000,0x6647f000)]
=>0xb6207800 JavaThread "main" [_thread_in_vm, id=25485, stack(0xb6375000,0xb63c6000)]

Other Threads:
  0x63781000 VMThread [stack: 0x63864000,0x638e5000] [id=25611]
  0x637ab800 WatcherThread [stack: 0x6305a000,0x630db000] [id=25863]

VM state:not at safepoint (normal execution)

VM Mutex/Monitor currently owned by a thread: None

Heap:
 PSYoungGen      total 19200K, used 17724K [0x918c0000, 0x942c0000, 0xa6e00000)
  eden space 16640K, 91% used [0x918c0000,0x92791080,0x92900000)
  from space 2560K, 99% used [0x92900000,0x92b7e0e0,0x92b80000)
  to   space 4864K, 0% used [0x93e00000,0x93e00000,0x942c0000)
 ParOldGen       total 43776K, used 5227K [0x66e00000, 0x698c0000, 0x918c0000)
  object space 43776K, 11% used [0x66e00000,0x6731aef0,0x698c0000)
 Metaspace       used 9779K, capacity 9877K, committed 9880K, reserved 10544K

Card table byte_map: [0x66bff000,0x66e00000] byte_map_base: 0x668c8000

Marking Bits: (ParMarkBitMap*) 0xb70eb880
 Begin Bits: [0x64300000, 0x65300000)
 End Bits:   [0x65300000, 0x66300000)

Polling page: 0xb76f8000

CodeCache: size=245760Kb used=4051Kb max_used=4064Kb free=241708Kb
 bounds [0xa71e0000, 0xa75e0000, 0xb61e0000]
 total_blobs=1605 nmethods=1185 adapters=334
 compilation: enabled

Compilation events (10 events):
Event: 101.047 Thread 0x637a7000 1265       3       java.lang.String::compareTo (9 bytes)
Event: 101.047 Thread 0x637a7000 nmethod 1265 0xa72f7608 code [0xa72f7720, 0xa72f794c]
Event: 101.047 Thread 0x637a7000 1266  s    3       java.io.ByteArrayInputStream::read (36 bytes)
Event: 101.048 Thread 0x637a7000 nmethod 1266 0xa72f7148 code [0xa72f7280, 0xa72f7500]
Event: 101.048 Thread 0x637a7000 1267       3       java.io.DataInputStream::readByte (23 bytes)
Event: 101.048 Thread 0x637a7000 nmethod 1267 0xa72f6cc8 code [0xa72f6e00, 0xa72f7038]
Event: 101.091 Thread 0x637a7000 1268       3       sun.util.calendar.ZoneInfoFile::indexOf (32 bytes)
Event: 101.092 Thread 0x637a7000 nmethod 1268 0xa72f6848 code [0xa72f6960, 0xa72f6b20]
Event: 101.092 Thread 0x637a7000 1269       3       java.util.zip.CRC32::update (16 bytes)
Event: 101.092 Thread 0x637a7000 nmethod 1269 0xa72f6588 code [0xa72f66a0, 0xa72f67a0]

GC Heap History (10 events):
Event: 29.858 GC heap before
{Heap before GC invocations=1 (full 0):
 PSYoungGen      total 19200K, used 16640K [0x918c0000, 0x92e00000, 0xa6e00000)
  eden space 16640K, 100% used [0x918c0000,0x92900000,0x92900000)
  from space 2560K, 0% used [0x92b80000,0x92b80000,0x92e00000)
  to   space 2560K, 0% used [0x92900000,0x92900000,0x92b80000)
 ParOldGen       total 43776K, used 0K [0x66e00000, 0x698c0000, 0x918c0000)
  object space 43776K, 0% used [0x66e00000,0x66e00000,0x698c0000)
 Metaspace       used 3721K, capacity 3786K, committed 3864K, reserved 4400K
Event: 29.865 GC heap after
Heap after GC invocations=1 (full 0):
 PSYoungGen      total 19200K, used 2546K [0x918c0000, 0x92e00000, 0xa6e00000)
  eden space 16640K, 0% used [0x918c0000,0x918c0000,0x92900000)
  from space 2560K, 99% used [0x92900000,0x92b7ca68,0x92b80000)
  to   space 2560K, 0% used [0x92b80000,0x92b80000,0x92e00000)
 ParOldGen       total 43776K, used 125K [0x66e00000, 0x698c0000, 0x918c0000)
  object space 43776K, 0% used [0x66e00000,0x66e1f620,0x698c0000)
 Metaspace       used 3721K, capacity 3786K, committed 3864K, reserved 4400K
}
Event: 48.179 GC heap before
{Heap before GC invocations=2 (full 0):
 PSYoungGen      total 19200K, used 19186K [0x918c0000, 0x92e00000, 0xa6e00000)
  eden space 16640K, 100% used [0x918c0000,0x92900000,0x92900000)
  from space 2560K, 99% used [0x92900000,0x92b7ca68,0x92b80000)
  to   space 2560K, 0% used [0x92b80000,0x92b80000,0x92e00000)
 ParOldGen       total 43776K, used 125K [0x66e00000, 0x698c0000, 0x918c0000)
  object space 43776K, 0% used [0x66e00000,0x66e1f620,0x698c0000)
 Metaspace       used 6101K, capacity 6154K, committed 6168K, reserved 6448K
Event: 48.206 GC heap after
Heap after GC invocations=2 (full 0):
 PSYoungGen      total 19200K, used 2544K [0x918c0000, 0x92e00000, 0xa6e00000)
  eden space 16640K, 0% used [0x918c0000,0x918c0000,0x92900000)
  from space 2560K, 99% used [0x92b80000,0x92dfc170,0x92e00000)
  to   space 2560K, 0% used [0x92900000,0x92900000,0x92b80000)
 ParOldGen       total 43776K, used 1394K [0x66e00000, 0x698c0000, 0x918c0000)
  object space 43776K, 3% used [0x66e00000,0x66f5ca20,0x698c0000)
 Metaspace       used 6101K, capacity 6154K, committed 6168K, reserved 6448K
}
Event: 60.965 GC heap before
{Heap before GC invocations=3 (full 0):
 PSYoungGen      total 19200K, used 19184K [0x918c0000, 0x92e00000, 0xa6e00000)
  eden space 16640K, 100% used [0x918c0000,0x92900000,0x92900000)
  from space 2560K, 99% used [0x92b80000,0x92dfc170,0x92e00000)
  to   space 2560K, 0% used [0x92900000,0x92900000,0x92b80000)
 ParOldGen       total 43776K, used 1394K [0x66e00000, 0x698c0000, 0x918c0000)
  object space 43776K, 3% used [0x66e00000,0x66f5ca20,0x698c0000)
 Metaspace       used 6728K, capacity 6796K, committed 6936K, reserved 7472K
Event: 60.981 GC heap after
Heap after GC invocations=3 (full 0):
 PSYoungGen      total 19200K, used 2548K [0x918c0000, 0x92e00000, 0xa6e00000)
  eden space 16640K, 0% used [0x918c0000,0x918c0000,0x92900000)
  from space 2560K, 99% used [0x92900000,0x92b7d130,0x92b80000)
  to   space 2560K, 0% used [0x92b80000,0x92b80000,0x92e00000)
 ParOldGen       total 43776K, used 2007K [0x66e00000, 0x698c0000, 0x918c0000)
  object space 43776K, 4% used [0x66e00000,0x66ff5c00,0x698c0000)
 Metaspace       used 6728K, capacity 6796K, committed 6936K, reserved 7472K
}
Event: 79.242 GC heap before
{Heap before GC invocations=4 (full 0):
 PSYoungGen      total 19200K, used 19188K [0x918c0000, 0x92e00000, 0xa6e00000)
  eden space 16640K, 100% used [0x918c0000,0x92900000,0x92900000)
  from space 2560K, 99% used [0x92900000,0x92b7d130,0x92b80000)
  to   space 2560K, 0% used [0x92b80000,0x92b80000,0x92e00000)
 ParOldGen       total 43776K, used 2007K [0x66e00000, 0x698c0000, 0x918c0000)
  object space 43776K, 4% used [0x66e00000,0x66ff5c00,0x698c0000)
 Metaspace       used 8342K, capacity 8413K, committed 8472K, reserved 8496K
Event: 79.267 GC heap after
Heap after GC invocations=4 (full 0):
 PSYoungGen      total 19200K, used 2556K [0x918c0000, 0x92e00000, 0xa6e00000)
  eden space 16640K, 0% used [0x918c0000,0x918c0000,0x92900000)
  from space 2560K, 99% used [0x92b80000,0x92dff148,0x92e00000)
  to   space 2560K, 0% used [0x92900000,0x92900000,0x92b80000)
 ParOldGen       total 43776K, used 3756K [0x66e00000, 0x698c0000, 0x918c0000)
  object space 43776K, 8% used [0x66e00000,0x671ab370,0x698c0000)
 Metaspace       used 8342K, capacity 8413K, committed 8472K, reserved 8496K
}
Event: 89.289 GC heap before
{Heap before GC invocations=5 (full 0):
 PSYoungGen      total 19200K, used 19196K [0x918c0000, 0x92e00000, 0xa6e00000)
  eden space 16640K, 100% used [0x918c0000,0x92900000,0x92900000)
  from space 2560K, 99% used [0x92b80000,0x92dff148,0x92e00000)
  to   space 2560K, 0% used [0x92900000,0x92900000,0x92b80000)
 ParOldGen       total 43776K, used 3756K [0x66e00000, 0x698c0000, 0x918c0000)
  object space 43776K, 8% used [0x66e00000,0x671ab370,0x698c0000)
 Metaspace       used 8971K, capacity 9107K, committed 9112K, reserved 9520K
Event: 89.683 GC heap after
Heap after GC invocations=5 (full 0):
 PSYoungGen      total 19200K, used 2552K [0x918c0000, 0x942c0000, 0xa6e00000)
  eden space 16640K, 0% used [0x918c0000,0x918c0000,0x92900000)
  from space 2560K, 99% used [0x92900000,0x92b7e0e0,0x92b80000)
  to   space 4864K, 0% used [0x93e00000,0x93e00000,0x942c0000)
 ParOldGen       total 43776K, used 5227K [0x66e00000, 0x698c0000, 0x918c0000)
  object space 43776K, 11% used [0x66e00000,0x6731aef0,0x698c0000)
 Metaspace       used 8971K, capacity 9107K, committed 9112K, reserved 9520K
}

Deoptimization events (10 events):
Event: 55.018 Thread 0xb6207800 Uncommon trap: reason=range_check action=make_not_entrant pc=0xa740d204 method=sun.reflect.generics.parser.SignatureParser.current()C @ 34
Event: 64.163 Thread 0xb6207800 Uncommon trap: reason=unstable_if action=reinterpret pc=0xa745b474 method=java.util.HashMap.hash(Ljava/lang/Object;)I @ 1
Event: 83.248 Thread 0xb6207800 Uncommon trap: reason=unstable_if action=reinterpret pc=0xa72a22b4 method=java.net.URI.match(CJJ)Z @ 45
Event: 83.248 Thread 0xb6207800 Uncommon trap: reason=unstable_if action=reinterpret pc=0xa729f6e0 method=java.net.URI.match(CJJ)Z @ 19
Event: 91.599 Thread 0xb6207800 Uncommon trap: reason=unstable_if action=reinterpret pc=0xa7494e88 method=java.util.HashMap.getNode(ILjava/lang/Object;)Ljava/util/HashMap$Node; @ 129
Event: 91.599 Thread 0xb6207800 Uncommon trap: reason=class_check action=maybe_recompile pc=0xa74c67e0 method=java.util.HashMap.putVal(ILjava/lang/Object;Ljava/lang/Object;ZZ)Ljava/lang/Object; @ 203
Event: 93.733 Thread 0xb6207800 Uncommon trap: reason=class_check action=maybe_recompile pc=0xa74c67e0 method=java.util.HashMap.putVal(ILjava/lang/Object;Ljava/lang/Object;ZZ)Ljava/lang/Object; @ 203
Event: 94.381 Thread 0xb6207800 Uncommon trap: reason=class_check action=maybe_recompile pc=0xa74c67e0 method=java.util.HashMap.putVal(ILjava/lang/Object;Ljava/lang/Object;ZZ)Ljava/lang/Object; @ 203
Event: 94.381 Thread 0xb6207800 Uncommon trap: reason=class_check action=maybe_recompile pc=0xa74c67e0 method=java.util.HashMap.putVal(ILjava/lang/Object;Ljava/lang/Object;ZZ)Ljava/lang/Object; @ 203
Event: 94.383 Thread 0xb6207800 Uncommon trap: reason=class_check action=maybe_recompile pc=0xa74c19fc method=java.util.HashMap.putVal(ILjava/lang/Object;Ljava/lang/Object;ZZ)Ljava/lang/Object; @ 203

Internal exceptions (10 events):
Event: 82.329 Thread 0xb6207800 Exception <a 'java/lang/ClassNotFoundException': org/codehaus/groovy/runtime/NullObjectBeanInfo> (0x91cf2060) thrown at [/build/openjdk-8-Y4imzb/openjdk-8-8u151-b12/src/hotspot/src/share/vm/classfile/systemDictionary.cpp, line 210]
Event: 82.480 Thread 0xb6207800 Exception <a 'java/lang/ClassNotFoundException': org/codehaus/groovy/runtime/NullObjectCustomizer> (0x91d34290) thrown at [/build/openjdk-8-Y4imzb/openjdk-8-8u151-b12/src/hotspot/src/share/vm/classfile/systemDictionary.cpp, line 210]
Event: 82.868 Thread 0xb6207800 Exception <a 'java/lang/ClassNotFoundException': java/net/URIBeanInfo> (0x91d91830) thrown at [/build/openjdk-8-Y4imzb/openjdk-8-8u151-b12/src/hotspot/src/share/vm/classfile/systemDictionary.cpp, line 210]
Event: 82.870 Thread 0xb6207800 Exception <a 'java/lang/ClassNotFoundException': java/net/URICustomizer> (0x91daf390) thrown at [/build/openjdk-8-Y4imzb/openjdk-8-8u151-b12/src/hotspot/src/share/vm/classfile/systemDictionary.cpp, line 210]
Event: 84.338 Thread 0xb6207800 Exception <a 'java/lang/ClassNotFoundException': org/glassfish/jersey/server/ResourceConfigBeanInfo> (0x91ef4540) thrown at [/build/openjdk-8-Y4imzb/openjdk-8-8u151-b12/src/hotspot/src/share/vm/classfile/systemDictionary.cpp, line 210]
Event: 84.474 Thread 0xb6207800 Exception <a 'java/lang/ClassNotFoundException': javax/ws/rs/core/ApplicationBeanInfo> (0x91f2a070) thrown at [/build/openjdk-8-Y4imzb/openjdk-8-8u151-b12/src/hotspot/src/share/vm/classfile/systemDictionary.cpp, line 210]
Event: 84.477 Thread 0xb6207800 Exception <a 'java/lang/ClassNotFoundException': javax/ws/rs/core/ApplicationCustomizer> (0x91f61a98) thrown at [/build/openjdk-8-Y4imzb/openjdk-8-8u151-b12/src/hotspot/src/share/vm/classfile/systemDictionary.cpp, line 210]
Event: 84.633 Thread 0xb6207800 Exception <a 'java/lang/ClassNotFoundException': org/glassfish/jersey/server/ResourceConfigCustomizer> (0x91fad368) thrown at [/build/openjdk-8-Y4imzb/openjdk-8-8u151-b12/src/hotspot/src/share/vm/classfile/systemDictionary.cpp, line 210]
Event: 87.362 Thread 0xb6207800 Exception <a 'java/lang/ClassNotFoundException': org/glassfish/jersey/jdkhttp/JdkHttpServerFactoryBeanInfo> (0x925481c8) thrown at [/build/openjdk-8-Y4imzb/openjdk-8-8u151-b12/src/hotspot/src/share/vm/classfile/systemDictionary.cpp, line 210]
Event: 87.363 Thread 0xb6207800 Exception <a 'java/lang/ClassNotFoundException': org/glassfish/jersey/jdkhttp/JdkHttpServerFactoryCustomizer> (0x925941f8) thrown at [/build/openjdk-8-Y4imzb/openjdk-8-8u151-b12/src/hotspot/src/share/vm/classfile/systemDictionary.cpp, line 210]

Events (10 events):
Event: 101.089 loading class java/util/zip/Checksum done
Event: 101.089 loading class java/util/zip/CRC32 done
Event: 101.089 loading class sun/util/calendar/ZoneInfoFile$Checksum done
Event: 101.090 loading class java/util/TimeZone$1
Event: 101.090 loading class java/util/TimeZone$1 done
Event: 101.090 loading class sun/util/spi/CalendarProvider
Event: 101.090 loading class sun/util/spi/CalendarProvider done
Event: 101.090 loading class sun/util/locale/provider/CalendarProviderImpl
Event: 101.090 loading class sun/util/locale/provider/CalendarProviderImpl done
Event: 101.090 loading class java/util/Calendar$Builder


Dynamic libraries:
08048000-08049000 r-xp 00000000 08:01 1693306    /usr/lib/jvm/java-8-openjdk-i386/jre/bin/java
08049000-0804a000 r--p 00000000 08:01 1693306    /usr/lib/jvm/java-8-openjdk-i386/jre/bin/java
0804a000-0804b000 rw-p 00001000 08:01 1693306    /usr/lib/jvm/java-8-openjdk-i386/jre/bin/java
09fd8000-09ff9000 rw-p 00000000 00:00 0          [heap]
61800000-618fb000 rw-p 00000000 00:00 0 
618fb000-61900000 ---p 00000000 00:00 0 
61900000-61960000 rw-p 00000000 00:00 0 
61980000-61a00000 ---p 00000000 00:00 0 
61a00000-61b00000 rw-p 00000000 00:00 0 
61b00000-61c00000 rw-p 00000000 00:00 0 
61c00000-61c29000 rw-p 00000000 00:00 0 
61c29000-61d00000 ---p 00000000 00:00 0 
61d00000-61da4000 rw-p 00000000 00:00 0 
61da4000-61e00000 ---p 00000000 00:00 0 
61e00000-61f00000 rw-p 00000000 00:00 0 
61f00000-61fcf000 rw-p 00000000 00:00 0 
61fcf000-62000000 ---p 00000000 00:00 0 
62000000-62100000 rw-p 00000000 00:00 0 
62100000-62200000 rw-p 00000000 00:00 0 
62200000-62400000 rw-p 00000000 00:00 0 
62400000-624fd000 rw-p 00000000 00:00 0 
624fd000-62500000 ---p 00000000 00:00 0 
62500000-625fe000 rw-p 00000000 00:00 0 
625fe000-62600000 ---p 00000000 00:00 0 
6260f000-62622000 r--s 00346000 08:01 1693287    /usr/lib/jvm/java-8-openjdk-i386/jre/lib/resources.jar
62622000-6269b000 r--s 010fe000 08:01 1694179    /usr/lib/jvm/java-8-openjdk-i386/lib/tools.jar
6269b000-6269e000 r--s 00023000 08:01 2478896    /home/sarnobat/github/groovy_libraries/.groovy/lib/maven-shared-utils-0.1.jar
6269e000-626a1000 r--s 0000b000 08:01 2478399    /home/sarnobat/github/groovy_libraries/.groovy/lib/concurrentlinkedhashmap-lru-1.3.1.jar
626a1000-626a8000 r--s 0005b000 08:01 2478897    /home/sarnobat/github/groovy_libraries/.groovy/lib/mongo-java-driver-2.10.1.jar
626a8000-626aa000 r--s 0000c000 08:01 2478389    /home/sarnobat/github/groovy_libraries/.groovy/lib/commons-exec-1.3.jar
626aa000-626ab000 r--s 0000a000 08:01 2478397    /home/sarnobat/github/groovy_libraries/.groovy/lib/commons-logging-api-1.1.jar
626ab000-626ad000 r--s 00008000 08:01 2478930    /home/sarnobat/github/groovy_libraries/.groovy/lib/vget-1.1.5.jar
626ad000-626bb000 r--s 000ad000 08:01 2478846    /home/sarnobat/github/groovy_libraries/.groovy/lib/jackson-mapper-asl-1.9.2.jar
626bb000-626c8000 r--s 000a2000 08:01 2478391    /home/sarnobat/github/groovy_libraries/.groovy/lib/commons-imaging-1.0-R1480221.jar
626c8000-626ca000 r--s 00000000 08:01 2478907    /home/sarnobat/github/groovy_libraries/.groovy/lib/plexus-component-annotations-1.5.5.jar
626ca000-626ce000 r--s 0000c000 08:01 2478929    /home/sarnobat/github/groovy_libraries/.groovy/lib/validation-api-1.1.0.Final.jar
626ce000-626db000 r--s 00082000 08:01 2478856    /home/sarnobat/github/groovy_libraries/.groovy/lib/jersey-common-2.0.jar
626db000-62700000 r--s 002e3000 08:01 2478932    /home/sarnobat/github/groovy_libraries/.groovy/lib/xalan-2.7.1.jar
62700000-627f9000 rw-p 00000000 00:00 0 
627f9000-62800000 ---p 00000000 00:00 0 
62800000-628fd000 rw-p 00000000 00:00 0 
628fd000-62900000 ---p 00000000 00:00 0 
62900000-62901000 r--s 00004000 08:01 2478901    /home/sarnobat/github/groovy_libraries/.groovy/lib/opencsv-2.3.jar
62901000-62903000 r--s 00005000 08:01 2478924    /home/sarnobat/github/groovy_libraries/.groovy/lib/slf4j-api-1.7.5.jar
62903000-62908000 r--s 0002a000 08:01 2478419    /home/sarnobat/github/groovy_libraries/.groovy/lib/gson-2.2.4.jar
62908000-62909000 r--s 00002000 08:01 2478875    /home/sarnobat/github/groovy_libraries/.groovy/lib/jsch.agentproxy.connector-factory-0.0.6.jar
62909000-6290b000 r--s 0000d000 08:01 2478912    /home/sarnobat/github/groovy_libraries/.groovy/lib/plexus-interpolation-1.13.jar
6290b000-6290e000 r--s 0001b000 08:01 2478888    /home/sarnobat/github/groovy_libraries/.groovy/lib/junit-3.8.2.jar
6290e000-6290f000 r--s 00001000 08:01 2478400    /home/sarnobat/github/groovy_libraries/.groovy/lib/doxia-sink-api-1.0-alpha-7.jar
6290f000-62911000 r--s 00011000 08:01 2478873    /home/sarnobat/github/groovy_libraries/.groovy/lib/jsch-extension-0.1.3.jar
62911000-62940000 r--s 0028b000 08:01 2478865    /home/sarnobat/github/groovy_libraries/.groovy/lib/jetty-all-9.2.21.v20170120.jar
62940000-62944000 r--s 00040000 08:01 2478871    /home/sarnobat/github/groovy_libraries/.groovy/lib/jsch-0.1.53-sources.jar
62944000-62947000 r--s 00023000 08:01 2478853    /home/sarnobat/github/groovy_libraries/.groovy/lib/jdom-1.0.jar
62947000-62948000 r--s 00003000 08:01 2478407    /home/sarnobat/github/groovy_libraries/.groovy/lib/geronimo-jta_1.1_spec-1.1.1.jar
62948000-62949000 r--s 00003000 08:01 2478857    /home/sarnobat/github/groovy_libraries/.groovy/lib/jersey-container-jdk-http-2.0.jar
62949000-6294d000 r--s 0003b000 08:01 2478870    /home/sarnobat/github/groovy_libraries/.groovy/lib/jsch-0.1.50.jar.disabled
6294d000-62951000 r--s 00032000 08:01 2478915    /home/sarnobat/github/groovy_libraries/.groovy/lib/rome-1.0.jar
62951000-6295c000 r--s 00068000 08:01 2478859    /home/sarnobat/github/groovy_libraries/.groovy/lib/jersey-core-1.17.1.jar
6295c000-6295e000 r--s 0000d000 08:01 2479615    /home/sarnobat/github/groovy_libraries/.groovy/lib/commons-codec-1.4.jar
6295e000-6295f000 r--s 00007000 08:01 2478923    /home/sarnobat/github/groovy_libraries/.groovy/lib/slf4j-api-1.7.12.jar
6295f000-62961000 r--s 0000a000 08:01 2478931    /home/sarnobat/github/groovy_libraries/.groovy/lib/wget-1.2.9.jar
62961000-62970000 r--s 00095000 08:01 2478927    /home/sarnobat/github/groovy_libraries/.groovy/lib/sshd-core-0.14.0.jar
62970000-62971000 r--s 00001000 08:01 2478881    /home/sarnobat/github/groovy_libraries/.groovy/lib/jsch.agentproxy.usocket-jna-0.0.6.jar
62971000-62973000 r--s 00000000 08:01 2478877    /home/sarnobat/github/groovy_libraries/.groovy/lib/jsch.agentproxy.jsch-0.0.6.jar
62973000-62977000 r--s 0001d000 08:01 2478933    /home/sarnobat/github/groovy_libraries/.groovy/lib/xbean-reflect-3.4.jar
62977000-6297c000 r--s 00047000 08:01 2478381    /home/sarnobat/github/groovy_libraries/.groovy/lib/asm-all-repackaged-2.1.88.jar
6297c000-6297e000 r--s 00000000 08:01 2478906    /home/sarnobat/github/groovy_libraries/.groovy/lib/plexus-compiler-manager-2.0.jar
6297e000-62980000 r--s 00002000 08:01 2478895    /home/sarnobat/github/groovy_libraries/.groovy/lib/maven-shared-incremental-1.0.jar
62980000-62982000 r--s 00001000 08:01 2478876    /home/sarnobat/github/groovy_libraries/.groovy/lib/jsch.agentproxy.core-0.0.6.jar
62982000-62984000 r--s 00282000 08:01 2478919    /home/sarnobat/github/groovy_libraries/.groovy/lib/selenium-firefox-driver-2.45.0.jar
62984000-62986000 r--s 00005000 08:01 2478847    /home/sarnobat/github/groovy_libraries/.groovy/lib/javax.annotation-api-1.2.jar
62986000-62987000 r--s 00001000 08:01 2478878    /home/sarnobat/github/groovy_libraries/.groovy/lib/jsch.agentproxy.pageant-0.0.6.jar
62987000-62989000 r--s 00000000 08:01 2478879    /home/sarnobat/github/groovy_libraries/.groovy/lib/jsch.agentproxy.sshagent-0.0.6.jar
62989000-6298b000 r--s 0000d000 08:01 2478416    /home/sarnobat/github/groovy_libraries/.groovy/lib/google-oauth-client-1.17.0-rc.jar
6298b000-6298f000 r--s 00025000 08:01 2478408    /home/sarnobat/github/groovy_libraries/.groovy/lib/google-api-client-1.17.0-rc.jar
6298f000-62990000 r--s 00001000 08:01 2478903    /home/sarnobat/github/groovy_libraries/.groovy/lib/plexus-build-api-0.0.4.jar
62990000-62993000 r--s 0001b000 08:01 2478887    /home/sarnobat/github/groovy_libraries/.groovy/lib/junit-3.8.1.jar
62993000-62997000 r--s 00019000 08:01 2478855    /home/sarnobat/github/groovy_libraries/.groovy/lib/jersey-client-2.0.jar
62997000-62a00000 r--s 003e4000 08:01 2478899    /home/sarnobat/github/groovy_libraries/.groovy/lib/neo4j-cypher-1.9.2.jar
62a00000-62aff000 rw-p 00000000 00:00 0 
62aff000-62b00000 ---p 00000000 00:00 0 
62b00000-62b02000 r--s 0000d000 08:01 2478874    /home/sarnobat/github/groovy_libraries/.groovy/lib/jsch-nio-0.1.5.jar
62b02000-62b08000 r--s 00033000 08:01 2478921    /home/sarnobat/github/groovy_libraries/.groovy/lib/selenium-remote-driver-2.45.0.jar
62b08000-62b0c000 r--s 0002f000 08:01 2478845    /home/sarnobat/github/groovy_libraries/.groovy/lib/jackson-core-2.1.3.jar
62b0c000-62b35000 r--s 001ee000 08:01 2478420    /home/sarnobat/github/groovy_libraries/.groovy/lib/guava-14.0.1.jar
62b35000-62b38000 r--s 00015000 08:01 2478409    /home/sarnobat/github/groovy_libraries/.groovy/lib/google-api-services-calendar-v3-rev72-1.17.0-rc.jar
62b38000-62b3a000 r--s 0000b000 08:01 2478427    /home/sarnobat/github/groovy_libraries/.groovy/lib/hk2-utils-2.1.88.jar
62b3a000-62b40000 r--s 00042000 08:01 2478885    /home/sarnobat/github/groovy_libraries/.groovy/lib/jsoup-1.7.2.jar
62b40000-62b4e000 r--s 0007f000 08:01 2478387    /home/sarnobat/github/groovy_libraries/.groovy/lib/commons-collections-3.2.1.jar
62b4e000-62b59000 r--s 00085000 08:01 2478429    /home/sarnobat/github/groovy_libraries/.groovy/lib/httpclient-4.3.3.jar
62b59000-62b5a000 r--s 00002000 08:01 2478417    /home/sarnobat/github/groovy_libraries/.groovy/lib/google-oauth-client-java6-1.17.0-rc.jar
62b5a000-62b5b000 r--s 00001000 08:01 2478883    /home/sarnobat/github/groovy_libraries/.groovy/lib/jsch.agentproxy.usocket-nc-0.0.6.jar
62b5b000-62b5f000 r--s 00017000 08:01 2478928    /home/sarnobat/github/groovy_libraries/.groovy/lib/thumbnailator-0.4.8.jar
62b5f000-62b61000 r--s 0001f000 08:01 2478922    /home/sarnobat/github/groovy_libraries/.groovy/lib/servlet-api-2.5-20081211.jar
62b61000-62b63000 r--s 0001d000 08:01 2478425    /home/sarnobat/github/groovy_libraries/.groovy/lib/hk2-locator-2.1.88.jar
62b63000-62b67000 r--s 00018000 08:01 2478424    /home/sarnobat/github/groovy_libraries/.groovy/lib/hk2-api-2.1.88.jar
62b67000-62b68000 r--s 00002000 08:01 2478918    /home/sarnobat/github/groovy_libraries/.groovy/lib/selenium-chrome-driver-2.45.0.jar
62b68000-62b6c000 r--s 00024000 08:01 2478861    /home/sarnobat/github/groovy_libraries/.groovy/lib/jersey-json-1.17.1.jar
62b6c000-62b70000 r--s 0002a000 08:01 2478393    /home/sarnobat/github/groovy_libraries/.groovy/lib/commons-io-2.4.jar
62b70000-62b8f000 r--s 00153000 08:01 2478900    /home/sarnobat/github/groovy_libraries/.groovy/lib/neo4j-kernel-1.9.2.jar
62b8f000-62b96000 r--s 00051000 08:01 2478889    /home/sarnobat/github/groovy_libraries/.groovy/lib/log4j-1.2.12.jar
62b96000-62b97000 r--s 00006000 08:01 2478926    /home/sarnobat/github/groovy_libraries/.groovy/lib/solr-commons-csv-3.5.0.jar
62b97000-62b9b000 r--s 00018000 08:01 2478852    /home/sarnobat/github/groovy_libraries/.groovy/lib/javax.ws.rs-api-2.0.jar
62b9b000-62b9d000 r--s 0000b000 08:01 2478388    /home/sarnobat/github/groovy_libraries/.groovy/lib/commons-exec-1.1.jar
62b9d000-62b9f000 r--s 00001000 08:01 2478925    /home/sarnobat/github/groovy_libraries/.groovy/lib/slf4j-log4j12-1.7.12.jar
62b9f000-62ba1000 r--s 00005000 08:01 2478904    /home/sarnobat/github/groovy_libraries/.groovy/lib/plexus-compiler-api-2.0.jar
62ba1000-62ba2000 r--s 00002000 08:01 2478893    /home/sarnobat/github/groovy_libraries/.groovy/lib/maven-reporting-api-2.0.6.jar
62ba2000-62ba8000 r--s 0003c000 08:01 2478412    /home/sarnobat/github/groovy_libraries/.groovy/lib/google-http-client-1.17.0-rc.jar
62ba8000-62bac000 r--s 00028000 08:01 2478867    /home/sarnobat/github/groovy_libraries/.groovy/lib/jetty-util-6.1.26.jar
62bac000-62bae000 r--s 00009000 08:01 2478891    /home/sarnobat/github/groovy_libraries/.groovy/lib/maven-compiler-plugin-3.0.jar
62bae000-62bb5000 r--s 00058000 08:01 2478396    /home/sarnobat/github/groovy_libraries/.groovy/lib/commons-lang3-3.2.1.jar
62bb5000-62bb7000 r--s 0000c000 08:01 2478385    /home/sarnobat/github/groovy_libraries/.groovy/lib/commons-cli-1.4.jar
62bb7000-62bb9000 r--s 00007000 08:01 2478892    /home/sarnobat/github/groovy_libraries/.groovy/lib/maven-filtering-1.0-beta-4.jar
62bb9000-62bba000 r--s 00004000 08:01 2478905    /home/sarnobat/github/groovy_libraries/.groovy/lib/plexus-compiler-javac-2.0.jar
62bba000-62bc1000 r--s 00048000 08:01 2478841    /home/sarnobat/github/groovy_libraries/.groovy/lib/httpcore-4.4.1.jar
62bc1000-62bc5000 r--s 000dc000 08:01 2478869    /home/sarnobat/github/groovy_libraries/.groovy/lib/jna-4.1.0.jar
62bc5000-62bcb000 r--s 00043000 08:01 2478402    /home/sarnobat/github/groovy_libraries/.groovy/lib/genson-0.98.jar
62bcb000-62bcc000 r--s 00005000 08:01 2478894    /home/sarnobat/github/groovy_libraries/.groovy/lib/maven-resources-plugin-2.4.3.jar
62bcc000-62bce000 r--s 00005000 08:01 2478844    /home/sarnobat/github/groovy_libraries/.groovy/lib/httpmime-4.2.3.jar
62bce000-62bd2000 r--s 0003c000 08:01 2478394    /home/sarnobat/github/groovy_libraries/.groovy/lib/commons-lang-2.4.jar
62bd2000-62bd6000 r--s 00030000 08:01 2478913    /home/sarnobat/github/groovy_libraries/.groovy/lib/plexus-utils-1.5.1.jar
62bd6000-62bdd000 r--s 0003f000 08:01 2478382    /home/sarnobat/github/groovy_libraries/.groovy/lib/cglib-2.1.88.jar
62bdd000-62be0000 r--s 00012000 08:01 2478851    /home/sarnobat/github/groovy_libraries/.groovy/lib/javax.json-1.0.4.jar
62be0000-62be1000 r--s 0000f000 08:01 2478884    /home/sarnobat/github/groovy_libraries/.groovy/lib/json-20131018.jar
62be1000-62be2000 r--s 00001000 08:01 2478418    /home/sarnobat/github/groovy_libraries/.groovy/lib/google-oauth-client-jetty-1.17.0-rc.jar
62be2000-62be7000 r--s 0002b000 08:01 2478401    /home/sarnobat/github/groovy_libraries/.groovy/lib/fuse-jna-0.0.1-SNAPSHOT.jar
62be7000-62bf9000 r--s 00099000 08:01 2478863    /home/sarnobat/github/groovy_libraries/.groovy/lib/jersey-server-2.0.jar
62bf9000-62bfb000 r--s 00006000 08:01 2478886    /home/sarnobat/github/groovy_libraries/.groovy/lib/jsr305-2.0.1.jar
62bfb000-62c00000 r--s 0001d000 08:01 2478917    /home/sarnobat/github/groovy_libraries/.groovy/lib/selenium-api-2.45.0.jar
62c00000-62cff000 rw-p 00000000 00:00 0 
62cff000-62d00000 ---p 00000000 00:00 0 
62d00000-62df9000 rw-p 00000000 00:00 0 
62df9000-62e00000 ---p 00000000 00:00 0 
62e00000-62e01000 r--s 00001000 08:01 2478415    /home/sarnobat/github/groovy_libraries/.groovy/lib/google-http-client-jackson2-1.17.0-rc.jar
62e01000-62e03000 r--s 00002000 08:01 2478911    /home/sarnobat/github/groovy_libraries/.groovy/lib/plexus-interactivity-api-1.0-alpha-4.jar
62e03000-62e04000 r--s 00004000 08:01 2478902    /home/sarnobat/github/groovy_libraries/.groovy/lib/osgi-resource-locator-1.0.1.jar
62e04000-62e0b000 r--s 00064000 08:01 2478890    /home/sarnobat/github/groovy_libraries/.groovy/lib/mail-1.4.2.jar
62e0b000-62e0c000 r--s 00001000 08:01 2478848    /home/sarnobat/github/groovy_libraries/.groovy/lib/javax.inject-2.1.88.jar
62e0c000-62e13000 r--s 00050000 08:01 2478843    /home/sarnobat/github/groovy_libraries/.groovy/lib/httpcore-nio-4.4.1.jar
62e13000-62e17000 r--s 00033000 08:01 2478914    /home/sarnobat/github/groovy_libraries/.groovy/lib/plexus-utils-2.0.5.jar
62e17000-62e1a000 r--s 0001d000 08:01 2478854    /home/sarnobat/github/groovy_libraries/.groovy/lib/jersey-client-1.17.1.jar
62e1a000-62e8b000 r--s 00658000 08:01 2478916    /home/sarnobat/github/groovy_libraries/.groovy/lib/scala-library-2.10.0.jar
62e8b000-62e8c000 r--s 00006000 08:01 1693894    /usr/share/maven-repo/org/codehaus/groovy/groovy-servlet/2.4.5/groovy-servlet-2.4.5.jar
62e8c000-62e8e000 r--s 0001b000 08:01 1693924    /usr/share/maven-repo/org/codehaus/groovy/groovy-docgenerator/2.4.5/groovy-docgenerator-2.4.5.jar
62e8e000-62e90000 r--s 00011000 08:01 1147685    /usr/share/java/jsp-api-2.1.jar
62e90000-62e9e000 r--s 000c8000 08:01 1149227    /usr/share/java/testng.jar
62e9e000-62eb3000 r--s 00124000 08:01 1147882    /usr/share/java/ivy-2.3.0.jar
62eb3000-62f00000 r--s 0040d000 08:01 1149211    /usr/share/java/groovy-2.x.jar
62f00000-62ff9000 rw-p 00000000 00:00 0 
62ff9000-63000000 ---p 00000000 00:00 0 
63000000-63002000 r--s 0000c000 08:01 1149198    /usr/share/java/asm4-5.0.4.jar
63002000-63004000 r--s 00006000 08:01 1149197    /usr/share/java/asm4-tree-5.0.4.jar
63004000-63006000 r--s 00012000 08:01 1839680    /usr/share/maven-repo/org/codehaus/groovy/groovy-test/2.4.5/groovy-test-2.4.5.jar
63006000-63007000 r--s 00004000 08:01 1144744    /usr/share/java/ant-launcher-1.9.6.jar
63007000-63009000 r--s 00019000 08:01 1149207    /usr/share/java/jline2.jar
63009000-6300b000 r--s 00001000 08:01 1839692    /usr/share/maven-repo/org/codehaus/groovy/groovy-testng/2.4.5/groovy-testng-2.4.5.jar
6300b000-6300d000 r--s 00016000 08:01 1839697    /usr/share/maven-repo/org/codehaus/groovy/groovy-templates/2.4.5/groovy-templates-2.4.5.jar
6300d000-6305a000 r--s 0040d000 08:01 1149211    /usr/share/java/groovy-2.x.jar
6305a000-6305b000 ---p 00000000 00:00 0 
6305b000-630db000 rw-p 00000000 00:00 0 
630db000-630de000 ---p 00000000 00:00 0 
630de000-6312c000 rw-p 00000000 00:00 0 
6312c000-6312f000 ---p 00000000 00:00 0 
6312f000-631ad000 rw-p 00000000 00:00 0 
631ad000-631b0000 ---p 00000000 00:00 0 
631b0000-6322e000 rw-p 00000000 00:00 0 
6322e000-63231000 ---p 00000000 00:00 0 
63231000-632af000 rw-p 00000000 00:00 0 
632af000-632b2000 ---p 00000000 00:00 0 
632b2000-63300000 rw-p 00000000 00:00 0 
63300000-63500000 r--p 00000000 08:01 1105218    /usr/lib/locale/locale-archive
63500000-635fc000 rw-p 00000000 00:00 0 
635fc000-63600000 ---p 00000000 00:00 0 
63600000-63621000 rw-p 00000000 00:00 0 
63621000-63700000 ---p 00000000 00:00 0 
63700000-637fb000 rw-p 00000000 00:00 0 
637fb000-63800000 ---p 00000000 00:00 0 
63800000-63801000 r--s 00005000 08:01 1147905    /usr/share/java/jansi-1.4.jar
63801000-63803000 r--s 00004000 08:01 1839662    /usr/share/maven-repo/org/codehaus/groovy/groovy-jsr223/2.4.5/groovy-jsr223-2.4.5.jar
63803000-63806000 r--s 0001e000 08:01 1147684    /usr/share/java/servlet-api-2.5.jar
63806000-63813000 r--s 00076000 08:01 1147859    /usr/share/java/xstream-1.4.8.jar
63813000-63816000 ---p 00000000 00:00 0 
63816000-63864000 rw-p 00000000 00:00 0 
63864000-63865000 ---p 00000000 00:00 0 
63865000-638e5000 rw-p 00000000 00:00 0 
638e5000-63ab4000 r--s 03c21000 08:01 1693223    /usr/lib/jvm/java-8-openjdk-i386/jre/lib/rt.jar
63ab4000-63efa000 rw-p 00000000 00:00 0 
63efa000-63f00000 ---p 00000000 00:00 0 
63f00000-66300000 rw-p 00000000 00:00 0 
66300000-663fd000 rw-p 00000000 00:00 0 
663fd000-66400000 ---p 00000000 00:00 0 
66400000-66401000 r--s 00003000 08:01 1147898    /usr/share/java/hawtjni-runtime-1.10.jar
66401000-66402000 r--s 00001000 08:01 1147901    /usr/share/java/jansi-native-1.0.jar
66402000-66406000 r--s 00028000 08:01 1149209    /usr/share/java/qdox-1.12.1.jar
66406000-6640a000 r--s 0001e000 08:01 1839667    /usr/share/maven-repo/org/codehaus/groovy/groovy-groovydoc/2.4.5/groovy-groovydoc-2.4.5.jar
6640a000-6640f000 r--s 00068000 08:01 1144929    /usr/share/java/antlr.jar
6640f000-6642e000 r--s 001d1000 08:01 1144743    /usr/share/java/ant-1.9.6.jar
6642e000-66431000 ---p 00000000 00:00 0 
66431000-6647f000 rw-p 00000000 00:00 0 
6647f000-66480000 ---p 00000000 00:00 0 
66480000-66500000 rw-p 00000000 00:00 0 
66500000-665f9000 rw-p 00000000 00:00 0 
665f9000-66600000 ---p 00000000 00:00 0 
66600000-66601000 r--s 00005000 08:01 1147905    /usr/share/java/jansi-1.4.jar
66601000-66602000 r--s 0000d000 08:01 1147020    /usr/share/java/commons-logging-1.2.jar
66602000-66605000 r--s 0001d000 08:01 1839643    /usr/share/maven-repo/org/codehaus/groovy/groovy-json/2.4.5/groovy-json-2.4.5.jar
66605000-66608000 r--s 0000d000 08:01 1149225    /usr/share/java/jcommander.jar
66608000-6660a000 r--s 0000a000 08:01 1147016    /usr/share/java/commons-cli-1.3.1.jar
6660a000-6660d000 r--s 00010000 08:01 1145778    /usr/share/java/bsf-2.4.0.jar
6660d000-6660f000 r--s 0001b000 08:01 1145289    /usr/share/java/ant-junit-1.9.6.jar
6660f000-66613000 r--s 00031000 08:01 1693912    /usr/share/maven-repo/org/codehaus/groovy/groovy-xml/2.4.5/groovy-xml-2.4.5.jar
66613000-66615000 r--s 0001d000 08:01 1693929    /usr/share/maven-repo/org/codehaus/groovy/groovy-jmx/2.4.5/groovy-jmx-2.4.5.jar
66615000-6661b000 r--s 0005e000 08:01 1693906    /usr/share/maven-repo/org/codehaus/groovy/groovy-groovysh/2.4.5/groovy-groovysh-2.4.5.jar
6661b000-6661d000 r--s 00004000 08:01 1149192    /usr/share/java/asm4-analysis-5.0.4.jar
6661d000-66629000 r--s 00094000 08:01 1693917    /usr/share/maven-repo/org/codehaus/groovy/groovy-console/2.4.5/groovy-console-2.4.5.jar
66629000-66631000 r--s 00045000 08:01 1147522    /usr/share/java/junit4-4.12.jar
66631000-6667f000 rw-p 00000000 00:00 0 
6667f000-66680000 ---p 00000000 00:00 0 
66680000-66700000 rw-p 00000000 00:00 0 
66700000-66721000 rw-p 00000000 00:00 0 
66721000-66800000 ---p 00000000 00:00 0 
66800000-66801000 r--s 0000a000 08:01 1149195    /usr/share/java/asm4-util-5.0.4.jar
66801000-66803000 r--s 0000a000 08:01 1147024    /usr/share/java/hamcrest-core-1.3.jar
66803000-66809000 r--s 00051000 08:01 1839686    /usr/share/maven-repo/org/codehaus/groovy/groovy-swing/2.4.5/groovy-swing-2.4.5.jar
66809000-66824000 r--s 00394000 08:01 1693228    /usr/lib/jvm/java-8-openjdk-i386/jre/lib/ext/cldrdata.jar
66824000-6687f000 rw-p 00000000 00:00 0 
6687f000-66880000 ---p 00000000 00:00 0 
66880000-66900000 rw-p 00000000 00:00 0 
66900000-66921000 rw-p 00000000 00:00 0 
66921000-66a00000 ---p 00000000 00:00 0 
66a00000-66a01000 r--s 0000d000 08:01 1149216    /usr/share/java/jsr166y-1.7.0.jar
66a01000-66a03000 r--s 00010000 08:01 1839656    /usr/share/maven-repo/org/codehaus/groovy/groovy-ant/2.4.5/groovy-ant-2.4.5.jar
66a03000-66a1e000 r--s 001d6000 08:01 1693230    /usr/lib/jvm/java-8-openjdk-i386/jre/lib/ext/nashorn.jar
66a1e000-66a28000 r--s 00116000 08:01 1693233    /usr/lib/jvm/java-8-openjdk-i386/jre/lib/ext/localedata.jar
66a28000-66a29000 ---p 00000000 00:00 0 
66a29000-66abf000 rw-p 00000000 00:00 0 
66abf000-66bff000 ---p 00000000 00:00 0 
66bff000-66c15000 rw-p 00000000 00:00 0 
66c15000-66d54000 ---p 00000000 00:00 0 
66d54000-66d6a000 rw-p 00000000 00:00 0 
66d6a000-66dff000 ---p 00000000 00:00 0 
66dff000-698c0000 rw-p 00000000 00:00 0 
698c0000-918c0000 ---p 00000000 00:00 0 
918c0000-942c0000 rw-p 00000000 00:00 0 
942c0000-a6e00000 ---p 00000000 00:00 0 
a6e00000-a6e01000 r--s 00002000 08:01 1145284    /usr/share/java/ant-antlr-1.9.6.jar
a6e01000-a6e03000 r--s 00012000 08:01 1839650    /usr/share/maven-repo/org/codehaus/groovy/groovy-sql/2.4.5/groovy-sql-2.4.5.jar
a6e03000-a6e05000 r--s 00009000 08:01 1148102    /usr/share/java/asm4-commons-5.0.4.jar
a6e05000-a6e06000 r--s 00002000 08:01 1839673    /usr/share/maven-repo/org/codehaus/groovy/groovy-bsf/2.4.5/groovy-bsf-2.4.5.jar
a6e06000-a6e08000 r--s 00008000 08:01 1693232    /usr/lib/jvm/java-8-openjdk-i386/jre/lib/ext/sunec.jar
a6e08000-a6e30000 rw-p 00000000 00:00 0 
a6e30000-a71e0000 ---p 00000000 00:00 0 
a71e0000-a75e0000 rwxp 00000000 00:00 0 
a75e0000-b61e0000 ---p 00000000 00:00 0 
b61e0000-b61eb000 r-xp 00000000 08:01 3401300    /lib/i386-linux-gnu/libnss_files-2.23.so
b61eb000-b61ec000 r--p 0000a000 08:01 3401300    /lib/i386-linux-gnu/libnss_files-2.23.so
b61ec000-b61ed000 rw-p 0000b000 08:01 3401300    /lib/i386-linux-gnu/libnss_files-2.23.so
b61ed000-b61f3000 rw-p 00000000 00:00 0 
b61f3000-b61fe000 r-xp 00000000 08:01 3401303    /lib/i386-linux-gnu/libnss_nis-2.23.so
b61fe000-b61ff000 r--p 0000a000 08:01 3401303    /lib/i386-linux-gnu/libnss_nis-2.23.so
b61ff000-b6200000 rw-p 0000b000 08:01 3401303    /lib/i386-linux-gnu/libnss_nis-2.23.so
b6200000-b62fb000 rw-p 00000000 00:00 0 
b62fb000-b6300000 ---p 00000000 00:00 0 
b6300000-b6306000 r--s 0003a000 08:01 1693231    /usr/lib/jvm/java-8-openjdk-i386/jre/lib/ext/sunjce_provider.jar
b6306000-b631d000 r-xp 00000000 08:01 3401221    /lib/i386-linux-gnu/libnsl-2.23.so
b631d000-b631e000 r--p 00016000 08:01 3401221    /lib/i386-linux-gnu/libnsl-2.23.so
b631e000-b631f000 rw-p 00017000 08:01 3401221    /lib/i386-linux-gnu/libnsl-2.23.so
b631f000-b6321000 rw-p 00000000 00:00 0 
b6321000-b6329000 r-xp 00000000 08:01 3401309    /lib/i386-linux-gnu/libnss_compat-2.23.so
b6329000-b632a000 r--p 00007000 08:01 3401309    /lib/i386-linux-gnu/libnss_compat-2.23.so
b632a000-b632b000 rw-p 00008000 08:01 3401309    /lib/i386-linux-gnu/libnss_compat-2.23.so
b632b000-b632c000 r--s 00010000 08:01 1693229    /usr/lib/jvm/java-8-openjdk-i386/jre/lib/ext/zipfs.jar
b632c000-b632e000 r--s 00001000 08:01 1693236    /usr/lib/jvm/java-8-openjdk-i386/jre/lib/ext/dnsns.jar
b632e000-b6331000 r--s 0000f000 08:01 1693227    /usr/lib/jvm/java-8-openjdk-i386/jre/lib/ext/icedtea-sound.jar
b6331000-b6339000 r-xp 00000000 08:01 1693277    /usr/lib/jvm/java-8-openjdk-i386/jre/lib/i386/libzip.so
b6339000-b633a000 r--p 00007000 08:01 1693277    /usr/lib/jvm/java-8-openjdk-i386/jre/lib/i386/libzip.so
b633a000-b633b000 rw-p 00008000 08:01 1693277    /usr/lib/jvm/java-8-openjdk-i386/jre/lib/i386/libzip.so
b633b000-b6343000 rw-s 00000000 08:01 2577211    /tmp/hsperfdata_sarnobat/25197
b6343000-b636a000 r-xp 00000000 08:01 1693258    /usr/lib/jvm/java-8-openjdk-i386/jre/lib/i386/libjava.so
b636a000-b636b000 r--p 00026000 08:01 1693258    /usr/lib/jvm/java-8-openjdk-i386/jre/lib/i386/libjava.so
b636b000-b636c000 rw-p 00027000 08:01 1693258    /usr/lib/jvm/java-8-openjdk-i386/jre/lib/i386/libjava.so
b636c000-b6373000 r-xp 00000000 08:01 3401305    /lib/i386-linux-gnu/librt-2.23.so
b6373000-b6374000 r--p 00006000 08:01 3401305    /lib/i386-linux-gnu/librt-2.23.so
b6374000-b6375000 rw-p 00007000 08:01 3401305    /lib/i386-linux-gnu/librt-2.23.so
b6375000-b6378000 ---p 00000000 00:00 0 
b6378000-b63c6000 rw-p 00000000 00:00 0 
b63c6000-b63e2000 r-xp 00000000 08:01 3402590    /lib/i386-linux-gnu/libgcc_s.so.1
b63e2000-b63e3000 rw-p 0001b000 08:01 3402590    /lib/i386-linux-gnu/libgcc_s.so.1
b63e3000-b6436000 r-xp 00000000 08:01 3401314    /lib/i386-linux-gnu/libm-2.23.so
b6436000-b6437000 r--p 00052000 08:01 3401314    /lib/i386-linux-gnu/libm-2.23.so
b6437000-b6438000 rw-p 00053000 08:01 3401314    /lib/i386-linux-gnu/libm-2.23.so
b6438000-b65a5000 r-xp 00000000 08:01 1110301    /usr/lib/i386-linux-gnu/libstdc++.so.6.0.21
b65a5000-b65a6000 ---p 0016d000 08:01 1110301    /usr/lib/i386-linux-gnu/libstdc++.so.6.0.21
b65a6000-b65ab000 r--p 0016d000 08:01 1110301    /usr/lib/i386-linux-gnu/libstdc++.so.6.0.21
b65ab000-b65ac000 rw-p 00172000 08:01 1110301    /usr/lib/i386-linux-gnu/libstdc++.so.6.0.21
b65ac000-b65af000 rw-p 00000000 00:00 0 
b65af000-b7080000 r-xp 00000000 08:01 1693269    /usr/lib/jvm/java-8-openjdk-i386/jre/lib/i386/server/libjvm.so
b7080000-b70c6000 r--p 00ad0000 08:01 1693269    /usr/lib/jvm/java-8-openjdk-i386/jre/lib/i386/server/libjvm.so
b70c6000-b70dd000 rw-p 00b16000 08:01 1693269    /usr/lib/jvm/java-8-openjdk-i386/jre/lib/i386/server/libjvm.so
b70dd000-b74fe000 rw-p 00000000 00:00 0 
b74fe000-b7517000 r-xp 00000000 08:01 3401302    /lib/i386-linux-gnu/libpthread-2.23.so
b7517000-b7518000 r--p 00018000 08:01 3401302    /lib/i386-linux-gnu/libpthread-2.23.so
b7518000-b7519000 rw-p 00019000 08:01 3401302    /lib/i386-linux-gnu/libpthread-2.23.so
b7519000-b751b000 rw-p 00000000 00:00 0 
b751b000-b751e000 r-xp 00000000 08:01 3401308    /lib/i386-linux-gnu/libdl-2.23.so
b751e000-b751f000 r--p 00002000 08:01 3401308    /lib/i386-linux-gnu/libdl-2.23.so
b751f000-b7520000 rw-p 00003000 08:01 3401308    /lib/i386-linux-gnu/libdl-2.23.so
b7520000-b7539000 r-xp 00000000 08:01 3402741    /lib/i386-linux-gnu/libz.so.1.2.8
b7539000-b753a000 r--p 00018000 08:01 3402741    /lib/i386-linux-gnu/libz.so.1.2.8
b753a000-b753b000 rw-p 00019000 08:01 3402741    /lib/i386-linux-gnu/libz.so.1.2.8
b753b000-b76eb000 r-xp 00000000 08:01 3402570    /lib/i386-linux-gnu/libc-2.23.so
b76eb000-b76ed000 r--p 001af000 08:01 3402570    /lib/i386-linux-gnu/libc-2.23.so
b76ed000-b76ee000 rw-p 001b1000 08:01 3402570    /lib/i386-linux-gnu/libc-2.23.so
b76ee000-b76f1000 rw-p 00000000 00:00 0 
b76f1000-b76f2000 r--s 0000a000 08:01 1693235    /usr/lib/jvm/java-8-openjdk-i386/jre/lib/ext/jaccess.jar
b76f2000-b76f6000 r--s 00037000 08:01 1693234    /usr/lib/jvm/java-8-openjdk-i386/jre/lib/ext/sunpkcs11.jar
b76f6000-b76f7000 r--p 002d4000 08:01 1105218    /usr/lib/locale/locale-archive
b76f7000-b76f8000 rw-p 00000000 00:00 0 
b76f8000-b76f9000 r--p 00000000 00:00 0 
b76f9000-b7707000 r-xp 00000000 08:01 1693275    /usr/lib/jvm/java-8-openjdk-i386/jre/lib/i386/libverify.so
b7707000-b7708000 r--p 0000d000 08:01 1693275    /usr/lib/jvm/java-8-openjdk-i386/jre/lib/i386/libverify.so
b7708000-b7709000 rw-p 0000e000 08:01 1693275    /usr/lib/jvm/java-8-openjdk-i386/jre/lib/i386/libverify.so
b7709000-b7716000 r-xp 00000000 08:01 1693273    /usr/lib/jvm/java-8-openjdk-i386/jre/lib/i386/jli/libjli.so
b7716000-b7717000 r--p 0000c000 08:01 1693273    /usr/lib/jvm/java-8-openjdk-i386/jre/lib/i386/jli/libjli.so
b7717000-b7718000 rw-p 0000d000 08:01 1693273    /usr/lib/jvm/java-8-openjdk-i386/jre/lib/i386/jli/libjli.so
b7718000-b771a000 rw-p 00000000 00:00 0 
b771a000-b771c000 r--p 00000000 00:00 0          [vvar]
b771c000-b771d000 r-xp 00000000 00:00 0          [vdso]
b771d000-b773f000 r-xp 00000000 08:01 3401231    /lib/i386-linux-gnu/ld-2.23.so
b773f000-b7740000 rw-p 00000000 00:00 0 
b7740000-b7741000 r--p 00022000 08:01 3401231    /lib/i386-linux-gnu/ld-2.23.so
b7741000-b7742000 rw-p 00023000 08:01 3401231    /lib/i386-linux-gnu/ld-2.23.so
bff43000-bff64000 rw-p 00000000 00:00 0          [stack]

VM Arguments:
jvm_args: -Dscript.name=/usr/bin/groovy -Dprogram.name=groovy -Dgroovy.starter.conf=/usr/share/groovy2/conf/groovy-starter.conf -Dgroovy.home=/usr/share/groovy2 -Dtools.jar=/usr/lib/jvm/default-java/lib/tools.jar 
java_command: org.codehaus.groovy.tools.GroovyStarter --main groovy.ui.GroovyMain --conf /usr/share/groovy2/conf/groovy-starter.conf --classpath . httpcat.groovy 4466
java_class_path (initial): /usr/share/groovy2/lib/groovy-2.4.5.jar
Launcher Type: SUN_STANDARD

Environment Variables:
PATH=/usr/bin:/bin
SHELL=/bin/sh

Signal Handlers:
SIGSEGV: [libjvm.so+0x8d7370], sa_mask[0]=11111111011111111101111111111110, sa_flags=SA_RESTART|SA_SIGINFO
SIGBUS: [libjvm.so+0x8d7370], sa_mask[0]=11111111011111111101111111111110, sa_flags=SA_RESTART|SA_SIGINFO
SIGFPE: [libjvm.so+0x73d1c0], sa_mask[0]=11111111011111111101111111111110, sa_flags=SA_RESTART|SA_SIGINFO
SIGPIPE: [libjvm.so+0x73d1c0], sa_mask[0]=11111111011111111101111111111110, sa_flags=SA_RESTART|SA_SIGINFO
SIGXFSZ: [libjvm.so+0x73d1c0], sa_mask[0]=11111111011111111101111111111110, sa_flags=SA_RESTART|SA_SIGINFO
SIGILL: [libjvm.so+0x73d1c0], sa_mask[0]=11111111011111111101111111111110, sa_flags=SA_RESTART|SA_SIGINFO
SIGUSR1: SIG_DFL, sa_mask[0]=00000000000000000000000000000000, sa_flags=none
SIGUSR2: [libjvm.so+0x73d000], sa_mask[0]=00000000000000000000000000000000, sa_flags=SA_RESTART|SA_SIGINFO
SIGHUP: [libjvm.so+0x73d790], sa_mask[0]=11111111011111111101111111111110, sa_flags=SA_RESTART|SA_SIGINFO
SIGINT: [libjvm.so+0x73d790], sa_mask[0]=11111111011111111101111111111110, sa_flags=SA_RESTART|SA_SIGINFO
SIGTERM: [libjvm.so+0x73d790], sa_mask[0]=11111111011111111101111111111110, sa_flags=SA_RESTART|SA_SIGINFO
SIGQUIT: [libjvm.so+0x73d790], sa_mask[0]=11111111011111111101111111111110, sa_flags=SA_RESTART|SA_SIGINFO


---------------  S Y S T E M  ---------------

OS:DISTRIB_ID=Ubuntu
DISTRIB_RELEASE=16.04
DISTRIB_CODENAME=xenial
DISTRIB_DESCRIPTION="Ubuntu 16.04.1 LTS"

uname:Linux 4.4.0-104-generic #127-Ubuntu SMP Mon Dec 11 12:16:50 UTC 2017 i686
libc:glibc 2.23 NPTL 2.23 
rlimit: STACK 8192k, CORE 0k, NPROC 63057, NOFILE 65536, AS infinity
load average:115.21 110.46 110.58

/proc/meminfo:
MemTotal:        8107456 kB
MemFree:          846568 kB
MemAvailable:     399952 kB
Buffers:            9332 kB
Cached:           160808 kB
SwapCached:        11640 kB
Active:          5920708 kB
Inactive:        1082052 kB
Active(anon):    5896468 kB
Inactive(anon):  1065756 kB
Active(file):      24240 kB
Inactive(file):    16296 kB
Unevictable:           0 kB
Mlocked:               0 kB
HighTotal:       7292552 kB
HighFree:         496888 kB
LowTotal:         814904 kB
LowFree:          349680 kB
SwapTotal:       4007932 kB
SwapFree:              0 kB
Dirty:              2376 kB
Writeback:             0 kB
AnonPages:       6823880 kB
Mapped:            26172 kB
Shmem:            129176 kB
Slab:             106880 kB
SReclaimable:      30612 kB
SUnreclaim:        76268 kB
KernelStack:       29648 kB
PageTables:        65284 kB
NFS_Unstable:          0 kB
Bounce:              120 kB
WritebackTmp:          0 kB
CommitLimit:     8061660 kB
Committed_AS:   27383704 kB
VmallocTotal:     122880 kB
VmallocUsed:           0 kB
VmallocChunk:          0 kB
AnonHugePages:   2699264 kB
CmaTotal:              0 kB
CmaFree:               0 kB
HugePages_Total:       0
HugePages_Free:        0
HugePages_Rsvd:        0
HugePages_Surp:        0
Hugepagesize:       2048 kB
DirectMap4k:       40952 kB
DirectMap2M:      870400 kB


CPU:total 4 (initial active 4) (2 cores per cpu, 2 threads per core) family 6 model 58 stepping 9, cmov, cx8, fxsr, mmx, sse, sse2, sse3, ssse3, sse4.1, sse4.2, popcnt, avx, aes, clmul, erms, ht, tsc, tscinvbit, tscinv

/proc/cpuinfo:
processor	: 0
vendor_id	: GenuineIntel
cpu family	: 6
model		: 58
model name	: Intel(R) Core(TM) i5-3427U CPU @ 1.80GHz
stepping	: 9
microcode	: 0x17
cpu MHz		: 2599.988
cache size	: 3072 KB
physical id	: 0
siblings	: 4
core id		: 0
cpu cores	: 2
apicid		: 0
initial apicid	: 0
fdiv_bug	: no
f00f_bug	: no
coma_bug	: no
fpu		: yes
fpu_exception	: yes
cpuid level	: 13
wp		: yes
flags		: fpu vme de pse tsc msr pae mce cx8 apic sep mtrr pge mca cmov pat pse36 clflush dts acpi mmx fxsr sse sse2 ss ht tm pbe nx rdtscp lm constant_tsc arch_perfmon pebs bts xtopology nonstop_tsc aperfmperf eagerfpu pni pclmulqdq dtes64 monitor ds_cpl vmx smx est tm2 ssse3 cx16 xtpr pdcm pcid sse4_1 sse4_2 x2apic popcnt tsc_deadline_timer aes xsave avx f16c rdrand lahf_lm epb tpr_shadow vnmi flexpriority ept vpid fsgsbase smep erms xsaveopt dtherm ida arat pln pts
bugs		:
bogomips	: 4589.83
clflush size	: 64
cache_alignment	: 64
address sizes	: 36 bits physical, 48 bits virtual
power management:

processor	: 1
vendor_id	: GenuineIntel
cpu family	: 6
model		: 58
model name	: Intel(R) Core(TM) i5-3427U CPU @ 1.80GHz
stepping	: 9
microcode	: 0x17
cpu MHz		: 2599.988
cache size	: 3072 KB
physical id	: 0
siblings	: 4
core id		: 1
cpu cores	: 2
apicid		: 2
initial apicid	: 2
fdiv_bug	: no
f00f_bug	: no
coma_bug	: no
fpu		: yes
fpu_exception	: yes
cpuid level	: 13
wp		: yes
flags		: fpu vme de pse tsc msr pae mce cx8 apic sep mtrr pge mca cmov pat pse36 clflush dts acpi mmx fxsr sse sse2 ss ht tm pbe nx rdtscp lm constant_tsc arch_perfmon pebs bts xtopology nonstop_tsc aperfmperf eagerfpu pni pclmulqdq dtes64 monitor ds_cpl vmx smx est tm2 ssse3 cx16 xtpr pdcm pcid sse4_1 sse4_2 x2apic popcnt tsc_deadline_timer aes xsave avx f16c rdrand lahf_lm epb tpr_shadow vnmi flexpriority ept vpid fsgsbase smep erms xsaveopt dtherm ida arat pln pts
bugs		:
bogomips	: 4589.83
clflush size	: 64
cache_alignment	: 64
address sizes	: 36 bits physical, 48 bits virtual
power management:

processor	: 2
vendor_id	: GenuineIntel
cpu family	: 6
model		: 58
model name	: Intel(R) Core(TM) i5-3427U CPU @ 1.80GHz
stepping	: 9
microcode	: 0x17
cpu MHz		: 2599.988
cache size	: 3072 KB
physical id	: 0
siblings	: 4
core id		: 0
cpu cores	: 2
apicid		: 1
initial apicid	: 1
fdiv_bug	: no
f00f_bug	: no
coma_bug	: no
fpu		: yes
fpu_exception	: yes
cpuid level	: 13
wp		: yes
flags		: fpu vme de pse tsc msr pae mce cx8 apic sep mtrr pge mca cmov pat pse36 clflush dts acpi mmx fxsr sse sse2 ss ht tm pbe nx rdtscp lm constant_tsc arch_perfmon pebs bts xtopology nonstop_tsc aperfmperf eagerfpu pni pclmulqdq dtes64 monitor ds_cpl vmx smx est tm2 ssse3 cx16 xtpr pdcm pcid sse4_1 sse4_2 x2apic popcnt tsc_deadline_timer aes xsave avx f16c rdrand lahf_lm epb tpr_shadow vnmi flexpriority ept vpid fsgsbase smep erms xsaveopt dtherm ida arat pln pts
bugs		:
bogomips	: 4589.83
clflush size	: 64
cache_alignment	: 64
address sizes	: 36 bits physical, 48 bits virtual
power management:

processor	: 3
vendor_id	: GenuineIntel
cpu family	: 6
model		: 58
model name	: Intel(R) Core(TM) i5-3427U CPU @ 1.80GHz
stepping	: 9
microcode	: 0x17
cpu MHz		: 2599.988
cache size	: 3072 KB
physical id	: 0
siblings	: 4
core id		: 1
cpu cores	: 2
apicid		: 3
initial apicid	: 3
fdiv_bug	: no
f00f_bug	: no
coma_bug	: no
fpu		: yes
fpu_exception	: yes
cpuid level	: 13
wp		: yes
flags		: fpu vme de pse tsc msr pae mce cx8 apic sep mtrr pge mca cmov pat pse36 clflush dts acpi mmx fxsr sse sse2 ss ht tm pbe nx rdtscp lm constant_tsc arch_perfmon pebs bts xtopology nonstop_tsc aperfmperf eagerfpu pni pclmulqdq dtes64 monitor ds_cpl vmx smx est tm2 ssse3 cx16 xtpr pdcm pcid sse4_1 sse4_2 x2apic popcnt tsc_deadline_timer aes xsave avx f16c rdrand lahf_lm epb tpr_shadow vnmi flexpriority ept vpid fsgsbase smep erms xsaveopt dtherm ida arat pln pts
bugs		:
bogomips	: 4589.83
clflush size	: 64
cache_alignment	: 64
address sizes	: 36 bits physical, 48 bits virtual
power management:



Memory: 4k page, physical 8107456k(844520k free), swap 4007932k(0k free)

vm_info: OpenJDK Server VM (25.151-b12) for linux-x86 JRE (1.8.0_151-8u151-b12-0ubuntu0.16.04.2-b12), built on Oct 27 2017 22:05:04 by "buildd" with gcc 5.4.0 20160609

time: Thu Dec 21 16:41:44 2017
elapsed time: 101 seconds (0d 0h 1m 41s)

