#
# There is insufficient memory for the Java Runtime Environment to continue.
# Native memory allocation (mmap) failed to map 131072 bytes for committing reserved memory.
# Possible reasons:
#   The system is out of physical RAM or swap space
#   In 32 bit mode, the process size limit was hit
# Possible solutions:
#   Reduce memory load on the system
#   Increase physical memory or swap space
#   Check if swap backing store is full
#   Use 64 bit Java on a 64 bit OS
#   Decrease Java heap size (-Xmx/-Xms)
#   Decrease number of Java threads
#   Decrease Java thread stack sizes (-Xss)
#   Set larger code cache with -XX:ReservedCodeCacheSize=
# This output file may be truncated or incomplete.
#
#  Out of Memory Error (os_linux.cpp:2643), pid=19403, tid=0xb638bb40
#
# JRE version: OpenJDK Runtime Environment (8.0_151-b12) (build 1.8.0_151-8u151-b12-0ubuntu0.16.04.2-b12)
# Java VM: OpenJDK Server VM (25.151-b12 mixed mode linux-x86 )
# Failed to write core dump. Core dumps have been disabled. To enable core dumping, try "ulimit -c unlimited" before starting Java again
#

---------------  T H R E A D  ---------------

Current thread (0xb6207800):  JavaThread "main" [_thread_in_vm, id=19881, stack(0xb633b000,0xb638c000)]

Stack: [0xb633b000,0xb638c000],  sp=0xb6386e54,  free space=303k
Native frames: (J=compiled Java code, j=interpreted, Vv=VM code, C=native code)
V  [libjvm.so+0x8d6834]
V  [libjvm.so+0x3a7c76]
V  [libjvm.so+0x7420c0]
V  [libjvm.so+0x73c013]
V  [libjvm.so+0x8d3264]
V  [libjvm.so+0x6cdd63]
V  [libjvm.so+0x6cdf7a]
V  [libjvm.so+0x6ceb05]
V  [libjvm.so+0x6cec5a]
V  [libjvm.so+0x6cfc9a]
V  [libjvm.so+0x6cfe8d]
V  [libjvm.so+0x39895f]
V  [libjvm.so+0x6d542e]
V  [libjvm.so+0x317bdf]
V  [libjvm.so+0x3183b3]
V  [libjvm.so+0x31a202]
V  [libjvm.so+0x320d96]
V  [libjvm.so+0x853dd4]
V  [libjvm.so+0x8528ff]
V  [libjvm.so+0x854906]
V  [libjvm.so+0x39b0be]
V  [libjvm.so+0x50e3d6]
j  sun.reflect.annotation.AnnotationParser$1.run()Ljava/lang/annotation/Annotation;+18
j  sun.reflect.annotation.AnnotationParser$1.run()Ljava/lang/Object;+1
v  ~StubRoutines::call_stub
V  [libjvm.so+0x51faad]
V  [libjvm.so+0x746985]
V  [libjvm.so+0x51ebea]
V  [libjvm.so+0x56b9c4]  JVM_DoPrivileged+0x434
C  [libjava.so+0x9d84]  Java_java_security_AccessController_doPrivileged__Ljava_security_PrivilegedAction_2+0x24
j  java.security.AccessController.doPrivileged(Ljava/security/PrivilegedAction;)Ljava/lang/Object;+0
j  sun.reflect.annotation.AnnotationParser.annotationForMap(Ljava/lang/Class;Ljava/util/Map;)Ljava/lang/annotation/Annotation;+9
j  sun.reflect.annotation.AnnotationParser.parseAnnotation2(Ljava/nio/ByteBuffer;Lsun/reflect/ConstantPool;Ljava/lang/Class;Z[Ljava/lang/Class;)Ljava/lang/annotation/Annotation;+280
j  sun.reflect.annotation.AnnotationParser.parseAnnotations2([BLsun/reflect/ConstantPool;Ljava/lang/Class;[Ljava/lang/Class;)Ljava/util/Map;+41
j  sun.reflect.annotation.AnnotationParser.parseSelectAnnotations([BLsun/reflect/ConstantPool;Ljava/lang/Class;[Ljava/lang/Class;)Ljava/util/Map;+12
j  sun.reflect.annotation.AnnotationType.<init>(Ljava/lang/Class;)V+292
j  sun.reflect.annotation.AnnotationType.getInstance(Ljava/lang/Class;)Lsun/reflect/annotation/AnnotationType;+21
j  sun.reflect.annotation.AnnotationParser.parseAnnotation2(Ljava/nio/ByteBuffer;Lsun/reflect/ConstantPool;Ljava/lang/Class;Z[Ljava/lang/Class;)Ljava/lang/annotation/Annotation;+116
j  sun.reflect.annotation.AnnotationParser.parseAnnotations2([BLsun/reflect/ConstantPool;Ljava/lang/Class;[Ljava/lang/Class;)Ljava/util/Map;+41
j  sun.reflect.annotation.AnnotationParser.parseAnnotations([BLsun/reflect/ConstantPool;Ljava/lang/Class;)Ljava/util/Map;+12
j  java.lang.reflect.Executable.declaredAnnotations()Ljava/util/Map;+48
j  java.lang.reflect.Executable.declaredAnnotations()Ljava/util/Map;+18
j  java.lang.reflect.Executable.getAnnotation(Ljava/lang/Class;)Ljava/lang/annotation/Annotation;+7
j  java.lang.reflect.Method.getAnnotation(Ljava/lang/Class;)Ljava/lang/annotation/Annotation;+2
j  org.codehaus.groovy.reflection.stdclasses.CachedSAMClass.getSAMMethod(Ljava/lang/Class;)Ljava/lang/reflect/Method;+66
j  org.codehaus.groovy.reflection.ClassInfo.isSAM(Ljava/lang/Class;)Z+1
j  org.codehaus.groovy.reflection.ClassInfo.createCachedClass(Ljava/lang/Class;Lorg/codehaus/groovy/reflection/ClassInfo;)Lorg/codehaus/groovy/reflection/CachedClass;+489
j  org.codehaus.groovy.reflection.ClassInfo.access$700(Ljava/lang/Class;Lorg/codehaus/groovy/reflection/ClassInfo;)Lorg/codehaus/groovy/reflection/CachedClass;+2
j  org.codehaus.groovy.reflection.ClassInfo$LazyCachedClassRef.initValue()Lorg/codehaus/groovy/reflection/CachedClass;+11
j  org.codehaus.groovy.reflection.ClassInfo$LazyCachedClassRef.initValue()Ljava/lang/Object;+1
J 403 C1 org.codehaus.groovy.util.LazyReference.getLocked(Z)Ljava/lang/Object; (85 bytes) @ 0xa7319220 [0xa7318c00+0x620]
J 356 C1 org.codehaus.groovy.util.LazyReference.get()Ljava/lang/Object; (44 bytes) @ 0xa7303d48 [0xa7303ae0+0x268]
J 359 C1 org.codehaus.groovy.reflection.ReflectionCache.getCachedClass(Ljava/lang/Class;)Lorg/codehaus/groovy/reflection/CachedClass; (14 bytes) @ 0xa7306d80 [0xa7306620+0x760]
j  org.codehaus.groovy.reflection.CachedClass$8.initValue()Ljava/util/Set;+68
j  org.codehaus.groovy.reflection.CachedClass$8.initValue()Ljava/lang/Object;+1
J 403 C1 org.codehaus.groovy.util.LazyReference.getLocked(Z)Ljava/lang/Object; (85 bytes) @ 0xa7319220 [0xa7318c00+0x620]
J 356 C1 org.codehaus.groovy.util.LazyReference.get()Ljava/lang/Object; (44 bytes) @ 0xa7303d48 [0xa7303ae0+0x268]
j  org.codehaus.groovy.reflection.CachedClass.getInterfaces()Ljava/util/Set;+4
j  org.codehaus.groovy.reflection.CachedClass.<init>(Ljava/lang/Class;Lorg/codehaus/groovy/reflection/ClassInfo;)V+182
j  org.codehaus.groovy.reflection.ClassInfo.createCachedClass(Ljava/lang/Class;Lorg/codehaus/groovy/reflection/ClassInfo;)Lorg/codehaus/groovy/reflection/CachedClass;+514
j  org.codehaus.groovy.reflection.ClassInfo.access$700(Ljava/lang/Class;Lorg/codehaus/groovy/reflection/ClassInfo;)Lorg/codehaus/groovy/reflection/CachedClass;+2
j  org.codehaus.groovy.reflection.ClassInfo$LazyCachedClassRef.initValue()Lorg/codehaus/groovy/reflection/CachedClass;+11
j  org.codehaus.groovy.reflection.ClassInfo$LazyCachedClassRef.initValue()Ljava/lang/Object;+1
J 403 C1 org.codehaus.groovy.util.LazyReference.getLocked(Z)Ljava/lang/Object; (85 bytes) @ 0xa7319220 [0xa7318c00+0x620]
J 356 C1 org.codehaus.groovy.util.LazyReference.get()Ljava/lang/Object; (44 bytes) @ 0xa7303d48 [0xa7303ae0+0x268]
J 359 C1 org.codehaus.groovy.reflection.ReflectionCache.getCachedClass(Ljava/lang/Class;)Lorg/codehaus/groovy/reflection/CachedClass; (14 bytes) @ 0xa7306d80 [0xa7306620+0x760]
j  org.codehaus.groovy.reflection.CachedClass$4.initValue()Lorg/codehaus/groovy/reflection/CachedClass;+20
j  org.codehaus.groovy.reflection.CachedClass$4.initValue()Ljava/lang/Object;+1
J 403 C1 org.codehaus.groovy.util.LazyReference.getLocked(Z)Ljava/lang/Object; (85 bytes) @ 0xa7319220 [0xa7318c00+0x620]
J 356 C1 org.codehaus.groovy.util.LazyReference.get()Ljava/lang/Object; (44 bytes) @ 0xa7303d48 [0xa7303ae0+0x268]
J 472 C1 org.codehaus.groovy.reflection.CachedClass.getCachedSuperClass()Lorg/codehaus/groovy/reflection/CachedClass; (11 bytes) @ 0xa7339a78 [0xa73399a0+0xd8]
j  org.codehaus.groovy.reflection.CachedClass$8.initValue()Ljava/util/Set;+106
j  org.codehaus.groovy.reflection.CachedClass$8.initValue()Ljava/lang/Object;+1
J 403 C1 org.codehaus.groovy.util.LazyReference.getLocked(Z)Ljava/lang/Object; (85 bytes) @ 0xa7319220 [0xa7318c00+0x620]
J 356 C1 org.codehaus.groovy.util.LazyReference.get()Ljava/lang/Object; (44 bytes) @ 0xa7303d48 [0xa7303ae0+0x268]
j  org.codehaus.groovy.reflection.CachedClass.getInterfaces()Ljava/util/Set;+4
j  org.codehaus.groovy.reflection.CachedClass.<init>(Ljava/lang/Class;Lorg/codehaus/groovy/reflection/ClassInfo;)V+182
j  org.codehaus.groovy.reflection.ClassInfo.createCachedClass(Ljava/lang/Class;Lorg/codehaus/groovy/reflection/ClassInfo;)Lorg/codehaus/groovy/reflection/CachedClass;+514
j  org.codehaus.groovy.reflection.ClassInfo.access$700(Ljava/lang/Class;Lorg/codehaus/groovy/reflection/ClassInfo;)Lorg/codehaus/groovy/reflection/CachedClass;+2
j  org.codehaus.groovy.reflection.ClassInfo$LazyCachedClassRef.initValue()Lorg/codehaus/groovy/reflection/CachedClass;+11
j  org.codehaus.groovy.reflection.ClassInfo$LazyCachedClassRef.initValue()Ljava/lang/Object;+1
J 403 C1 org.codehaus.groovy.util.LazyReference.getLocked(Z)Ljava/lang/Object; (85 bytes) @ 0xa7319220 [0xa7318c00+0x620]
J 356 C1 org.codehaus.groovy.util.LazyReference.get()Ljava/lang/Object; (44 bytes) @ 0xa7303d48 [0xa7303ae0+0x268]
J 359 C1 org.codehaus.groovy.reflection.ReflectionCache.getCachedClass(Ljava/lang/Class;)Lorg/codehaus/groovy/reflection/CachedClass; (14 bytes) @ 0xa7306d80 [0xa7306620+0x760]
j  org.codehaus.groovy.reflection.CachedClass$4.initValue()Lorg/codehaus/groovy/reflection/CachedClass;+20
j  org.codehaus.groovy.reflection.CachedClass$4.initValue()Ljava/lang/Object;+1
J 403 C1 org.codehaus.groovy.util.LazyReference.getLocked(Z)Ljava/lang/Object; (85 bytes) @ 0xa7319220 [0xa7318c00+0x620]
J 356 C1 org.codehaus.groovy.util.LazyReference.get()Ljava/lang/Object; (44 bytes) @ 0xa7303d48 [0xa7303ae0+0x268]
J 472 C1 org.codehaus.groovy.reflection.CachedClass.getCachedSuperClass()Lorg/codehaus/groovy/reflection/CachedClass; (11 bytes) @ 0xa7339a78 [0xa73399a0+0xd8]
j  org.codehaus.groovy.reflection.CachedClass$8.initValue()Ljava/util/Set;+106
j  org.codehaus.groovy.reflection.CachedClass$8.initValue()Ljava/lang/Object;+1
J 403 C1 org.codehaus.groovy.util.LazyReference.getLocked(Z)Ljava/lang/Object; (85 bytes) @ 0xa7319220 [0xa7318c00+0x620]
J 356 C1 org.codehaus.groovy.util.LazyReference.get()Ljava/lang/Object; (44 bytes) @ 0xa7303d48 [0xa7303ae0+0x268]
j  org.codehaus.groovy.reflection.CachedClass.getInterfaces()Ljava/util/Set;+4
j  org.codehaus.groovy.reflection.CachedClass.<init>(Ljava/lang/Class;Lorg/codehaus/groovy/reflection/ClassInfo;)V+182
j  org.codehaus.groovy.reflection.ClassInfo.createCachedClass(Ljava/lang/Class;Lorg/codehaus/groovy/reflection/ClassInfo;)Lorg/codehaus/groovy/reflection/CachedClass;+514
j  org.codehaus.groovy.reflection.ClassInfo.access$700(Ljava/lang/Class;Lorg/codehaus/groovy/reflection/ClassInfo;)Lorg/codehaus/groovy/reflection/CachedClass;+2
j  org.codehaus.groovy.reflection.ClassInfo$LazyCachedClassRef.initValue()Lorg/codehaus/groovy/reflection/CachedClass;+11
j  org.codehaus.groovy.reflection.ClassInfo$LazyCachedClassRef.initValue()Ljava/lang/Object;+1
J 403 C1 org.codehaus.groovy.util.LazyReference.getLocked(Z)Ljava/lang/Object; (85 bytes) @ 0xa7319220 [0xa7318c00+0x620]
...<more frames>...

Java frames: (J=compiled Java code, j=interpreted, Vv=VM code)
j  sun.reflect.annotation.AnnotationParser$1.run()Ljava/lang/annotation/Annotation;+18
j  sun.reflect.annotation.AnnotationParser$1.run()Ljava/lang/Object;+1
v  ~StubRoutines::call_stub
j  java.security.AccessController.doPrivileged(Ljava/security/PrivilegedAction;)Ljava/lang/Object;+0
j  sun.reflect.annotation.AnnotationParser.annotationForMap(Ljava/lang/Class;Ljava/util/Map;)Ljava/lang/annotation/Annotation;+9
j  sun.reflect.annotation.AnnotationParser.parseAnnotation2(Ljava/nio/ByteBuffer;Lsun/reflect/ConstantPool;Ljava/lang/Class;Z[Ljava/lang/Class;)Ljava/lang/annotation/Annotation;+280
j  sun.reflect.annotation.AnnotationParser.parseAnnotations2([BLsun/reflect/ConstantPool;Ljava/lang/Class;[Ljava/lang/Class;)Ljava/util/Map;+41
j  sun.reflect.annotation.AnnotationParser.parseSelectAnnotations([BLsun/reflect/ConstantPool;Ljava/lang/Class;[Ljava/lang/Class;)Ljava/util/Map;+12
j  sun.reflect.annotation.AnnotationType.<init>(Ljava/lang/Class;)V+292
j  sun.reflect.annotation.AnnotationType.getInstance(Ljava/lang/Class;)Lsun/reflect/annotation/AnnotationType;+21
j  sun.reflect.annotation.AnnotationParser.parseAnnotation2(Ljava/nio/ByteBuffer;Lsun/reflect/ConstantPool;Ljava/lang/Class;Z[Ljava/lang/Class;)Ljava/lang/annotation/Annotation;+116
j  sun.reflect.annotation.AnnotationParser.parseAnnotations2([BLsun/reflect/ConstantPool;Ljava/lang/Class;[Ljava/lang/Class;)Ljava/util/Map;+41
j  sun.reflect.annotation.AnnotationParser.parseAnnotations([BLsun/reflect/ConstantPool;Ljava/lang/Class;)Ljava/util/Map;+12
j  java.lang.reflect.Executable.declaredAnnotations()Ljava/util/Map;+48
j  java.lang.reflect.Executable.declaredAnnotations()Ljava/util/Map;+18
j  java.lang.reflect.Executable.getAnnotation(Ljava/lang/Class;)Ljava/lang/annotation/Annotation;+7
j  java.lang.reflect.Method.getAnnotation(Ljava/lang/Class;)Ljava/lang/annotation/Annotation;+2
j  org.codehaus.groovy.reflection.stdclasses.CachedSAMClass.getSAMMethod(Ljava/lang/Class;)Ljava/lang/reflect/Method;+66
j  org.codehaus.groovy.reflection.ClassInfo.isSAM(Ljava/lang/Class;)Z+1
j  org.codehaus.groovy.reflection.ClassInfo.createCachedClass(Ljava/lang/Class;Lorg/codehaus/groovy/reflection/ClassInfo;)Lorg/codehaus/groovy/reflection/CachedClass;+489
j  org.codehaus.groovy.reflection.ClassInfo.access$700(Ljava/lang/Class;Lorg/codehaus/groovy/reflection/ClassInfo;)Lorg/codehaus/groovy/reflection/CachedClass;+2
j  org.codehaus.groovy.reflection.ClassInfo$LazyCachedClassRef.initValue()Lorg/codehaus/groovy/reflection/CachedClass;+11
j  org.codehaus.groovy.reflection.ClassInfo$LazyCachedClassRef.initValue()Ljava/lang/Object;+1
J 403 C1 org.codehaus.groovy.util.LazyReference.getLocked(Z)Ljava/lang/Object; (85 bytes) @ 0xa7319220 [0xa7318c00+0x620]
J 356 C1 org.codehaus.groovy.util.LazyReference.get()Ljava/lang/Object; (44 bytes) @ 0xa7303d48 [0xa7303ae0+0x268]
J 359 C1 org.codehaus.groovy.reflection.ReflectionCache.getCachedClass(Ljava/lang/Class;)Lorg/codehaus/groovy/reflection/CachedClass; (14 bytes) @ 0xa7306d80 [0xa7306620+0x760]
j  org.codehaus.groovy.reflection.CachedClass$8.initValue()Ljava/util/Set;+68
j  org.codehaus.groovy.reflection.CachedClass$8.initValue()Ljava/lang/Object;+1
J 403 C1 org.codehaus.groovy.util.LazyReference.getLocked(Z)Ljava/lang/Object; (85 bytes) @ 0xa7319220 [0xa7318c00+0x620]
J 356 C1 org.codehaus.groovy.util.LazyReference.get()Ljava/lang/Object; (44 bytes) @ 0xa7303d48 [0xa7303ae0+0x268]
j  org.codehaus.groovy.reflection.CachedClass.getInterfaces()Ljava/util/Set;+4
j  org.codehaus.groovy.reflection.CachedClass.<init>(Ljava/lang/Class;Lorg/codehaus/groovy/reflection/ClassInfo;)V+182
j  org.codehaus.groovy.reflection.ClassInfo.createCachedClass(Ljava/lang/Class;Lorg/codehaus/groovy/reflection/ClassInfo;)Lorg/codehaus/groovy/reflection/CachedClass;+514
j  org.codehaus.groovy.reflection.ClassInfo.access$700(Ljava/lang/Class;Lorg/codehaus/groovy/reflection/ClassInfo;)Lorg/codehaus/groovy/reflection/CachedClass;+2
j  org.codehaus.groovy.reflection.ClassInfo$LazyCachedClassRef.initValue()Lorg/codehaus/groovy/reflection/CachedClass;+11
j  org.codehaus.groovy.reflection.ClassInfo$LazyCachedClassRef.initValue()Ljava/lang/Object;+1
J 403 C1 org.codehaus.groovy.util.LazyReference.getLocked(Z)Ljava/lang/Object; (85 bytes) @ 0xa7319220 [0xa7318c00+0x620]
J 356 C1 org.codehaus.groovy.util.LazyReference.get()Ljava/lang/Object; (44 bytes) @ 0xa7303d48 [0xa7303ae0+0x268]
J 359 C1 org.codehaus.groovy.reflection.ReflectionCache.getCachedClass(Ljava/lang/Class;)Lorg/codehaus/groovy/reflection/CachedClass; (14 bytes) @ 0xa7306d80 [0xa7306620+0x760]
j  org.codehaus.groovy.reflection.CachedClass$4.initValue()Lorg/codehaus/groovy/reflection/CachedClass;+20
j  org.codehaus.groovy.reflection.CachedClass$4.initValue()Ljava/lang/Object;+1
J 403 C1 org.codehaus.groovy.util.LazyReference.getLocked(Z)Ljava/lang/Object; (85 bytes) @ 0xa7319220 [0xa7318c00+0x620]
J 356 C1 org.codehaus.groovy.util.LazyReference.get()Ljava/lang/Object; (44 bytes) @ 0xa7303d48 [0xa7303ae0+0x268]
J 472 C1 org.codehaus.groovy.reflection.CachedClass.getCachedSuperClass()Lorg/codehaus/groovy/reflection/CachedClass; (11 bytes) @ 0xa7339a78 [0xa73399a0+0xd8]
j  org.codehaus.groovy.reflection.CachedClass$8.initValue()Ljava/util/Set;+106
j  org.codehaus.groovy.reflection.CachedClass$8.initValue()Ljava/lang/Object;+1
J 403 C1 org.codehaus.groovy.util.LazyReference.getLocked(Z)Ljava/lang/Object; (85 bytes) @ 0xa7319220 [0xa7318c00+0x620]
J 356 C1 org.codehaus.groovy.util.LazyReference.get()Ljava/lang/Object; (44 bytes) @ 0xa7303d48 [0xa7303ae0+0x268]
j  org.codehaus.groovy.reflection.CachedClass.getInterfaces()Ljava/util/Set;+4
j  org.codehaus.groovy.reflection.CachedClass.<init>(Ljava/lang/Class;Lorg/codehaus/groovy/reflection/ClassInfo;)V+182
j  org.codehaus.groovy.reflection.ClassInfo.createCachedClass(Ljava/lang/Class;Lorg/codehaus/groovy/reflection/ClassInfo;)Lorg/codehaus/groovy/reflection/CachedClass;+514
j  org.codehaus.groovy.reflection.ClassInfo.access$700(Ljava/lang/Class;Lorg/codehaus/groovy/reflection/ClassInfo;)Lorg/codehaus/groovy/reflection/CachedClass;+2
j  org.codehaus.groovy.reflection.ClassInfo$LazyCachedClassRef.initValue()Lorg/codehaus/groovy/reflection/CachedClass;+11
j  org.codehaus.groovy.reflection.ClassInfo$LazyCachedClassRef.initValue()Ljava/lang/Object;+1
J 403 C1 org.codehaus.groovy.util.LazyReference.getLocked(Z)Ljava/lang/Object; (85 bytes) @ 0xa7319220 [0xa7318c00+0x620]
J 356 C1 org.codehaus.groovy.util.LazyReference.get()Ljava/lang/Object; (44 bytes) @ 0xa7303d48 [0xa7303ae0+0x268]
J 359 C1 org.codehaus.groovy.reflection.ReflectionCache.getCachedClass(Ljava/lang/Class;)Lorg/codehaus/groovy/reflection/CachedClass; (14 bytes) @ 0xa7306d80 [0xa7306620+0x760]
j  org.codehaus.groovy.reflection.CachedClass$4.initValue()Lorg/codehaus/groovy/reflection/CachedClass;+20
j  org.codehaus.groovy.reflection.CachedClass$4.initValue()Ljava/lang/Object;+1
J 403 C1 org.codehaus.groovy.util.LazyReference.getLocked(Z)Ljava/lang/Object; (85 bytes) @ 0xa7319220 [0xa7318c00+0x620]
J 356 C1 org.codehaus.groovy.util.LazyReference.get()Ljava/lang/Object; (44 bytes) @ 0xa7303d48 [0xa7303ae0+0x268]
J 472 C1 org.codehaus.groovy.reflection.CachedClass.getCachedSuperClass()Lorg/codehaus/groovy/reflection/CachedClass; (11 bytes) @ 0xa7339a78 [0xa73399a0+0xd8]
j  org.codehaus.groovy.reflection.CachedClass$8.initValue()Ljava/util/Set;+106
j  org.codehaus.groovy.reflection.CachedClass$8.initValue()Ljava/lang/Object;+1
J 403 C1 org.codehaus.groovy.util.LazyReference.getLocked(Z)Ljava/lang/Object; (85 bytes) @ 0xa7319220 [0xa7318c00+0x620]
J 356 C1 org.codehaus.groovy.util.LazyReference.get()Ljava/lang/Object; (44 bytes) @ 0xa7303d48 [0xa7303ae0+0x268]
j  org.codehaus.groovy.reflection.CachedClass.getInterfaces()Ljava/util/Set;+4
j  org.codehaus.groovy.reflection.CachedClass.<init>(Ljava/lang/Class;Lorg/codehaus/groovy/reflection/ClassInfo;)V+182
j  org.codehaus.groovy.reflection.ClassInfo.createCachedClass(Ljava/lang/Class;Lorg/codehaus/groovy/reflection/ClassInfo;)Lorg/codehaus/groovy/reflection/CachedClass;+514
j  org.codehaus.groovy.reflection.ClassInfo.access$700(Ljava/lang/Class;Lorg/codehaus/groovy/reflection/ClassInfo;)Lorg/codehaus/groovy/reflection/CachedClass;+2
j  org.codehaus.groovy.reflection.ClassInfo$LazyCachedClassRef.initValue()Lorg/codehaus/groovy/reflection/CachedClass;+11
j  org.codehaus.groovy.reflection.ClassInfo$LazyCachedClassRef.initValue()Ljava/lang/Object;+1
J 403 C1 org.codehaus.groovy.util.LazyReference.getLocked(Z)Ljava/lang/Object; (85 bytes) @ 0xa7319220 [0xa7318c00+0x620]
J 356 C1 org.codehaus.groovy.util.LazyReference.get()Ljava/lang/Object; (44 bytes) @ 0xa7303d48 [0xa7303ae0+0x268]
J 359 C1 org.codehaus.groovy.reflection.ReflectionCache.getCachedClass(Ljava/lang/Class;)Lorg/codehaus/groovy/reflection/CachedClass; (14 bytes) @ 0xa7306d80 [0xa7306620+0x760]
j  org.codehaus.groovy.reflection.CachedClass$4.initValue()Lorg/codehaus/groovy/reflection/CachedClass;+20
j  org.codehaus.groovy.reflection.CachedClass$4.initValue()Ljava/lang/Object;+1
J 403 C1 org.codehaus.groovy.util.LazyReference.getLocked(Z)Ljava/lang/Object; (85 bytes) @ 0xa7319220 [0xa7318c00+0x620]
J 356 C1 org.codehaus.groovy.util.LazyReference.get()Ljava/lang/Object; (44 bytes) @ 0xa7303d48 [0xa7303ae0+0x268]
J 472 C1 org.codehaus.groovy.reflection.CachedClass.getCachedSuperClass()Lorg/codehaus/groovy/reflection/CachedClass; (11 bytes) @ 0xa7339a78 [0xa73399a0+0xd8]
j  org.codehaus.groovy.reflection.CachedClass$8.initValue()Ljava/util/Set;+106
j  org.codehaus.groovy.reflection.CachedClass$8.initValue()Ljava/lang/Object;+1
J 403 C1 org.codehaus.groovy.util.LazyReference.getLocked(Z)Ljava/lang/Object; (85 bytes) @ 0xa7319220 [0xa7318c00+0x620]
J 356 C1 org.codehaus.groovy.util.LazyReference.get()Ljava/lang/Object; (44 bytes) @ 0xa7303d48 [0xa7303ae0+0x268]
j  org.codehaus.groovy.reflection.CachedClass.getInterfaces()Ljava/util/Set;+4
j  org.codehaus.groovy.reflection.CachedClass.<init>(Ljava/lang/Class;Lorg/codehaus/groovy/reflection/ClassInfo;)V+182
j  org.codehaus.groovy.reflection.ClassInfo.createCachedClass(Ljava/lang/Class;Lorg/codehaus/groovy/reflection/ClassInfo;)Lorg/codehaus/groovy/reflection/CachedClass;+514
j  org.codehaus.groovy.reflection.ClassInfo.access$700(Ljava/lang/Class;Lorg/codehaus/groovy/reflection/ClassInfo;)Lorg/codehaus/groovy/reflection/CachedClass;+2
j  org.codehaus.groovy.reflection.ClassInfo$LazyCachedClassRef.initValue()Lorg/codehaus/groovy/reflection/CachedClass;+11
j  org.codehaus.groovy.reflection.ClassInfo$LazyCachedClassRef.initValue()Ljava/lang/Object;+1
J 403 C1 org.codehaus.groovy.util.LazyReference.getLocked(Z)Ljava/lang/Object; (85 bytes) @ 0xa7319220 [0xa7318c00+0x620]
J 356 C1 org.codehaus.groovy.util.LazyReference.get()Ljava/lang/Object; (44 bytes) @ 0xa7303d48 [0xa7303ae0+0x268]
J 359 C1 org.codehaus.groovy.reflection.ReflectionCache.getCachedClass(Ljava/lang/Class;)Lorg/codehaus/groovy/reflection/CachedClass; (14 bytes) @ 0xa7306d80 [0xa7306620+0x760]
j  org.codehaus.groovy.reflection.ParameterTypes.getParametersTypes0()V+46
j  org.codehaus.groovy.reflection.ParameterTypes.getParameterTypes()[Lorg/codehaus/groovy/reflection/CachedClass;+8
j  org.codehaus.groovy.reflection.CachedMethod.compareToCachedMethod(Lorg/codehaus/groovy/reflection/CachedMethod;)I+55
J 465 C1 org.codehaus.groovy.reflection.CachedMethod.compareTo(Ljava/lang/Object;)I (25 bytes) @ 0xa733587c [0xa7335680+0x1fc]
j  java.util.ComparableTimSort.binarySort([Ljava/lang/Object;III)V+94
j  java.util.ComparableTimSort.sort([Ljava/lang/Object;II[Ljava/lang/Object;II)V+134
j  java.util.Arrays.sort([Ljava/lang/Object;)V+20
j  org.codehaus.groovy.reflection.CachedClass$3.initValue()[Lorg/codehaus/groovy/reflection/CachedMethod;+164
j  org.codehaus.groovy.reflection.CachedClass$3.initValue()Ljava/lang/Object;+1
J 403 C1 org.codehaus.groovy.util.LazyReference.getLocked(Z)Ljava/lang/Object; (85 bytes) @ 0xa7319220 [0xa7318c00+0x620]
J 356 C1 org.codehaus.groovy.util.LazyReference.get()Ljava/lang/Object; (44 bytes) @ 0xa7303d48 [0xa7303ae0+0x268]
j  org.codehaus.groovy.reflection.CachedClass.getMethods()[Lorg/codehaus/groovy/reflection/CachedMethod;+4
j  org.codehaus.groovy.runtime.m12n.SimpleExtensionModule.createMetaMethods(Ljava/lang/Class;Ljava/util/List;Z)V+8
j  org.codehaus.groovy.runtime.m12n.SimpleExtensionModule.getMetaMethods()Ljava/util/List;+45
j  org.codehaus.groovy.runtime.metaclass.MetaClassRegistryImpl$DefaultModuleListener.onModule(Lorg/codehaus/groovy/runtime/m12n/ExtensionModule;)V+113
j  org.codehaus.groovy.runtime.m12n.ExtensionModuleScanner.scanExtensionModuleFromProperties(Ljava/util/Properties;)V+23
j  org.codehaus.groovy.runtime.m12n.ExtensionModuleScanner.scanExtensionModuleFromMetaInf(Ljava/net/URL;)V+52
j  org.codehaus.groovy.runtime.m12n.ExtensionModuleScanner.scanClasspathModules()V+31
j  org.codehaus.groovy.runtime.metaclass.MetaClassRegistryImpl.<init>(IZ)V+279
j  org.codehaus.groovy.runtime.metaclass.MetaClassRegistryImpl.<init>()V+3
j  groovy.lang.GroovySystem.<clinit>()V+8
v  ~StubRoutines::call_stub
j  org.codehaus.groovy.runtime.InvokerHelper.<clinit>()V+34
v  ~StubRoutines::call_stub
j  groovy.lang.GroovyObjectSupport.<init>()V+9
j  groovy.lang.Binding.<init>()V+1
j  groovy.lang.GroovyShell.<init>(Lorg/codehaus/groovy/control/CompilerConfiguration;)V+5
j  groovy.ui.GroovyMain.processOnce()V+8
j  groovy.ui.GroovyMain.run()Z+29
j  groovy.ui.GroovyMain.process(Lgroovyjarjarcommonscli/CommandLine;)Z+602
j  groovy.ui.GroovyMain.processArgs([Ljava/lang/String;Ljava/io/PrintStream;)V+108
j  groovy.ui.GroovyMain.main([Ljava/lang/String;)V+4
v  ~StubRoutines::call_stub
j  sun.reflect.NativeMethodAccessorImpl.invoke0(Ljava/lang/reflect/Method;Ljava/lang/Object;[Ljava/lang/Object;)Ljava/lang/Object;+0
j  sun.reflect.NativeMethodAccessorImpl.invoke(Ljava/lang/Object;[Ljava/lang/Object;)Ljava/lang/Object;+100
j  sun.reflect.DelegatingMethodAccessorImpl.invoke(Ljava/lang/Object;[Ljava/lang/Object;)Ljava/lang/Object;+6
j  java.lang.reflect.Method.invoke(Ljava/lang/Object;[Ljava/lang/Object;)Ljava/lang/Object;+56
j  org.codehaus.groovy.tools.GroovyStarter.rootLoader([Ljava/lang/String;)V+391
j  org.codehaus.groovy.tools.GroovyStarter.main([Ljava/lang/String;)V+1
v  ~StubRoutines::call_stub

---------------  P R O C E S S  ---------------

Java Threads: ( => current thread )
  0x637aa400 JavaThread "Service Thread" daemon [_thread_blocked, id=20200, stack(0x630db000,0x6312c000)]
  0x637a7400 JavaThread "C1 CompilerThread2" daemon [_thread_blocked, id=20186, stack(0x6312c000,0x631ad000)]
  0x637a5c00 JavaThread "C2 CompilerThread1" daemon [_thread_blocked, id=20183, stack(0x631ad000,0x6322e000)]
  0x637a4000 JavaThread "C2 CompilerThread0" daemon [_thread_blocked, id=20174, stack(0x6322e000,0x632af000)]
  0x637a2400 JavaThread "Signal Dispatcher" daemon [_thread_blocked, id=20164, stack(0x632af000,0x63300000)]
  0x63788800 JavaThread "Finalizer" daemon [_thread_blocked, id=20073, stack(0x63813000,0x63864000)]
  0x63785c00 JavaThread "Reference Handler" daemon [_thread_blocked, id=20063, stack(0x6642e000,0x6647f000)]
=>0xb6207800 JavaThread "main" [_thread_in_vm, id=19881, stack(0xb633b000,0xb638c000)]

Other Threads:
  0x63781000 VMThread [stack: 0x63864000,0x638e5000] [id=20025]
  0x637ac400 WatcherThread [stack: 0x6305a000,0x630db000] [id=20210]

VM state:synchronizing (normal execution)

VM Mutex/Monitor currently owned by a thread:  ([mutex/lock_event])
[0xb6205010] Threads_lock - owner thread: 0x63781000

Heap:
 PSYoungGen      total 19200K, used 6039K [0x916c0000, 0x93c40000, 0xa6c00000)
  eden space 16640K, 20% used [0x916c0000,0x91a29308,0x92700000)
  from space 2560K, 99% used [0x92700000,0x9297ca68,0x92980000)
  to   space 2560K, 0% used [0x939c0000,0x939c0000,0x93c40000)
 ParOldGen       total 43776K, used 146K [0x66c00000, 0x696c0000, 0x916c0000)
  object space 43776K, 0% used [0x66c00000,0x66c24988,0x696c0000)
 Metaspace       used 4716K, capacity 4746K, committed 4760K, reserved 5424K

Card table byte_map: [0x669ff000,0x66c00000] byte_map_base: 0x666c9000

Marking Bits: (ParMarkBitMap*) 0xb70b1880
 Begin Bits: [0x64300000, 0x65300000)
 End Bits:   [0x65300000, 0x66300000)

Polling page: 0xb76be000

CodeCache: size=245760Kb used=1686Kb max_used=1686Kb free=244074Kb
 bounds [0xa71a3000, 0xa73e3000, 0xb61a3000]
 total_blobs=657 nmethods=494 adapters=78
 compilation: enabled

Compilation events (10 events):
Event: 7.939 Thread 0x637a7400  492       3       org.codehaus.groovy.util.ReferenceType$2::createReference (11 bytes)
Event: 7.940 Thread 0x637a7400 nmethod 492 0xa7346c08 code [0xa7346d40, 0xa7347000]
Event: 8.085 Thread 0x637a7400  494       3       java.lang.Class::copyMethods (36 bytes)
Event: 8.086 Thread 0x637a7400 nmethod 494 0xa73471c8 code [0xa7347380, 0xa7347b18]
Event: 8.103 Thread 0x637a7400  495       3       java.lang.AbstractStringBuilder::append (29 bytes)
Event: 8.104 Thread 0x637a7400 nmethod 495 0xa7348008 code [0xa7348160, 0xa7348538]
Event: 8.160 Thread 0x637a7400  496       3       java.lang.StringBuilder::append (8 bytes)
Event: 8.160 Thread 0x637a7400 nmethod 496 0xa7348788 code [0xa73488e0, 0xa7348cf8]
Event: 8.161 Thread 0x637a7400  497   !   3       sun.reflect.generics.parser.SignatureParser::current (40 bytes)
Event: 8.161 Thread 0x637a7400 nmethod 497 0xa7349008 code [0xa7349120, 0xa7349260]

GC Heap History (2 events):
Event: 6.512 GC heap before
{Heap before GC invocations=1 (full 0):
 PSYoungGen      total 19200K, used 16640K [0x916c0000, 0x92c00000, 0xa6c00000)
  eden space 16640K, 100% used [0x916c0000,0x92700000,0x92700000)
  from space 2560K, 0% used [0x92980000,0x92980000,0x92c00000)
  to   space 2560K, 0% used [0x92700000,0x92700000,0x92980000)
 ParOldGen       total 43776K, used 0K [0x66c00000, 0x696c0000, 0x916c0000)
  object space 43776K, 0% used [0x66c00000,0x66c00000,0x696c0000)
 Metaspace       used 3718K, capacity 3786K, committed 3864K, reserved 4400K
Event: 6.849 GC heap after
Heap after GC invocations=1 (full 0):
 PSYoungGen      total 19200K, used 2546K [0x916c0000, 0x93c40000, 0xa6c00000)
  eden space 16640K, 0% used [0x916c0000,0x916c0000,0x92700000)
  from space 2560K, 99% used [0x92700000,0x9297ca68,0x92980000)
  to   space 2560K, 0% used [0x939c0000,0x939c0000,0x93c40000)
 ParOldGen       total 43776K, used 146K [0x66c00000, 0x696c0000, 0x916c0000)
  object space 43776K, 0% used [0x66c00000,0x66c24988,0x696c0000)
 Metaspace       used 3718K, capacity 3786K, committed 3864K, reserved 4400K
}

Deoptimization events (10 events):
Event: 2.183 Thread 0xb6207800 Uncommon trap: reason=unstable_if action=reinterpret pc=0xa7276178 method=java.lang.String.regionMatches(ZILjava/lang/String;II)Z @ 95
Event: 2.857 Thread 0xb6207800 Uncommon trap: reason=unstable_if action=reinterpret pc=0xa727d974 method=java.net.URLStreamHandler.sameFile(Ljava/net/URL;Ljava/net/URL;)Z @ 8
Event: 2.908 Thread 0xb6207800 Uncommon trap: reason=unstable_if action=reinterpret pc=0xa7280d44 method=java.net.URLStreamHandler.sameFile(Ljava/net/URL;Ljava/net/URL;)Z @ 8
Event: 6.203 Thread 0xb6207800 Uncommon trap: reason=unstable_if action=reinterpret pc=0xa72f1034 method=java.io.BufferedInputStream.read()I @ 8
Event: 6.478 Thread 0xb6207800 Uncommon trap: reason=unstable_if action=reinterpret pc=0xa72c5e08 method=java.lang.String.indexOf([CII[CIII)I @ 3
Event: 6.851 Thread 0xb6207800 Uncommon trap: reason=unstable_if action=reinterpret pc=0xa7318904 method=java.lang.ref.SoftReference.get()Ljava/lang/Object; @ 17
Event: 7.187 Thread 0xb6207800 Uncommon trap: reason=unstable_if action=reinterpret pc=0xa72db584 method=sun.misc.URLClassPath.getLoader(I)Lsun/misc/URLClassPath$Loader; @ 36
Event: 7.192 Thread 0xb6207800 Uncommon trap: reason=bimorphic action=maybe_recompile pc=0xa731fe5c method=java.util.HashMap.getNode(ILjava/lang/Object;)Ljava/util/HashMap$Node; @ 126
Event: 7.192 Thread 0xb6207800 Uncommon trap: reason=unstable_if action=reinterpret pc=0xa72dd9d0 method=sun.misc.URLClassPath$JarLoader.getResource(Ljava/lang/String;Z)Lsun/misc/Resource; @ 4
Event: 7.192 Thread 0xb6207800 Uncommon trap: reason=bimorphic action=maybe_recompile pc=0xa731fe5c method=java.util.HashMap.getNode(ILjava/lang/Object;)Ljava/util/HashMap$Node; @ 126

Internal exceptions (10 events):
Event: 2.723 Thread 0xb6207800 Exception <a 'java/security/PrivilegedActionException'> (0x919d25b0) thrown at [/build/openjdk-8-Y4imzb/openjdk-8-8u151-b12/src/hotspot/src/share/vm/prims/jvm.cpp, line 1390]
Event: 2.723 Thread 0xb6207800 Exception <a 'java/security/PrivilegedActionException'> (0x919d27b0) thrown at [/build/openjdk-8-Y4imzb/openjdk-8-8u151-b12/src/hotspot/src/share/vm/prims/jvm.cpp, line 1390]
Event: 2.724 Thread 0xb6207800 Exception <a 'java/security/PrivilegedActionException'> (0x919d3388) thrown at [/build/openjdk-8-Y4imzb/openjdk-8-8u151-b12/src/hotspot/src/share/vm/prims/jvm.cpp, line 1390]
Event: 2.724 Thread 0xb6207800 Exception <a 'java/security/PrivilegedActionException'> (0x919d3588) thrown at [/build/openjdk-8-Y4imzb/openjdk-8-8u151-b12/src/hotspot/src/share/vm/prims/jvm.cpp, line 1390]
Event: 7.192 Thread 0xb6207800 Exception <a 'java/security/PrivilegedActionException'> (0x91811d18) thrown at [/build/openjdk-8-Y4imzb/openjdk-8-8u151-b12/src/hotspot/src/share/vm/prims/jvm.cpp, line 1390]
Event: 7.192 Thread 0xb6207800 Exception <a 'java/security/PrivilegedActionException'> (0x918120f8) thrown at [/build/openjdk-8-Y4imzb/openjdk-8-8u151-b12/src/hotspot/src/share/vm/prims/jvm.cpp, line 1390]
Event: 7.192 Thread 0xb6207800 Exception <a 'java/security/PrivilegedActionException'> (0x918142f8) thrown at [/build/openjdk-8-Y4imzb/openjdk-8-8u151-b12/src/hotspot/src/share/vm/prims/jvm.cpp, line 1390]
Event: 7.192 Thread 0xb6207800 Exception <a 'java/security/PrivilegedActionException'> (0x918146d8) thrown at [/build/openjdk-8-Y4imzb/openjdk-8-8u151-b12/src/hotspot/src/share/vm/prims/jvm.cpp, line 1390]
Event: 7.192 Thread 0xb6207800 Exception <a 'java/security/PrivilegedActionException'> (0x918154d0) thrown at [/build/openjdk-8-Y4imzb/openjdk-8-8u151-b12/src/hotspot/src/share/vm/prims/jvm.cpp, line 1390]
Event: 7.192 Thread 0xb6207800 Exception <a 'java/security/PrivilegedActionException'> (0x918158b0) thrown at [/build/openjdk-8-Y4imzb/openjdk-8-8u151-b12/src/hotspot/src/share/vm/prims/jvm.cpp, line 1390]

Events (10 events):
Event: 8.161 loading class java/lang/annotation/RetentionPolicy done
Event: 8.161 loading class java/lang/Class$4
Event: 8.162 loading class java/lang/Class$4 done
Event: 8.162 loading class sun/reflect/annotation/AnnotationTypeMismatchExceptionProxy
Event: 8.162 loading class sun/reflect/annotation/ExceptionProxy
Event: 8.162 loading class sun/reflect/annotation/ExceptionProxy done
Event: 8.162 loading class sun/reflect/annotation/AnnotationTypeMismatchExceptionProxy done
Event: 8.162 loading class sun/reflect/annotation/AnnotationParser$1
Event: 8.162 loading class sun/reflect/annotation/AnnotationParser$1 done
Event: 8.162 loading class sun/reflect/annotation/AnnotationInvocationHandler


Dynamic libraries:
08048000-08049000 r-xp 00000000 08:01 1693306    /usr/lib/jvm/java-8-openjdk-i386/jre/bin/java
08049000-0804a000 r--p 00000000 08:01 1693306    /usr/lib/jvm/java-8-openjdk-i386/jre/bin/java
0804a000-0804b000 rw-p 00001000 08:01 1693306    /usr/lib/jvm/java-8-openjdk-i386/jre/bin/java
0974b000-0976c000 rw-p 00000000 00:00 0          [heap]
62100000-621aa000 rw-p 00000000 00:00 0 
621aa000-62200000 ---p 00000000 00:00 0 
62200000-62260000 rw-p 00000000 00:00 0 
62280000-62300000 ---p 00000000 00:00 0 
62300000-62345000 rw-p 00000000 00:00 0 
62345000-62400000 ---p 00000000 00:00 0 
62487000-62500000 r--s 010fe000 08:01 1694179    /usr/lib/jvm/java-8-openjdk-i386/lib/tools.jar
62500000-625fd000 rw-p 00000000 00:00 0 
625fd000-62600000 ---p 00000000 00:00 0 
62661000-62664000 r--s 00023000 08:01 2478896    /home/sarnobat/github/groovy_libraries/.groovy/lib/maven-shared-utils-0.1.jar
62664000-62667000 r--s 0000b000 08:01 2478399    /home/sarnobat/github/groovy_libraries/.groovy/lib/concurrentlinkedhashmap-lru-1.3.1.jar
62667000-6266e000 r--s 0005b000 08:01 2478897    /home/sarnobat/github/groovy_libraries/.groovy/lib/mongo-java-driver-2.10.1.jar
6266e000-62670000 r--s 0000c000 08:01 2478389    /home/sarnobat/github/groovy_libraries/.groovy/lib/commons-exec-1.3.jar
62670000-62671000 r--s 0000a000 08:01 2478397    /home/sarnobat/github/groovy_libraries/.groovy/lib/commons-logging-api-1.1.jar
62671000-62673000 r--s 00008000 08:01 2478930    /home/sarnobat/github/groovy_libraries/.groovy/lib/vget-1.1.5.jar
62673000-62674000 r--s 00004000 08:01 2478901    /home/sarnobat/github/groovy_libraries/.groovy/lib/opencsv-2.3.jar
62674000-62682000 r--s 000ad000 08:01 2478846    /home/sarnobat/github/groovy_libraries/.groovy/lib/jackson-mapper-asl-1.9.2.jar
62682000-6268f000 r--s 000a2000 08:01 2478391    /home/sarnobat/github/groovy_libraries/.groovy/lib/commons-imaging-1.0-R1480221.jar
6268f000-62691000 r--s 00000000 08:01 2478907    /home/sarnobat/github/groovy_libraries/.groovy/lib/plexus-component-annotations-1.5.5.jar
62691000-62695000 r--s 0000c000 08:01 2478929    /home/sarnobat/github/groovy_libraries/.groovy/lib/validation-api-1.1.0.Final.jar
62695000-62697000 r--s 00005000 08:01 2478924    /home/sarnobat/github/groovy_libraries/.groovy/lib/slf4j-api-1.7.5.jar
62697000-6269c000 r--s 0002a000 08:01 2478419    /home/sarnobat/github/groovy_libraries/.groovy/lib/gson-2.2.4.jar
6269c000-6269d000 r--s 00002000 08:01 2478875    /home/sarnobat/github/groovy_libraries/.groovy/lib/jsch.agentproxy.connector-factory-0.0.6.jar
6269d000-626aa000 r--s 00082000 08:01 2478856    /home/sarnobat/github/groovy_libraries/.groovy/lib/jersey-common-2.0.jar
626aa000-626ac000 r--s 0000d000 08:01 2478912    /home/sarnobat/github/groovy_libraries/.groovy/lib/plexus-interpolation-1.13.jar
626ac000-626d1000 r--s 002e3000 08:01 2478932    /home/sarnobat/github/groovy_libraries/.groovy/lib/xalan-2.7.1.jar
626d1000-62700000 r--s 0028b000 08:01 2478865    /home/sarnobat/github/groovy_libraries/.groovy/lib/jetty-all-9.2.21.v20170120.jar
62700000-62800000 rw-p 00000000 00:00 0 
62800000-628fb000 rw-p 00000000 00:00 0 
628fb000-62900000 ---p 00000000 00:00 0 
62900000-62903000 r--s 0001b000 08:01 2478888    /home/sarnobat/github/groovy_libraries/.groovy/lib/junit-3.8.2.jar
62903000-62904000 r--s 00001000 08:01 2478400    /home/sarnobat/github/groovy_libraries/.groovy/lib/doxia-sink-api-1.0-alpha-7.jar
62904000-62906000 r--s 00011000 08:01 2478873    /home/sarnobat/github/groovy_libraries/.groovy/lib/jsch-extension-0.1.3.jar
62906000-6290a000 r--s 00040000 08:01 2478871    /home/sarnobat/github/groovy_libraries/.groovy/lib/jsch-0.1.53-sources.jar
6290a000-6290d000 r--s 00023000 08:01 2478853    /home/sarnobat/github/groovy_libraries/.groovy/lib/jdom-1.0.jar
6290d000-6290e000 r--s 00003000 08:01 2478407    /home/sarnobat/github/groovy_libraries/.groovy/lib/geronimo-jta_1.1_spec-1.1.1.jar
6290e000-6290f000 r--s 00003000 08:01 2478857    /home/sarnobat/github/groovy_libraries/.groovy/lib/jersey-container-jdk-http-2.0.jar
6290f000-62913000 r--s 0003b000 08:01 2478870    /home/sarnobat/github/groovy_libraries/.groovy/lib/jsch-0.1.50.jar.disabled
62913000-62917000 r--s 00032000 08:01 2478915    /home/sarnobat/github/groovy_libraries/.groovy/lib/rome-1.0.jar
62917000-62922000 r--s 00068000 08:01 2478859    /home/sarnobat/github/groovy_libraries/.groovy/lib/jersey-core-1.17.1.jar
62922000-62924000 r--s 0000d000 08:01 2479615    /home/sarnobat/github/groovy_libraries/.groovy/lib/commons-codec-1.4.jar
62924000-62925000 r--s 00007000 08:01 2478923    /home/sarnobat/github/groovy_libraries/.groovy/lib/slf4j-api-1.7.12.jar
62925000-62927000 r--s 0000a000 08:01 2478931    /home/sarnobat/github/groovy_libraries/.groovy/lib/wget-1.2.9.jar
62927000-62936000 r--s 00095000 08:01 2478927    /home/sarnobat/github/groovy_libraries/.groovy/lib/sshd-core-0.14.0.jar
62936000-62937000 r--s 00001000 08:01 2478881    /home/sarnobat/github/groovy_libraries/.groovy/lib/jsch.agentproxy.usocket-jna-0.0.6.jar
62937000-62939000 r--s 00000000 08:01 2478877    /home/sarnobat/github/groovy_libraries/.groovy/lib/jsch.agentproxy.jsch-0.0.6.jar
62939000-6293d000 r--s 0001d000 08:01 2478933    /home/sarnobat/github/groovy_libraries/.groovy/lib/xbean-reflect-3.4.jar
6293d000-62942000 r--s 00047000 08:01 2478381    /home/sarnobat/github/groovy_libraries/.groovy/lib/asm-all-repackaged-2.1.88.jar
62942000-62944000 r--s 00000000 08:01 2478906    /home/sarnobat/github/groovy_libraries/.groovy/lib/plexus-compiler-manager-2.0.jar
62944000-62946000 r--s 00002000 08:01 2478895    /home/sarnobat/github/groovy_libraries/.groovy/lib/maven-shared-incremental-1.0.jar
62946000-62948000 r--s 00001000 08:01 2478876    /home/sarnobat/github/groovy_libraries/.groovy/lib/jsch.agentproxy.core-0.0.6.jar
62948000-6294a000 r--s 00282000 08:01 2478919    /home/sarnobat/github/groovy_libraries/.groovy/lib/selenium-firefox-driver-2.45.0.jar
6294a000-6294c000 r--s 00005000 08:01 2478847    /home/sarnobat/github/groovy_libraries/.groovy/lib/javax.annotation-api-1.2.jar
6294c000-6294d000 r--s 00001000 08:01 2478878    /home/sarnobat/github/groovy_libraries/.groovy/lib/jsch.agentproxy.pageant-0.0.6.jar
6294d000-6294f000 r--s 00000000 08:01 2478879    /home/sarnobat/github/groovy_libraries/.groovy/lib/jsch.agentproxy.sshagent-0.0.6.jar
6294f000-62951000 r--s 0000d000 08:01 2478416    /home/sarnobat/github/groovy_libraries/.groovy/lib/google-oauth-client-1.17.0-rc.jar
62951000-62955000 r--s 00025000 08:01 2478408    /home/sarnobat/github/groovy_libraries/.groovy/lib/google-api-client-1.17.0-rc.jar
62955000-62956000 r--s 00001000 08:01 2478903    /home/sarnobat/github/groovy_libraries/.groovy/lib/plexus-build-api-0.0.4.jar
62956000-62959000 r--s 0001b000 08:01 2478887    /home/sarnobat/github/groovy_libraries/.groovy/lib/junit-3.8.1.jar
62959000-6295d000 r--s 00019000 08:01 2478855    /home/sarnobat/github/groovy_libraries/.groovy/lib/jersey-client-2.0.jar
6295d000-6295f000 r--s 0000d000 08:01 2478874    /home/sarnobat/github/groovy_libraries/.groovy/lib/jsch-nio-0.1.5.jar
6295f000-62965000 r--s 00033000 08:01 2478921    /home/sarnobat/github/groovy_libraries/.groovy/lib/selenium-remote-driver-2.45.0.jar
62965000-62969000 r--s 0002f000 08:01 2478845    /home/sarnobat/github/groovy_libraries/.groovy/lib/jackson-core-2.1.3.jar
62969000-62992000 r--s 001ee000 08:01 2478420    /home/sarnobat/github/groovy_libraries/.groovy/lib/guava-14.0.1.jar
62992000-62995000 r--s 00015000 08:01 2478409    /home/sarnobat/github/groovy_libraries/.groovy/lib/google-api-services-calendar-v3-rev72-1.17.0-rc.jar
62995000-62997000 r--s 0000b000 08:01 2478427    /home/sarnobat/github/groovy_libraries/.groovy/lib/hk2-utils-2.1.88.jar
62997000-62a00000 r--s 003e4000 08:01 2478899    /home/sarnobat/github/groovy_libraries/.groovy/lib/neo4j-cypher-1.9.2.jar
62a00000-62aff000 rw-p 00000000 00:00 0 
62aff000-62b00000 ---p 00000000 00:00 0 
62b00000-62bfc000 rw-p 00000000 00:00 0 
62bfc000-62c00000 ---p 00000000 00:00 0 
62c00000-62c06000 r--s 00042000 08:01 2478885    /home/sarnobat/github/groovy_libraries/.groovy/lib/jsoup-1.7.2.jar
62c06000-62c14000 r--s 0007f000 08:01 2478387    /home/sarnobat/github/groovy_libraries/.groovy/lib/commons-collections-3.2.1.jar
62c14000-62c1f000 r--s 00085000 08:01 2478429    /home/sarnobat/github/groovy_libraries/.groovy/lib/httpclient-4.3.3.jar
62c1f000-62c20000 r--s 00002000 08:01 2478417    /home/sarnobat/github/groovy_libraries/.groovy/lib/google-oauth-client-java6-1.17.0-rc.jar
62c20000-62c21000 r--s 00001000 08:01 2478883    /home/sarnobat/github/groovy_libraries/.groovy/lib/jsch.agentproxy.usocket-nc-0.0.6.jar
62c21000-62c25000 r--s 00017000 08:01 2478928    /home/sarnobat/github/groovy_libraries/.groovy/lib/thumbnailator-0.4.8.jar
62c25000-62c27000 r--s 0001f000 08:01 2478922    /home/sarnobat/github/groovy_libraries/.groovy/lib/servlet-api-2.5-20081211.jar
62c27000-62c29000 r--s 0001d000 08:01 2478425    /home/sarnobat/github/groovy_libraries/.groovy/lib/hk2-locator-2.1.88.jar
62c29000-62c2d000 r--s 00018000 08:01 2478424    /home/sarnobat/github/groovy_libraries/.groovy/lib/hk2-api-2.1.88.jar
62c2d000-62c2e000 r--s 00002000 08:01 2478918    /home/sarnobat/github/groovy_libraries/.groovy/lib/selenium-chrome-driver-2.45.0.jar
62c2e000-62c32000 r--s 00024000 08:01 2478861    /home/sarnobat/github/groovy_libraries/.groovy/lib/jersey-json-1.17.1.jar
62c32000-62c36000 r--s 0002a000 08:01 2478393    /home/sarnobat/github/groovy_libraries/.groovy/lib/commons-io-2.4.jar
62c36000-62c55000 r--s 00153000 08:01 2478900    /home/sarnobat/github/groovy_libraries/.groovy/lib/neo4j-kernel-1.9.2.jar
62c55000-62c5c000 r--s 00051000 08:01 2478889    /home/sarnobat/github/groovy_libraries/.groovy/lib/log4j-1.2.12.jar
62c5c000-62c5d000 r--s 00006000 08:01 2478926    /home/sarnobat/github/groovy_libraries/.groovy/lib/solr-commons-csv-3.5.0.jar
62c5d000-62c61000 r--s 00018000 08:01 2478852    /home/sarnobat/github/groovy_libraries/.groovy/lib/javax.ws.rs-api-2.0.jar
62c61000-62c63000 r--s 0000b000 08:01 2478388    /home/sarnobat/github/groovy_libraries/.groovy/lib/commons-exec-1.1.jar
62c63000-62c65000 r--s 00001000 08:01 2478925    /home/sarnobat/github/groovy_libraries/.groovy/lib/slf4j-log4j12-1.7.12.jar
62c65000-62c67000 r--s 00005000 08:01 2478904    /home/sarnobat/github/groovy_libraries/.groovy/lib/plexus-compiler-api-2.0.jar
62c67000-62c6d000 r--s 0003c000 08:01 2478412    /home/sarnobat/github/groovy_libraries/.groovy/lib/google-http-client-1.17.0-rc.jar
62c6d000-62c71000 r--s 00028000 08:01 2478867    /home/sarnobat/github/groovy_libraries/.groovy/lib/jetty-util-6.1.26.jar
62c71000-62c73000 r--s 00009000 08:01 2478891    /home/sarnobat/github/groovy_libraries/.groovy/lib/maven-compiler-plugin-3.0.jar
62c73000-62c7a000 r--s 00058000 08:01 2478396    /home/sarnobat/github/groovy_libraries/.groovy/lib/commons-lang3-3.2.1.jar
62c7a000-62c7c000 r--s 0000c000 08:01 2478385    /home/sarnobat/github/groovy_libraries/.groovy/lib/commons-cli-1.4.jar
62c7c000-62c7e000 r--s 00007000 08:01 2478892    /home/sarnobat/github/groovy_libraries/.groovy/lib/maven-filtering-1.0-beta-4.jar
62c7e000-62c85000 r--s 00048000 08:01 2478841    /home/sarnobat/github/groovy_libraries/.groovy/lib/httpcore-4.4.1.jar
62c85000-62c89000 r--s 000dc000 08:01 2478869    /home/sarnobat/github/groovy_libraries/.groovy/lib/jna-4.1.0.jar
62c89000-62c8f000 r--s 00043000 08:01 2478402    /home/sarnobat/github/groovy_libraries/.groovy/lib/genson-0.98.jar
62c8f000-62d00000 r--s 00658000 08:01 2478916    /home/sarnobat/github/groovy_libraries/.groovy/lib/scala-library-2.10.0.jar
62d00000-62dfc000 rw-p 00000000 00:00 0 
62dfc000-62e00000 ---p 00000000 00:00 0 
62e00000-62e01000 r--s 00002000 08:01 2478893    /home/sarnobat/github/groovy_libraries/.groovy/lib/maven-reporting-api-2.0.6.jar
62e01000-62e02000 r--s 00004000 08:01 2478905    /home/sarnobat/github/groovy_libraries/.groovy/lib/plexus-compiler-javac-2.0.jar
62e02000-62e03000 r--s 00005000 08:01 2478894    /home/sarnobat/github/groovy_libraries/.groovy/lib/maven-resources-plugin-2.4.3.jar
62e03000-62e05000 r--s 00005000 08:01 2478844    /home/sarnobat/github/groovy_libraries/.groovy/lib/httpmime-4.2.3.jar
62e05000-62e09000 r--s 0003c000 08:01 2478394    /home/sarnobat/github/groovy_libraries/.groovy/lib/commons-lang-2.4.jar
62e09000-62e0d000 r--s 00030000 08:01 2478913    /home/sarnobat/github/groovy_libraries/.groovy/lib/plexus-utils-1.5.1.jar
62e0d000-62e14000 r--s 0003f000 08:01 2478382    /home/sarnobat/github/groovy_libraries/.groovy/lib/cglib-2.1.88.jar
62e14000-62e17000 r--s 00012000 08:01 2478851    /home/sarnobat/github/groovy_libraries/.groovy/lib/javax.json-1.0.4.jar
62e17000-62e18000 r--s 0000f000 08:01 2478884    /home/sarnobat/github/groovy_libraries/.groovy/lib/json-20131018.jar
62e18000-62e19000 r--s 00001000 08:01 2478418    /home/sarnobat/github/groovy_libraries/.groovy/lib/google-oauth-client-jetty-1.17.0-rc.jar
62e19000-62e1e000 r--s 0002b000 08:01 2478401    /home/sarnobat/github/groovy_libraries/.groovy/lib/fuse-jna-0.0.1-SNAPSHOT.jar
62e1e000-62e30000 r--s 00099000 08:01 2478863    /home/sarnobat/github/groovy_libraries/.groovy/lib/jersey-server-2.0.jar
62e30000-62e32000 r--s 00006000 08:01 2478886    /home/sarnobat/github/groovy_libraries/.groovy/lib/jsr305-2.0.1.jar
62e32000-62e33000 r--s 00001000 08:01 2478415    /home/sarnobat/github/groovy_libraries/.groovy/lib/google-http-client-jackson2-1.17.0-rc.jar
62e33000-62e35000 r--s 00002000 08:01 2478911    /home/sarnobat/github/groovy_libraries/.groovy/lib/plexus-interactivity-api-1.0-alpha-4.jar
62e35000-62e36000 r--s 00004000 08:01 2478902    /home/sarnobat/github/groovy_libraries/.groovy/lib/osgi-resource-locator-1.0.1.jar
62e36000-62e3b000 r--s 0001d000 08:01 2478917    /home/sarnobat/github/groovy_libraries/.groovy/lib/selenium-api-2.45.0.jar
62e3b000-62e42000 r--s 00064000 08:01 2478890    /home/sarnobat/github/groovy_libraries/.groovy/lib/mail-1.4.2.jar
62e42000-62e43000 r--s 00001000 08:01 2478848    /home/sarnobat/github/groovy_libraries/.groovy/lib/javax.inject-2.1.88.jar
62e43000-62e4a000 r--s 00050000 08:01 2478843    /home/sarnobat/github/groovy_libraries/.groovy/lib/httpcore-nio-4.4.1.jar
62e4a000-62e4e000 r--s 00033000 08:01 2478914    /home/sarnobat/github/groovy_libraries/.groovy/lib/plexus-utils-2.0.5.jar
62e4e000-62e51000 r--s 0001d000 08:01 2478854    /home/sarnobat/github/groovy_libraries/.groovy/lib/jersey-client-1.17.1.jar
62e51000-62e52000 r--s 00006000 08:01 1693894    /usr/share/maven-repo/org/codehaus/groovy/groovy-servlet/2.4.5/groovy-servlet-2.4.5.jar
62e52000-62e54000 r--s 0001b000 08:01 1693924    /usr/share/maven-repo/org/codehaus/groovy/groovy-docgenerator/2.4.5/groovy-docgenerator-2.4.5.jar
62e54000-62e56000 r--s 00011000 08:01 1147685    /usr/share/java/jsp-api-2.1.jar
62e56000-62e64000 r--s 000c8000 08:01 1149227    /usr/share/java/testng.jar
62e64000-62e66000 r--s 0000c000 08:01 1149198    /usr/share/java/asm4-5.0.4.jar
62e66000-62e68000 r--s 00006000 08:01 1149197    /usr/share/java/asm4-tree-5.0.4.jar
62e68000-62e6a000 r--s 00012000 08:01 1839680    /usr/share/maven-repo/org/codehaus/groovy/groovy-test/2.4.5/groovy-test-2.4.5.jar
62e6a000-62e6b000 r--s 00004000 08:01 1144744    /usr/share/java/ant-launcher-1.9.6.jar
62e6b000-62e6c000 r--s 00005000 08:01 1147905    /usr/share/java/jansi-1.4.jar
62e6c000-62e6e000 r--s 00019000 08:01 1149207    /usr/share/java/jline2.jar
62e6e000-62e70000 r--s 00001000 08:01 1839692    /usr/share/maven-repo/org/codehaus/groovy/groovy-testng/2.4.5/groovy-testng-2.4.5.jar
62e70000-62e85000 r--s 00124000 08:01 1147882    /usr/share/java/ivy-2.3.0.jar
62e85000-62e87000 r--s 00016000 08:01 1839697    /usr/share/maven-repo/org/codehaus/groovy/groovy-templates/2.4.5/groovy-templates-2.4.5.jar
62e87000-62ed4000 r--s 0040d000 08:01 1149211    /usr/share/java/groovy-2.x.jar
62ed4000-62ee1000 r--s 00076000 08:01 1147859    /usr/share/java/xstream-1.4.8.jar
62ee1000-62f00000 r--s 001d1000 08:01 1144743    /usr/share/java/ant-1.9.6.jar
62f00000-62ffb000 rw-p 00000000 00:00 0 
62ffb000-63000000 ---p 00000000 00:00 0 
63000000-63002000 r--s 00004000 08:01 1839662    /usr/share/maven-repo/org/codehaus/groovy/groovy-jsr223/2.4.5/groovy-jsr223-2.4.5.jar
63002000-63005000 r--s 0001e000 08:01 1147684    /usr/share/java/servlet-api-2.5.jar
63005000-63009000 r--s 00028000 08:01 1149209    /usr/share/java/qdox-1.12.1.jar
63009000-6300d000 r--s 0001e000 08:01 1839667    /usr/share/maven-repo/org/codehaus/groovy/groovy-groovydoc/2.4.5/groovy-groovydoc-2.4.5.jar
6300d000-6305a000 r--s 0040d000 08:01 1149211    /usr/share/java/groovy-2.x.jar
6305a000-6305b000 ---p 00000000 00:00 0 
6305b000-630db000 rw-p 00000000 00:00 0 
630db000-630de000 ---p 00000000 00:00 0 
630de000-6312c000 rw-p 00000000 00:00 0 
6312c000-6312f000 ---p 00000000 00:00 0 
6312f000-631ad000 rw-p 00000000 00:00 0 
631ad000-631b0000 ---p 00000000 00:00 0 
631b0000-6322e000 rw-p 00000000 00:00 0 
6322e000-63231000 ---p 00000000 00:00 0 
63231000-632af000 rw-p 00000000 00:00 0 
632af000-632b2000 ---p 00000000 00:00 0 
632b2000-63300000 rw-p 00000000 00:00 0 
63300000-63500000 r--p 00000000 08:01 1105218    /usr/lib/locale/locale-archive
63500000-63593000 rw-p 00000000 00:00 0 
63593000-63600000 ---p 00000000 00:00 0 
63600000-63621000 rw-p 00000000 00:00 0 
63621000-63700000 ---p 00000000 00:00 0 
63700000-637fc000 rw-p 00000000 00:00 0 
637fc000-63800000 ---p 00000000 00:00 0 
63800000-63801000 r--s 00003000 08:01 1147898    /usr/share/java/hawtjni-runtime-1.10.jar
63801000-63802000 r--s 00001000 08:01 1147901    /usr/share/java/jansi-native-1.0.jar
63802000-63803000 r--s 00005000 08:01 1147905    /usr/share/java/jansi-1.4.jar
63803000-63804000 r--s 0000d000 08:01 1147020    /usr/share/java/commons-logging-1.2.jar
63804000-63809000 r--s 00068000 08:01 1144929    /usr/share/java/antlr.jar
63809000-6380c000 r--s 0001d000 08:01 1839643    /usr/share/maven-repo/org/codehaus/groovy/groovy-json/2.4.5/groovy-json-2.4.5.jar
6380c000-6380d000 r--s 0000a000 08:01 1149195    /usr/share/java/asm4-util-5.0.4.jar
6380d000-63810000 r--s 0000d000 08:01 1149225    /usr/share/java/jcommander.jar
63810000-63811000 r--s 0000d000 08:01 1149216    /usr/share/java/jsr166y-1.7.0.jar
63811000-63813000 r--s 0000a000 08:01 1147016    /usr/share/java/commons-cli-1.3.1.jar
63813000-63816000 ---p 00000000 00:00 0 
63816000-63864000 rw-p 00000000 00:00 0 
63864000-63865000 ---p 00000000 00:00 0 
63865000-638e5000 rw-p 00000000 00:00 0 
638e5000-63ab4000 r--s 03c21000 08:01 1693223    /usr/lib/jvm/java-8-openjdk-i386/jre/lib/rt.jar
63ab4000-63efa000 rw-p 00000000 00:00 0 
63efa000-63f00000 ---p 00000000 00:00 0 
63f00000-66300000 rw-p 00000000 00:00 0 
66300000-6636f000 rw-p 00000000 00:00 0 
6636f000-66400000 ---p 00000000 00:00 0 
66400000-66403000 r--s 00010000 08:01 1145778    /usr/share/java/bsf-2.4.0.jar
66403000-66405000 r--s 0001b000 08:01 1145289    /usr/share/java/ant-junit-1.9.6.jar
66405000-66409000 r--s 00031000 08:01 1693912    /usr/share/maven-repo/org/codehaus/groovy/groovy-xml/2.4.5/groovy-xml-2.4.5.jar
66409000-6640b000 r--s 0001d000 08:01 1693929    /usr/share/maven-repo/org/codehaus/groovy/groovy-jmx/2.4.5/groovy-jmx-2.4.5.jar
6640b000-66411000 r--s 0005e000 08:01 1693906    /usr/share/maven-repo/org/codehaus/groovy/groovy-groovysh/2.4.5/groovy-groovysh-2.4.5.jar
66411000-66413000 r--s 00004000 08:01 1149192    /usr/share/java/asm4-analysis-5.0.4.jar
66413000-6642e000 r--s 00394000 08:01 1693228    /usr/lib/jvm/java-8-openjdk-i386/jre/lib/ext/cldrdata.jar
6642e000-66431000 ---p 00000000 00:00 0 
66431000-6647f000 rw-p 00000000 00:00 0 
6647f000-66480000 ---p 00000000 00:00 0 
66480000-66500000 rw-p 00000000 00:00 0 
66500000-665fd000 rw-p 00000000 00:00 0 
665fd000-66600000 ---p 00000000 00:00 0 
66600000-66621000 rw-p 00000000 00:00 0 
66621000-66700000 ---p 00000000 00:00 0 
66700000-6670c000 r--s 00094000 08:01 1693917    /usr/share/maven-repo/org/codehaus/groovy/groovy-console/2.4.5/groovy-console-2.4.5.jar
6670c000-6670e000 r--s 0000a000 08:01 1147024    /usr/share/java/hamcrest-core-1.3.jar
6670e000-66716000 r--s 00045000 08:01 1147522    /usr/share/java/junit4-4.12.jar
66716000-66731000 r--s 001d6000 08:01 1693230    /usr/lib/jvm/java-8-openjdk-i386/jre/lib/ext/nashorn.jar
66731000-6677f000 rw-p 00000000 00:00 0 
6677f000-66780000 ---p 00000000 00:00 0 
66780000-66800000 rw-p 00000000 00:00 0 
66800000-66821000 rw-p 00000000 00:00 0 
66821000-66900000 ---p 00000000 00:00 0 
66900000-66901000 r--s 00002000 08:01 1145284    /usr/share/java/ant-antlr-1.9.6.jar
66901000-66907000 r--s 00051000 08:01 1839686    /usr/share/maven-repo/org/codehaus/groovy/groovy-swing/2.4.5/groovy-swing-2.4.5.jar
66907000-66909000 r--s 00010000 08:01 1839656    /usr/share/maven-repo/org/codehaus/groovy/groovy-ant/2.4.5/groovy-ant-2.4.5.jar
66909000-6690b000 r--s 00012000 08:01 1839650    /usr/share/maven-repo/org/codehaus/groovy/groovy-sql/2.4.5/groovy-sql-2.4.5.jar
6690b000-6697e000 rw-p 00000000 00:00 0 
6697e000-6697f000 ---p 00000000 00:00 0 
6697f000-66a15000 rw-p 00000000 00:00 0 
66a15000-66b54000 ---p 00000000 00:00 0 
66b54000-66b68000 rw-p 00000000 00:00 0 
66b68000-66bff000 ---p 00000000 00:00 0 
66bff000-696c0000 rw-p 00000000 00:00 0 
696c0000-916c0000 ---p 00000000 00:00 0 
916c0000-93c40000 rw-p 00000000 00:00 0 
93c40000-a6c00000 ---p 00000000 00:00 0 
a6c00000-a6c02000 r--s 00009000 08:01 1148102    /usr/share/java/asm4-commons-5.0.4.jar
a6c02000-a6c04000 r--s 00008000 08:01 1693232    /usr/lib/jvm/java-8-openjdk-i386/jre/lib/ext/sunec.jar
a6c04000-a6c06000 r--s 00001000 08:01 1693236    /usr/lib/jvm/java-8-openjdk-i386/jre/lib/ext/dnsns.jar
a6c06000-a6c0c000 r--s 0003a000 08:01 1693231    /usr/lib/jvm/java-8-openjdk-i386/jre/lib/ext/sunjce_provider.jar
a6c0c000-a6c0d000 ---p 00000000 00:00 0 
a6c0d000-a6ca3000 rw-p 00000000 00:00 0 
a6ca3000-a6de3000 ---p 00000000 00:00 0 
a6de3000-a6dec000 rw-p 00000000 00:00 0 
a6dec000-a71a3000 ---p 00000000 00:00 0 
a71a3000-a73e3000 rwxp 00000000 00:00 0 
a73e3000-b61a3000 ---p 00000000 00:00 0 
b61a3000-b61ae000 r-xp 00000000 08:01 3401300    /lib/i386-linux-gnu/libnss_files-2.23.so
b61ae000-b61af000 r--p 0000a000 08:01 3401300    /lib/i386-linux-gnu/libnss_files-2.23.so
b61af000-b61b0000 rw-p 0000b000 08:01 3401300    /lib/i386-linux-gnu/libnss_files-2.23.so
b61b0000-b61b6000 rw-p 00000000 00:00 0 
b61b6000-b61c1000 r-xp 00000000 08:01 3401303    /lib/i386-linux-gnu/libnss_nis-2.23.so
b61c1000-b61c2000 r--p 0000a000 08:01 3401303    /lib/i386-linux-gnu/libnss_nis-2.23.so
b61c2000-b61c3000 rw-p 0000b000 08:01 3401303    /lib/i386-linux-gnu/libnss_nis-2.23.so
b61c3000-b61da000 r-xp 00000000 08:01 3401221    /lib/i386-linux-gnu/libnsl-2.23.so
b61da000-b61db000 r--p 00016000 08:01 3401221    /lib/i386-linux-gnu/libnsl-2.23.so
b61db000-b61dc000 rw-p 00017000 08:01 3401221    /lib/i386-linux-gnu/libnsl-2.23.so
b61dc000-b61de000 rw-p 00000000 00:00 0 
b61de000-b61e6000 r-xp 00000000 08:01 3401309    /lib/i386-linux-gnu/libnss_compat-2.23.so
b61e6000-b61e7000 r--p 00007000 08:01 3401309    /lib/i386-linux-gnu/libnss_compat-2.23.so
b61e7000-b61e8000 rw-p 00008000 08:01 3401309    /lib/i386-linux-gnu/libnss_compat-2.23.so
b61e8000-b61e9000 r--s 00002000 08:01 1839673    /usr/share/maven-repo/org/codehaus/groovy/groovy-bsf/2.4.5/groovy-bsf-2.4.5.jar
b61e9000-b61ec000 r--s 0000f000 08:01 1693227    /usr/lib/jvm/java-8-openjdk-i386/jre/lib/ext/icedtea-sound.jar
b61ec000-b61f6000 r--s 00116000 08:01 1693233    /usr/lib/jvm/java-8-openjdk-i386/jre/lib/ext/localedata.jar
b61f6000-b61fe000 r-xp 00000000 08:01 1693277    /usr/lib/jvm/java-8-openjdk-i386/jre/lib/i386/libzip.so
b61fe000-b61ff000 r--p 00007000 08:01 1693277    /usr/lib/jvm/java-8-openjdk-i386/jre/lib/i386/libzip.so
b61ff000-b6200000 rw-p 00008000 08:01 1693277    /usr/lib/jvm/java-8-openjdk-i386/jre/lib/i386/libzip.so
b6200000-b62fb000 rw-p 00000000 00:00 0 
b62fb000-b6300000 ---p 00000000 00:00 0 
b6300000-b6301000 r--s 00010000 08:01 1693229    /usr/lib/jvm/java-8-openjdk-i386/jre/lib/ext/zipfs.jar
b6301000-b6309000 rw-s 00000000 08:01 2576623    /tmp/hsperfdata_sarnobat/19403
b6309000-b6330000 r-xp 00000000 08:01 1693258    /usr/lib/jvm/java-8-openjdk-i386/jre/lib/i386/libjava.so
b6330000-b6331000 r--p 00026000 08:01 1693258    /usr/lib/jvm/java-8-openjdk-i386/jre/lib/i386/libjava.so
b6331000-b6332000 rw-p 00027000 08:01 1693258    /usr/lib/jvm/java-8-openjdk-i386/jre/lib/i386/libjava.so
b6332000-b6339000 r-xp 00000000 08:01 3401305    /lib/i386-linux-gnu/librt-2.23.so
b6339000-b633a000 r--p 00006000 08:01 3401305    /lib/i386-linux-gnu/librt-2.23.so
b633a000-b633b000 rw-p 00007000 08:01 3401305    /lib/i386-linux-gnu/librt-2.23.so
b633b000-b633e000 ---p 00000000 00:00 0 
b633e000-b638c000 rw-p 00000000 00:00 0 
b638c000-b63a8000 r-xp 00000000 08:01 3402590    /lib/i386-linux-gnu/libgcc_s.so.1
b63a8000-b63a9000 rw-p 0001b000 08:01 3402590    /lib/i386-linux-gnu/libgcc_s.so.1
b63a9000-b63fc000 r-xp 00000000 08:01 3401314    /lib/i386-linux-gnu/libm-2.23.so
b63fc000-b63fd000 r--p 00052000 08:01 3401314    /lib/i386-linux-gnu/libm-2.23.so
b63fd000-b63fe000 rw-p 00053000 08:01 3401314    /lib/i386-linux-gnu/libm-2.23.so
b63fe000-b656b000 r-xp 00000000 08:01 1110301    /usr/lib/i386-linux-gnu/libstdc++.so.6.0.21
b656b000-b656c000 ---p 0016d000 08:01 1110301    /usr/lib/i386-linux-gnu/libstdc++.so.6.0.21
b656c000-b6571000 r--p 0016d000 08:01 1110301    /usr/lib/i386-linux-gnu/libstdc++.so.6.0.21
b6571000-b6572000 rw-p 00172000 08:01 1110301    /usr/lib/i386-linux-gnu/libstdc++.so.6.0.21
b6572000-b6575000 rw-p 00000000 00:00 0 
b6575000-b7046000 r-xp 00000000 08:01 1693269    /usr/lib/jvm/java-8-openjdk-i386/jre/lib/i386/server/libjvm.so
b7046000-b708c000 r--p 00ad0000 08:01 1693269    /usr/lib/jvm/java-8-openjdk-i386/jre/lib/i386/server/libjvm.so
b708c000-b70a3000 rw-p 00b16000 08:01 1693269    /usr/lib/jvm/java-8-openjdk-i386/jre/lib/i386/server/libjvm.so
b70a3000-b74c4000 rw-p 00000000 00:00 0 
b74c4000-b74dd000 r-xp 00000000 08:01 3401302    /lib/i386-linux-gnu/libpthread-2.23.so
b74dd000-b74de000 r--p 00018000 08:01 3401302    /lib/i386-linux-gnu/libpthread-2.23.so
b74de000-b74df000 rw-p 00019000 08:01 3401302    /lib/i386-linux-gnu/libpthread-2.23.so
b74df000-b74e1000 rw-p 00000000 00:00 0 
b74e1000-b74e4000 r-xp 00000000 08:01 3401308    /lib/i386-linux-gnu/libdl-2.23.so
b74e4000-b74e5000 r--p 00002000 08:01 3401308    /lib/i386-linux-gnu/libdl-2.23.so
b74e5000-b74e6000 rw-p 00003000 08:01 3401308    /lib/i386-linux-gnu/libdl-2.23.so
b74e6000-b74ff000 r-xp 00000000 08:01 3402741    /lib/i386-linux-gnu/libz.so.1.2.8
b74ff000-b7500000 r--p 00018000 08:01 3402741    /lib/i386-linux-gnu/libz.so.1.2.8
b7500000-b7501000 rw-p 00019000 08:01 3402741    /lib/i386-linux-gnu/libz.so.1.2.8
b7501000-b76b1000 r-xp 00000000 08:01 3402570    /lib/i386-linux-gnu/libc-2.23.so
b76b1000-b76b3000 r--p 001af000 08:01 3402570    /lib/i386-linux-gnu/libc-2.23.so
b76b3000-b76b4000 rw-p 001b1000 08:01 3402570    /lib/i386-linux-gnu/libc-2.23.so
b76b4000-b76b7000 rw-p 00000000 00:00 0 
b76b7000-b76b8000 r--s 0000a000 08:01 1693235    /usr/lib/jvm/java-8-openjdk-i386/jre/lib/ext/jaccess.jar
b76b8000-b76bc000 r--s 00037000 08:01 1693234    /usr/lib/jvm/java-8-openjdk-i386/jre/lib/ext/sunpkcs11.jar
b76bc000-b76bd000 r--p 002d4000 08:01 1105218    /usr/lib/locale/locale-archive
b76bd000-b76be000 rw-p 00000000 00:00 0 
b76be000-b76bf000 ---p 00000000 00:00 0 
b76bf000-b76cd000 r-xp 00000000 08:01 1693275    /usr/lib/jvm/java-8-openjdk-i386/jre/lib/i386/libverify.so
b76cd000-b76ce000 r--p 0000d000 08:01 1693275    /usr/lib/jvm/java-8-openjdk-i386/jre/lib/i386/libverify.so
b76ce000-b76cf000 rw-p 0000e000 08:01 1693275    /usr/lib/jvm/java-8-openjdk-i386/jre/lib/i386/libverify.so
b76cf000-b76dc000 r-xp 00000000 08:01 1693273    /usr/lib/jvm/java-8-openjdk-i386/jre/lib/i386/jli/libjli.so
b76dc000-b76dd000 r--p 0000c000 08:01 1693273    /usr/lib/jvm/java-8-openjdk-i386/jre/lib/i386/jli/libjli.so
b76dd000-b76de000 rw-p 0000d000 08:01 1693273    /usr/lib/jvm/java-8-openjdk-i386/jre/lib/i386/jli/libjli.so
b76de000-b76e0000 rw-p 00000000 00:00 0 
b76e0000-b76e2000 r--p 00000000 00:00 0          [vvar]
b76e2000-b76e3000 r-xp 00000000 00:00 0          [vdso]
b76e3000-b7705000 r-xp 00000000 08:01 3401231    /lib/i386-linux-gnu/ld-2.23.so
b7705000-b7706000 rw-p 00000000 00:00 0 
b7706000-b7707000 r--p 00022000 08:01 3401231    /lib/i386-linux-gnu/ld-2.23.so
b7707000-b7708000 rw-p 00023000 08:01 3401231    /lib/i386-linux-gnu/ld-2.23.so
bfc3f000-bfc60000 rw-p 00000000 00:00 0          [stack]

VM Arguments:
jvm_args: -Dscript.name=/usr/bin/groovy -Dprogram.name=groovy -Dgroovy.starter.conf=/usr/share/groovy2/conf/groovy-starter.conf -Dgroovy.home=/usr/share/groovy2 -Dtools.jar=/usr/lib/jvm/default-java/lib/tools.jar 
java_command: org.codehaus.groovy.tools.GroovyStarter --main groovy.ui.GroovyMain --conf /usr/share/groovy2/conf/groovy-starter.conf --classpath . httpcat_with_write.groovy 4470 /home/sarnobat/sarnobat.git/www/podcasts/podcasts.txt
java_class_path (initial): /usr/share/groovy2/lib/groovy-2.4.5.jar
Launcher Type: SUN_STANDARD

Environment Variables:
PATH=/usr/bin:/bin
SHELL=/bin/sh

Signal Handlers:
SIGSEGV: [libjvm.so+0x8d7370], sa_mask[0]=11111111011111111101111111111110, sa_flags=SA_RESTART|SA_SIGINFO
SIGBUS: [libjvm.so+0x8d7370], sa_mask[0]=11111111011111111101111111111110, sa_flags=SA_RESTART|SA_SIGINFO
SIGFPE: [libjvm.so+0x73d1c0], sa_mask[0]=11111111011111111101111111111110, sa_flags=SA_RESTART|SA_SIGINFO
SIGPIPE: [libjvm.so+0x73d1c0], sa_mask[0]=11111111011111111101111111111110, sa_flags=SA_RESTART|SA_SIGINFO
SIGXFSZ: [libjvm.so+0x73d1c0], sa_mask[0]=11111111011111111101111111111110, sa_flags=SA_RESTART|SA_SIGINFO
SIGILL: [libjvm.so+0x73d1c0], sa_mask[0]=11111111011111111101111111111110, sa_flags=SA_RESTART|SA_SIGINFO
SIGUSR1: SIG_DFL, sa_mask[0]=00000000000000000000000000000000, sa_flags=none
SIGUSR2: [libjvm.so+0x73d000], sa_mask[0]=00000000000000000000000000000000, sa_flags=SA_RESTART|SA_SIGINFO
SIGHUP: [libjvm.so+0x73d790], sa_mask[0]=11111111011111111101111111111110, sa_flags=SA_RESTART|SA_SIGINFO
SIGINT: [libjvm.so+0x73d790], sa_mask[0]=11111111011111111101111111111110, sa_flags=SA_RESTART|SA_SIGINFO
SIGTERM: [libjvm.so+0x73d790], sa_mask[0]=11111111011111111101111111111110, sa_flags=SA_RESTART|SA_SIGINFO
SIGQUIT: [libjvm.so+0x73d790], sa_mask[0]=11111111011111111101111111111110, sa_flags=SA_RESTART|SA_SIGINFO


---------------  S Y S T E M  ---------------

OS:DISTRIB_ID=Ubuntu
DISTRIB_RELEASE=16.04
DISTRIB_CODENAME=xenial
DISTRIB_DESCRIPTION="Ubuntu 16.04.1 LTS"

uname:Linux 4.4.0-104-generic #127-Ubuntu SMP Mon Dec 11 12:16:50 UTC 2017 i686
libc:glibc 2.23 NPTL 2.23 
rlimit: STACK 8192k, CORE 0k, NPROC 63057, NOFILE 65536, AS infinity
load average:83.75 108.60 321.88

/proc/meminfo:
MemTotal:        8107456 kB
MemFree:          283400 kB
MemAvailable:          0 kB
Buffers:            5680 kB
Cached:           168400 kB
SwapCached:       125748 kB
Active:          6338148 kB
Inactive:        1185548 kB
Active(anon):    6312564 kB
Inactive(anon):  1166672 kB
Active(file):      25584 kB
Inactive(file):    18876 kB
Unevictable:           0 kB
Mlocked:               0 kB
HighTotal:       7292552 kB
HighFree:            840 kB
LowTotal:         814904 kB
LowFree:          282560 kB
SwapTotal:       4007932 kB
SwapFree:              0 kB
Dirty:              1396 kB
Writeback:             0 kB
AnonPages:       7225072 kB
Mapped:            33592 kB
Shmem:            129016 kB
Slab:             114372 kB
SReclaimable:      28560 kB
SUnreclaim:        85812 kB
KernelStack:       36816 kB
PageTables:        83360 kB
NFS_Unstable:          0 kB
Bounce:                4 kB
WritebackTmp:          0 kB
CommitLimit:     8061660 kB
Committed_AS:   28506232 kB
VmallocTotal:     122880 kB
VmallocUsed:           0 kB
VmallocChunk:          0 kB
AnonHugePages:   3561472 kB
CmaTotal:              0 kB
CmaFree:               0 kB
HugePages_Total:       0
HugePages_Free:        0
HugePages_Rsvd:        0
HugePages_Surp:        0
Hugepagesize:       2048 kB
DirectMap4k:       40952 kB
DirectMap2M:      870400 kB


CPU:total 4 (initial active 4) (2 cores per cpu, 2 threads per core) family 6 model 58 stepping 9, cmov, cx8, fxsr, mmx, sse, sse2, sse3, ssse3, sse4.1, sse4.2, popcnt, avx, aes, clmul, erms, ht, tsc, tscinvbit, tscinv

/proc/cpuinfo:
processor	: 0
vendor_id	: GenuineIntel
cpu family	: 6
model		: 58
model name	: Intel(R) Core(TM) i5-3427U CPU @ 1.80GHz
stepping	: 9
microcode	: 0x17
cpu MHz		: 2599.988
cache size	: 3072 KB
physical id	: 0
siblings	: 4
core id		: 0
cpu cores	: 2
apicid		: 0
initial apicid	: 0
fdiv_bug	: no
f00f_bug	: no
coma_bug	: no
fpu		: yes
fpu_exception	: yes
cpuid level	: 13
wp		: yes
flags		: fpu vme de pse tsc msr pae mce cx8 apic sep mtrr pge mca cmov pat pse36 clflush dts acpi mmx fxsr sse sse2 ss ht tm pbe nx rdtscp lm constant_tsc arch_perfmon pebs bts xtopology nonstop_tsc aperfmperf eagerfpu pni pclmulqdq dtes64 monitor ds_cpl vmx smx est tm2 ssse3 cx16 xtpr pdcm pcid sse4_1 sse4_2 x2apic popcnt tsc_deadline_timer aes xsave avx f16c rdrand lahf_lm epb tpr_shadow vnmi flexpriority ept vpid fsgsbase smep erms xsaveopt dtherm ida arat pln pts
bugs		:
bogomips	: 4589.83
clflush size	: 64
cache_alignment	: 64
address sizes	: 36 bits physical, 48 bits virtual
power management:

processor	: 1
vendor_id	: GenuineIntel
cpu family	: 6
model		: 58
model name	: Intel(R) Core(TM) i5-3427U CPU @ 1.80GHz
stepping	: 9
microcode	: 0x17
cpu MHz		: 2599.988
cache size	: 3072 KB
physical id	: 0
siblings	: 4
core id		: 1
cpu cores	: 2
apicid		: 2
initial apicid	: 2
fdiv_bug	: no
f00f_bug	: no
coma_bug	: no
fpu		: yes
fpu_exception	: yes
cpuid level	: 13
wp		: yes
flags		: fpu vme de pse tsc msr pae mce cx8 apic sep mtrr pge mca cmov pat pse36 clflush dts acpi mmx fxsr sse sse2 ss ht tm pbe nx rdtscp lm constant_tsc arch_perfmon pebs bts xtopology nonstop_tsc aperfmperf eagerfpu pni pclmulqdq dtes64 monitor ds_cpl vmx smx est tm2 ssse3 cx16 xtpr pdcm pcid sse4_1 sse4_2 x2apic popcnt tsc_deadline_timer aes xsave avx f16c rdrand lahf_lm epb tpr_shadow vnmi flexpriority ept vpid fsgsbase smep erms xsaveopt dtherm ida arat pln pts
bugs		:
bogomips	: 4589.83
clflush size	: 64
cache_alignment	: 64
address sizes	: 36 bits physical, 48 bits virtual
power management:

processor	: 2
vendor_id	: GenuineIntel
cpu family	: 6
model		: 58
model name	: Intel(R) Core(TM) i5-3427U CPU @ 1.80GHz
stepping	: 9
microcode	: 0x17
cpu MHz		: 2599.988
cache size	: 3072 KB
physical id	: 0
siblings	: 4
core id		: 0
cpu cores	: 2
apicid		: 1
initial apicid	: 1
fdiv_bug	: no
f00f_bug	: no
coma_bug	: no
fpu		: yes
fpu_exception	: yes
cpuid level	: 13
wp		: yes
flags		: fpu vme de pse tsc msr pae mce cx8 apic sep mtrr pge mca cmov pat pse36 clflush dts acpi mmx fxsr sse sse2 ss ht tm pbe nx rdtscp lm constant_tsc arch_perfmon pebs bts xtopology nonstop_tsc aperfmperf eagerfpu pni pclmulqdq dtes64 monitor ds_cpl vmx smx est tm2 ssse3 cx16 xtpr pdcm pcid sse4_1 sse4_2 x2apic popcnt tsc_deadline_timer aes xsave avx f16c rdrand lahf_lm epb tpr_shadow vnmi flexpriority ept vpid fsgsbase smep erms xsaveopt dtherm ida arat pln pts
bugs		:
bogomips	: 4589.83
clflush size	: 64
cache_alignment	: 64
address sizes	: 36 bits physical, 48 bits virtual
power management:

processor	: 3
vendor_id	: GenuineIntel
cpu family	: 6
model		: 58
model name	: Intel(R) Core(TM) i5-3427U CPU @ 1.80GHz
stepping	: 9
microcode	: 0x17
cpu MHz		: 2599.988
cache size	: 3072 KB
physical id	: 0
siblings	: 4
core id		: 1
cpu cores	: 2
apicid		: 3
initial apicid	: 3
fdiv_bug	: no
f00f_bug	: no
coma_bug	: no
fpu		: yes
fpu_exception	: yes
cpuid level	: 13
wp		: yes
flags		: fpu vme de pse tsc msr pae mce cx8 apic sep mtrr pge mca cmov pat pse36 clflush dts acpi mmx fxsr sse sse2 ss ht tm pbe nx rdtscp lm constant_tsc arch_perfmon pebs bts xtopology nonstop_tsc aperfmperf eagerfpu pni pclmulqdq dtes64 monitor ds_cpl vmx smx est tm2 ssse3 cx16 xtpr pdcm pcid sse4_1 sse4_2 x2apic popcnt tsc_deadline_timer aes xsave avx f16c rdrand lahf_lm epb tpr_shadow vnmi flexpriority ept vpid fsgsbase smep erms xsaveopt dtherm ida arat pln pts
bugs		:
bogomips	: 4589.83
clflush size	: 64
cache_alignment	: 64
address sizes	: 36 bits physical, 48 bits virtual
power management:



Memory: 4k page, physical 8107456k(283512k free), swap 4007932k(0k free)

vm_info: OpenJDK Server VM (25.151-b12) for linux-x86 JRE (1.8.0_151-8u151-b12-0ubuntu0.16.04.2-b12), built on Oct 27 2017 22:05:04 by "buildd" with gcc 5.4.0 20160609

time: Tue Dec 19 06:00:10 2017
elapsed time: 8 seconds (0d 0h 0m 8s)

