#
# There is insufficient memory for the Java Runtime Environment to continue.
# Native memory allocation (mmap) failed to map 32768 bytes for committing reserved memory.
# Possible reasons:
#   The system is out of physical RAM or swap space
#   In 32 bit mode, the process size limit was hit
# Possible solutions:
#   Reduce memory load on the system
#   Increase physical memory or swap space
#   Check if swap backing store is full
#   Use 64 bit Java on a 64 bit OS
#   Decrease Java heap size (-Xmx/-Xms)
#   Decrease number of Java threads
#   Decrease Java thread stack sizes (-Xss)
#   Set larger code cache with -XX:ReservedCodeCacheSize=
# This output file may be truncated or incomplete.
#
#  Out of Memory Error (os_linux.cpp:2643), pid=13838, tid=0x631acb40
#
# JRE version: OpenJDK Runtime Environment (8.0_151-b12) (build 1.8.0_151-8u151-b12-0ubuntu0.16.04.2-b12)
# Java VM: OpenJDK Server VM (25.151-b12 mixed mode linux-x86 )
# Failed to write core dump. Core dumps have been disabled. To enable core dumping, try "ulimit -c unlimited" before starting Java again
#

---------------  T H R E A D  ---------------

Current thread (0x637a7400):  JavaThread "C1 CompilerThread2" daemon [_thread_in_vm, id=14391, stack(0x6312c000,0x631ad000)]

Stack: [0x6312c000,0x631ad000],  sp=0x631ab810,  free space=510k
Native frames: (J=compiled Java code, j=interpreted, Vv=VM code, C=native code)
V  [libjvm.so+0x8d6834]
V  [libjvm.so+0x3a7c76]
V  [libjvm.so+0x7420c0]
V  [libjvm.so+0x73c013]
V  [libjvm.so+0x8d3264]
V  [libjvm.so+0x4ba943]
V  [libjvm.so+0x335e73]
V  [libjvm.so+0x716ae0]
V  [libjvm.so+0x2d0cdb]
V  [libjvm.so+0x21eed8]
V  [libjvm.so+0x21f1c8]
V  [libjvm.so+0x21feb0]
V  [libjvm.so+0x360d41]
V  [libjvm.so+0x3624fa]
V  [libjvm.so+0x878977]
V  [libjvm.so+0x88198b]
V  [libjvm.so+0x881e5e]
V  [libjvm.so+0x73f2b5]
C  [libpthread.so.0+0x6295]  start_thread+0xe5
C  [libc.so.6+0xe705e]  clone+0x6e


Current CompileTask:
C1:  69365 1020       3       org.codehaus.groovy.classgen.Verifier::getCovariantImplementation (548 bytes)


---------------  P R O C E S S  ---------------

Java Threads: ( => current thread )
  0x637aa400 JavaThread "Service Thread" daemon [_thread_blocked, id=14399, stack(0x630db000,0x6312c000)]
=>0x637a7400 JavaThread "C1 CompilerThread2" daemon [_thread_in_vm, id=14391, stack(0x6312c000,0x631ad000)]
  0x637a5c00 JavaThread "C2 CompilerThread1" daemon [_thread_blocked, id=14382, stack(0x631ad000,0x6322e000)]
  0x637a4000 JavaThread "C2 CompilerThread0" daemon [_thread_blocked, id=14376, stack(0x6322e000,0x632af000)]
  0x637a2400 JavaThread "Signal Dispatcher" daemon [_thread_blocked, id=14372, stack(0x632af000,0x63300000)]
  0x63788800 JavaThread "Finalizer" daemon [_thread_blocked, id=14251, stack(0x63813000,0x63864000)]
  0x63785800 JavaThread "Reference Handler" daemon [_thread_blocked, id=14238, stack(0x6642e000,0x6647f000)]
  0xb6207800 JavaThread "main" [_thread_blocked, id=14100, stack(0xb6337000,0xb6388000)]

Other Threads:
  0x63781000 VMThread [stack: 0x63864000,0x638e5000] [id=14198]
  0x637abc00 WatcherThread [stack: 0x6305a000,0x630db000] [id=14403]

VM state:not at safepoint (normal execution)

VM Mutex/Monitor currently owned by a thread:  ([mutex/lock_event])
[0xb62045c8] CodeCache_lock - owner thread: 0x637a7400
[0xb6205810] Compile_lock - owner thread: 0x637a7400
[0xb62058e0] MethodCompileQueue_lock - owner thread: 0x637a7400

Heap:
 PSYoungGen      total 35840K, used 25094K [0x916c0000, 0x93c40000, 0xa6c00000)
  eden space 33280K, 67% used [0x916c0000,0x92cc38a8,0x93740000)
  from space 2560K, 99% used [0x939c0000,0x93c3e178,0x93c40000)
  to   space 2560K, 0% used [0x93740000,0x93740000,0x939c0000)
 ParOldGen       total 43776K, used 1388K [0x66c00000, 0x696c0000, 0x916c0000)
  object space 43776K, 3% used [0x66c00000,0x66d5b008,0x696c0000)
 Metaspace       used 7544K, capacity 7605K, committed 7704K, reserved 8496K

Card table byte_map: [0x669ff000,0x66c00000] byte_map_base: 0x666c9000

Marking Bits: (ParMarkBitMap*) 0xb70ad880
 Begin Bits: [0x64300000, 0x65300000)
 End Bits:   [0x65300000, 0x66300000)

Polling page: 0xb76ba000

CodeCache: size=245760Kb used=2775Kb max_used=2786Kb free=242984Kb
 bounds [0xa71a3000, 0xa7463000, 0xb61a3000]
 total_blobs=1179 nmethods=997 adapters=95
 compilation: enabled

Compilation events (10 events):
Event: 69.059 Thread 0x637a7400 nmethod 1015 0xa7458688 code [0xa7458780, 0xa7458820]
Event: 69.059 Thread 0x637a7400 1016       3       org.codehaus.groovy.ast.expr.VariableExpression::visit (8 bytes)
Event: 69.059 Thread 0x637a7400 nmethod 1016 0xa7458888 code [0xa74589a0, 0xa7458b0c]
Event: 69.060 Thread 0x637a7400 1017       3       org.codehaus.groovy.ast.CodeVisitorSupport::visitListOfExpressions (65 bytes)
Event: 69.060 Thread 0x637a7400 nmethod 1017 0xa7458bc8 code [0xa7458d60, 0xa745949c]
Event: 69.061 Thread 0x637a7400 1018       1       org.codehaus.groovy.ast.MethodNode::getCode (5 bytes)
Event: 69.061 Thread 0x637a7400 nmethod 1018 0xa7459708 code [0xa7459800, 0xa74598a0]
Event: 69.061 Thread 0x637a5c00 1019       4       java.util.ArrayList$Itr::next (66 bytes)
Event: 69.063 Thread 0x637a5c00 nmethod 1019 0xa745c588 code [0xa745c680, 0xa745c770]
Event: 69.255 Thread 0x637a7400 1020       3       org.codehaus.groovy.classgen.Verifier::getCovariantImplementation (548 bytes)

GC Heap History (4 events):
Event: 28.178 GC heap before
{Heap before GC invocations=1 (full 0):
 PSYoungGen      total 19200K, used 16640K [0x916c0000, 0x92c00000, 0xa6c00000)
  eden space 16640K, 100% used [0x916c0000,0x92700000,0x92700000)
  from space 2560K, 0% used [0x92980000,0x92980000,0x92c00000)
  to   space 2560K, 0% used [0x92700000,0x92700000,0x92980000)
 ParOldGen       total 43776K, used 0K [0x66c00000, 0x696c0000, 0x916c0000)
  object space 43776K, 0% used [0x66c00000,0x66c00000,0x696c0000)
 Metaspace       used 3730K, capacity 3786K, committed 3864K, reserved 4400K
Event: 28.850 GC heap after
Heap after GC invocations=1 (full 0):
 PSYoungGen      total 19200K, used 2554K [0x916c0000, 0x93c40000, 0xa6c00000)
  eden space 16640K, 0% used [0x916c0000,0x916c0000,0x92700000)
  from space 2560K, 99% used [0x92700000,0x9297e810,0x92980000)
  to   space 2560K, 0% used [0x939c0000,0x939c0000,0x93c40000)
 ParOldGen       total 43776K, used 129K [0x66c00000, 0x696c0000, 0x916c0000)
  object space 43776K, 0% used [0x66c00000,0x66c20730,0x696c0000)
 Metaspace       used 3730K, capacity 3786K, committed 3864K, reserved 4400K
}
Event: 47.028 GC heap before
{Heap before GC invocations=2 (full 0):
 PSYoungGen      total 19200K, used 19186K [0x916c0000, 0x93c40000, 0xa6c00000)
  eden space 16640K, 99% used [0x916c0000,0x926fe098,0x92700000)
  from space 2560K, 99% used [0x92700000,0x9297e810,0x92980000)
  to   space 2560K, 0% used [0x939c0000,0x939c0000,0x93c40000)
 ParOldGen       total 43776K, used 129K [0x66c00000, 0x696c0000, 0x916c0000)
  object space 43776K, 0% used [0x66c00000,0x66c20730,0x696c0000)
 Metaspace       used 6100K, capacity 6154K, committed 6168K, reserved 6448K
Event: 47.039 GC heap after
Heap after GC invocations=2 (full 0):
 PSYoungGen      total 35840K, used 2552K [0x916c0000, 0x93c40000, 0xa6c00000)
  eden space 33280K, 0% used [0x916c0000,0x916c0000,0x93740000)
  from space 2560K, 99% used [0x939c0000,0x93c3e178,0x93c40000)
  to   space 2560K, 0% used [0x93740000,0x93740000,0x939c0000)
 ParOldGen       total 43776K, used 1388K [0x66c00000, 0x696c0000, 0x916c0000)
  object space 43776K, 3% used [0x66c00000,0x66d5b008,0x696c0000)
 Metaspace       used 6100K, capacity 6154K, committed 6168K, reserved 6448K
}

Deoptimization events (10 events):
Event: 29.314 Thread 0xb6207800 Uncommon trap: reason=unstable_if action=reinterpret pc=0xa72d1770 method=sun.misc.URLClassPath.getLoader(I)Lsun/misc/URLClassPath$Loader; @ 36
Event: 29.315 Thread 0xb6207800 Uncommon trap: reason=bimorphic action=maybe_recompile pc=0xa73266dc method=java.util.HashMap.getNode(ILjava/lang/Object;)Ljava/util/HashMap$Node; @ 126
Event: 29.315 Thread 0xb6207800 Uncommon trap: reason=unstable_if action=reinterpret pc=0xa72dc9cc method=sun.misc.URLClassPath$JarLoader.getResource(Ljava/lang/String;Z)Lsun/misc/Resource; @ 4
Event: 29.315 Thread 0xb6207800 Uncommon trap: reason=bimorphic action=maybe_recompile pc=0xa73266dc method=java.util.HashMap.getNode(ILjava/lang/Object;)Ljava/util/HashMap$Node; @ 126
Event: 31.570 Thread 0xb6207800 Uncommon trap: reason=bimorphic action=maybe_recompile pc=0xa73266dc method=java.util.HashMap.getNode(ILjava/lang/Object;)Ljava/util/HashMap$Node; @ 126
Event: 31.570 Thread 0xb6207800 Uncommon trap: reason=unstable_if action=reinterpret pc=0xa7326680 method=java.util.HashMap.getNode(ILjava/lang/Object;)Ljava/util/HashMap$Node; @ 62
Event: 31.570 Thread 0xb6207800 Uncommon trap: reason=bimorphic action=maybe_recompile pc=0xa731866c method=java.util.HashMap.getNode(ILjava/lang/Object;)Ljava/util/HashMap$Node; @ 126
Event: 54.296 Thread 0xb6207800 Uncommon trap: reason=unstable_if action=reinterpret pc=0xa72fb944 method=java.lang.String.startsWith(Ljava/lang/String;I)Z @ 25
Event: 54.400 Thread 0xb6207800 Uncommon trap: reason=range_check action=make_not_entrant pc=0xa73ceb44 method=sun.reflect.generics.parser.SignatureParser.current()C @ 34
Event: 62.303 Thread 0xb6207800 Uncommon trap: reason=unstable_if action=reinterpret pc=0xa7427734 method=java.util.HashMap.hash(Ljava/lang/Object;)I @ 1

Internal exceptions (10 events):
Event: 41.677 Thread 0xb6207800 Exception <a 'java/lang/ArrayIndexOutOfBoundsException'> (0x922a7d30) thrown at [/build/openjdk-8-Y4imzb/openjdk-8-8u151-b12/src/hotspot/src/share/vm/runtime/sharedRuntime.cpp, line 605]
Event: 41.678 Thread 0xb6207800 Exception <a 'java/lang/ArrayIndexOutOfBoundsException'> (0x922a8b98) thrown at [/build/openjdk-8-Y4imzb/openjdk-8-8u151-b12/src/hotspot/src/share/vm/runtime/sharedRuntime.cpp, line 605]
Event: 41.743 Thread 0xb6207800 Exception <a 'java/lang/ArrayIndexOutOfBoundsException'> (0x922a9c88) thrown at [/build/openjdk-8-Y4imzb/openjdk-8-8u151-b12/src/hotspot/src/share/vm/runtime/sharedRuntime.cpp, line 605]
Event: 41.743 Thread 0xb6207800 Exception <a 'java/lang/ArrayIndexOutOfBoundsException'> (0x922aab40) thrown at [/build/openjdk-8-Y4imzb/openjdk-8-8u151-b12/src/hotspot/src/share/vm/runtime/sharedRuntime.cpp, line 605]
Event: 41.743 Thread 0xb6207800 Exception <a 'java/lang/ArrayIndexOutOfBoundsException'> (0x922ab9f0) thrown at [/build/openjdk-8-Y4imzb/openjdk-8-8u151-b12/src/hotspot/src/share/vm/runtime/sharedRuntime.cpp, line 605]
Event: 41.743 Thread 0xb6207800 Exception <a 'java/lang/ArrayIndexOutOfBoundsException'> (0x922acaa8) thrown at [/build/openjdk-8-Y4imzb/openjdk-8-8u151-b12/src/hotspot/src/share/vm/runtime/sharedRuntime.cpp, line 605]
Event: 54.401 Thread 0xb6207800 Exception <a 'java/lang/ArrayIndexOutOfBoundsException': 22> (0x919b0e30) thrown at [/build/openjdk-8-Y4imzb/openjdk-8-8u151-b12/src/hotspot/src/share/vm/interpreter/interpreterRuntime.cpp, line 366]
Event: 56.030 Thread 0xb6207800 Exception <a 'java/lang/ArrayIndexOutOfBoundsException': 78> (0x91f4b428) thrown at [/build/openjdk-8-Y4imzb/openjdk-8-8u151-b12/src/hotspot/src/share/vm/interpreter/interpreterRuntime.cpp, line 366]
Event: 58.186 Thread 0xb6207800 Exception <a 'java/lang/ArrayIndexOutOfBoundsException'> (0x9252f498) thrown at [/build/openjdk-8-Y4imzb/openjdk-8-8u151-b12/src/hotspot/src/share/vm/runtime/sharedRuntime.cpp, line 605]
Event: 62.303 Thread 0xb6207800 Implicit null exception at 0xa742757e to 0xa7427725

Events (10 events):
Event: 65.519 loading class java/util/Collections$UnmodifiableMap
Event: 65.519 loading class java/util/Collections$UnmodifiableMap done
Event: 68.010 loading class java/io/Console
Event: 68.010 loading class java/io/Console done
Event: 68.011 loading class java/nio/channels/Channel
Event: 68.011 loading class java/nio/channels/Channel done
Event: 69.057 loading class java/security/PermissionsEnumerator
Event: 69.057 loading class java/security/PermissionsEnumerator done
Event: 69.057 loading class java/util/Collections$3
Event: 69.057 loading class java/util/Collections$3 done


Dynamic libraries:
08048000-08049000 r-xp 00000000 08:01 1693306    /usr/lib/jvm/java-8-openjdk-i386/jre/bin/java
08049000-0804a000 r--p 00000000 08:01 1693306    /usr/lib/jvm/java-8-openjdk-i386/jre/bin/java
0804a000-0804b000 rw-p 00001000 08:01 1693306    /usr/lib/jvm/java-8-openjdk-i386/jre/bin/java
09210000-09231000 rw-p 00000000 00:00 0          [heap]
61b00000-61bb0000 rw-p 00000000 00:00 0 
61bb0000-61c00000 ---p 00000000 00:00 0 
61d00000-61f00000 rw-p 00000000 00:00 0 
61f00000-61fdb000 rw-p 00000000 00:00 0 
61fdb000-62000000 ---p 00000000 00:00 0 
62000000-62040000 rw-p 00000000 00:00 0 
62040000-62100000 ---p 00000000 00:00 0 
62100000-62200000 rw-p 00000000 00:00 0 
62200000-62300000 rw-p 00000000 00:00 0 
62300000-623cb000 rw-p 00000000 00:00 0 
623cb000-62400000 ---p 00000000 00:00 0 
62487000-62500000 r--s 010fe000 08:01 1694179    /usr/lib/jvm/java-8-openjdk-i386/lib/tools.jar
62500000-625fb000 rw-p 00000000 00:00 0 
625fb000-62600000 ---p 00000000 00:00 0 
6265d000-62660000 r--s 00023000 08:01 2478896    /home/sarnobat/github/groovy_libraries/.groovy/lib/maven-shared-utils-0.1.jar
62660000-62663000 r--s 0000b000 08:01 2478399    /home/sarnobat/github/groovy_libraries/.groovy/lib/concurrentlinkedhashmap-lru-1.3.1.jar
62663000-6266a000 r--s 0005b000 08:01 2478897    /home/sarnobat/github/groovy_libraries/.groovy/lib/mongo-java-driver-2.10.1.jar
6266a000-6266c000 r--s 0000c000 08:01 2478389    /home/sarnobat/github/groovy_libraries/.groovy/lib/commons-exec-1.3.jar
6266c000-6266d000 r--s 0000a000 08:01 2478397    /home/sarnobat/github/groovy_libraries/.groovy/lib/commons-logging-api-1.1.jar
6266d000-6266f000 r--s 00008000 08:01 2478930    /home/sarnobat/github/groovy_libraries/.groovy/lib/vget-1.1.5.jar
6266f000-62670000 r--s 00004000 08:01 2478901    /home/sarnobat/github/groovy_libraries/.groovy/lib/opencsv-2.3.jar
62670000-6267e000 r--s 000ad000 08:01 2478846    /home/sarnobat/github/groovy_libraries/.groovy/lib/jackson-mapper-asl-1.9.2.jar
6267e000-6268b000 r--s 000a2000 08:01 2478391    /home/sarnobat/github/groovy_libraries/.groovy/lib/commons-imaging-1.0-R1480221.jar
6268b000-6268d000 r--s 00000000 08:01 2478907    /home/sarnobat/github/groovy_libraries/.groovy/lib/plexus-component-annotations-1.5.5.jar
6268d000-62691000 r--s 0000c000 08:01 2478929    /home/sarnobat/github/groovy_libraries/.groovy/lib/validation-api-1.1.0.Final.jar
62691000-62693000 r--s 00005000 08:01 2478924    /home/sarnobat/github/groovy_libraries/.groovy/lib/slf4j-api-1.7.5.jar
62693000-62698000 r--s 0002a000 08:01 2478419    /home/sarnobat/github/groovy_libraries/.groovy/lib/gson-2.2.4.jar
62698000-62699000 r--s 00002000 08:01 2478875    /home/sarnobat/github/groovy_libraries/.groovy/lib/jsch.agentproxy.connector-factory-0.0.6.jar
62699000-626a6000 r--s 00082000 08:01 2478856    /home/sarnobat/github/groovy_libraries/.groovy/lib/jersey-common-2.0.jar
626a6000-626a8000 r--s 0000d000 08:01 2478912    /home/sarnobat/github/groovy_libraries/.groovy/lib/plexus-interpolation-1.13.jar
626a8000-626cd000 r--s 002e3000 08:01 2478932    /home/sarnobat/github/groovy_libraries/.groovy/lib/xalan-2.7.1.jar
626cd000-626d0000 r--s 0001b000 08:01 2478888    /home/sarnobat/github/groovy_libraries/.groovy/lib/junit-3.8.2.jar
626d0000-626d1000 r--s 00001000 08:01 2478400    /home/sarnobat/github/groovy_libraries/.groovy/lib/doxia-sink-api-1.0-alpha-7.jar
626d1000-62700000 r--s 0028b000 08:01 2478865    /home/sarnobat/github/groovy_libraries/.groovy/lib/jetty-all-9.2.21.v20170120.jar
62700000-627f9000 rw-p 00000000 00:00 0 
627f9000-62800000 ---p 00000000 00:00 0 
62800000-628fb000 rw-p 00000000 00:00 0 
628fb000-62900000 ---p 00000000 00:00 0 
62900000-62902000 r--s 00011000 08:01 2478873    /home/sarnobat/github/groovy_libraries/.groovy/lib/jsch-extension-0.1.3.jar
62902000-62906000 r--s 00040000 08:01 2478871    /home/sarnobat/github/groovy_libraries/.groovy/lib/jsch-0.1.53-sources.jar
62906000-62909000 r--s 00023000 08:01 2478853    /home/sarnobat/github/groovy_libraries/.groovy/lib/jdom-1.0.jar
62909000-6290a000 r--s 00003000 08:01 2478407    /home/sarnobat/github/groovy_libraries/.groovy/lib/geronimo-jta_1.1_spec-1.1.1.jar
6290a000-6290b000 r--s 00003000 08:01 2478857    /home/sarnobat/github/groovy_libraries/.groovy/lib/jersey-container-jdk-http-2.0.jar
6290b000-6290f000 r--s 0003b000 08:01 2478870    /home/sarnobat/github/groovy_libraries/.groovy/lib/jsch-0.1.50.jar.disabled
6290f000-62913000 r--s 00032000 08:01 2478915    /home/sarnobat/github/groovy_libraries/.groovy/lib/rome-1.0.jar
62913000-6291e000 r--s 00068000 08:01 2478859    /home/sarnobat/github/groovy_libraries/.groovy/lib/jersey-core-1.17.1.jar
6291e000-62920000 r--s 0000d000 08:01 2479615    /home/sarnobat/github/groovy_libraries/.groovy/lib/commons-codec-1.4.jar
62920000-62921000 r--s 00007000 08:01 2478923    /home/sarnobat/github/groovy_libraries/.groovy/lib/slf4j-api-1.7.12.jar
62921000-62923000 r--s 0000a000 08:01 2478931    /home/sarnobat/github/groovy_libraries/.groovy/lib/wget-1.2.9.jar
62923000-62932000 r--s 00095000 08:01 2478927    /home/sarnobat/github/groovy_libraries/.groovy/lib/sshd-core-0.14.0.jar
62932000-62933000 r--s 00001000 08:01 2478881    /home/sarnobat/github/groovy_libraries/.groovy/lib/jsch.agentproxy.usocket-jna-0.0.6.jar
62933000-62935000 r--s 00000000 08:01 2478877    /home/sarnobat/github/groovy_libraries/.groovy/lib/jsch.agentproxy.jsch-0.0.6.jar
62935000-62939000 r--s 0001d000 08:01 2478933    /home/sarnobat/github/groovy_libraries/.groovy/lib/xbean-reflect-3.4.jar
62939000-6293e000 r--s 00047000 08:01 2478381    /home/sarnobat/github/groovy_libraries/.groovy/lib/asm-all-repackaged-2.1.88.jar
6293e000-62940000 r--s 00000000 08:01 2478906    /home/sarnobat/github/groovy_libraries/.groovy/lib/plexus-compiler-manager-2.0.jar
62940000-62942000 r--s 00002000 08:01 2478895    /home/sarnobat/github/groovy_libraries/.groovy/lib/maven-shared-incremental-1.0.jar
62942000-62944000 r--s 00001000 08:01 2478876    /home/sarnobat/github/groovy_libraries/.groovy/lib/jsch.agentproxy.core-0.0.6.jar
62944000-62946000 r--s 00282000 08:01 2478919    /home/sarnobat/github/groovy_libraries/.groovy/lib/selenium-firefox-driver-2.45.0.jar
62946000-62948000 r--s 00005000 08:01 2478847    /home/sarnobat/github/groovy_libraries/.groovy/lib/javax.annotation-api-1.2.jar
62948000-62949000 r--s 00001000 08:01 2478878    /home/sarnobat/github/groovy_libraries/.groovy/lib/jsch.agentproxy.pageant-0.0.6.jar
62949000-6294b000 r--s 00000000 08:01 2478879    /home/sarnobat/github/groovy_libraries/.groovy/lib/jsch.agentproxy.sshagent-0.0.6.jar
6294b000-6294d000 r--s 0000d000 08:01 2478416    /home/sarnobat/github/groovy_libraries/.groovy/lib/google-oauth-client-1.17.0-rc.jar
6294d000-62951000 r--s 00025000 08:01 2478408    /home/sarnobat/github/groovy_libraries/.groovy/lib/google-api-client-1.17.0-rc.jar
62951000-62952000 r--s 00001000 08:01 2478903    /home/sarnobat/github/groovy_libraries/.groovy/lib/plexus-build-api-0.0.4.jar
62952000-62955000 r--s 0001b000 08:01 2478887    /home/sarnobat/github/groovy_libraries/.groovy/lib/junit-3.8.1.jar
62955000-62959000 r--s 00019000 08:01 2478855    /home/sarnobat/github/groovy_libraries/.groovy/lib/jersey-client-2.0.jar
62959000-6295b000 r--s 0000d000 08:01 2478874    /home/sarnobat/github/groovy_libraries/.groovy/lib/jsch-nio-0.1.5.jar
6295b000-62961000 r--s 00033000 08:01 2478921    /home/sarnobat/github/groovy_libraries/.groovy/lib/selenium-remote-driver-2.45.0.jar
62961000-62965000 r--s 0002f000 08:01 2478845    /home/sarnobat/github/groovy_libraries/.groovy/lib/jackson-core-2.1.3.jar
62965000-6298e000 r--s 001ee000 08:01 2478420    /home/sarnobat/github/groovy_libraries/.groovy/lib/guava-14.0.1.jar
6298e000-62991000 r--s 00015000 08:01 2478409    /home/sarnobat/github/groovy_libraries/.groovy/lib/google-api-services-calendar-v3-rev72-1.17.0-rc.jar
62991000-62997000 r--s 00042000 08:01 2478885    /home/sarnobat/github/groovy_libraries/.groovy/lib/jsoup-1.7.2.jar
62997000-62a00000 r--s 003e4000 08:01 2478899    /home/sarnobat/github/groovy_libraries/.groovy/lib/neo4j-cypher-1.9.2.jar
62a00000-62aff000 rw-p 00000000 00:00 0 
62aff000-62b00000 ---p 00000000 00:00 0 
62b00000-62bfc000 rw-p 00000000 00:00 0 
62bfc000-62c00000 ---p 00000000 00:00 0 
62c00000-62c02000 r--s 0000b000 08:01 2478427    /home/sarnobat/github/groovy_libraries/.groovy/lib/hk2-utils-2.1.88.jar
62c02000-62c10000 r--s 0007f000 08:01 2478387    /home/sarnobat/github/groovy_libraries/.groovy/lib/commons-collections-3.2.1.jar
62c10000-62c1b000 r--s 00085000 08:01 2478429    /home/sarnobat/github/groovy_libraries/.groovy/lib/httpclient-4.3.3.jar
62c1b000-62c1c000 r--s 00002000 08:01 2478417    /home/sarnobat/github/groovy_libraries/.groovy/lib/google-oauth-client-java6-1.17.0-rc.jar
62c1c000-62c1d000 r--s 00001000 08:01 2478883    /home/sarnobat/github/groovy_libraries/.groovy/lib/jsch.agentproxy.usocket-nc-0.0.6.jar
62c1d000-62c21000 r--s 00017000 08:01 2478928    /home/sarnobat/github/groovy_libraries/.groovy/lib/thumbnailator-0.4.8.jar
62c21000-62c23000 r--s 0001f000 08:01 2478922    /home/sarnobat/github/groovy_libraries/.groovy/lib/servlet-api-2.5-20081211.jar
62c23000-62c25000 r--s 0001d000 08:01 2478425    /home/sarnobat/github/groovy_libraries/.groovy/lib/hk2-locator-2.1.88.jar
62c25000-62c29000 r--s 00018000 08:01 2478424    /home/sarnobat/github/groovy_libraries/.groovy/lib/hk2-api-2.1.88.jar
62c29000-62c2a000 r--s 00002000 08:01 2478918    /home/sarnobat/github/groovy_libraries/.groovy/lib/selenium-chrome-driver-2.45.0.jar
62c2a000-62c2e000 r--s 00024000 08:01 2478861    /home/sarnobat/github/groovy_libraries/.groovy/lib/jersey-json-1.17.1.jar
62c2e000-62c32000 r--s 0002a000 08:01 2478393    /home/sarnobat/github/groovy_libraries/.groovy/lib/commons-io-2.4.jar
62c32000-62c51000 r--s 00153000 08:01 2478900    /home/sarnobat/github/groovy_libraries/.groovy/lib/neo4j-kernel-1.9.2.jar
62c51000-62c58000 r--s 00051000 08:01 2478889    /home/sarnobat/github/groovy_libraries/.groovy/lib/log4j-1.2.12.jar
62c58000-62c59000 r--s 00006000 08:01 2478926    /home/sarnobat/github/groovy_libraries/.groovy/lib/solr-commons-csv-3.5.0.jar
62c59000-62c5d000 r--s 00018000 08:01 2478852    /home/sarnobat/github/groovy_libraries/.groovy/lib/javax.ws.rs-api-2.0.jar
62c5d000-62c5f000 r--s 0000b000 08:01 2478388    /home/sarnobat/github/groovy_libraries/.groovy/lib/commons-exec-1.1.jar
62c5f000-62c61000 r--s 00001000 08:01 2478925    /home/sarnobat/github/groovy_libraries/.groovy/lib/slf4j-log4j12-1.7.12.jar
62c61000-62c63000 r--s 00005000 08:01 2478904    /home/sarnobat/github/groovy_libraries/.groovy/lib/plexus-compiler-api-2.0.jar
62c63000-62c64000 r--s 00002000 08:01 2478893    /home/sarnobat/github/groovy_libraries/.groovy/lib/maven-reporting-api-2.0.6.jar
62c64000-62c6a000 r--s 0003c000 08:01 2478412    /home/sarnobat/github/groovy_libraries/.groovy/lib/google-http-client-1.17.0-rc.jar
62c6a000-62c6e000 r--s 00028000 08:01 2478867    /home/sarnobat/github/groovy_libraries/.groovy/lib/jetty-util-6.1.26.jar
62c6e000-62c70000 r--s 00009000 08:01 2478891    /home/sarnobat/github/groovy_libraries/.groovy/lib/maven-compiler-plugin-3.0.jar
62c70000-62c77000 r--s 00058000 08:01 2478396    /home/sarnobat/github/groovy_libraries/.groovy/lib/commons-lang3-3.2.1.jar
62c77000-62c79000 r--s 0000c000 08:01 2478385    /home/sarnobat/github/groovy_libraries/.groovy/lib/commons-cli-1.4.jar
62c79000-62c7b000 r--s 00007000 08:01 2478892    /home/sarnobat/github/groovy_libraries/.groovy/lib/maven-filtering-1.0-beta-4.jar
62c7b000-62c7c000 r--s 00004000 08:01 2478905    /home/sarnobat/github/groovy_libraries/.groovy/lib/plexus-compiler-javac-2.0.jar
62c7c000-62c83000 r--s 00048000 08:01 2478841    /home/sarnobat/github/groovy_libraries/.groovy/lib/httpcore-4.4.1.jar
62c83000-62c87000 r--s 000dc000 08:01 2478869    /home/sarnobat/github/groovy_libraries/.groovy/lib/jna-4.1.0.jar
62c87000-62c8d000 r--s 00043000 08:01 2478402    /home/sarnobat/github/groovy_libraries/.groovy/lib/genson-0.98.jar
62c8d000-62c8f000 r--s 00005000 08:01 2478844    /home/sarnobat/github/groovy_libraries/.groovy/lib/httpmime-4.2.3.jar
62c8f000-62d00000 r--s 00658000 08:01 2478916    /home/sarnobat/github/groovy_libraries/.groovy/lib/scala-library-2.10.0.jar
62d00000-62dfc000 rw-p 00000000 00:00 0 
62dfc000-62e00000 ---p 00000000 00:00 0 
62e00000-62e01000 r--s 00005000 08:01 2478894    /home/sarnobat/github/groovy_libraries/.groovy/lib/maven-resources-plugin-2.4.3.jar
62e01000-62e05000 r--s 0003c000 08:01 2478394    /home/sarnobat/github/groovy_libraries/.groovy/lib/commons-lang-2.4.jar
62e05000-62e09000 r--s 00030000 08:01 2478913    /home/sarnobat/github/groovy_libraries/.groovy/lib/plexus-utils-1.5.1.jar
62e09000-62e10000 r--s 0003f000 08:01 2478382    /home/sarnobat/github/groovy_libraries/.groovy/lib/cglib-2.1.88.jar
62e10000-62e13000 r--s 00012000 08:01 2478851    /home/sarnobat/github/groovy_libraries/.groovy/lib/javax.json-1.0.4.jar
62e13000-62e14000 r--s 0000f000 08:01 2478884    /home/sarnobat/github/groovy_libraries/.groovy/lib/json-20131018.jar
62e14000-62e15000 r--s 00001000 08:01 2478418    /home/sarnobat/github/groovy_libraries/.groovy/lib/google-oauth-client-jetty-1.17.0-rc.jar
62e15000-62e1a000 r--s 0002b000 08:01 2478401    /home/sarnobat/github/groovy_libraries/.groovy/lib/fuse-jna-0.0.1-SNAPSHOT.jar
62e1a000-62e2c000 r--s 00099000 08:01 2478863    /home/sarnobat/github/groovy_libraries/.groovy/lib/jersey-server-2.0.jar
62e2c000-62e2e000 r--s 00006000 08:01 2478886    /home/sarnobat/github/groovy_libraries/.groovy/lib/jsr305-2.0.1.jar
62e2e000-62e2f000 r--s 00001000 08:01 2478415    /home/sarnobat/github/groovy_libraries/.groovy/lib/google-http-client-jackson2-1.17.0-rc.jar
62e2f000-62e31000 r--s 00002000 08:01 2478911    /home/sarnobat/github/groovy_libraries/.groovy/lib/plexus-interactivity-api-1.0-alpha-4.jar
62e31000-62e32000 r--s 00004000 08:01 2478902    /home/sarnobat/github/groovy_libraries/.groovy/lib/osgi-resource-locator-1.0.1.jar
62e32000-62e37000 r--s 0001d000 08:01 2478917    /home/sarnobat/github/groovy_libraries/.groovy/lib/selenium-api-2.45.0.jar
62e37000-62e3e000 r--s 00064000 08:01 2478890    /home/sarnobat/github/groovy_libraries/.groovy/lib/mail-1.4.2.jar
62e3e000-62e3f000 r--s 00001000 08:01 2478848    /home/sarnobat/github/groovy_libraries/.groovy/lib/javax.inject-2.1.88.jar
62e3f000-62e46000 r--s 00050000 08:01 2478843    /home/sarnobat/github/groovy_libraries/.groovy/lib/httpcore-nio-4.4.1.jar
62e46000-62e4a000 r--s 00033000 08:01 2478914    /home/sarnobat/github/groovy_libraries/.groovy/lib/plexus-utils-2.0.5.jar
62e4a000-62e4d000 r--s 0001d000 08:01 2478854    /home/sarnobat/github/groovy_libraries/.groovy/lib/jersey-client-1.17.1.jar
62e4d000-62e4e000 r--s 00006000 08:01 1693894    /usr/share/maven-repo/org/codehaus/groovy/groovy-servlet/2.4.5/groovy-servlet-2.4.5.jar
62e4e000-62e50000 r--s 0001b000 08:01 1693924    /usr/share/maven-repo/org/codehaus/groovy/groovy-docgenerator/2.4.5/groovy-docgenerator-2.4.5.jar
62e50000-62e52000 r--s 00011000 08:01 1147685    /usr/share/java/jsp-api-2.1.jar
62e52000-62e60000 r--s 000c8000 08:01 1149227    /usr/share/java/testng.jar
62e60000-62e62000 r--s 0000c000 08:01 1149198    /usr/share/java/asm4-5.0.4.jar
62e62000-62e64000 r--s 00006000 08:01 1149197    /usr/share/java/asm4-tree-5.0.4.jar
62e64000-62e66000 r--s 00012000 08:01 1839680    /usr/share/maven-repo/org/codehaus/groovy/groovy-test/2.4.5/groovy-test-2.4.5.jar
62e66000-62e67000 r--s 00004000 08:01 1144744    /usr/share/java/ant-launcher-1.9.6.jar
62e67000-62e69000 r--s 00019000 08:01 1149207    /usr/share/java/jline2.jar
62e69000-62e6b000 r--s 00001000 08:01 1839692    /usr/share/maven-repo/org/codehaus/groovy/groovy-testng/2.4.5/groovy-testng-2.4.5.jar
62e6b000-62e80000 r--s 00124000 08:01 1147882    /usr/share/java/ivy-2.3.0.jar
62e80000-62e82000 r--s 00016000 08:01 1839697    /usr/share/maven-repo/org/codehaus/groovy/groovy-templates/2.4.5/groovy-templates-2.4.5.jar
62e82000-62e84000 r--s 00004000 08:01 1839662    /usr/share/maven-repo/org/codehaus/groovy/groovy-jsr223/2.4.5/groovy-jsr223-2.4.5.jar
62e84000-62e87000 r--s 0001e000 08:01 1147684    /usr/share/java/servlet-api-2.5.jar
62e87000-62ed4000 r--s 0040d000 08:01 1149211    /usr/share/java/groovy-2.x.jar
62ed4000-62ee1000 r--s 00076000 08:01 1147859    /usr/share/java/xstream-1.4.8.jar
62ee1000-62f00000 r--s 001d1000 08:01 1144743    /usr/share/java/ant-1.9.6.jar
62f00000-62ffd000 rw-p 00000000 00:00 0 
62ffd000-63000000 ---p 00000000 00:00 0 
63000000-63001000 r--s 00005000 08:01 1147905    /usr/share/java/jansi-1.4.jar
63001000-63002000 r--s 00003000 08:01 1147898    /usr/share/java/hawtjni-runtime-1.10.jar
63002000-63003000 r--s 00001000 08:01 1147901    /usr/share/java/jansi-native-1.0.jar
63003000-63004000 r--s 00005000 08:01 1147905    /usr/share/java/jansi-1.4.jar
63004000-63008000 r--s 00028000 08:01 1149209    /usr/share/java/qdox-1.12.1.jar
63008000-6300c000 r--s 0001e000 08:01 1839667    /usr/share/maven-repo/org/codehaus/groovy/groovy-groovydoc/2.4.5/groovy-groovydoc-2.4.5.jar
6300c000-6300d000 r--s 0000d000 08:01 1147020    /usr/share/java/commons-logging-1.2.jar
6300d000-6305a000 r--s 0040d000 08:01 1149211    /usr/share/java/groovy-2.x.jar
6305a000-6305b000 ---p 00000000 00:00 0 
6305b000-630db000 rw-p 00000000 00:00 0 
630db000-630de000 ---p 00000000 00:00 0 
630de000-6312c000 rw-p 00000000 00:00 0 
6312c000-6312f000 ---p 00000000 00:00 0 
6312f000-631ad000 rw-p 00000000 00:00 0 
631ad000-631b0000 ---p 00000000 00:00 0 
631b0000-6322e000 rw-p 00000000 00:00 0 
6322e000-63231000 ---p 00000000 00:00 0 
63231000-632af000 rw-p 00000000 00:00 0 
632af000-632b2000 ---p 00000000 00:00 0 
632b2000-63300000 rw-p 00000000 00:00 0 
63300000-63500000 r--p 00000000 08:01 1105218    /usr/lib/locale/locale-archive
63500000-635df000 rw-p 00000000 00:00 0 
635df000-63600000 ---p 00000000 00:00 0 
63600000-63621000 rw-p 00000000 00:00 0 
63621000-63700000 ---p 00000000 00:00 0 
63700000-637fb000 rw-p 00000000 00:00 0 
637fb000-63800000 ---p 00000000 00:00 0 
63800000-63805000 r--s 00068000 08:01 1144929    /usr/share/java/antlr.jar
63805000-63808000 r--s 0001d000 08:01 1839643    /usr/share/maven-repo/org/codehaus/groovy/groovy-json/2.4.5/groovy-json-2.4.5.jar
63808000-63809000 r--s 0000a000 08:01 1149195    /usr/share/java/asm4-util-5.0.4.jar
63809000-6380c000 r--s 0000d000 08:01 1149225    /usr/share/java/jcommander.jar
6380c000-6380e000 r--s 0000a000 08:01 1147016    /usr/share/java/commons-cli-1.3.1.jar
6380e000-63811000 r--s 00010000 08:01 1145778    /usr/share/java/bsf-2.4.0.jar
63811000-63813000 r--s 0001b000 08:01 1145289    /usr/share/java/ant-junit-1.9.6.jar
63813000-63816000 ---p 00000000 00:00 0 
63816000-63864000 rw-p 00000000 00:00 0 
63864000-63865000 ---p 00000000 00:00 0 
63865000-638e5000 rw-p 00000000 00:00 0 
638e5000-63ab4000 r--s 03c21000 08:01 1693223    /usr/lib/jvm/java-8-openjdk-i386/jre/lib/rt.jar
63ab4000-63efa000 rw-p 00000000 00:00 0 
63efa000-63f00000 ---p 00000000 00:00 0 
63f00000-66300000 rw-p 00000000 00:00 0 
66300000-663f7000 rw-p 00000000 00:00 0 
663f7000-66400000 ---p 00000000 00:00 0 
66400000-66401000 r--s 0000d000 08:01 1149216    /usr/share/java/jsr166y-1.7.0.jar
66401000-66405000 r--s 00031000 08:01 1693912    /usr/share/maven-repo/org/codehaus/groovy/groovy-xml/2.4.5/groovy-xml-2.4.5.jar
66405000-66407000 r--s 0001d000 08:01 1693929    /usr/share/maven-repo/org/codehaus/groovy/groovy-jmx/2.4.5/groovy-jmx-2.4.5.jar
66407000-66413000 r--s 00094000 08:01 1693917    /usr/share/maven-repo/org/codehaus/groovy/groovy-console/2.4.5/groovy-console-2.4.5.jar
66413000-6642e000 r--s 00394000 08:01 1693228    /usr/lib/jvm/java-8-openjdk-i386/jre/lib/ext/cldrdata.jar
6642e000-66431000 ---p 00000000 00:00 0 
66431000-6647f000 rw-p 00000000 00:00 0 
6647f000-66480000 ---p 00000000 00:00 0 
66480000-66500000 rw-p 00000000 00:00 0 
66500000-665fd000 rw-p 00000000 00:00 0 
665fd000-66600000 ---p 00000000 00:00 0 
66600000-66621000 rw-p 00000000 00:00 0 
66621000-66700000 ---p 00000000 00:00 0 
66700000-66706000 r--s 0005e000 08:01 1693906    /usr/share/maven-repo/org/codehaus/groovy/groovy-groovysh/2.4.5/groovy-groovysh-2.4.5.jar
66706000-66708000 r--s 00004000 08:01 1149192    /usr/share/java/asm4-analysis-5.0.4.jar
66708000-66710000 r--s 00045000 08:01 1147522    /usr/share/java/junit4-4.12.jar
66710000-66716000 r--s 00051000 08:01 1839686    /usr/share/maven-repo/org/codehaus/groovy/groovy-swing/2.4.5/groovy-swing-2.4.5.jar
66716000-66731000 r--s 001d6000 08:01 1693230    /usr/lib/jvm/java-8-openjdk-i386/jre/lib/ext/nashorn.jar
66731000-6677f000 rw-p 00000000 00:00 0 
6677f000-66780000 ---p 00000000 00:00 0 
66780000-66800000 rw-p 00000000 00:00 0 
66800000-66821000 rw-p 00000000 00:00 0 
66821000-66900000 ---p 00000000 00:00 0 
66900000-66901000 r--s 00002000 08:01 1145284    /usr/share/java/ant-antlr-1.9.6.jar
66901000-66903000 r--s 0000a000 08:01 1147024    /usr/share/java/hamcrest-core-1.3.jar
66903000-66905000 r--s 00010000 08:01 1839656    /usr/share/maven-repo/org/codehaus/groovy/groovy-ant/2.4.5/groovy-ant-2.4.5.jar
66905000-66907000 r--s 00012000 08:01 1839650    /usr/share/maven-repo/org/codehaus/groovy/groovy-sql/2.4.5/groovy-sql-2.4.5.jar
66907000-66909000 r--s 00009000 08:01 1148102    /usr/share/java/asm4-commons-5.0.4.jar
66909000-6690b000 r--s 00008000 08:01 1693232    /usr/lib/jvm/java-8-openjdk-i386/jre/lib/ext/sunec.jar
6690b000-6697e000 rw-p 00000000 00:00 0 
6697e000-6697f000 ---p 00000000 00:00 0 
6697f000-66a15000 rw-p 00000000 00:00 0 
66a15000-66b54000 ---p 00000000 00:00 0 
66b54000-66b68000 rw-p 00000000 00:00 0 
66b68000-66bff000 ---p 00000000 00:00 0 
66bff000-696c0000 rw-p 00000000 00:00 0 
696c0000-916c0000 ---p 00000000 00:00 0 
916c0000-93c40000 rw-p 00000000 00:00 0 
93c40000-a6c00000 ---p 00000000 00:00 0 
a6c00000-a6c01000 r--s 00002000 08:01 1839673    /usr/share/maven-repo/org/codehaus/groovy/groovy-bsf/2.4.5/groovy-bsf-2.4.5.jar
a6c01000-a6c02000 r--s 00010000 08:01 1693229    /usr/lib/jvm/java-8-openjdk-i386/jre/lib/ext/zipfs.jar
a6c02000-a6c0c000 r--s 00116000 08:01 1693233    /usr/lib/jvm/java-8-openjdk-i386/jre/lib/ext/localedata.jar
a6c0c000-a6c0d000 ---p 00000000 00:00 0 
a6c0d000-a6ca3000 rw-p 00000000 00:00 0 
a6ca3000-a6de3000 ---p 00000000 00:00 0 
a6de3000-a6dee000 rw-p 00000000 00:00 0 
a6dee000-a71a3000 ---p 00000000 00:00 0 
a71a3000-a7463000 rwxp 00000000 00:00 0 
a746b000-b61a3000 ---p 00000000 00:00 0 
b61a3000-b61ae000 r-xp 00000000 08:01 3401300    /lib/i386-linux-gnu/libnss_files-2.23.so
b61ae000-b61af000 r--p 0000a000 08:01 3401300    /lib/i386-linux-gnu/libnss_files-2.23.so
b61af000-b61b0000 rw-p 0000b000 08:01 3401300    /lib/i386-linux-gnu/libnss_files-2.23.so
b61b0000-b61b6000 rw-p 00000000 00:00 0 
b61b6000-b61c1000 r-xp 00000000 08:01 3401303    /lib/i386-linux-gnu/libnss_nis-2.23.so
b61c1000-b61c2000 r--p 0000a000 08:01 3401303    /lib/i386-linux-gnu/libnss_nis-2.23.so
b61c2000-b61c3000 rw-p 0000b000 08:01 3401303    /lib/i386-linux-gnu/libnss_nis-2.23.so
b61c3000-b61da000 r-xp 00000000 08:01 3401221    /lib/i386-linux-gnu/libnsl-2.23.so
b61da000-b61db000 r--p 00016000 08:01 3401221    /lib/i386-linux-gnu/libnsl-2.23.so
b61db000-b61dc000 rw-p 00017000 08:01 3401221    /lib/i386-linux-gnu/libnsl-2.23.so
b61dc000-b61de000 rw-p 00000000 00:00 0 
b61de000-b61e6000 r-xp 00000000 08:01 3401309    /lib/i386-linux-gnu/libnss_compat-2.23.so
b61e6000-b61e7000 r--p 00007000 08:01 3401309    /lib/i386-linux-gnu/libnss_compat-2.23.so
b61e7000-b61e8000 rw-p 00008000 08:01 3401309    /lib/i386-linux-gnu/libnss_compat-2.23.so
b61e8000-b61ee000 r--s 0003a000 08:01 1693231    /usr/lib/jvm/java-8-openjdk-i386/jre/lib/ext/sunjce_provider.jar
b61ee000-b61f6000 r-xp 00000000 08:01 1693277    /usr/lib/jvm/java-8-openjdk-i386/jre/lib/i386/libzip.so
b61f6000-b61f7000 r--p 00007000 08:01 1693277    /usr/lib/jvm/java-8-openjdk-i386/jre/lib/i386/libzip.so
b61f7000-b61f8000 rw-p 00008000 08:01 1693277    /usr/lib/jvm/java-8-openjdk-i386/jre/lib/i386/libzip.so
b61f8000-b6200000 rw-s 00000000 08:01 2577001    /tmp/hsperfdata_sarnobat/13838
b6200000-b62fb000 rw-p 00000000 00:00 0 
b62fb000-b6300000 ---p 00000000 00:00 0 
b6300000-b6302000 r--s 00001000 08:01 1693236    /usr/lib/jvm/java-8-openjdk-i386/jre/lib/ext/dnsns.jar
b6302000-b6305000 r--s 0000f000 08:01 1693227    /usr/lib/jvm/java-8-openjdk-i386/jre/lib/ext/icedtea-sound.jar
b6305000-b632c000 r-xp 00000000 08:01 1693258    /usr/lib/jvm/java-8-openjdk-i386/jre/lib/i386/libjava.so
b632c000-b632d000 r--p 00026000 08:01 1693258    /usr/lib/jvm/java-8-openjdk-i386/jre/lib/i386/libjava.so
b632d000-b632e000 rw-p 00027000 08:01 1693258    /usr/lib/jvm/java-8-openjdk-i386/jre/lib/i386/libjava.so
b632e000-b6335000 r-xp 00000000 08:01 3401305    /lib/i386-linux-gnu/librt-2.23.so
b6335000-b6336000 r--p 00006000 08:01 3401305    /lib/i386-linux-gnu/librt-2.23.so
b6336000-b6337000 rw-p 00007000 08:01 3401305    /lib/i386-linux-gnu/librt-2.23.so
b6337000-b633a000 ---p 00000000 00:00 0 
b633a000-b6388000 rw-p 00000000 00:00 0 
b6388000-b63a4000 r-xp 00000000 08:01 3402590    /lib/i386-linux-gnu/libgcc_s.so.1
b63a4000-b63a5000 rw-p 0001b000 08:01 3402590    /lib/i386-linux-gnu/libgcc_s.so.1
b63a5000-b63f8000 r-xp 00000000 08:01 3401314    /lib/i386-linux-gnu/libm-2.23.so
b63f8000-b63f9000 r--p 00052000 08:01 3401314    /lib/i386-linux-gnu/libm-2.23.so
b63f9000-b63fa000 rw-p 00053000 08:01 3401314    /lib/i386-linux-gnu/libm-2.23.so
b63fa000-b6567000 r-xp 00000000 08:01 1110301    /usr/lib/i386-linux-gnu/libstdc++.so.6.0.21
b6567000-b6568000 ---p 0016d000 08:01 1110301    /usr/lib/i386-linux-gnu/libstdc++.so.6.0.21
b6568000-b656d000 r--p 0016d000 08:01 1110301    /usr/lib/i386-linux-gnu/libstdc++.so.6.0.21
b656d000-b656e000 rw-p 00172000 08:01 1110301    /usr/lib/i386-linux-gnu/libstdc++.so.6.0.21
b656e000-b6571000 rw-p 00000000 00:00 0 
b6571000-b7042000 r-xp 00000000 08:01 1693269    /usr/lib/jvm/java-8-openjdk-i386/jre/lib/i386/server/libjvm.so
b7042000-b7088000 r--p 00ad0000 08:01 1693269    /usr/lib/jvm/java-8-openjdk-i386/jre/lib/i386/server/libjvm.so
b7088000-b709f000 rw-p 00b16000 08:01 1693269    /usr/lib/jvm/java-8-openjdk-i386/jre/lib/i386/server/libjvm.so
b709f000-b74c0000 rw-p 00000000 00:00 0 
b74c0000-b74d9000 r-xp 00000000 08:01 3401302    /lib/i386-linux-gnu/libpthread-2.23.so
b74d9000-b74da000 r--p 00018000 08:01 3401302    /lib/i386-linux-gnu/libpthread-2.23.so
b74da000-b74db000 rw-p 00019000 08:01 3401302    /lib/i386-linux-gnu/libpthread-2.23.so
b74db000-b74dd000 rw-p 00000000 00:00 0 
b74dd000-b74e0000 r-xp 00000000 08:01 3401308    /lib/i386-linux-gnu/libdl-2.23.so
b74e0000-b74e1000 r--p 00002000 08:01 3401308    /lib/i386-linux-gnu/libdl-2.23.so
b74e1000-b74e2000 rw-p 00003000 08:01 3401308    /lib/i386-linux-gnu/libdl-2.23.so
b74e2000-b74fb000 r-xp 00000000 08:01 3402741    /lib/i386-linux-gnu/libz.so.1.2.8
b74fb000-b74fc000 r--p 00018000 08:01 3402741    /lib/i386-linux-gnu/libz.so.1.2.8
b74fc000-b74fd000 rw-p 00019000 08:01 3402741    /lib/i386-linux-gnu/libz.so.1.2.8
b74fd000-b76ad000 r-xp 00000000 08:01 3402570    /lib/i386-linux-gnu/libc-2.23.so
b76ad000-b76af000 r--p 001af000 08:01 3402570    /lib/i386-linux-gnu/libc-2.23.so
b76af000-b76b0000 rw-p 001b1000 08:01 3402570    /lib/i386-linux-gnu/libc-2.23.so
b76b0000-b76b3000 rw-p 00000000 00:00 0 
b76b3000-b76b4000 r--s 0000a000 08:01 1693235    /usr/lib/jvm/java-8-openjdk-i386/jre/lib/ext/jaccess.jar
b76b4000-b76b8000 r--s 00037000 08:01 1693234    /usr/lib/jvm/java-8-openjdk-i386/jre/lib/ext/sunpkcs11.jar
b76b8000-b76b9000 r--p 002d4000 08:01 1105218    /usr/lib/locale/locale-archive
b76b9000-b76ba000 rw-p 00000000 00:00 0 
b76ba000-b76bb000 r--p 00000000 00:00 0 
b76bb000-b76c9000 r-xp 00000000 08:01 1693275    /usr/lib/jvm/java-8-openjdk-i386/jre/lib/i386/libverify.so
b76c9000-b76ca000 r--p 0000d000 08:01 1693275    /usr/lib/jvm/java-8-openjdk-i386/jre/lib/i386/libverify.so
b76ca000-b76cb000 rw-p 0000e000 08:01 1693275    /usr/lib/jvm/java-8-openjdk-i386/jre/lib/i386/libverify.so
b76cb000-b76d8000 r-xp 00000000 08:01 1693273    /usr/lib/jvm/java-8-openjdk-i386/jre/lib/i386/jli/libjli.so
b76d8000-b76d9000 r--p 0000c000 08:01 1693273    /usr/lib/jvm/java-8-openjdk-i386/jre/lib/i386/jli/libjli.so
b76d9000-b76da000 rw-p 0000d000 08:01 1693273    /usr/lib/jvm/java-8-openjdk-i386/jre/lib/i386/jli/libjli.so
b76da000-b76dc000 rw-p 00000000 00:00 0 
b76dc000-b76de000 r--p 00000000 00:00 0          [vvar]
b76de000-b76df000 r-xp 00000000 00:00 0          [vdso]
b76df000-b7701000 r-xp 00000000 08:01 3401231    /lib/i386-linux-gnu/ld-2.23.so
b7701000-b7702000 rw-p 00000000 00:00 0 
b7702000-b7703000 r--p 00022000 08:01 3401231    /lib/i386-linux-gnu/ld-2.23.so
b7703000-b7704000 rw-p 00023000 08:01 3401231    /lib/i386-linux-gnu/ld-2.23.so
bf912000-bf933000 rw-p 00000000 00:00 0          [stack]

VM Arguments:
jvm_args: -Dscript.name=/usr/bin/groovy -Dprogram.name=groovy -Dgroovy.starter.conf=/usr/share/groovy2/conf/groovy-starter.conf -Dgroovy.home=/usr/share/groovy2 -Dtools.jar=/usr/lib/jvm/default-java/lib/tools.jar 
java_command: org.codehaus.groovy.tools.GroovyStarter --main groovy.ui.GroovyMain --conf /usr/share/groovy2/conf/groovy-starter.conf --classpath . httpcat_with_write_freetext_no_url.groovy 4469 /dev/null /dev/null
java_class_path (initial): /usr/share/groovy2/lib/groovy-2.4.5.jar
Launcher Type: SUN_STANDARD

Environment Variables:
PATH=/usr/bin:/bin
SHELL=/bin/sh

Signal Handlers:
SIGSEGV: [libjvm.so+0x8d7370], sa_mask[0]=11111111011111111101111111111110, sa_flags=SA_RESTART|SA_SIGINFO
SIGBUS: [libjvm.so+0x8d7370], sa_mask[0]=11111111011111111101111111111110, sa_flags=SA_RESTART|SA_SIGINFO
SIGFPE: [libjvm.so+0x73d1c0], sa_mask[0]=11111111011111111101111111111110, sa_flags=SA_RESTART|SA_SIGINFO
SIGPIPE: [libjvm.so+0x73d1c0], sa_mask[0]=11111111011111111101111111111110, sa_flags=SA_RESTART|SA_SIGINFO
SIGXFSZ: [libjvm.so+0x73d1c0], sa_mask[0]=11111111011111111101111111111110, sa_flags=SA_RESTART|SA_SIGINFO
SIGILL: [libjvm.so+0x73d1c0], sa_mask[0]=11111111011111111101111111111110, sa_flags=SA_RESTART|SA_SIGINFO
SIGUSR1: SIG_DFL, sa_mask[0]=00000000000000000000000000000000, sa_flags=none
SIGUSR2: [libjvm.so+0x73d000], sa_mask[0]=00000000000000000000000000000000, sa_flags=SA_RESTART|SA_SIGINFO
SIGHUP: [libjvm.so+0x73d790], sa_mask[0]=11111111011111111101111111111110, sa_flags=SA_RESTART|SA_SIGINFO
SIGINT: [libjvm.so+0x73d790], sa_mask[0]=11111111011111111101111111111110, sa_flags=SA_RESTART|SA_SIGINFO
SIGTERM: [libjvm.so+0x73d790], sa_mask[0]=11111111011111111101111111111110, sa_flags=SA_RESTART|SA_SIGINFO
SIGQUIT: [libjvm.so+0x73d790], sa_mask[0]=11111111011111111101111111111110, sa_flags=SA_RESTART|SA_SIGINFO


---------------  S Y S T E M  ---------------

OS:DISTRIB_ID=Ubuntu
DISTRIB_RELEASE=16.04
DISTRIB_CODENAME=xenial
DISTRIB_DESCRIPTION="Ubuntu 16.04.1 LTS"

uname:Linux 4.4.0-104-generic #127-Ubuntu SMP Mon Dec 11 12:16:50 UTC 2017 i686
libc:glibc 2.23 NPTL 2.23 
rlimit: STACK 8192k, CORE 0k, NPROC 63057, NOFILE 65536, AS infinity
load average:107.12 97.70 97.52

/proc/meminfo:
MemTotal:        8107456 kB
MemFree:          372732 kB
MemAvailable:          0 kB
Buffers:            5808 kB
Cached:           159568 kB
SwapCached:        43124 kB
Active:          6345792 kB
Inactive:        1144652 kB
Active(anon):    6324752 kB
Inactive(anon):  1131548 kB
Active(file):      21040 kB
Inactive(file):    13104 kB
Unevictable:           0 kB
Mlocked:               0 kB
HighTotal:       7292552 kB
HighFree:          84716 kB
LowTotal:         814904 kB
LowFree:          288016 kB
SwapTotal:       4007932 kB
SwapFree:              0 kB
Dirty:               812 kB
Writeback:           404 kB
AnonPages:       7282864 kB
Mapped:            25804 kB
Shmem:            130508 kB
Slab:              98456 kB
SReclaimable:      31048 kB
SUnreclaim:        67408 kB
KernelStack:       29104 kB
PageTables:        64184 kB
NFS_Unstable:          4 kB
Bounce:              224 kB
WritebackTmp:          0 kB
CommitLimit:     8061660 kB
Committed_AS:   27949684 kB
VmallocTotal:     122880 kB
VmallocUsed:           0 kB
VmallocChunk:          0 kB
AnonHugePages:   3180544 kB
CmaTotal:              0 kB
CmaFree:               0 kB
HugePages_Total:       0
HugePages_Free:        0
HugePages_Rsvd:        0
HugePages_Surp:        0
Hugepagesize:       2048 kB
DirectMap4k:       40952 kB
DirectMap2M:      870400 kB


CPU:total 4 (initial active 4) (2 cores per cpu, 2 threads per core) family 6 model 58 stepping 9, cmov, cx8, fxsr, mmx, sse, sse2, sse3, ssse3, sse4.1, sse4.2, popcnt, avx, aes, clmul, erms, ht, tsc, tscinvbit, tscinv

/proc/cpuinfo:
processor	: 0
vendor_id	: GenuineIntel
cpu family	: 6
model		: 58
model name	: Intel(R) Core(TM) i5-3427U CPU @ 1.80GHz
stepping	: 9
microcode	: 0x17
cpu MHz		: 2599.988
cache size	: 3072 KB
physical id	: 0
siblings	: 4
core id		: 0
cpu cores	: 2
apicid		: 0
initial apicid	: 0
fdiv_bug	: no
f00f_bug	: no
coma_bug	: no
fpu		: yes
fpu_exception	: yes
cpuid level	: 13
wp		: yes
flags		: fpu vme de pse tsc msr pae mce cx8 apic sep mtrr pge mca cmov pat pse36 clflush dts acpi mmx fxsr sse sse2 ss ht tm pbe nx rdtscp lm constant_tsc arch_perfmon pebs bts xtopology nonstop_tsc aperfmperf eagerfpu pni pclmulqdq dtes64 monitor ds_cpl vmx smx est tm2 ssse3 cx16 xtpr pdcm pcid sse4_1 sse4_2 x2apic popcnt tsc_deadline_timer aes xsave avx f16c rdrand lahf_lm epb tpr_shadow vnmi flexpriority ept vpid fsgsbase smep erms xsaveopt dtherm ida arat pln pts
bugs		:
bogomips	: 4589.83
clflush size	: 64
cache_alignment	: 64
address sizes	: 36 bits physical, 48 bits virtual
power management:

processor	: 1
vendor_id	: GenuineIntel
cpu family	: 6
model		: 58
model name	: Intel(R) Core(TM) i5-3427U CPU @ 1.80GHz
stepping	: 9
microcode	: 0x17
cpu MHz		: 2599.988
cache size	: 3072 KB
physical id	: 0
siblings	: 4
core id		: 1
cpu cores	: 2
apicid		: 2
initial apicid	: 2
fdiv_bug	: no
f00f_bug	: no
coma_bug	: no
fpu		: yes
fpu_exception	: yes
cpuid level	: 13
wp		: yes
flags		: fpu vme de pse tsc msr pae mce cx8 apic sep mtrr pge mca cmov pat pse36 clflush dts acpi mmx fxsr sse sse2 ss ht tm pbe nx rdtscp lm constant_tsc arch_perfmon pebs bts xtopology nonstop_tsc aperfmperf eagerfpu pni pclmulqdq dtes64 monitor ds_cpl vmx smx est tm2 ssse3 cx16 xtpr pdcm pcid sse4_1 sse4_2 x2apic popcnt tsc_deadline_timer aes xsave avx f16c rdrand lahf_lm epb tpr_shadow vnmi flexpriority ept vpid fsgsbase smep erms xsaveopt dtherm ida arat pln pts
bugs		:
bogomips	: 4589.83
clflush size	: 64
cache_alignment	: 64
address sizes	: 36 bits physical, 48 bits virtual
power management:

processor	: 2
vendor_id	: GenuineIntel
cpu family	: 6
model		: 58
model name	: Intel(R) Core(TM) i5-3427U CPU @ 1.80GHz
stepping	: 9
microcode	: 0x17
cpu MHz		: 2599.988
cache size	: 3072 KB
physical id	: 0
siblings	: 4
core id		: 0
cpu cores	: 2
apicid		: 1
initial apicid	: 1
fdiv_bug	: no
f00f_bug	: no
coma_bug	: no
fpu		: yes
fpu_exception	: yes
cpuid level	: 13
wp		: yes
flags		: fpu vme de pse tsc msr pae mce cx8 apic sep mtrr pge mca cmov pat pse36 clflush dts acpi mmx fxsr sse sse2 ss ht tm pbe nx rdtscp lm constant_tsc arch_perfmon pebs bts xtopology nonstop_tsc aperfmperf eagerfpu pni pclmulqdq dtes64 monitor ds_cpl vmx smx est tm2 ssse3 cx16 xtpr pdcm pcid sse4_1 sse4_2 x2apic popcnt tsc_deadline_timer aes xsave avx f16c rdrand lahf_lm epb tpr_shadow vnmi flexpriority ept vpid fsgsbase smep erms xsaveopt dtherm ida arat pln pts
bugs		:
bogomips	: 4589.83
clflush size	: 64
cache_alignment	: 64
address sizes	: 36 bits physical, 48 bits virtual
power management:

processor	: 3
vendor_id	: GenuineIntel
cpu family	: 6
model		: 58
model name	: Intel(R) Core(TM) i5-3427U CPU @ 1.80GHz
stepping	: 9
microcode	: 0x17
cpu MHz		: 2599.988
cache size	: 3072 KB
physical id	: 0
siblings	: 4
core id		: 1
cpu cores	: 2
apicid		: 3
initial apicid	: 3
fdiv_bug	: no
f00f_bug	: no
coma_bug	: no
fpu		: yes
fpu_exception	: yes
cpuid level	: 13
wp		: yes
flags		: fpu vme de pse tsc msr pae mce cx8 apic sep mtrr pge mca cmov pat pse36 clflush dts acpi mmx fxsr sse sse2 ss ht tm pbe nx rdtscp lm constant_tsc arch_perfmon pebs bts xtopology nonstop_tsc aperfmperf eagerfpu pni pclmulqdq dtes64 monitor ds_cpl vmx smx est tm2 ssse3 cx16 xtpr pdcm pcid sse4_1 sse4_2 x2apic popcnt tsc_deadline_timer aes xsave avx f16c rdrand lahf_lm epb tpr_shadow vnmi flexpriority ept vpid fsgsbase smep erms xsaveopt dtherm ida arat pln pts
bugs		:
bogomips	: 4589.83
clflush size	: 64
cache_alignment	: 64
address sizes	: 36 bits physical, 48 bits virtual
power management:



Memory: 4k page, physical 8107456k(372732k free), swap 4007932k(0k free)

vm_info: OpenJDK Server VM (25.151-b12) for linux-x86 JRE (1.8.0_151-8u151-b12-0ubuntu0.16.04.2-b12), built on Oct 27 2017 22:05:04 by "buildd" with gcc 5.4.0 20160609

time: Wed Dec 20 14:41:12 2017
elapsed time: 69 seconds (0d 0h 1m 9s)

