#
# There is insufficient memory for the Java Runtime Environment to continue.
# Native memory allocation (mmap) failed to map 131072 bytes for committing reserved memory.
# Possible reasons:
#   The system is out of physical RAM or swap space
#   In 32 bit mode, the process size limit was hit
# Possible solutions:
#   Reduce memory load on the system
#   Increase physical memory or swap space
#   Check if swap backing store is full
#   Use 64 bit Java on a 64 bit OS
#   Decrease Java heap size (-Xmx/-Xms)
#   Decrease number of Java threads
#   Decrease Java thread stack sizes (-Xss)
#   Set larger code cache with -XX:ReservedCodeCacheSize=
# This output file may be truncated or incomplete.
#
#  Out of Memory Error (os_linux.cpp:2643), pid=11082, tid=0xb6459b40
#
# JRE version: OpenJDK Runtime Environment (8.0_151-b12) (build 1.8.0_151-8u151-b12-0ubuntu0.16.04.2-b12)
# Java VM: OpenJDK Server VM (25.151-b12 mixed mode linux-x86 )
# Failed to write core dump. Core dumps have been disabled. To enable core dumping, try "ulimit -c unlimited" before starting Java again
#

---------------  T H R E A D  ---------------

Current thread (0xb6307c00):  JavaThread "main" [_thread_in_vm, id=11329, stack(0xb6409000,0xb645a000)]

Stack: [0xb6409000,0xb645a000],  sp=0xb6456704,  free space=309k
Native frames: (J=compiled Java code, j=interpreted, Vv=VM code, C=native code)
V  [libjvm.so+0x8d6834]
V  [libjvm.so+0x3a7c76]
V  [libjvm.so+0x7420c0]
V  [libjvm.so+0x73c013]
V  [libjvm.so+0x8d3264]
V  [libjvm.so+0x6cdd63]
V  [libjvm.so+0x6cdf7a]
V  [libjvm.so+0x6ceb05]
V  [libjvm.so+0x6cec5a]
V  [libjvm.so+0x6cfc9a]
V  [libjvm.so+0x6cfe8d]
V  [libjvm.so+0x39895f]
V  [libjvm.so+0x6d542e]
V  [libjvm.so+0x317bdf]
V  [libjvm.so+0x3183b3]
V  [libjvm.so+0x31a202]
V  [libjvm.so+0x320d96]
V  [libjvm.so+0x853dd4]
V  [libjvm.so+0x8528ff]
V  [libjvm.so+0x854906]
V  [libjvm.so+0x39b0be]
V  [libjvm.so+0x50d7c1]
j  java.util.Calendar.createCalendar(Ljava/util/TimeZone;Ljava/util/Locale;)Ljava/util/Calendar;+0
j  java.util.Calendar.getInstance(Ljava/util/TimeZone;Ljava/util/Locale;)Ljava/util/Calendar;+2
j  java.text.SimpleDateFormat.initializeCalendar(Ljava/util/Locale;)V+30
j  java.text.SimpleDateFormat.<init>(Ljava/lang/String;Ljava/util/Locale;)V+43
j  sun.util.locale.provider.DateFormatProviderImpl.getInstance(IILjava/util/Locale;)Ljava/text/DateFormat;+19
j  sun.util.locale.provider.DateFormatProviderImpl.getDateInstance(ILjava/util/Locale;)Ljava/text/DateFormat;+4
j  java.text.DateFormat.get(Lsun/util/locale/provider/LocaleProviderAdapter;IILjava/util/Locale;)Ljava/text/DateFormat;+15
j  java.text.DateFormat.get(IIILjava/util/Locale;)Ljava/text/DateFormat;+101
j  java.text.DateFormat.getDateInstance()Ljava/text/DateFormat;+9
j  com.owlike.genson.convert.DefaultConverters$DateConverter.<init>()V+1
j  com.owlike.genson.ext.jaxb.JAXBBundle$XMLGregorianCalendarConverter.<init>(Lcom/owlike/genson/ext/jaxb/JAXBBundle;)V+14
j  com.owlike.genson.ext.jaxb.JAXBBundle$XMLGregorianCalendarConverter.<init>(Lcom/owlike/genson/ext/jaxb/JAXBBundle;Lcom/owlike/genson/ext/jaxb/JAXBBundle$1;)V+2
j  com.owlike.genson.ext.jaxb.JAXBBundle.configure(Lcom/owlike/genson/Genson$Builder;)V+13
j  com.owlike.genson.Genson$Builder.create()Lcom/owlike/genson/Genson;+31
j  com.owlike.genson.ext.jaxrs.GensonJsonConverter$GensonStandardResolver.createDefaultInstance()Lcom/owlike/genson/Genson;+32
j  com.owlike.genson.ext.jaxrs.GensonJsonConverter$GensonStandardResolver.<init>()V+6
j  com.owlike.genson.ext.jaxrs.GensonJsonConverter.<init>()V+5
v  ~StubRoutines::call_stub
V  [libjvm.so+0x51faad]
V  [libjvm.so+0x746985]
V  [libjvm.so+0x51ebea]
V  [libjvm.so+0x7b8d25]
V  [libjvm.so+0x7bb00e]
V  [libjvm.so+0x565ccb]  JVM_NewInstanceFromConstructor+0x6b
C  [libjava.so+0xcf80]  Java_sun_reflect_NativeConstructorAccessorImpl_newInstance0+0x20
j  sun.reflect.NativeConstructorAccessorImpl.newInstance0(Ljava/lang/reflect/Constructor;[Ljava/lang/Object;)Ljava/lang/Object;+0
j  sun.reflect.NativeConstructorAccessorImpl.newInstance([Ljava/lang/Object;)Ljava/lang/Object;+85
J 830 C1 sun.reflect.DelegatingConstructorAccessorImpl.newInstance([Ljava/lang/Object;)Ljava/lang/Object; (9 bytes) @ 0xa74e49c0 [0xa74e48e0+0xe0]
J 829 C1 java.lang.reflect.Constructor.newInstance([Ljava/lang/Object;)Ljava/lang/Object; (87 bytes) @ 0xa74e3fec [0xa74e3c20+0x3cc]
J 831 C1 java.lang.Class.newInstance()Ljava/lang/Object; (155 bytes) @ 0xa74e6bc0 [0xa74e64c0+0x700]
j  org.glassfish.jersey.internal.ServiceFinder$LazyObjectIterator.hasNext()Z+115
j  org.glassfish.jersey.internal.ServiceFinderBinder.configure()V+13
j  org.glassfish.hk2.utilities.binding.AbstractBinder.bind(Lorg/glassfish/hk2/api/DynamicConfiguration;)V+37
j  org.glassfish.hk2.utilities.binding.AbstractBinder.install([Lorg/glassfish/hk2/utilities/Binder;)V+23
j  org.glassfish.jersey.message.internal.MessagingBinders$MessageBodyProviders.configure()V+302
j  org.glassfish.hk2.utilities.binding.AbstractBinder.bind(Lorg/glassfish/hk2/api/DynamicConfiguration;)V+37
j  org.glassfish.hk2.utilities.binding.AbstractBinder.install([Lorg/glassfish/hk2/utilities/Binder;)V+23
j  org.glassfish.jersey.server.ServerBinder.configure()V+237
j  org.glassfish.hk2.utilities.binding.AbstractBinder.bind(Lorg/glassfish/hk2/api/DynamicConfiguration;)V+37
j  org.glassfish.jersey.internal.inject.Injections.bind(Lorg/glassfish/hk2/api/ServiceLocator;Lorg/glassfish/hk2/utilities/Binder;)V+33
j  org.glassfish.jersey.internal.inject.Injections._createLocator(Ljava/lang/String;Lorg/glassfish/hk2/api/ServiceLocator;[Lorg/glassfish/hk2/utilities/Binder;)Lorg/glassfish/hk2/api/ServiceLocator;+44
j  org.glassfish.jersey.internal.inject.Injections.createLocator([Lorg/glassfish/hk2/utilities/Binder;)Lorg/glassfish/hk2/api/ServiceLocator;+3
j  org.glassfish.jersey.server.ApplicationHandler.<init>(Ljavax/ws/rs/core/Application;)V+31
j  org.glassfish.jersey.server.ContainerFactory.createContainer(Ljava/lang/Class;Ljavax/ws/rs/core/Application;)Ljava/lang/Object;+5
j  org.glassfish.jersey.jdkhttp.JdkHttpServerFactory.createHttpServer(Ljava/net/URI;Lorg/glassfish/jersey/server/ResourceConfig;)Lcom/sun/net/httpserver/HttpServer;+4
j  org.glassfish.jersey.jdkhttp.JdkHttpServerFactory$createHttpServer.call(Ljava/lang/Object;[Ljava/lang/Object;)Ljava/lang/Object;+21
j  org.codehaus.groovy.runtime.callsite.CallSiteArray.defaultCall(Lorg/codehaus/groovy/runtime/callsite/CallSite;Ljava/lang/Object;[Ljava/lang/Object;)Ljava/lang/Object;+8
j  org.codehaus.groovy.runtime.callsite.AbstractCallSite.call(Ljava/lang/Object;[Ljava/lang/Object;)Ljava/lang/Object;+3
j  org.codehaus.groovy.runtime.callsite.AbstractCallSite.call(Ljava/lang/Object;Ljava/lang/Object;Ljava/lang/Object;)Ljava/lang/Object;+38
j  HttpCat.main([Ljava/lang/String;)V+397
v  ~StubRoutines::call_stub
V  [libjvm.so+0x51faad]
V  [libjvm.so+0x746985]
V  [libjvm.so+0x51ebea]
V  [libjvm.so+0x7b8d25]
V  [libjvm.so+0x7baa5e]
V  [libjvm.so+0x565ade]  JVM_InvokeMethod+0x10e
C  [libjava.so+0xcf53]  Java_sun_reflect_NativeMethodAccessorImpl_invoke0+0x23
j  sun.reflect.NativeMethodAccessorImpl.invoke0(Ljava/lang/reflect/Method;Ljava/lang/Object;[Ljava/lang/Object;)Ljava/lang/Object;+0
j  sun.reflect.NativeMethodAccessorImpl.invoke(Ljava/lang/Object;[Ljava/lang/Object;)Ljava/lang/Object;+100
j  sun.reflect.DelegatingMethodAccessorImpl.invoke(Ljava/lang/Object;[Ljava/lang/Object;)Ljava/lang/Object;+6
j  java.lang.reflect.Method.invoke(Ljava/lang/Object;[Ljava/lang/Object;)Ljava/lang/Object;+56
j  org.codehaus.groovy.reflection.CachedMethod.invoke(Ljava/lang/Object;[Ljava/lang/Object;)Ljava/lang/Object;+6
j  groovy.lang.MetaMethod.doMethodInvoke(Ljava/lang/Object;[Ljava/lang/Object;)Ljava/lang/Object;+9
j  groovy.lang.MetaClassImpl.invokeStaticMethod(Ljava/lang/Object;Ljava/lang/String;[Ljava/lang/Object;)Ljava/lang/Object;+103
j  org.codehaus.groovy.runtime.InvokerHelper.invokeMethod(Ljava/lang/Object;Ljava/lang/String;Ljava/lang/Object;)Ljava/lang/Object;+39
j  groovy.lang.GroovyShell.runScriptOrMainOrTestOrRunnable(Ljava/lang/Class;[Ljava/lang/String;)Ljava/lang/Object;+138
j  groovy.lang.GroovyShell.run(Lgroovy/lang/GroovyCodeSource;[Ljava/lang/String;)Ljava/lang/Object;+9
j  groovy.lang.GroovyShell.run(Lgroovy/lang/GroovyCodeSource;Ljava/util/List;)Ljava/lang/Object;+23
j  groovy.ui.GroovyMain.processOnce()V+33
j  groovy.ui.GroovyMain.run()Z+29
j  groovy.ui.GroovyMain.process(Lgroovyjarjarcommonscli/CommandLine;)Z+602
j  groovy.ui.GroovyMain.processArgs([Ljava/lang/String;Ljava/io/PrintStream;)V+108
j  groovy.ui.GroovyMain.main([Ljava/lang/String;)V+4
v  ~StubRoutines::call_stub
V  [libjvm.so+0x51faad]
V  [libjvm.so+0x746985]
V  [libjvm.so+0x51ebea]
...<more frames>...

Java frames: (J=compiled Java code, j=interpreted, Vv=VM code)
j  java.util.Calendar.createCalendar(Ljava/util/TimeZone;Ljava/util/Locale;)Ljava/util/Calendar;+0
j  java.util.Calendar.getInstance(Ljava/util/TimeZone;Ljava/util/Locale;)Ljava/util/Calendar;+2
j  java.text.SimpleDateFormat.initializeCalendar(Ljava/util/Locale;)V+30
j  java.text.SimpleDateFormat.<init>(Ljava/lang/String;Ljava/util/Locale;)V+43
j  sun.util.locale.provider.DateFormatProviderImpl.getInstance(IILjava/util/Locale;)Ljava/text/DateFormat;+19
j  sun.util.locale.provider.DateFormatProviderImpl.getDateInstance(ILjava/util/Locale;)Ljava/text/DateFormat;+4
j  java.text.DateFormat.get(Lsun/util/locale/provider/LocaleProviderAdapter;IILjava/util/Locale;)Ljava/text/DateFormat;+15
j  java.text.DateFormat.get(IIILjava/util/Locale;)Ljava/text/DateFormat;+101
j  java.text.DateFormat.getDateInstance()Ljava/text/DateFormat;+9
j  com.owlike.genson.convert.DefaultConverters$DateConverter.<init>()V+1
j  com.owlike.genson.ext.jaxb.JAXBBundle$XMLGregorianCalendarConverter.<init>(Lcom/owlike/genson/ext/jaxb/JAXBBundle;)V+14
j  com.owlike.genson.ext.jaxb.JAXBBundle$XMLGregorianCalendarConverter.<init>(Lcom/owlike/genson/ext/jaxb/JAXBBundle;Lcom/owlike/genson/ext/jaxb/JAXBBundle$1;)V+2
j  com.owlike.genson.ext.jaxb.JAXBBundle.configure(Lcom/owlike/genson/Genson$Builder;)V+13
j  com.owlike.genson.Genson$Builder.create()Lcom/owlike/genson/Genson;+31
j  com.owlike.genson.ext.jaxrs.GensonJsonConverter$GensonStandardResolver.createDefaultInstance()Lcom/owlike/genson/Genson;+32
j  com.owlike.genson.ext.jaxrs.GensonJsonConverter$GensonStandardResolver.<init>()V+6
j  com.owlike.genson.ext.jaxrs.GensonJsonConverter.<init>()V+5
v  ~StubRoutines::call_stub
j  sun.reflect.NativeConstructorAccessorImpl.newInstance0(Ljava/lang/reflect/Constructor;[Ljava/lang/Object;)Ljava/lang/Object;+0
j  sun.reflect.NativeConstructorAccessorImpl.newInstance([Ljava/lang/Object;)Ljava/lang/Object;+85
J 830 C1 sun.reflect.DelegatingConstructorAccessorImpl.newInstance([Ljava/lang/Object;)Ljava/lang/Object; (9 bytes) @ 0xa74e49c0 [0xa74e48e0+0xe0]
J 829 C1 java.lang.reflect.Constructor.newInstance([Ljava/lang/Object;)Ljava/lang/Object; (87 bytes) @ 0xa74e3fec [0xa74e3c20+0x3cc]
J 831 C1 java.lang.Class.newInstance()Ljava/lang/Object; (155 bytes) @ 0xa74e6bc0 [0xa74e64c0+0x700]
j  org.glassfish.jersey.internal.ServiceFinder$LazyObjectIterator.hasNext()Z+115
j  org.glassfish.jersey.internal.ServiceFinderBinder.configure()V+13
j  org.glassfish.hk2.utilities.binding.AbstractBinder.bind(Lorg/glassfish/hk2/api/DynamicConfiguration;)V+37
j  org.glassfish.hk2.utilities.binding.AbstractBinder.install([Lorg/glassfish/hk2/utilities/Binder;)V+23
j  org.glassfish.jersey.message.internal.MessagingBinders$MessageBodyProviders.configure()V+302
j  org.glassfish.hk2.utilities.binding.AbstractBinder.bind(Lorg/glassfish/hk2/api/DynamicConfiguration;)V+37
j  org.glassfish.hk2.utilities.binding.AbstractBinder.install([Lorg/glassfish/hk2/utilities/Binder;)V+23
j  org.glassfish.jersey.server.ServerBinder.configure()V+237
j  org.glassfish.hk2.utilities.binding.AbstractBinder.bind(Lorg/glassfish/hk2/api/DynamicConfiguration;)V+37
j  org.glassfish.jersey.internal.inject.Injections.bind(Lorg/glassfish/hk2/api/ServiceLocator;Lorg/glassfish/hk2/utilities/Binder;)V+33
j  org.glassfish.jersey.internal.inject.Injections._createLocator(Ljava/lang/String;Lorg/glassfish/hk2/api/ServiceLocator;[Lorg/glassfish/hk2/utilities/Binder;)Lorg/glassfish/hk2/api/ServiceLocator;+44
j  org.glassfish.jersey.internal.inject.Injections.createLocator([Lorg/glassfish/hk2/utilities/Binder;)Lorg/glassfish/hk2/api/ServiceLocator;+3
j  org.glassfish.jersey.server.ApplicationHandler.<init>(Ljavax/ws/rs/core/Application;)V+31
j  org.glassfish.jersey.server.ContainerFactory.createContainer(Ljava/lang/Class;Ljavax/ws/rs/core/Application;)Ljava/lang/Object;+5
j  org.glassfish.jersey.jdkhttp.JdkHttpServerFactory.createHttpServer(Ljava/net/URI;Lorg/glassfish/jersey/server/ResourceConfig;)Lcom/sun/net/httpserver/HttpServer;+4
j  org.glassfish.jersey.jdkhttp.JdkHttpServerFactory$createHttpServer.call(Ljava/lang/Object;[Ljava/lang/Object;)Ljava/lang/Object;+21
j  org.codehaus.groovy.runtime.callsite.CallSiteArray.defaultCall(Lorg/codehaus/groovy/runtime/callsite/CallSite;Ljava/lang/Object;[Ljava/lang/Object;)Ljava/lang/Object;+8
j  org.codehaus.groovy.runtime.callsite.AbstractCallSite.call(Ljava/lang/Object;[Ljava/lang/Object;)Ljava/lang/Object;+3
j  org.codehaus.groovy.runtime.callsite.AbstractCallSite.call(Ljava/lang/Object;Ljava/lang/Object;Ljava/lang/Object;)Ljava/lang/Object;+38
j  HttpCat.main([Ljava/lang/String;)V+397
v  ~StubRoutines::call_stub
j  sun.reflect.NativeMethodAccessorImpl.invoke0(Ljava/lang/reflect/Method;Ljava/lang/Object;[Ljava/lang/Object;)Ljava/lang/Object;+0
j  sun.reflect.NativeMethodAccessorImpl.invoke(Ljava/lang/Object;[Ljava/lang/Object;)Ljava/lang/Object;+100
j  sun.reflect.DelegatingMethodAccessorImpl.invoke(Ljava/lang/Object;[Ljava/lang/Object;)Ljava/lang/Object;+6
j  java.lang.reflect.Method.invoke(Ljava/lang/Object;[Ljava/lang/Object;)Ljava/lang/Object;+56
j  org.codehaus.groovy.reflection.CachedMethod.invoke(Ljava/lang/Object;[Ljava/lang/Object;)Ljava/lang/Object;+6
j  groovy.lang.MetaMethod.doMethodInvoke(Ljava/lang/Object;[Ljava/lang/Object;)Ljava/lang/Object;+9
j  groovy.lang.MetaClassImpl.invokeStaticMethod(Ljava/lang/Object;Ljava/lang/String;[Ljava/lang/Object;)Ljava/lang/Object;+103
j  org.codehaus.groovy.runtime.InvokerHelper.invokeMethod(Ljava/lang/Object;Ljava/lang/String;Ljava/lang/Object;)Ljava/lang/Object;+39
j  groovy.lang.GroovyShell.runScriptOrMainOrTestOrRunnable(Ljava/lang/Class;[Ljava/lang/String;)Ljava/lang/Object;+138
j  groovy.lang.GroovyShell.run(Lgroovy/lang/GroovyCodeSource;[Ljava/lang/String;)Ljava/lang/Object;+9
j  groovy.lang.GroovyShell.run(Lgroovy/lang/GroovyCodeSource;Ljava/util/List;)Ljava/lang/Object;+23
j  groovy.ui.GroovyMain.processOnce()V+33
j  groovy.ui.GroovyMain.run()Z+29
j  groovy.ui.GroovyMain.process(Lgroovyjarjarcommonscli/CommandLine;)Z+602
j  groovy.ui.GroovyMain.processArgs([Ljava/lang/String;Ljava/io/PrintStream;)V+108
j  groovy.ui.GroovyMain.main([Ljava/lang/String;)V+4
v  ~StubRoutines::call_stub
j  sun.reflect.NativeMethodAccessorImpl.invoke0(Ljava/lang/reflect/Method;Ljava/lang/Object;[Ljava/lang/Object;)Ljava/lang/Object;+0
j  sun.reflect.NativeMethodAccessorImpl.invoke(Ljava/lang/Object;[Ljava/lang/Object;)Ljava/lang/Object;+100
j  sun.reflect.DelegatingMethodAccessorImpl.invoke(Ljava/lang/Object;[Ljava/lang/Object;)Ljava/lang/Object;+6
j  java.lang.reflect.Method.invoke(Ljava/lang/Object;[Ljava/lang/Object;)Ljava/lang/Object;+56
j  org.codehaus.groovy.tools.GroovyStarter.rootLoader([Ljava/lang/String;)V+391
j  org.codehaus.groovy.tools.GroovyStarter.main([Ljava/lang/String;)V+1
v  ~StubRoutines::call_stub

---------------  P R O C E S S  ---------------

Java Threads: ( => current thread )
  0x638aa800 JavaThread "Service Thread" daemon [_thread_blocked, id=11514, stack(0x6318a000,0x631db000)]
  0x638a7400 JavaThread "C1 CompilerThread2" daemon [_thread_blocked, id=11509, stack(0x631db000,0x6325c000)]
  0x638a5c00 JavaThread "C2 CompilerThread1" daemon [_thread_blocked, id=11503, stack(0x6325c000,0x632dd000)]
  0x638a4000 JavaThread "C2 CompilerThread0" daemon [_thread_blocked, id=11493, stack(0x632dd000,0x6335e000)]
  0x638a2800 JavaThread "Signal Dispatcher" daemon [_thread_blocked, id=11474, stack(0x6335e000,0x633af000)]
  0x63888800 JavaThread "Finalizer" daemon [_thread_blocked, id=11422, stack(0x635af000,0x63600000)]
  0x63885c00 JavaThread "Reference Handler" daemon [_thread_blocked, id=11407, stack(0x63913000,0x63964000)]
=>0xb6307c00 JavaThread "main" [_thread_in_vm, id=11329, stack(0xb6409000,0xb645a000)]

Other Threads:
  0x63881000 VMThread [stack: 0x63964000,0x639e5000] [id=11386]
  0x638ac400 WatcherThread [stack: 0x63109000,0x6318a000] [id=11515]

VM state:not at safepoint (normal execution)

VM Mutex/Monitor currently owned by a thread: None

Heap:
 PSYoungGen      total 18944K, used 8411K [0x918c0000, 0x93240000, 0xa6e00000)
  eden space 16384K, 35% used [0x918c0000,0x91e7ace8,0x928c0000)
  from space 2560K, 99% used [0x92900000,0x92b7c070,0x92b80000)
  to   space 4864K, 0% used [0x92d80000,0x92d80000,0x93240000)
 ParOldGen       total 43776K, used 5465K [0x66e00000, 0x698c0000, 0x918c0000)
  object space 43776K, 12% used [0x66e00000,0x67356718,0x698c0000)
 Metaspace       used 9670K, capacity 9725K, committed 9752K, reserved 10544K

Card table byte_map: [0x66bff000,0x66e00000] byte_map_base: 0x668c8000

Marking Bits: (ParMarkBitMap*) 0xb717f880
 Begin Bits: [0x64400000, 0x65400000)
 End Bits:   [0x65400000, 0x66400000)

Polling page: 0xb778c000

CodeCache: size=245760Kb used=4100Kb max_used=4104Kb free=241659Kb
 bounds [0xa727a000, 0xa7682000, 0xb627a000]
 total_blobs=1613 nmethods=1193 adapters=334
 compilation: enabled

Compilation events (10 events):
Event: 83.132 Thread 0x638a7400 1234  s    3       java.io.ByteArrayInputStream::read (36 bytes)
Event: 83.133 Thread 0x638a7400 nmethod 1234 0xa767da08 code [0xa767db40, 0xa767ddc0]
Event: 83.133 Thread 0x638a7400 1235       3       java.io.DataInputStream::readByte (23 bytes)
Event: 83.134 Thread 0x638a7400 nmethod 1235 0xa767d588 code [0xa767d6c0, 0xa767d8f8]
Event: 83.136 Thread 0x638a7400 1236       3       sun.util.calendar.ZoneInfoFile::indexOf (32 bytes)
Event: 83.136 Thread 0x638a7400 nmethod 1236 0xa767d108 code [0xa767d220, 0xa767d3e0]
Event: 83.138 Thread 0x638a7400 1237       3       java.util.zip.CRC32::update (16 bytes)
Event: 83.138 Thread 0x638a7400 nmethod 1237 0xa766a148 code [0xa766a260, 0xa766a360]
Event: 83.139 Thread 0x638a7400 1238       3       sun.util.calendar.ZoneInfoFile$Checksum::update (39 bytes)
Event: 83.139 Thread 0x638a7400 nmethod 1238 0xa767ccc8 code [0xa767cde0, 0xa767d040]

GC Heap History (10 events):
Event: 25.451 GC heap before
{Heap before GC invocations=1 (full 0):
 PSYoungGen      total 19200K, used 16640K [0x918c0000, 0x92e00000, 0xa6e00000)
  eden space 16640K, 100% used [0x918c0000,0x92900000,0x92900000)
  from space 2560K, 0% used [0x92b80000,0x92b80000,0x92e00000)
  to   space 2560K, 0% used [0x92900000,0x92900000,0x92b80000)
 ParOldGen       total 43776K, used 0K [0x66e00000, 0x698c0000, 0x918c0000)
  object space 43776K, 0% used [0x66e00000,0x66e00000,0x698c0000)
 Metaspace       used 3729K, capacity 3786K, committed 3864K, reserved 4400K
Event: 25.471 GC heap after
Heap after GC invocations=1 (full 0):
 PSYoungGen      total 19200K, used 2551K [0x918c0000, 0x92e00000, 0xa6e00000)
  eden space 16640K, 0% used [0x918c0000,0x918c0000,0x92900000)
  from space 2560K, 99% used [0x92900000,0x92b7dea0,0x92b80000)
  to   space 2560K, 0% used [0x92b80000,0x92b80000,0x92e00000)
 ParOldGen       total 43776K, used 125K [0x66e00000, 0x698c0000, 0x918c0000)
  object space 43776K, 0% used [0x66e00000,0x66e1f610,0x698c0000)
 Metaspace       used 3729K, capacity 3786K, committed 3864K, reserved 4400K
}
Event: 41.729 GC heap before
{Heap before GC invocations=2 (full 0):
 PSYoungGen      total 19200K, used 19181K [0x918c0000, 0x92e00000, 0xa6e00000)
  eden space 16640K, 99% used [0x918c0000,0x928fd8a0,0x92900000)
  from space 2560K, 99% used [0x92900000,0x92b7dea0,0x92b80000)
  to   space 2560K, 0% used [0x92b80000,0x92b80000,0x92e00000)
 ParOldGen       total 43776K, used 125K [0x66e00000, 0x698c0000, 0x918c0000)
  object space 43776K, 0% used [0x66e00000,0x66e1f610,0x698c0000)
 Metaspace       used 6097K, capacity 6154K, committed 6168K, reserved 6448K
Event: 41.746 GC heap after
Heap after GC invocations=2 (full 0):
 PSYoungGen      total 19200K, used 2552K [0x918c0000, 0x92e00000, 0xa6e00000)
  eden space 16640K, 0% used [0x918c0000,0x918c0000,0x92900000)
  from space 2560K, 99% used [0x92b80000,0x92dfe180,0x92e00000)
  to   space 2560K, 0% used [0x92900000,0x92900000,0x92b80000)
 ParOldGen       total 43776K, used 1365K [0x66e00000, 0x698c0000, 0x918c0000)
  object space 43776K, 3% used [0x66e00000,0x66f55558,0x698c0000)
 Metaspace       used 6097K, capacity 6154K, committed 6168K, reserved 6448K
}
Event: 56.742 GC heap before
{Heap before GC invocations=3 (full 0):
 PSYoungGen      total 19200K, used 19192K [0x918c0000, 0x92e00000, 0xa6e00000)
  eden space 16640K, 100% used [0x918c0000,0x92900000,0x92900000)
  from space 2560K, 99% used [0x92b80000,0x92dfe180,0x92e00000)
  to   space 2560K, 0% used [0x92900000,0x92900000,0x92b80000)
 ParOldGen       total 43776K, used 1365K [0x66e00000, 0x698c0000, 0x918c0000)
  object space 43776K, 3% used [0x66e00000,0x66f55558,0x698c0000)
 Metaspace       used 6859K, capacity 6924K, committed 7064K, reserved 7472K
Event: 56.760 GC heap after
Heap after GC invocations=3 (full 0):
 PSYoungGen      total 19200K, used 2552K [0x918c0000, 0x92e00000, 0xa6e00000)
  eden space 16640K, 0% used [0x918c0000,0x918c0000,0x92900000)
  from space 2560K, 99% used [0x92900000,0x92b7e168,0x92b80000)
  to   space 2560K, 0% used [0x92b80000,0x92b80000,0x92e00000)
 ParOldGen       total 43776K, used 2102K [0x66e00000, 0x698c0000, 0x918c0000)
  object space 43776K, 4% used [0x66e00000,0x6700d9a0,0x698c0000)
 Metaspace       used 6859K, capacity 6924K, committed 7064K, reserved 7472K
}
Event: 75.668 GC heap before
{Heap before GC invocations=4 (full 0):
 PSYoungGen      total 19200K, used 19192K [0x918c0000, 0x92e00000, 0xa6e00000)
  eden space 16640K, 100% used [0x918c0000,0x92900000,0x92900000)
  from space 2560K, 99% used [0x92900000,0x92b7e168,0x92b80000)
  to   space 2560K, 0% used [0x92b80000,0x92b80000,0x92e00000)
 ParOldGen       total 43776K, used 2102K [0x66e00000, 0x698c0000, 0x918c0000)
  object space 43776K, 4% used [0x66e00000,0x6700d9a0,0x698c0000)
 Metaspace       used 8495K, capacity 8599K, committed 8728K, reserved 9520K
Event: 75.706 GC heap after
Heap after GC invocations=4 (full 0):
 PSYoungGen      total 19200K, used 2544K [0x918c0000, 0x92e00000, 0xa6e00000)
  eden space 16640K, 0% used [0x918c0000,0x918c0000,0x92900000)
  from space 2560K, 99% used [0x92b80000,0x92dfc070,0x92e00000)
  to   space 2560K, 0% used [0x92900000,0x92900000,0x92b80000)
 ParOldGen       total 43776K, used 4107K [0x66e00000, 0x698c0000, 0x918c0000)
  object space 43776K, 9% used [0x66e00000,0x67202e38,0x698c0000)
 Metaspace       used 8495K, capacity 8599K, committed 8728K, reserved 9520K
}
Event: 82.123 GC heap before
{Heap before GC invocations=5 (full 0):
 PSYoungGen      total 19200K, used 19184K [0x918c0000, 0x92e00000, 0xa6e00000)
  eden space 16640K, 100% used [0x918c0000,0x92900000,0x92900000)
  from space 2560K, 99% used [0x92b80000,0x92dfc070,0x92e00000)
  to   space 2560K, 0% used [0x92900000,0x92900000,0x92b80000)
 ParOldGen       total 43776K, used 4107K [0x66e00000, 0x698c0000, 0x918c0000)
  object space 43776K, 9% used [0x66e00000,0x67202e38,0x698c0000)
 Metaspace       used 9324K, capacity 9405K, committed 9496K, reserved 9520K
Event: 82.143 GC heap after
Heap after GC invocations=5 (full 0):
 PSYoungGen      total 18944K, used 2544K [0x918c0000, 0x93240000, 0xa6e00000)
  eden space 16384K, 0% used [0x918c0000,0x918c0000,0x928c0000)
  from space 2560K, 99% used [0x92900000,0x92b7c070,0x92b80000)
  to   space 4864K, 0% used [0x92d80000,0x92d80000,0x93240000)
 ParOldGen       total 43776K, used 5465K [0x66e00000, 0x698c0000, 0x918c0000)
  object space 43776K, 12% used [0x66e00000,0x67356718,0x698c0000)
 Metaspace       used 9324K, capacity 9405K, committed 9496K, reserved 9520K
}

Deoptimization events (10 events):
Event: 48.550 Thread 0xb6307c00 Uncommon trap: reason=unstable_if action=reinterpret pc=0xa73d7004 method=java.lang.String.startsWith(Ljava/lang/String;I)Z @ 25
Event: 48.983 Thread 0xb6307c00 Uncommon trap: reason=range_check action=make_not_entrant pc=0xa74af644 method=sun.reflect.generics.parser.SignatureParser.current()C @ 34
Event: 58.062 Thread 0xb6307c00 Uncommon trap: reason=unstable_if action=reinterpret pc=0xa74fbaf4 method=java.util.HashMap.hash(Ljava/lang/Object;)I @ 1
Event: 73.256 Thread 0xb6307c00 Uncommon trap: reason=unstable_if action=reinterpret pc=0xa733d634 method=java.net.URI.match(CJJ)Z @ 45
Event: 81.449 Thread 0xb6307c00 Uncommon trap: reason=unstable_if action=reinterpret pc=0xa74f7d08 method=java.util.HashMap.getNode(ILjava/lang/Object;)Ljava/util/HashMap$Node; @ 129
Event: 81.449 Thread 0xb6307c00 Uncommon trap: reason=class_check action=maybe_recompile pc=0xa7566fa0 method=java.util.HashMap.putVal(ILjava/lang/Object;Ljava/lang/Object;ZZ)Ljava/lang/Object; @ 203
Event: 81.747 Thread 0xb6307c00 Uncommon trap: reason=class_check action=maybe_recompile pc=0xa7566fa0 method=java.util.HashMap.putVal(ILjava/lang/Object;Ljava/lang/Object;ZZ)Ljava/lang/Object; @ 203
Event: 81.791 Thread 0xb6307c00 Uncommon trap: reason=class_check action=maybe_recompile pc=0xa7566fa0 method=java.util.HashMap.putVal(ILjava/lang/Object;Ljava/lang/Object;ZZ)Ljava/lang/Object; @ 203
Event: 81.792 Thread 0xb6307c00 Uncommon trap: reason=class_check action=maybe_recompile pc=0xa7566fa0 method=java.util.HashMap.putVal(ILjava/lang/Object;Ljava/lang/Object;ZZ)Ljava/lang/Object; @ 203
Event: 81.792 Thread 0xb6307c00 Uncommon trap: reason=class_check action=maybe_recompile pc=0xa7565880 method=java.util.HashMap.putVal(ILjava/lang/Object;Ljava/lang/Object;ZZ)Ljava/lang/Object; @ 203

Internal exceptions (10 events):
Event: 72.495 Thread 0xb6307c00 Exception <a 'java/lang/ClassNotFoundException': java/lang/StringBeanInfo> (0x923cd950) thrown at [/build/openjdk-8-Y4imzb/openjdk-8-8u151-b12/src/hotspot/src/share/vm/classfile/systemDictionary.cpp, line 210]
Event: 72.496 Thread 0xb6307c00 Exception <a 'java/lang/ClassNotFoundException': java/lang/StringCustomizer> (0x923edf28) thrown at [/build/openjdk-8-Y4imzb/openjdk-8-8u151-b12/src/hotspot/src/share/vm/classfile/systemDictionary.cpp, line 210]
Event: 72.967 Thread 0xb6307c00 Exception <a 'java/lang/ClassNotFoundException': java/net/URIBeanInfo> (0x9246eb40) thrown at [/build/openjdk-8-Y4imzb/openjdk-8-8u151-b12/src/hotspot/src/share/vm/classfile/systemDictionary.cpp, line 210]
Event: 73.079 Thread 0xb6307c00 Exception <a 'java/lang/ClassNotFoundException': java/net/URICustomizer> (0x9248c668) thrown at [/build/openjdk-8-Y4imzb/openjdk-8-8u151-b12/src/hotspot/src/share/vm/classfile/systemDictionary.cpp, line 210]
Event: 73.831 Thread 0xb6307c00 Exception <a 'java/lang/ClassNotFoundException': org/glassfish/jersey/server/ResourceConfigBeanInfo> (0x925e59c0) thrown at [/build/openjdk-8-Y4imzb/openjdk-8-8u151-b12/src/hotspot/src/share/vm/classfile/systemDictionary.cpp, line 210]
Event: 73.931 Thread 0xb6307c00 Exception <a 'java/lang/ClassNotFoundException': javax/ws/rs/core/ApplicationBeanInfo> (0x9261b4f0) thrown at [/build/openjdk-8-Y4imzb/openjdk-8-8u151-b12/src/hotspot/src/share/vm/classfile/systemDictionary.cpp, line 210]
Event: 73.937 Thread 0xb6307c00 Exception <a 'java/lang/ClassNotFoundException': javax/ws/rs/core/ApplicationCustomizer> (0x92652f48) thrown at [/build/openjdk-8-Y4imzb/openjdk-8-8u151-b12/src/hotspot/src/share/vm/classfile/systemDictionary.cpp, line 210]
Event: 74.071 Thread 0xb6307c00 Exception <a 'java/lang/ClassNotFoundException': org/glassfish/jersey/server/ResourceConfigCustomizer> (0x9269e930) thrown at [/build/openjdk-8-Y4imzb/openjdk-8-8u151-b12/src/hotspot/src/share/vm/classfile/systemDictionary.cpp, line 210]
Event: 78.524 Thread 0xb6307c00 Exception <a 'java/lang/ClassNotFoundException': org/glassfish/jersey/jdkhttp/JdkHttpServerFactoryBeanInfo> (0x91c08928) thrown at [/build/openjdk-8-Y4imzb/openjdk-8-8u151-b12/src/hotspot/src/share/vm/classfile/systemDictionary.cpp, line 210]
Event: 78.708 Thread 0xb6307c00 Exception <a 'java/lang/ClassNotFoundException': org/glassfish/jersey/jdkhttp/JdkHttpServerFactoryCustomizer> (0x91c54950) thrown at [/build/openjdk-8-Y4imzb/openjdk-8-8u151-b12/src/hotspot/src/share/vm/classfile/systemDictionary.cpp, line 210]

Events (10 events):
Event: 83.135 loading class sun/util/calendar/ZoneInfoFile$ZoneOffsetTransitionRule done
Event: 83.137 loading class sun/util/calendar/ZoneInfoFile$Checksum
Event: 83.137 loading class java/util/zip/CRC32
Event: 83.137 loading class java/util/zip/Checksum
Event: 83.137 loading class java/util/zip/Checksum done
Event: 83.137 loading class java/util/zip/CRC32 done
Event: 83.137 loading class sun/util/calendar/ZoneInfoFile$Checksum done
Event: 83.140 loading class java/util/TimeZone$1
Event: 83.140 loading class java/util/TimeZone$1 done
Event: 83.236 loading class sun/util/spi/CalendarProvider


Dynamic libraries:
08048000-08049000 r-xp 00000000 08:01 1693306    /usr/lib/jvm/java-8-openjdk-i386/jre/bin/java
08049000-0804a000 r--p 00000000 08:01 1693306    /usr/lib/jvm/java-8-openjdk-i386/jre/bin/java
0804a000-0804b000 rw-p 00001000 08:01 1693306    /usr/lib/jvm/java-8-openjdk-i386/jre/bin/java
09650000-09671000 rw-p 00000000 00:00 0          [heap]
61800000-61840000 rw-p 00000000 00:00 0 
61860000-61900000 ---p 00000000 00:00 0 
61900000-619fb000 rw-p 00000000 00:00 0 
619fb000-61a00000 ---p 00000000 00:00 0 
61a00000-61a29000 rw-p 00000000 00:00 0 
61a29000-61b00000 ---p 00000000 00:00 0 
61b00000-61c00000 rw-p 00000000 00:00 0 
61c00000-61cfe000 rw-p 00000000 00:00 0 
61cfe000-61d00000 ---p 00000000 00:00 0 
61d00000-61e00000 rw-p 00000000 00:00 0 
61e00000-61f00000 rw-p 00000000 00:00 0 
61f00000-61fee000 rw-p 00000000 00:00 0 
61fee000-62000000 ---p 00000000 00:00 0 
62000000-62100000 rw-p 00000000 00:00 0 
62100000-62200000 rw-p 00000000 00:00 0 
62200000-62290000 rw-p 00000000 00:00 0 
62290000-62300000 ---p 00000000 00:00 0 
62300000-62400000 rw-p 00000000 00:00 0 
62400000-62500000 rw-p 00000000 00:00 0 
62587000-62600000 r--s 010fe000 08:01 1694179    /usr/lib/jvm/java-8-openjdk-i386/lib/tools.jar
62600000-626fc000 rw-p 00000000 00:00 0 
626fc000-62700000 ---p 00000000 00:00 0 
62700000-627f9000 rw-p 00000000 00:00 0 
627f9000-62800000 ---p 00000000 00:00 0 
6281c000-6282f000 r--s 00346000 08:01 1693287    /usr/lib/jvm/java-8-openjdk-i386/jre/lib/resources.jar
6282f000-62832000 r--s 00023000 08:01 2478896    /home/sarnobat/github/groovy_libraries/.groovy/lib/maven-shared-utils-0.1.jar
62832000-62835000 r--s 0000b000 08:01 2478399    /home/sarnobat/github/groovy_libraries/.groovy/lib/concurrentlinkedhashmap-lru-1.3.1.jar
62835000-6283c000 r--s 0005b000 08:01 2478897    /home/sarnobat/github/groovy_libraries/.groovy/lib/mongo-java-driver-2.10.1.jar
6283c000-6283e000 r--s 0000c000 08:01 2478389    /home/sarnobat/github/groovy_libraries/.groovy/lib/commons-exec-1.3.jar
6283e000-6283f000 r--s 0000a000 08:01 2478397    /home/sarnobat/github/groovy_libraries/.groovy/lib/commons-logging-api-1.1.jar
6283f000-62841000 r--s 00008000 08:01 2478930    /home/sarnobat/github/groovy_libraries/.groovy/lib/vget-1.1.5.jar
62841000-62842000 r--s 00004000 08:01 2478901    /home/sarnobat/github/groovy_libraries/.groovy/lib/opencsv-2.3.jar
62842000-62850000 r--s 000ad000 08:01 2478846    /home/sarnobat/github/groovy_libraries/.groovy/lib/jackson-mapper-asl-1.9.2.jar
62850000-6285d000 r--s 000a2000 08:01 2478391    /home/sarnobat/github/groovy_libraries/.groovy/lib/commons-imaging-1.0-R1480221.jar
6285d000-6285f000 r--s 00000000 08:01 2478907    /home/sarnobat/github/groovy_libraries/.groovy/lib/plexus-component-annotations-1.5.5.jar
6285f000-62863000 r--s 0000c000 08:01 2478929    /home/sarnobat/github/groovy_libraries/.groovy/lib/validation-api-1.1.0.Final.jar
62863000-62865000 r--s 00005000 08:01 2478924    /home/sarnobat/github/groovy_libraries/.groovy/lib/slf4j-api-1.7.5.jar
62865000-6286a000 r--s 0002a000 08:01 2478419    /home/sarnobat/github/groovy_libraries/.groovy/lib/gson-2.2.4.jar
6286a000-6286b000 r--s 00002000 08:01 2478875    /home/sarnobat/github/groovy_libraries/.groovy/lib/jsch.agentproxy.connector-factory-0.0.6.jar
6286b000-62878000 r--s 00082000 08:01 2478856    /home/sarnobat/github/groovy_libraries/.groovy/lib/jersey-common-2.0.jar
62878000-6287a000 r--s 0000d000 08:01 2478912    /home/sarnobat/github/groovy_libraries/.groovy/lib/plexus-interpolation-1.13.jar
6287a000-6289f000 r--s 002e3000 08:01 2478932    /home/sarnobat/github/groovy_libraries/.groovy/lib/xalan-2.7.1.jar
6289f000-628a2000 r--s 0001b000 08:01 2478888    /home/sarnobat/github/groovy_libraries/.groovy/lib/junit-3.8.2.jar
628a2000-628a3000 r--s 00001000 08:01 2478400    /home/sarnobat/github/groovy_libraries/.groovy/lib/doxia-sink-api-1.0-alpha-7.jar
628a3000-628a5000 r--s 00011000 08:01 2478873    /home/sarnobat/github/groovy_libraries/.groovy/lib/jsch-extension-0.1.3.jar
628a5000-628d4000 r--s 0028b000 08:01 2478865    /home/sarnobat/github/groovy_libraries/.groovy/lib/jetty-all-9.2.21.v20170120.jar
628d4000-628d8000 r--s 00040000 08:01 2478871    /home/sarnobat/github/groovy_libraries/.groovy/lib/jsch-0.1.53-sources.jar
628d8000-628db000 r--s 00023000 08:01 2478853    /home/sarnobat/github/groovy_libraries/.groovy/lib/jdom-1.0.jar
628db000-628dc000 r--s 00003000 08:01 2478407    /home/sarnobat/github/groovy_libraries/.groovy/lib/geronimo-jta_1.1_spec-1.1.1.jar
628dc000-628e0000 r--s 0003b000 08:01 2478870    /home/sarnobat/github/groovy_libraries/.groovy/lib/jsch-0.1.50.jar.disabled
628e0000-628e4000 r--s 00032000 08:01 2478915    /home/sarnobat/github/groovy_libraries/.groovy/lib/rome-1.0.jar
628e4000-628ef000 r--s 00068000 08:01 2478859    /home/sarnobat/github/groovy_libraries/.groovy/lib/jersey-core-1.17.1.jar
628ef000-628f1000 r--s 0000d000 08:01 2479615    /home/sarnobat/github/groovy_libraries/.groovy/lib/commons-codec-1.4.jar
628f1000-62900000 r--s 00095000 08:01 2478927    /home/sarnobat/github/groovy_libraries/.groovy/lib/sshd-core-0.14.0.jar
62900000-629fb000 rw-p 00000000 00:00 0 
629fb000-62a00000 ---p 00000000 00:00 0 
62a00000-62a01000 r--s 00003000 08:01 2478857    /home/sarnobat/github/groovy_libraries/.groovy/lib/jersey-container-jdk-http-2.0.jar
62a01000-62a02000 r--s 00007000 08:01 2478923    /home/sarnobat/github/groovy_libraries/.groovy/lib/slf4j-api-1.7.12.jar
62a02000-62a04000 r--s 0000a000 08:01 2478931    /home/sarnobat/github/groovy_libraries/.groovy/lib/wget-1.2.9.jar
62a04000-62a05000 r--s 00001000 08:01 2478881    /home/sarnobat/github/groovy_libraries/.groovy/lib/jsch.agentproxy.usocket-jna-0.0.6.jar
62a05000-62a07000 r--s 00000000 08:01 2478877    /home/sarnobat/github/groovy_libraries/.groovy/lib/jsch.agentproxy.jsch-0.0.6.jar
62a07000-62a0b000 r--s 0001d000 08:01 2478933    /home/sarnobat/github/groovy_libraries/.groovy/lib/xbean-reflect-3.4.jar
62a0b000-62a10000 r--s 00047000 08:01 2478381    /home/sarnobat/github/groovy_libraries/.groovy/lib/asm-all-repackaged-2.1.88.jar
62a10000-62a12000 r--s 00000000 08:01 2478906    /home/sarnobat/github/groovy_libraries/.groovy/lib/plexus-compiler-manager-2.0.jar
62a12000-62a14000 r--s 00002000 08:01 2478895    /home/sarnobat/github/groovy_libraries/.groovy/lib/maven-shared-incremental-1.0.jar
62a14000-62a16000 r--s 00001000 08:01 2478876    /home/sarnobat/github/groovy_libraries/.groovy/lib/jsch.agentproxy.core-0.0.6.jar
62a16000-62a18000 r--s 00282000 08:01 2478919    /home/sarnobat/github/groovy_libraries/.groovy/lib/selenium-firefox-driver-2.45.0.jar
62a18000-62a1a000 r--s 00005000 08:01 2478847    /home/sarnobat/github/groovy_libraries/.groovy/lib/javax.annotation-api-1.2.jar
62a1a000-62a1b000 r--s 00001000 08:01 2478878    /home/sarnobat/github/groovy_libraries/.groovy/lib/jsch.agentproxy.pageant-0.0.6.jar
62a1b000-62a1d000 r--s 00000000 08:01 2478879    /home/sarnobat/github/groovy_libraries/.groovy/lib/jsch.agentproxy.sshagent-0.0.6.jar
62a1d000-62a1f000 r--s 0000d000 08:01 2478416    /home/sarnobat/github/groovy_libraries/.groovy/lib/google-oauth-client-1.17.0-rc.jar
62a1f000-62a23000 r--s 00025000 08:01 2478408    /home/sarnobat/github/groovy_libraries/.groovy/lib/google-api-client-1.17.0-rc.jar
62a23000-62a24000 r--s 00001000 08:01 2478903    /home/sarnobat/github/groovy_libraries/.groovy/lib/plexus-build-api-0.0.4.jar
62a24000-62a27000 r--s 0001b000 08:01 2478887    /home/sarnobat/github/groovy_libraries/.groovy/lib/junit-3.8.1.jar
62a27000-62a2b000 r--s 00019000 08:01 2478855    /home/sarnobat/github/groovy_libraries/.groovy/lib/jersey-client-2.0.jar
62a2b000-62a2d000 r--s 0000d000 08:01 2478874    /home/sarnobat/github/groovy_libraries/.groovy/lib/jsch-nio-0.1.5.jar
62a2d000-62a33000 r--s 00033000 08:01 2478921    /home/sarnobat/github/groovy_libraries/.groovy/lib/selenium-remote-driver-2.45.0.jar
62a33000-62a37000 r--s 0002f000 08:01 2478845    /home/sarnobat/github/groovy_libraries/.groovy/lib/jackson-core-2.1.3.jar
62a37000-62a60000 r--s 001ee000 08:01 2478420    /home/sarnobat/github/groovy_libraries/.groovy/lib/guava-14.0.1.jar
62a60000-62a63000 r--s 00015000 08:01 2478409    /home/sarnobat/github/groovy_libraries/.groovy/lib/google-api-services-calendar-v3-rev72-1.17.0-rc.jar
62a63000-62a65000 r--s 0000b000 08:01 2478427    /home/sarnobat/github/groovy_libraries/.groovy/lib/hk2-utils-2.1.88.jar
62a65000-62a6b000 r--s 00042000 08:01 2478885    /home/sarnobat/github/groovy_libraries/.groovy/lib/jsoup-1.7.2.jar
62a6b000-62a79000 r--s 0007f000 08:01 2478387    /home/sarnobat/github/groovy_libraries/.groovy/lib/commons-collections-3.2.1.jar
62a79000-62a84000 r--s 00085000 08:01 2478429    /home/sarnobat/github/groovy_libraries/.groovy/lib/httpclient-4.3.3.jar
62a84000-62a85000 r--s 00002000 08:01 2478417    /home/sarnobat/github/groovy_libraries/.groovy/lib/google-oauth-client-java6-1.17.0-rc.jar
62a85000-62a86000 r--s 00001000 08:01 2478883    /home/sarnobat/github/groovy_libraries/.groovy/lib/jsch.agentproxy.usocket-nc-0.0.6.jar
62a86000-62a8a000 r--s 00017000 08:01 2478928    /home/sarnobat/github/groovy_libraries/.groovy/lib/thumbnailator-0.4.8.jar
62a8a000-62a8c000 r--s 0001f000 08:01 2478922    /home/sarnobat/github/groovy_libraries/.groovy/lib/servlet-api-2.5-20081211.jar
62a8c000-62af5000 r--s 003e4000 08:01 2478899    /home/sarnobat/github/groovy_libraries/.groovy/lib/neo4j-cypher-1.9.2.jar
62af5000-62af7000 r--s 0001d000 08:01 2478425    /home/sarnobat/github/groovy_libraries/.groovy/lib/hk2-locator-2.1.88.jar
62af7000-62afb000 r--s 00018000 08:01 2478424    /home/sarnobat/github/groovy_libraries/.groovy/lib/hk2-api-2.1.88.jar
62afb000-62afc000 r--s 00002000 08:01 2478918    /home/sarnobat/github/groovy_libraries/.groovy/lib/selenium-chrome-driver-2.45.0.jar
62afc000-62b00000 r--s 00024000 08:01 2478861    /home/sarnobat/github/groovy_libraries/.groovy/lib/jersey-json-1.17.1.jar
62b00000-62bff000 rw-p 00000000 00:00 0 
62bff000-62c00000 ---p 00000000 00:00 0 
62c00000-62c04000 r--s 0002a000 08:01 2478393    /home/sarnobat/github/groovy_libraries/.groovy/lib/commons-io-2.4.jar
62c04000-62c23000 r--s 00153000 08:01 2478900    /home/sarnobat/github/groovy_libraries/.groovy/lib/neo4j-kernel-1.9.2.jar
62c23000-62c2a000 r--s 00051000 08:01 2478889    /home/sarnobat/github/groovy_libraries/.groovy/lib/log4j-1.2.12.jar
62c2a000-62c2b000 r--s 00006000 08:01 2478926    /home/sarnobat/github/groovy_libraries/.groovy/lib/solr-commons-csv-3.5.0.jar
62c2b000-62c2f000 r--s 00018000 08:01 2478852    /home/sarnobat/github/groovy_libraries/.groovy/lib/javax.ws.rs-api-2.0.jar
62c2f000-62c31000 r--s 0000b000 08:01 2478388    /home/sarnobat/github/groovy_libraries/.groovy/lib/commons-exec-1.1.jar
62c31000-62c33000 r--s 00001000 08:01 2478925    /home/sarnobat/github/groovy_libraries/.groovy/lib/slf4j-log4j12-1.7.12.jar
62c33000-62c35000 r--s 00005000 08:01 2478904    /home/sarnobat/github/groovy_libraries/.groovy/lib/plexus-compiler-api-2.0.jar
62c35000-62c36000 r--s 00002000 08:01 2478893    /home/sarnobat/github/groovy_libraries/.groovy/lib/maven-reporting-api-2.0.6.jar
62c36000-62c3c000 r--s 0003c000 08:01 2478412    /home/sarnobat/github/groovy_libraries/.groovy/lib/google-http-client-1.17.0-rc.jar
62c3c000-62c40000 r--s 00028000 08:01 2478867    /home/sarnobat/github/groovy_libraries/.groovy/lib/jetty-util-6.1.26.jar
62c40000-62c42000 r--s 00009000 08:01 2478891    /home/sarnobat/github/groovy_libraries/.groovy/lib/maven-compiler-plugin-3.0.jar
62c42000-62c49000 r--s 00058000 08:01 2478396    /home/sarnobat/github/groovy_libraries/.groovy/lib/commons-lang3-3.2.1.jar
62c49000-62c4b000 r--s 0000c000 08:01 2478385    /home/sarnobat/github/groovy_libraries/.groovy/lib/commons-cli-1.4.jar
62c4b000-62c4d000 r--s 00007000 08:01 2478892    /home/sarnobat/github/groovy_libraries/.groovy/lib/maven-filtering-1.0-beta-4.jar
62c4d000-62c4e000 r--s 00004000 08:01 2478905    /home/sarnobat/github/groovy_libraries/.groovy/lib/plexus-compiler-javac-2.0.jar
62c4e000-62c55000 r--s 00048000 08:01 2478841    /home/sarnobat/github/groovy_libraries/.groovy/lib/httpcore-4.4.1.jar
62c55000-62c59000 r--s 000dc000 08:01 2478869    /home/sarnobat/github/groovy_libraries/.groovy/lib/jna-4.1.0.jar
62c59000-62c5f000 r--s 00043000 08:01 2478402    /home/sarnobat/github/groovy_libraries/.groovy/lib/genson-0.98.jar
62c5f000-62c60000 r--s 00005000 08:01 2478894    /home/sarnobat/github/groovy_libraries/.groovy/lib/maven-resources-plugin-2.4.3.jar
62c60000-62c62000 r--s 00005000 08:01 2478844    /home/sarnobat/github/groovy_libraries/.groovy/lib/httpmime-4.2.3.jar
62c62000-62c66000 r--s 0003c000 08:01 2478394    /home/sarnobat/github/groovy_libraries/.groovy/lib/commons-lang-2.4.jar
62c66000-62c6a000 r--s 00030000 08:01 2478913    /home/sarnobat/github/groovy_libraries/.groovy/lib/plexus-utils-1.5.1.jar
62c6a000-62c71000 r--s 0003f000 08:01 2478382    /home/sarnobat/github/groovy_libraries/.groovy/lib/cglib-2.1.88.jar
62c71000-62c74000 r--s 00012000 08:01 2478851    /home/sarnobat/github/groovy_libraries/.groovy/lib/javax.json-1.0.4.jar
62c74000-62c75000 r--s 0000f000 08:01 2478884    /home/sarnobat/github/groovy_libraries/.groovy/lib/json-20131018.jar
62c75000-62c76000 r--s 00001000 08:01 2478418    /home/sarnobat/github/groovy_libraries/.groovy/lib/google-oauth-client-jetty-1.17.0-rc.jar
62c76000-62c7b000 r--s 0002b000 08:01 2478401    /home/sarnobat/github/groovy_libraries/.groovy/lib/fuse-jna-0.0.1-SNAPSHOT.jar
62c7b000-62c8d000 r--s 00099000 08:01 2478863    /home/sarnobat/github/groovy_libraries/.groovy/lib/jersey-server-2.0.jar
62c8d000-62c8f000 r--s 00006000 08:01 2478886    /home/sarnobat/github/groovy_libraries/.groovy/lib/jsr305-2.0.1.jar
62c8f000-62d00000 r--s 00658000 08:01 2478916    /home/sarnobat/github/groovy_libraries/.groovy/lib/scala-library-2.10.0.jar
62d00000-62dfb000 rw-p 00000000 00:00 0 
62dfb000-62e00000 ---p 00000000 00:00 0 
62e00000-62efc000 rw-p 00000000 00:00 0 
62efc000-62f00000 ---p 00000000 00:00 0 
62f00000-62ffd000 rw-p 00000000 00:00 0 
62ffd000-63000000 ---p 00000000 00:00 0 
63000000-63001000 r--s 00001000 08:01 2478415    /home/sarnobat/github/groovy_libraries/.groovy/lib/google-http-client-jackson2-1.17.0-rc.jar
63001000-63003000 r--s 00002000 08:01 2478911    /home/sarnobat/github/groovy_libraries/.groovy/lib/plexus-interactivity-api-1.0-alpha-4.jar
63003000-63004000 r--s 00004000 08:01 2478902    /home/sarnobat/github/groovy_libraries/.groovy/lib/osgi-resource-locator-1.0.1.jar
63004000-63009000 r--s 0001d000 08:01 2478917    /home/sarnobat/github/groovy_libraries/.groovy/lib/selenium-api-2.45.0.jar
63009000-63010000 r--s 00064000 08:01 2478890    /home/sarnobat/github/groovy_libraries/.groovy/lib/mail-1.4.2.jar
63010000-63011000 r--s 00001000 08:01 2478848    /home/sarnobat/github/groovy_libraries/.groovy/lib/javax.inject-2.1.88.jar
63011000-63018000 r--s 00050000 08:01 2478843    /home/sarnobat/github/groovy_libraries/.groovy/lib/httpcore-nio-4.4.1.jar
63018000-6301c000 r--s 00033000 08:01 2478914    /home/sarnobat/github/groovy_libraries/.groovy/lib/plexus-utils-2.0.5.jar
6301c000-6301f000 r--s 0001d000 08:01 2478854    /home/sarnobat/github/groovy_libraries/.groovy/lib/jersey-client-1.17.1.jar
6301f000-63020000 r--s 00006000 08:01 1693894    /usr/share/maven-repo/org/codehaus/groovy/groovy-servlet/2.4.5/groovy-servlet-2.4.5.jar
63020000-63022000 r--s 0001b000 08:01 1693924    /usr/share/maven-repo/org/codehaus/groovy/groovy-docgenerator/2.4.5/groovy-docgenerator-2.4.5.jar
63022000-63024000 r--s 00011000 08:01 1147685    /usr/share/java/jsp-api-2.1.jar
63024000-63032000 r--s 000c8000 08:01 1149227    /usr/share/java/testng.jar
63032000-63034000 r--s 0000c000 08:01 1149198    /usr/share/java/asm4-5.0.4.jar
63034000-63036000 r--s 00006000 08:01 1149197    /usr/share/java/asm4-tree-5.0.4.jar
63036000-63038000 r--s 00012000 08:01 1839680    /usr/share/maven-repo/org/codehaus/groovy/groovy-test/2.4.5/groovy-test-2.4.5.jar
63038000-63039000 r--s 00004000 08:01 1144744    /usr/share/java/ant-launcher-1.9.6.jar
63039000-6303a000 r--s 00005000 08:01 1147905    /usr/share/java/jansi-1.4.jar
6303a000-6303c000 r--s 00019000 08:01 1149207    /usr/share/java/jline2.jar
6303c000-6303e000 r--s 00001000 08:01 1839692    /usr/share/maven-repo/org/codehaus/groovy/groovy-testng/2.4.5/groovy-testng-2.4.5.jar
6303e000-63053000 r--s 00124000 08:01 1147882    /usr/share/java/ivy-2.3.0.jar
63053000-63055000 r--s 00016000 08:01 1839697    /usr/share/maven-repo/org/codehaus/groovy/groovy-templates/2.4.5/groovy-templates-2.4.5.jar
63055000-63057000 r--s 00004000 08:01 1839662    /usr/share/maven-repo/org/codehaus/groovy/groovy-jsr223/2.4.5/groovy-jsr223-2.4.5.jar
63057000-6305a000 r--s 0001e000 08:01 1147684    /usr/share/java/servlet-api-2.5.jar
6305a000-630a7000 r--s 0040d000 08:01 1149211    /usr/share/java/groovy-2.x.jar
630a7000-630b4000 r--s 00076000 08:01 1147859    /usr/share/java/xstream-1.4.8.jar
630b4000-630b8000 r--s 00028000 08:01 1149209    /usr/share/java/qdox-1.12.1.jar
630b8000-630bc000 r--s 0001e000 08:01 1839667    /usr/share/maven-repo/org/codehaus/groovy/groovy-groovydoc/2.4.5/groovy-groovydoc-2.4.5.jar
630bc000-63109000 r--s 0040d000 08:01 1149211    /usr/share/java/groovy-2.x.jar
63109000-6310a000 ---p 00000000 00:00 0 
6310a000-6318a000 rw-p 00000000 00:00 0 
6318a000-6318d000 ---p 00000000 00:00 0 
6318d000-631db000 rw-p 00000000 00:00 0 
631db000-631de000 ---p 00000000 00:00 0 
631de000-6325c000 rw-p 00000000 00:00 0 
6325c000-6325f000 ---p 00000000 00:00 0 
6325f000-632dd000 rw-p 00000000 00:00 0 
632dd000-632e0000 ---p 00000000 00:00 0 
632e0000-6335e000 rw-p 00000000 00:00 0 
6335e000-63361000 ---p 00000000 00:00 0 
63361000-633af000 rw-p 00000000 00:00 0 
633af000-635af000 r--p 00000000 08:01 1105218    /usr/lib/locale/locale-archive
635af000-635b2000 ---p 00000000 00:00 0 
635b2000-63600000 rw-p 00000000 00:00 0 
63600000-636fb000 rw-p 00000000 00:00 0 
636fb000-63700000 ---p 00000000 00:00 0 
63700000-63721000 rw-p 00000000 00:00 0 
63721000-63800000 ---p 00000000 00:00 0 
63800000-638fc000 rw-p 00000000 00:00 0 
638fc000-63900000 ---p 00000000 00:00 0 
63900000-63901000 r--s 00003000 08:01 1147898    /usr/share/java/hawtjni-runtime-1.10.jar
63901000-63902000 r--s 00001000 08:01 1147901    /usr/share/java/jansi-native-1.0.jar
63902000-63903000 r--s 00005000 08:01 1147905    /usr/share/java/jansi-1.4.jar
63903000-63904000 r--s 0000d000 08:01 1147020    /usr/share/java/commons-logging-1.2.jar
63904000-63909000 r--s 00068000 08:01 1144929    /usr/share/java/antlr.jar
63909000-6390c000 r--s 0001d000 08:01 1839643    /usr/share/maven-repo/org/codehaus/groovy/groovy-json/2.4.5/groovy-json-2.4.5.jar
6390c000-6390d000 r--s 0000a000 08:01 1149195    /usr/share/java/asm4-util-5.0.4.jar
6390d000-63910000 r--s 0000d000 08:01 1149225    /usr/share/java/jcommander.jar
63910000-63913000 r--s 00010000 08:01 1145778    /usr/share/java/bsf-2.4.0.jar
63913000-63916000 ---p 00000000 00:00 0 
63916000-63964000 rw-p 00000000 00:00 0 
63964000-63965000 ---p 00000000 00:00 0 
63965000-639e5000 rw-p 00000000 00:00 0 
639e5000-63bb4000 r--s 03c21000 08:01 1693223    /usr/lib/jvm/java-8-openjdk-i386/jre/lib/rt.jar
63bb4000-63ffa000 rw-p 00000000 00:00 0 
63ffa000-64000000 ---p 00000000 00:00 0 
64000000-66400000 rw-p 00000000 00:00 0 
66400000-664f0000 rw-p 00000000 00:00 0 
664f0000-66500000 ---p 00000000 00:00 0 
66500000-66502000 r--s 0000a000 08:01 1147016    /usr/share/java/commons-cli-1.3.1.jar
66502000-66506000 r--s 00031000 08:01 1693912    /usr/share/maven-repo/org/codehaus/groovy/groovy-xml/2.4.5/groovy-xml-2.4.5.jar
66506000-66525000 r--s 001d1000 08:01 1144743    /usr/share/java/ant-1.9.6.jar
66525000-66531000 r--s 00094000 08:01 1693917    /usr/share/maven-repo/org/codehaus/groovy/groovy-console/2.4.5/groovy-console-2.4.5.jar
66531000-6657f000 rw-p 00000000 00:00 0 
6657f000-66580000 ---p 00000000 00:00 0 
66580000-66600000 rw-p 00000000 00:00 0 
66600000-666f9000 rw-p 00000000 00:00 0 
666f9000-66700000 ---p 00000000 00:00 0 
66700000-66721000 rw-p 00000000 00:00 0 
66721000-66800000 ---p 00000000 00:00 0 
66800000-66801000 r--s 0000d000 08:01 1149216    /usr/share/java/jsr166y-1.7.0.jar
66801000-66803000 r--s 0001b000 08:01 1145289    /usr/share/java/ant-junit-1.9.6.jar
66803000-66809000 r--s 0005e000 08:01 1693906    /usr/share/maven-repo/org/codehaus/groovy/groovy-groovysh/2.4.5/groovy-groovysh-2.4.5.jar
66809000-66824000 r--s 00394000 08:01 1693228    /usr/lib/jvm/java-8-openjdk-i386/jre/lib/ext/cldrdata.jar
66824000-6687f000 rw-p 00000000 00:00 0 
6687f000-66880000 ---p 00000000 00:00 0 
66880000-66900000 rw-p 00000000 00:00 0 
66900000-66921000 rw-p 00000000 00:00 0 
66921000-66a00000 ---p 00000000 00:00 0 
66a00000-66a01000 r--s 00002000 08:01 1145284    /usr/share/java/ant-antlr-1.9.6.jar
66a01000-66a03000 r--s 0001d000 08:01 1693929    /usr/share/maven-repo/org/codehaus/groovy/groovy-jmx/2.4.5/groovy-jmx-2.4.5.jar
66a03000-66a05000 r--s 00004000 08:01 1149192    /usr/share/java/asm4-analysis-5.0.4.jar
66a05000-66a0d000 r--s 00045000 08:01 1147522    /usr/share/java/junit4-4.12.jar
66a0d000-66a28000 r--s 001d6000 08:01 1693230    /usr/lib/jvm/java-8-openjdk-i386/jre/lib/ext/nashorn.jar
66a28000-66a29000 ---p 00000000 00:00 0 
66a29000-66abf000 rw-p 00000000 00:00 0 
66abf000-66bff000 ---p 00000000 00:00 0 
66bff000-66c15000 rw-p 00000000 00:00 0 
66c15000-66d54000 ---p 00000000 00:00 0 
66d54000-66d62000 rw-p 00000000 00:00 0 
66d62000-66dff000 ---p 00000000 00:00 0 
66dff000-698c0000 rw-p 00000000 00:00 0 
698c0000-918c0000 ---p 00000000 00:00 0 
918c0000-93240000 rw-p 00000000 00:00 0 
93240000-a6e00000 ---p 00000000 00:00 0 
a6e00000-a6e02000 r--s 0000a000 08:01 1147024    /usr/share/java/hamcrest-core-1.3.jar
a6e02000-a6e08000 r--s 00051000 08:01 1839686    /usr/share/maven-repo/org/codehaus/groovy/groovy-swing/2.4.5/groovy-swing-2.4.5.jar
a6e08000-a6e0a000 r--s 00010000 08:01 1839656    /usr/share/maven-repo/org/codehaus/groovy/groovy-ant/2.4.5/groovy-ant-2.4.5.jar
a6e0a000-a6e0c000 r--s 00012000 08:01 1839650    /usr/share/maven-repo/org/codehaus/groovy/groovy-sql/2.4.5/groovy-sql-2.4.5.jar
a6e0c000-a6e0e000 r--s 00009000 08:01 1148102    /usr/share/java/asm4-commons-5.0.4.jar
a6e0e000-a6e0f000 r--s 00002000 08:01 1839673    /usr/share/maven-repo/org/codehaus/groovy/groovy-bsf/2.4.5/groovy-bsf-2.4.5.jar
a6e0f000-a6e11000 r--s 00008000 08:01 1693232    /usr/lib/jvm/java-8-openjdk-i386/jre/lib/ext/sunec.jar
a6e11000-a6e17000 r--s 0003a000 08:01 1693231    /usr/lib/jvm/java-8-openjdk-i386/jre/lib/ext/sunjce_provider.jar
a6e17000-a6e21000 r--s 00116000 08:01 1693233    /usr/lib/jvm/java-8-openjdk-i386/jre/lib/ext/localedata.jar
a6e21000-a6e39000 rw-p 00000000 00:00 0 
a6e39000-a6e3a000 ---p 00000000 00:00 0 
a6e3a000-a6ecb000 rw-p 00000000 00:00 0 
a6ecb000-a727a000 ---p 00000000 00:00 0 
a727a000-a7682000 rwxp 00000000 00:00 0 
a7682000-b627a000 ---p 00000000 00:00 0 
b627a000-b6285000 r-xp 00000000 08:01 3401300    /lib/i386-linux-gnu/libnss_files-2.23.so
b6285000-b6286000 r--p 0000a000 08:01 3401300    /lib/i386-linux-gnu/libnss_files-2.23.so
b6286000-b6287000 rw-p 0000b000 08:01 3401300    /lib/i386-linux-gnu/libnss_files-2.23.so
b6287000-b628d000 rw-p 00000000 00:00 0 
b628d000-b6298000 r-xp 00000000 08:01 3401303    /lib/i386-linux-gnu/libnss_nis-2.23.so
b6298000-b6299000 r--p 0000a000 08:01 3401303    /lib/i386-linux-gnu/libnss_nis-2.23.so
b6299000-b629a000 rw-p 0000b000 08:01 3401303    /lib/i386-linux-gnu/libnss_nis-2.23.so
b629a000-b62b1000 r-xp 00000000 08:01 3401221    /lib/i386-linux-gnu/libnsl-2.23.so
b62b1000-b62b2000 r--p 00016000 08:01 3401221    /lib/i386-linux-gnu/libnsl-2.23.so
b62b2000-b62b3000 rw-p 00017000 08:01 3401221    /lib/i386-linux-gnu/libnsl-2.23.so
b62b3000-b62b5000 rw-p 00000000 00:00 0 
b62b5000-b62bd000 r-xp 00000000 08:01 3401309    /lib/i386-linux-gnu/libnss_compat-2.23.so
b62bd000-b62be000 r--p 00007000 08:01 3401309    /lib/i386-linux-gnu/libnss_compat-2.23.so
b62be000-b62bf000 rw-p 00008000 08:01 3401309    /lib/i386-linux-gnu/libnss_compat-2.23.so
b62bf000-b62c0000 r--s 00010000 08:01 1693229    /usr/lib/jvm/java-8-openjdk-i386/jre/lib/ext/zipfs.jar
b62c0000-b62c2000 r--s 00001000 08:01 1693236    /usr/lib/jvm/java-8-openjdk-i386/jre/lib/ext/dnsns.jar
b62c2000-b62c5000 r--s 0000f000 08:01 1693227    /usr/lib/jvm/java-8-openjdk-i386/jre/lib/ext/icedtea-sound.jar
b62c5000-b62cd000 r-xp 00000000 08:01 1693277    /usr/lib/jvm/java-8-openjdk-i386/jre/lib/i386/libzip.so
b62cd000-b62ce000 r--p 00007000 08:01 1693277    /usr/lib/jvm/java-8-openjdk-i386/jre/lib/i386/libzip.so
b62ce000-b62cf000 rw-p 00008000 08:01 1693277    /usr/lib/jvm/java-8-openjdk-i386/jre/lib/i386/libzip.so
b62cf000-b62d7000 rw-s 00000000 08:01 2577112    /tmp/hsperfdata_sarnobat/11082
b62d7000-b62fe000 r-xp 00000000 08:01 1693258    /usr/lib/jvm/java-8-openjdk-i386/jre/lib/i386/libjava.so
b62fe000-b62ff000 r--p 00026000 08:01 1693258    /usr/lib/jvm/java-8-openjdk-i386/jre/lib/i386/libjava.so
b62ff000-b6300000 rw-p 00027000 08:01 1693258    /usr/lib/jvm/java-8-openjdk-i386/jre/lib/i386/libjava.so
b6300000-b63fb000 rw-p 00000000 00:00 0 
b63fb000-b6400000 ---p 00000000 00:00 0 
b6400000-b6407000 r-xp 00000000 08:01 3401305    /lib/i386-linux-gnu/librt-2.23.so
b6407000-b6408000 r--p 00006000 08:01 3401305    /lib/i386-linux-gnu/librt-2.23.so
b6408000-b6409000 rw-p 00007000 08:01 3401305    /lib/i386-linux-gnu/librt-2.23.so
b6409000-b640c000 ---p 00000000 00:00 0 
b640c000-b645a000 rw-p 00000000 00:00 0 
b645a000-b6476000 r-xp 00000000 08:01 3402590    /lib/i386-linux-gnu/libgcc_s.so.1
b6476000-b6477000 rw-p 0001b000 08:01 3402590    /lib/i386-linux-gnu/libgcc_s.so.1
b6477000-b64ca000 r-xp 00000000 08:01 3401314    /lib/i386-linux-gnu/libm-2.23.so
b64ca000-b64cb000 r--p 00052000 08:01 3401314    /lib/i386-linux-gnu/libm-2.23.so
b64cb000-b64cc000 rw-p 00053000 08:01 3401314    /lib/i386-linux-gnu/libm-2.23.so
b64cc000-b6639000 r-xp 00000000 08:01 1110301    /usr/lib/i386-linux-gnu/libstdc++.so.6.0.21
b6639000-b663a000 ---p 0016d000 08:01 1110301    /usr/lib/i386-linux-gnu/libstdc++.so.6.0.21
b663a000-b663f000 r--p 0016d000 08:01 1110301    /usr/lib/i386-linux-gnu/libstdc++.so.6.0.21
b663f000-b6640000 rw-p 00172000 08:01 1110301    /usr/lib/i386-linux-gnu/libstdc++.so.6.0.21
b6640000-b6643000 rw-p 00000000 00:00 0 
b6643000-b7114000 r-xp 00000000 08:01 1693269    /usr/lib/jvm/java-8-openjdk-i386/jre/lib/i386/server/libjvm.so
b7114000-b715a000 r--p 00ad0000 08:01 1693269    /usr/lib/jvm/java-8-openjdk-i386/jre/lib/i386/server/libjvm.so
b715a000-b7171000 rw-p 00b16000 08:01 1693269    /usr/lib/jvm/java-8-openjdk-i386/jre/lib/i386/server/libjvm.so
b7171000-b7592000 rw-p 00000000 00:00 0 
b7592000-b75ab000 r-xp 00000000 08:01 3401302    /lib/i386-linux-gnu/libpthread-2.23.so
b75ab000-b75ac000 r--p 00018000 08:01 3401302    /lib/i386-linux-gnu/libpthread-2.23.so
b75ac000-b75ad000 rw-p 00019000 08:01 3401302    /lib/i386-linux-gnu/libpthread-2.23.so
b75ad000-b75af000 rw-p 00000000 00:00 0 
b75af000-b75b2000 r-xp 00000000 08:01 3401308    /lib/i386-linux-gnu/libdl-2.23.so
b75b2000-b75b3000 r--p 00002000 08:01 3401308    /lib/i386-linux-gnu/libdl-2.23.so
b75b3000-b75b4000 rw-p 00003000 08:01 3401308    /lib/i386-linux-gnu/libdl-2.23.so
b75b4000-b75cd000 r-xp 00000000 08:01 3402741    /lib/i386-linux-gnu/libz.so.1.2.8
b75cd000-b75ce000 r--p 00018000 08:01 3402741    /lib/i386-linux-gnu/libz.so.1.2.8
b75ce000-b75cf000 rw-p 00019000 08:01 3402741    /lib/i386-linux-gnu/libz.so.1.2.8
b75cf000-b777f000 r-xp 00000000 08:01 3402570    /lib/i386-linux-gnu/libc-2.23.so
b777f000-b7781000 r--p 001af000 08:01 3402570    /lib/i386-linux-gnu/libc-2.23.so
b7781000-b7782000 rw-p 001b1000 08:01 3402570    /lib/i386-linux-gnu/libc-2.23.so
b7782000-b7785000 rw-p 00000000 00:00 0 
b7785000-b7786000 r--s 0000a000 08:01 1693235    /usr/lib/jvm/java-8-openjdk-i386/jre/lib/ext/jaccess.jar
b7786000-b778a000 r--s 00037000 08:01 1693234    /usr/lib/jvm/java-8-openjdk-i386/jre/lib/ext/sunpkcs11.jar
b778a000-b778b000 r--p 002d4000 08:01 1105218    /usr/lib/locale/locale-archive
b778b000-b778c000 rw-p 00000000 00:00 0 
b778c000-b778d000 r--p 00000000 00:00 0 
b778d000-b779b000 r-xp 00000000 08:01 1693275    /usr/lib/jvm/java-8-openjdk-i386/jre/lib/i386/libverify.so
b779b000-b779c000 r--p 0000d000 08:01 1693275    /usr/lib/jvm/java-8-openjdk-i386/jre/lib/i386/libverify.so
b779c000-b779d000 rw-p 0000e000 08:01 1693275    /usr/lib/jvm/java-8-openjdk-i386/jre/lib/i386/libverify.so
b779d000-b77aa000 r-xp 00000000 08:01 1693273    /usr/lib/jvm/java-8-openjdk-i386/jre/lib/i386/jli/libjli.so
b77aa000-b77ab000 r--p 0000c000 08:01 1693273    /usr/lib/jvm/java-8-openjdk-i386/jre/lib/i386/jli/libjli.so
b77ab000-b77ac000 rw-p 0000d000 08:01 1693273    /usr/lib/jvm/java-8-openjdk-i386/jre/lib/i386/jli/libjli.so
b77ac000-b77ae000 rw-p 00000000 00:00 0 
b77ae000-b77b0000 r--p 00000000 00:00 0          [vvar]
b77b0000-b77b1000 r-xp 00000000 00:00 0          [vdso]
b77b1000-b77d3000 r-xp 00000000 08:01 3401231    /lib/i386-linux-gnu/ld-2.23.so
b77d3000-b77d4000 rw-p 00000000 00:00 0 
b77d4000-b77d5000 r--p 00022000 08:01 3401231    /lib/i386-linux-gnu/ld-2.23.so
b77d5000-b77d6000 rw-p 00023000 08:01 3401231    /lib/i386-linux-gnu/ld-2.23.so
bfee8000-bff09000 rw-p 00000000 00:00 0          [stack]

VM Arguments:
jvm_args: -Dscript.name=/usr/bin/groovy -Dprogram.name=groovy -Dgroovy.starter.conf=/usr/share/groovy2/conf/groovy-starter.conf -Dgroovy.home=/usr/share/groovy2 -Dtools.jar=/usr/lib/jvm/default-java/lib/tools.jar 
java_command: org.codehaus.groovy.tools.GroovyStarter --main groovy.ui.GroovyMain --conf /usr/share/groovy2/conf/groovy-starter.conf --classpath . httpcat_with_write_freetext.groovy 4467 /home/sarnobat/sarnobat.git/yurl_queue_httpcat.txt /home/sarnobat/sarnobat.git/db/httpcat_calendar.txt
java_class_path (initial): /usr/share/groovy2/lib/groovy-2.4.5.jar
Launcher Type: SUN_STANDARD

Environment Variables:
PATH=/usr/bin:/bin
SHELL=/bin/sh

Signal Handlers:
SIGSEGV: [libjvm.so+0x8d7370], sa_mask[0]=11111111011111111101111111111110, sa_flags=SA_RESTART|SA_SIGINFO
SIGBUS: [libjvm.so+0x8d7370], sa_mask[0]=11111111011111111101111111111110, sa_flags=SA_RESTART|SA_SIGINFO
SIGFPE: [libjvm.so+0x73d1c0], sa_mask[0]=11111111011111111101111111111110, sa_flags=SA_RESTART|SA_SIGINFO
SIGPIPE: [libjvm.so+0x73d1c0], sa_mask[0]=11111111011111111101111111111110, sa_flags=SA_RESTART|SA_SIGINFO
SIGXFSZ: [libjvm.so+0x73d1c0], sa_mask[0]=11111111011111111101111111111110, sa_flags=SA_RESTART|SA_SIGINFO
SIGILL: [libjvm.so+0x73d1c0], sa_mask[0]=11111111011111111101111111111110, sa_flags=SA_RESTART|SA_SIGINFO
SIGUSR1: SIG_DFL, sa_mask[0]=00000000000000000000000000000000, sa_flags=none
SIGUSR2: [libjvm.so+0x73d000], sa_mask[0]=00000000000000000000000000000000, sa_flags=SA_RESTART|SA_SIGINFO
SIGHUP: [libjvm.so+0x73d790], sa_mask[0]=11111111011111111101111111111110, sa_flags=SA_RESTART|SA_SIGINFO
SIGINT: [libjvm.so+0x73d790], sa_mask[0]=11111111011111111101111111111110, sa_flags=SA_RESTART|SA_SIGINFO
SIGTERM: [libjvm.so+0x73d790], sa_mask[0]=11111111011111111101111111111110, sa_flags=SA_RESTART|SA_SIGINFO
SIGQUIT: [libjvm.so+0x73d790], sa_mask[0]=11111111011111111101111111111110, sa_flags=SA_RESTART|SA_SIGINFO


---------------  S Y S T E M  ---------------

OS:DISTRIB_ID=Ubuntu
DISTRIB_RELEASE=16.04
DISTRIB_CODENAME=xenial
DISTRIB_DESCRIPTION="Ubuntu 16.04.1 LTS"

uname:Linux 4.4.0-104-generic #127-Ubuntu SMP Mon Dec 11 12:16:50 UTC 2017 i686
libc:glibc 2.23 NPTL 2.23 
rlimit: STACK 8192k, CORE 0k, NPROC 63057, NOFILE 65536, AS infinity
load average:116.55 102.46 99.18

/proc/meminfo:
MemTotal:        8107456 kB
MemFree:          377252 kB
MemAvailable:          0 kB
Buffers:           10100 kB
Cached:           200696 kB
SwapCached:         9880 kB
Active:          6332788 kB
Inactive:        1147264 kB
Active(anon):    6294844 kB
Inactive(anon):  1116188 kB
Active(file):      37944 kB
Inactive(file):    31076 kB
Unevictable:           0 kB
Mlocked:               0 kB
HighTotal:       7292552 kB
HighFree:          89696 kB
LowTotal:         814904 kB
LowFree:          287556 kB
SwapTotal:       4007932 kB
SwapFree:              0 kB
Dirty:              3352 kB
Writeback:           512 kB
AnonPages:       7259876 kB
Mapped:            43820 kB
Shmem:            141420 kB
Slab:              98932 kB
SReclaimable:      30816 kB
SUnreclaim:        68116 kB
KernelStack:       30288 kB
PageTables:        66864 kB
NFS_Unstable:          0 kB
Bounce:                4 kB
WritebackTmp:          0 kB
CommitLimit:     8061660 kB
Committed_AS:   28225232 kB
VmallocTotal:     122880 kB
VmallocUsed:           0 kB
VmallocChunk:          0 kB
AnonHugePages:   3170304 kB
CmaTotal:              0 kB
CmaFree:               0 kB
HugePages_Total:       0
HugePages_Free:        0
HugePages_Rsvd:        0
HugePages_Surp:        0
Hugepagesize:       2048 kB
DirectMap4k:       40952 kB
DirectMap2M:      870400 kB


CPU:total 4 (initial active 4) (2 cores per cpu, 2 threads per core) family 6 model 58 stepping 9, cmov, cx8, fxsr, mmx, sse, sse2, sse3, ssse3, sse4.1, sse4.2, popcnt, avx, aes, clmul, erms, ht, tsc, tscinvbit, tscinv

/proc/cpuinfo:
processor	: 0
vendor_id	: GenuineIntel
cpu family	: 6
model		: 58
model name	: Intel(R) Core(TM) i5-3427U CPU @ 1.80GHz
stepping	: 9
microcode	: 0x17
cpu MHz		: 1099.957
cache size	: 3072 KB
physical id	: 0
siblings	: 4
core id		: 0
cpu cores	: 2
apicid		: 0
initial apicid	: 0
fdiv_bug	: no
f00f_bug	: no
coma_bug	: no
fpu		: yes
fpu_exception	: yes
cpuid level	: 13
wp		: yes
flags		: fpu vme de pse tsc msr pae mce cx8 apic sep mtrr pge mca cmov pat pse36 clflush dts acpi mmx fxsr sse sse2 ss ht tm pbe nx rdtscp lm constant_tsc arch_perfmon pebs bts xtopology nonstop_tsc aperfmperf eagerfpu pni pclmulqdq dtes64 monitor ds_cpl vmx smx est tm2 ssse3 cx16 xtpr pdcm pcid sse4_1 sse4_2 x2apic popcnt tsc_deadline_timer aes xsave avx f16c rdrand lahf_lm epb tpr_shadow vnmi flexpriority ept vpid fsgsbase smep erms xsaveopt dtherm ida arat pln pts
bugs		:
bogomips	: 4589.83
clflush size	: 64
cache_alignment	: 64
address sizes	: 36 bits physical, 48 bits virtual
power management:

processor	: 1
vendor_id	: GenuineIntel
cpu family	: 6
model		: 58
model name	: Intel(R) Core(TM) i5-3427U CPU @ 1.80GHz
stepping	: 9
microcode	: 0x17
cpu MHz		: 1099.957
cache size	: 3072 KB
physical id	: 0
siblings	: 4
core id		: 1
cpu cores	: 2
apicid		: 2
initial apicid	: 2
fdiv_bug	: no
f00f_bug	: no
coma_bug	: no
fpu		: yes
fpu_exception	: yes
cpuid level	: 13
wp		: yes
flags		: fpu vme de pse tsc msr pae mce cx8 apic sep mtrr pge mca cmov pat pse36 clflush dts acpi mmx fxsr sse sse2 ss ht tm pbe nx rdtscp lm constant_tsc arch_perfmon pebs bts xtopology nonstop_tsc aperfmperf eagerfpu pni pclmulqdq dtes64 monitor ds_cpl vmx smx est tm2 ssse3 cx16 xtpr pdcm pcid sse4_1 sse4_2 x2apic popcnt tsc_deadline_timer aes xsave avx f16c rdrand lahf_lm epb tpr_shadow vnmi flexpriority ept vpid fsgsbase smep erms xsaveopt dtherm ida arat pln pts
bugs		:
bogomips	: 4589.83
clflush size	: 64
cache_alignment	: 64
address sizes	: 36 bits physical, 48 bits virtual
power management:

processor	: 2
vendor_id	: GenuineIntel
cpu family	: 6
model		: 58
model name	: Intel(R) Core(TM) i5-3427U CPU @ 1.80GHz
stepping	: 9
microcode	: 0x17
cpu MHz		: 1099.957
cache size	: 3072 KB
physical id	: 0
siblings	: 4
core id		: 0
cpu cores	: 2
apicid		: 1
initial apicid	: 1
fdiv_bug	: no
f00f_bug	: no
coma_bug	: no
fpu		: yes
fpu_exception	: yes
cpuid level	: 13
wp		: yes
flags		: fpu vme de pse tsc msr pae mce cx8 apic sep mtrr pge mca cmov pat pse36 clflush dts acpi mmx fxsr sse sse2 ss ht tm pbe nx rdtscp lm constant_tsc arch_perfmon pebs bts xtopology nonstop_tsc aperfmperf eagerfpu pni pclmulqdq dtes64 monitor ds_cpl vmx smx est tm2 ssse3 cx16 xtpr pdcm pcid sse4_1 sse4_2 x2apic popcnt tsc_deadline_timer aes xsave avx f16c rdrand lahf_lm epb tpr_shadow vnmi flexpriority ept vpid fsgsbase smep erms xsaveopt dtherm ida arat pln pts
bugs		:
bogomips	: 4589.83
clflush size	: 64
cache_alignment	: 64
address sizes	: 36 bits physical, 48 bits virtual
power management:

processor	: 3
vendor_id	: GenuineIntel
cpu family	: 6
model		: 58
model name	: Intel(R) Core(TM) i5-3427U CPU @ 1.80GHz
stepping	: 9
microcode	: 0x17
cpu MHz		: 1099.957
cache size	: 3072 KB
physical id	: 0
siblings	: 4
core id		: 1
cpu cores	: 2
apicid		: 3
initial apicid	: 3
fdiv_bug	: no
f00f_bug	: no
coma_bug	: no
fpu		: yes
fpu_exception	: yes
cpuid level	: 13
wp		: yes
flags		: fpu vme de pse tsc msr pae mce cx8 apic sep mtrr pge mca cmov pat pse36 clflush dts acpi mmx fxsr sse sse2 ss ht tm pbe nx rdtscp lm constant_tsc arch_perfmon pebs bts xtopology nonstop_tsc aperfmperf eagerfpu pni pclmulqdq dtes64 monitor ds_cpl vmx smx est tm2 ssse3 cx16 xtpr pdcm pcid sse4_1 sse4_2 x2apic popcnt tsc_deadline_timer aes xsave avx f16c rdrand lahf_lm epb tpr_shadow vnmi flexpriority ept vpid fsgsbase smep erms xsaveopt dtherm ida arat pln pts
bugs		:
bogomips	: 4589.83
clflush size	: 64
cache_alignment	: 64
address sizes	: 36 bits physical, 48 bits virtual
power management:



Memory: 4k page, physical 8107456k(377252k free), swap 4007932k(0k free)

vm_info: OpenJDK Server VM (25.151-b12) for linux-x86 JRE (1.8.0_151-8u151-b12-0ubuntu0.16.04.2-b12), built on Oct 27 2017 22:05:04 by "buildd" with gcc 5.4.0 20160609

time: Thu Dec 21 01:41:26 2017
elapsed time: 83 seconds (0d 0h 1m 23s)

