#
# There is insufficient memory for the Java Runtime Environment to continue.
# Native memory allocation (mmap) failed to map 32768 bytes for committing reserved memory.
# Possible reasons:
#   The system is out of physical RAM or swap space
#   In 32 bit mode, the process size limit was hit
# Possible solutions:
#   Reduce memory load on the system
#   Increase physical memory or swap space
#   Check if swap backing store is full
#   Use 64 bit Java on a 64 bit OS
#   Decrease Java heap size (-Xmx/-Xms)
#   Decrease number of Java threads
#   Decrease Java thread stack sizes (-Xss)
#   Set larger code cache with -XX:ReservedCodeCacheSize=
# This output file may be truncated or incomplete.
#
#  Out of Memory Error (os_linux.cpp:2643), pid=368, tid=0x6322db40
#
# JRE version: OpenJDK Runtime Environment (8.0_151-b12) (build 1.8.0_151-8u151-b12-0ubuntu0.16.04.2-b12)
# Java VM: OpenJDK Server VM (25.151-b12 mixed mode linux-x86 )
# Failed to write core dump. Core dumps have been disabled. To enable core dumping, try "ulimit -c unlimited" before starting Java again
#

---------------  T H R E A D  ---------------

Current thread (0x637a5c00):  JavaThread "C2 CompilerThread1" daemon [_thread_in_vm, id=1397, stack(0x631ad000,0x6322e000)]

Stack: [0x631ad000,0x6322e000],  sp=0x6322b8a0,  free space=506k
Native frames: (J=compiled Java code, j=interpreted, Vv=VM code, C=native code)
V  [libjvm.so+0x8d6834]
V  [libjvm.so+0x3a7c76]
V  [libjvm.so+0x7420c0]
V  [libjvm.so+0x73c013]
V  [libjvm.so+0x8d3264]
V  [libjvm.so+0x4ba943]
V  [libjvm.so+0x335e73]
V  [libjvm.so+0x3303aa]
V  [libjvm.so+0x334a2a]
V  [libjvm.so+0x753dbd]
V  [libjvm.so+0x75abbf]
V  [libjvm.so+0x352a09]
V  [libjvm.so+0x355bdb]
V  [libjvm.so+0x2ad730]
V  [libjvm.so+0x360d41]
V  [libjvm.so+0x3624fa]
V  [libjvm.so+0x878977]
V  [libjvm.so+0x88198b]
V  [libjvm.so+0x881e5e]
V  [libjvm.so+0x73f2b5]
C  [libpthread.so.0+0x6295]  start_thread+0xe5
C  [libc.so.6+0xe705e]  clone+0x6e


Current CompileTask:
C2:  51924  813       4       groovyjarjarantlr.LLkParser::LA (12 bytes)


---------------  P R O C E S S  ---------------

Java Threads: ( => current thread )
  0x637aa800 JavaThread "Service Thread" daemon [_thread_blocked, id=1415, stack(0x630db000,0x6312c000)]
  0x637a7400 JavaThread "C1 CompilerThread2" daemon [_thread_in_vm, id=1412, stack(0x6312c000,0x631ad000)]
=>0x637a5c00 JavaThread "C2 CompilerThread1" daemon [_thread_in_vm, id=1397, stack(0x631ad000,0x6322e000)]
  0x637a4000 JavaThread "C2 CompilerThread0" daemon [_thread_blocked, id=1361, stack(0x6322e000,0x632af000)]
  0x637a2400 JavaThread "Signal Dispatcher" daemon [_thread_blocked, id=1330, stack(0x632af000,0x63300000)]
  0x63788800 JavaThread "Finalizer" daemon [_thread_blocked, id=1208, stack(0x63813000,0x63864000)]
  0x63785c00 JavaThread "Reference Handler" daemon [_thread_blocked, id=1207, stack(0x6642e000,0x6647f000)]
  0xb6207800 JavaThread "main" [_thread_blocked, id=928, stack(0xb63c7000,0xb6418000)]

Other Threads:
  0x63781000 VMThread [stack: 0x63864000,0x638e5000] [id=1179]
  0x637ac000 WatcherThread [stack: 0x6305a000,0x630db000] [id=1416]

VM state:not at safepoint (normal execution)

VM Mutex/Monitor currently owned by a thread:  ([mutex/lock_event])
[0xb62045e8] CodeCache_lock - owner thread: 0x637a5c00
[0xb6205830] Compile_lock - owner thread: 0x637a7400
[0xb6205900] MethodCompileQueue_lock - owner thread: 0x637a7400

Heap:
 PSYoungGen      total 19200K, used 5183K [0x918c0000, 0x92e00000, 0xa6e00000)
  eden space 16640K, 15% used [0x918c0000,0x91b51a90,0x92900000)
  from space 2560K, 99% used [0x92b80000,0x92dfe248,0x92e00000)
  to   space 2560K, 0% used [0x92900000,0x92900000,0x92b80000)
 ParOldGen       total 43776K, used 1381K [0x66e00000, 0x698c0000, 0x918c0000)
  object space 43776K, 3% used [0x66e00000,0x66f59730,0x698c0000)
 Metaspace       used 6542K, capacity 6604K, committed 6680K, reserved 7472K

Card table byte_map: [0x66bff000,0x66e00000] byte_map_base: 0x668c8000

Marking Bits: (ParMarkBitMap*) 0xb713d880
 Begin Bits: [0x64300000, 0x65300000)
 End Bits:   [0x65300000, 0x66300000)

Polling page: 0xb774a000

CodeCache: size=245760Kb used=2421Kb max_used=2421Kb free=243338Kb
 bounds [0xa7200000, 0xa7460000, 0xb6200000]
 total_blobs=970 nmethods=789 adapters=94
 compilation: enabled

Compilation events (10 events):
Event: 51.676 Thread 0x637a7400 nmethod 792 0xa74518c8 code [0xa74519c0, 0xa7451a60]
Event: 51.676 Thread 0x637a7400  819       3       org.codehaus.groovy.antlr.AntlrParserPlugin::isType (20 bytes)
Event: 51.676 Thread 0x637a7400 nmethod 819 0xa74581c8 code [0xa74582e0, 0xa74584ac]
Event: 51.676 Thread 0x637a7400  794       1       org.codehaus.groovy.antlr.GroovySourceAST::getColumnLast (5 bytes)
Event: 51.676 Thread 0x637a7400 nmethod 794 0xa74516c8 code [0xa74517c0, 0xa7451860]
Event: 51.676 Thread 0x637a7400  791       1       groovyjarjarantlr.CommonAST::getText (5 bytes)
Event: 51.677 Thread 0x637a7400 nmethod 791 0xa7457fc8 code [0xa74580c0, 0xa7458160]
Event: 51.677 Thread 0x637a7400  818       1       java.lang.Integer::intValue (5 bytes)
Event: 51.677 Thread 0x637a7400 nmethod 818 0xa7457dc8 code [0xa7457ec0, 0xa7457f60]
Event: 51.699 Thread 0x637a7400  821       3       org.codehaus.groovy.antlr.AntlrParserPlugin::configureAST (95 bytes)

GC Heap History (4 events):
Event: 28.962 GC heap before
{Heap before GC invocations=1 (full 0):
 PSYoungGen      total 19200K, used 16640K [0x918c0000, 0x92e00000, 0xa6e00000)
  eden space 16640K, 100% used [0x918c0000,0x92900000,0x92900000)
  from space 2560K, 0% used [0x92b80000,0x92b80000,0x92e00000)
  to   space 2560K, 0% used [0x92900000,0x92900000,0x92b80000)
 ParOldGen       total 43776K, used 0K [0x66e00000, 0x698c0000, 0x918c0000)
  object space 43776K, 0% used [0x66e00000,0x66e00000,0x698c0000)
 Metaspace       used 3724K, capacity 3786K, committed 3864K, reserved 4400K
Event: 28.968 GC heap after
Heap after GC invocations=1 (full 0):
 PSYoungGen      total 19200K, used 2546K [0x918c0000, 0x92e00000, 0xa6e00000)
  eden space 16640K, 0% used [0x918c0000,0x918c0000,0x92900000)
  from space 2560K, 99% used [0x92900000,0x92b7c800,0x92b80000)
  to   space 2560K, 0% used [0x92b80000,0x92b80000,0x92e00000)
 ParOldGen       total 43776K, used 134K [0x66e00000, 0x698c0000, 0x918c0000)
  object space 43776K, 0% used [0x66e00000,0x66e21b70,0x698c0000)
 Metaspace       used 3724K, capacity 3786K, committed 3864K, reserved 4400K
}
Event: 45.802 GC heap before
{Heap before GC invocations=2 (full 0):
 PSYoungGen      total 19200K, used 19186K [0x918c0000, 0x92e00000, 0xa6e00000)
  eden space 16640K, 100% used [0x918c0000,0x92900000,0x92900000)
  from space 2560K, 99% used [0x92900000,0x92b7c800,0x92b80000)
  to   space 2560K, 0% used [0x92b80000,0x92b80000,0x92e00000)
 ParOldGen       total 43776K, used 134K [0x66e00000, 0x698c0000, 0x918c0000)
  object space 43776K, 0% used [0x66e00000,0x66e21b70,0x698c0000)
 Metaspace       used 6098K, capacity 6154K, committed 6168K, reserved 6448K
Event: 45.826 GC heap after
Heap after GC invocations=2 (full 0):
 PSYoungGen      total 19200K, used 2552K [0x918c0000, 0x92e00000, 0xa6e00000)
  eden space 16640K, 0% used [0x918c0000,0x918c0000,0x92900000)
  from space 2560K, 99% used [0x92b80000,0x92dfe248,0x92e00000)
  to   space 2560K, 0% used [0x92900000,0x92900000,0x92b80000)
 ParOldGen       total 43776K, used 1381K [0x66e00000, 0x698c0000, 0x918c0000)
  object space 43776K, 3% used [0x66e00000,0x66f59730,0x698c0000)
 Metaspace       used 6098K, capacity 6154K, committed 6168K, reserved 6448K
}

Deoptimization events (10 events):
Event: 19.852 Thread 0xb6207800 Uncommon trap: reason=unstable_if action=reinterpret pc=0xa733ea34 method=java.io.BufferedInputStream.read()I @ 8
Event: 28.234 Thread 0xb6207800 Uncommon trap: reason=unstable_if action=reinterpret pc=0xa732a108 method=java.lang.String.indexOf([CII[CIII)I @ 3
Event: 29.429 Thread 0xb6207800 Uncommon trap: reason=unstable_if action=reinterpret pc=0xa7380b44 method=java.lang.ref.SoftReference.get()Ljava/lang/Object; @ 17
Event: 30.519 Thread 0xb6207800 Uncommon trap: reason=unstable_if action=reinterpret pc=0xa733fac4 method=sun.misc.URLClassPath.getLoader(I)Lsun/misc/URLClassPath$Loader; @ 36
Event: 30.532 Thread 0xb6207800 Uncommon trap: reason=bimorphic action=maybe_recompile pc=0xa7379a5c method=java.util.HashMap.getNode(ILjava/lang/Object;)Ljava/util/HashMap$Node; @ 126
Event: 30.532 Thread 0xb6207800 Uncommon trap: reason=unstable_if action=reinterpret pc=0xa733a250 method=sun.misc.URLClassPath$JarLoader.getResource(Ljava/lang/String;Z)Lsun/misc/Resource; @ 4
Event: 30.532 Thread 0xb6207800 Uncommon trap: reason=bimorphic action=maybe_recompile pc=0xa7379a5c method=java.util.HashMap.getNode(ILjava/lang/Object;)Ljava/util/HashMap$Node; @ 126
Event: 34.993 Thread 0xb6207800 Uncommon trap: reason=bimorphic action=maybe_recompile pc=0xa7379a5c method=java.util.HashMap.getNode(ILjava/lang/Object;)Ljava/util/HashMap$Node; @ 126
Event: 35.088 Thread 0xb6207800 Uncommon trap: reason=unstable_if action=reinterpret pc=0xa7379a1c method=java.util.HashMap.getNode(ILjava/lang/Object;)Ljava/util/HashMap$Node; @ 62
Event: 35.088 Thread 0xb6207800 Uncommon trap: reason=bimorphic action=maybe_recompile pc=0xa7372eb0 method=java.util.HashMap.getNode(ILjava/lang/Object;)Ljava/util/HashMap$Node; @ 126

Internal exceptions (10 events):
Event: 42.441 Thread 0xb6207800 Exception <a 'java/lang/ArrayIndexOutOfBoundsException'> (0x924a7de8) thrown at [/build/openjdk-8-Y4imzb/openjdk-8-8u151-b12/src/hotspot/src/share/vm/runtime/sharedRuntime.cpp, line 605]
Event: 42.441 Thread 0xb6207800 Exception <a 'java/lang/ArrayIndexOutOfBoundsException'> (0x924a8c38) thrown at [/build/openjdk-8-Y4imzb/openjdk-8-8u151-b12/src/hotspot/src/share/vm/runtime/sharedRuntime.cpp, line 605]
Event: 42.442 Thread 0xb6207800 Exception <a 'java/lang/ArrayIndexOutOfBoundsException'> (0x924a9a68) thrown at [/build/openjdk-8-Y4imzb/openjdk-8-8u151-b12/src/hotspot/src/share/vm/runtime/sharedRuntime.cpp, line 605]
Event: 42.442 Thread 0xb6207800 Exception <a 'java/lang/ArrayIndexOutOfBoundsException'> (0x924aab60) thrown at [/build/openjdk-8-Y4imzb/openjdk-8-8u151-b12/src/hotspot/src/share/vm/runtime/sharedRuntime.cpp, line 605]
Event: 42.442 Thread 0xb6207800 Exception <a 'java/lang/ArrayIndexOutOfBoundsException'> (0x924ab9b0) thrown at [/build/openjdk-8-Y4imzb/openjdk-8-8u151-b12/src/hotspot/src/share/vm/runtime/sharedRuntime.cpp, line 605]
Event: 42.442 Thread 0xb6207800 Exception <a 'java/lang/ArrayIndexOutOfBoundsException'> (0x924ac7f8) thrown at [/build/openjdk-8-Y4imzb/openjdk-8-8u151-b12/src/hotspot/src/share/vm/runtime/sharedRuntime.cpp, line 605]
Event: 42.452 Thread 0xb6207800 Exception <a 'java/lang/ArrayIndexOutOfBoundsException'> (0x924ad8e8) thrown at [/build/openjdk-8-Y4imzb/openjdk-8-8u151-b12/src/hotspot/src/share/vm/runtime/sharedRuntime.cpp, line 605]
Event: 42.452 Thread 0xb6207800 Exception <a 'java/lang/ArrayIndexOutOfBoundsException'> (0x924ae7a0) thrown at [/build/openjdk-8-Y4imzb/openjdk-8-8u151-b12/src/hotspot/src/share/vm/runtime/sharedRuntime.cpp, line 605]
Event: 42.452 Thread 0xb6207800 Exception <a 'java/lang/ArrayIndexOutOfBoundsException'> (0x924af650) thrown at [/build/openjdk-8-Y4imzb/openjdk-8-8u151-b12/src/hotspot/src/share/vm/runtime/sharedRuntime.cpp, line 605]
Event: 42.452 Thread 0xb6207800 Exception <a 'java/lang/ArrayIndexOutOfBoundsException'> (0x924b0708) thrown at [/build/openjdk-8-Y4imzb/openjdk-8-8u151-b12/src/hotspot/src/share/vm/runtime/sharedRuntime.cpp, line 605]

Events (10 events):
Event: 49.769 loading class sun/reflect/ClassDefiner
Event: 49.865 loading class sun/reflect/ClassDefiner done
Event: 49.865 loading class sun/reflect/ClassDefiner$1
Event: 49.865 loading class sun/reflect/ClassDefiner$1 done
Event: 49.866 loading class sun/reflect/BootstrapConstructorAccessorImpl
Event: 49.866 loading class sun/reflect/BootstrapConstructorAccessorImpl done
Event: 51.682 loading class java/math/BigDecimal$1
Event: 51.682 loading class java/math/BigDecimal$1 done
Event: 51.682 loading class sun/misc/FloatingDecimal
Event: 51.921 loading class sun/misc/FloatingDecimal done


Dynamic libraries:
08048000-08049000 r-xp 00000000 08:01 1693306    /usr/lib/jvm/java-8-openjdk-i386/jre/bin/java
08049000-0804a000 r--p 00000000 08:01 1693306    /usr/lib/jvm/java-8-openjdk-i386/jre/bin/java
0804a000-0804b000 rw-p 00001000 08:01 1693306    /usr/lib/jvm/java-8-openjdk-i386/jre/bin/java
08434000-08455000 rw-p 00000000 00:00 0          [heap]
61e00000-61e40000 rw-p 00000000 00:00 0 
61e40000-61f00000 ---p 00000000 00:00 0 
61f00000-61fdb000 rw-p 00000000 00:00 0 
61fdb000-62000000 ---p 00000000 00:00 0 
62000000-62100000 rw-p 00000000 00:00 0 
62100000-621fe000 rw-p 00000000 00:00 0 
621fe000-62200000 ---p 00000000 00:00 0 
62200000-6225e000 rw-p 00000000 00:00 0 
6225e000-62300000 ---p 00000000 00:00 0 
62300000-62400000 rw-p 00000000 00:00 0 
62400000-624f9000 rw-p 00000000 00:00 0 
624f9000-62500000 ---p 00000000 00:00 0 
62500000-625fc000 rw-p 00000000 00:00 0 
625fc000-62600000 ---p 00000000 00:00 0 
62674000-626ed000 r--s 010fe000 08:01 1694179    /usr/lib/jvm/java-8-openjdk-i386/lib/tools.jar
626ed000-626f0000 r--s 00023000 08:01 2478896    /home/sarnobat/github/groovy_libraries/.groovy/lib/maven-shared-utils-0.1.jar
626f0000-626f3000 r--s 0000b000 08:01 2478399    /home/sarnobat/github/groovy_libraries/.groovy/lib/concurrentlinkedhashmap-lru-1.3.1.jar
626f3000-626fa000 r--s 0005b000 08:01 2478897    /home/sarnobat/github/groovy_libraries/.groovy/lib/mongo-java-driver-2.10.1.jar
626fa000-626fc000 r--s 0000c000 08:01 2478389    /home/sarnobat/github/groovy_libraries/.groovy/lib/commons-exec-1.3.jar
626fc000-626fd000 r--s 0000a000 08:01 2478397    /home/sarnobat/github/groovy_libraries/.groovy/lib/commons-logging-api-1.1.jar
626fd000-626ff000 r--s 00008000 08:01 2478930    /home/sarnobat/github/groovy_libraries/.groovy/lib/vget-1.1.5.jar
626ff000-62700000 r--s 00004000 08:01 2478901    /home/sarnobat/github/groovy_libraries/.groovy/lib/opencsv-2.3.jar
62700000-627f9000 rw-p 00000000 00:00 0 
627f9000-62800000 ---p 00000000 00:00 0 
62800000-6280e000 r--s 000ad000 08:01 2478846    /home/sarnobat/github/groovy_libraries/.groovy/lib/jackson-mapper-asl-1.9.2.jar
6280e000-6281b000 r--s 000a2000 08:01 2478391    /home/sarnobat/github/groovy_libraries/.groovy/lib/commons-imaging-1.0-R1480221.jar
6281b000-6281d000 r--s 00000000 08:01 2478907    /home/sarnobat/github/groovy_libraries/.groovy/lib/plexus-component-annotations-1.5.5.jar
6281d000-62821000 r--s 0000c000 08:01 2478929    /home/sarnobat/github/groovy_libraries/.groovy/lib/validation-api-1.1.0.Final.jar
62821000-62823000 r--s 00005000 08:01 2478924    /home/sarnobat/github/groovy_libraries/.groovy/lib/slf4j-api-1.7.5.jar
62823000-62828000 r--s 0002a000 08:01 2478419    /home/sarnobat/github/groovy_libraries/.groovy/lib/gson-2.2.4.jar
62828000-62829000 r--s 00002000 08:01 2478875    /home/sarnobat/github/groovy_libraries/.groovy/lib/jsch.agentproxy.connector-factory-0.0.6.jar
62829000-62836000 r--s 00082000 08:01 2478856    /home/sarnobat/github/groovy_libraries/.groovy/lib/jersey-common-2.0.jar
62836000-62838000 r--s 0000d000 08:01 2478912    /home/sarnobat/github/groovy_libraries/.groovy/lib/plexus-interpolation-1.13.jar
62838000-6285d000 r--s 002e3000 08:01 2478932    /home/sarnobat/github/groovy_libraries/.groovy/lib/xalan-2.7.1.jar
6285d000-62860000 r--s 0001b000 08:01 2478888    /home/sarnobat/github/groovy_libraries/.groovy/lib/junit-3.8.2.jar
62860000-62861000 r--s 00001000 08:01 2478400    /home/sarnobat/github/groovy_libraries/.groovy/lib/doxia-sink-api-1.0-alpha-7.jar
62861000-62863000 r--s 00011000 08:01 2478873    /home/sarnobat/github/groovy_libraries/.groovy/lib/jsch-extension-0.1.3.jar
62863000-62892000 r--s 0028b000 08:01 2478865    /home/sarnobat/github/groovy_libraries/.groovy/lib/jetty-all-9.2.21.v20170120.jar
62892000-62896000 r--s 00040000 08:01 2478871    /home/sarnobat/github/groovy_libraries/.groovy/lib/jsch-0.1.53-sources.jar
62896000-62899000 r--s 00023000 08:01 2478853    /home/sarnobat/github/groovy_libraries/.groovy/lib/jdom-1.0.jar
62899000-6289a000 r--s 00003000 08:01 2478407    /home/sarnobat/github/groovy_libraries/.groovy/lib/geronimo-jta_1.1_spec-1.1.1.jar
6289a000-6289b000 r--s 00003000 08:01 2478857    /home/sarnobat/github/groovy_libraries/.groovy/lib/jersey-container-jdk-http-2.0.jar
6289b000-6289f000 r--s 0003b000 08:01 2478870    /home/sarnobat/github/groovy_libraries/.groovy/lib/jsch-0.1.50.jar.disabled
6289f000-628a3000 r--s 00032000 08:01 2478915    /home/sarnobat/github/groovy_libraries/.groovy/lib/rome-1.0.jar
628a3000-628ae000 r--s 00068000 08:01 2478859    /home/sarnobat/github/groovy_libraries/.groovy/lib/jersey-core-1.17.1.jar
628ae000-628b0000 r--s 0000d000 08:01 2479615    /home/sarnobat/github/groovy_libraries/.groovy/lib/commons-codec-1.4.jar
628b0000-628b1000 r--s 00007000 08:01 2478923    /home/sarnobat/github/groovy_libraries/.groovy/lib/slf4j-api-1.7.12.jar
628b1000-628b3000 r--s 0000a000 08:01 2478931    /home/sarnobat/github/groovy_libraries/.groovy/lib/wget-1.2.9.jar
628b3000-628c2000 r--s 00095000 08:01 2478927    /home/sarnobat/github/groovy_libraries/.groovy/lib/sshd-core-0.14.0.jar
628c2000-628c4000 r--s 00000000 08:01 2478877    /home/sarnobat/github/groovy_libraries/.groovy/lib/jsch.agentproxy.jsch-0.0.6.jar
628c4000-628c8000 r--s 0001d000 08:01 2478933    /home/sarnobat/github/groovy_libraries/.groovy/lib/xbean-reflect-3.4.jar
628c8000-628cd000 r--s 00047000 08:01 2478381    /home/sarnobat/github/groovy_libraries/.groovy/lib/asm-all-repackaged-2.1.88.jar
628cd000-628cf000 r--s 00000000 08:01 2478906    /home/sarnobat/github/groovy_libraries/.groovy/lib/plexus-compiler-manager-2.0.jar
628cf000-628d1000 r--s 00002000 08:01 2478895    /home/sarnobat/github/groovy_libraries/.groovy/lib/maven-shared-incremental-1.0.jar
628d1000-628d3000 r--s 00001000 08:01 2478876    /home/sarnobat/github/groovy_libraries/.groovy/lib/jsch.agentproxy.core-0.0.6.jar
628d3000-628d5000 r--s 00282000 08:01 2478919    /home/sarnobat/github/groovy_libraries/.groovy/lib/selenium-firefox-driver-2.45.0.jar
628d5000-628d7000 r--s 00005000 08:01 2478847    /home/sarnobat/github/groovy_libraries/.groovy/lib/javax.annotation-api-1.2.jar
628d7000-62900000 r--s 001ee000 08:01 2478420    /home/sarnobat/github/groovy_libraries/.groovy/lib/guava-14.0.1.jar
62900000-629fb000 rw-p 00000000 00:00 0 
629fb000-62a00000 ---p 00000000 00:00 0 
62a00000-62aff000 rw-p 00000000 00:00 0 
62aff000-62b00000 ---p 00000000 00:00 0 
62b00000-62b01000 r--s 00001000 08:01 2478881    /home/sarnobat/github/groovy_libraries/.groovy/lib/jsch.agentproxy.usocket-jna-0.0.6.jar
62b01000-62b02000 r--s 00001000 08:01 2478878    /home/sarnobat/github/groovy_libraries/.groovy/lib/jsch.agentproxy.pageant-0.0.6.jar
62b02000-62b04000 r--s 00000000 08:01 2478879    /home/sarnobat/github/groovy_libraries/.groovy/lib/jsch.agentproxy.sshagent-0.0.6.jar
62b04000-62b06000 r--s 0000d000 08:01 2478416    /home/sarnobat/github/groovy_libraries/.groovy/lib/google-oauth-client-1.17.0-rc.jar
62b06000-62b0a000 r--s 00025000 08:01 2478408    /home/sarnobat/github/groovy_libraries/.groovy/lib/google-api-client-1.17.0-rc.jar
62b0a000-62b0b000 r--s 00001000 08:01 2478903    /home/sarnobat/github/groovy_libraries/.groovy/lib/plexus-build-api-0.0.4.jar
62b0b000-62b0e000 r--s 0001b000 08:01 2478887    /home/sarnobat/github/groovy_libraries/.groovy/lib/junit-3.8.1.jar
62b0e000-62b12000 r--s 00019000 08:01 2478855    /home/sarnobat/github/groovy_libraries/.groovy/lib/jersey-client-2.0.jar
62b12000-62b14000 r--s 0000d000 08:01 2478874    /home/sarnobat/github/groovy_libraries/.groovy/lib/jsch-nio-0.1.5.jar
62b14000-62b1a000 r--s 00033000 08:01 2478921    /home/sarnobat/github/groovy_libraries/.groovy/lib/selenium-remote-driver-2.45.0.jar
62b1a000-62b1e000 r--s 0002f000 08:01 2478845    /home/sarnobat/github/groovy_libraries/.groovy/lib/jackson-core-2.1.3.jar
62b1e000-62b21000 r--s 00015000 08:01 2478409    /home/sarnobat/github/groovy_libraries/.groovy/lib/google-api-services-calendar-v3-rev72-1.17.0-rc.jar
62b21000-62b23000 r--s 0000b000 08:01 2478427    /home/sarnobat/github/groovy_libraries/.groovy/lib/hk2-utils-2.1.88.jar
62b23000-62b29000 r--s 00042000 08:01 2478885    /home/sarnobat/github/groovy_libraries/.groovy/lib/jsoup-1.7.2.jar
62b29000-62b37000 r--s 0007f000 08:01 2478387    /home/sarnobat/github/groovy_libraries/.groovy/lib/commons-collections-3.2.1.jar
62b37000-62b42000 r--s 00085000 08:01 2478429    /home/sarnobat/github/groovy_libraries/.groovy/lib/httpclient-4.3.3.jar
62b42000-62b43000 r--s 00002000 08:01 2478417    /home/sarnobat/github/groovy_libraries/.groovy/lib/google-oauth-client-java6-1.17.0-rc.jar
62b43000-62b44000 r--s 00001000 08:01 2478883    /home/sarnobat/github/groovy_libraries/.groovy/lib/jsch.agentproxy.usocket-nc-0.0.6.jar
62b44000-62b48000 r--s 00017000 08:01 2478928    /home/sarnobat/github/groovy_libraries/.groovy/lib/thumbnailator-0.4.8.jar
62b48000-62b4a000 r--s 0001f000 08:01 2478922    /home/sarnobat/github/groovy_libraries/.groovy/lib/servlet-api-2.5-20081211.jar
62b4a000-62bb3000 r--s 003e4000 08:01 2478899    /home/sarnobat/github/groovy_libraries/.groovy/lib/neo4j-cypher-1.9.2.jar
62bb3000-62bb5000 r--s 0001d000 08:01 2478425    /home/sarnobat/github/groovy_libraries/.groovy/lib/hk2-locator-2.1.88.jar
62bb5000-62bb9000 r--s 00018000 08:01 2478424    /home/sarnobat/github/groovy_libraries/.groovy/lib/hk2-api-2.1.88.jar
62bb9000-62bba000 r--s 00002000 08:01 2478918    /home/sarnobat/github/groovy_libraries/.groovy/lib/selenium-chrome-driver-2.45.0.jar
62bba000-62bbe000 r--s 00024000 08:01 2478861    /home/sarnobat/github/groovy_libraries/.groovy/lib/jersey-json-1.17.1.jar
62bbe000-62bc2000 r--s 0002a000 08:01 2478393    /home/sarnobat/github/groovy_libraries/.groovy/lib/commons-io-2.4.jar
62bc2000-62be1000 r--s 00153000 08:01 2478900    /home/sarnobat/github/groovy_libraries/.groovy/lib/neo4j-kernel-1.9.2.jar
62be1000-62be8000 r--s 00051000 08:01 2478889    /home/sarnobat/github/groovy_libraries/.groovy/lib/log4j-1.2.12.jar
62be8000-62be9000 r--s 00006000 08:01 2478926    /home/sarnobat/github/groovy_libraries/.groovy/lib/solr-commons-csv-3.5.0.jar
62be9000-62bed000 r--s 00018000 08:01 2478852    /home/sarnobat/github/groovy_libraries/.groovy/lib/javax.ws.rs-api-2.0.jar
62bed000-62bef000 r--s 0000b000 08:01 2478388    /home/sarnobat/github/groovy_libraries/.groovy/lib/commons-exec-1.1.jar
62bef000-62bf1000 r--s 00001000 08:01 2478925    /home/sarnobat/github/groovy_libraries/.groovy/lib/slf4j-log4j12-1.7.12.jar
62bf1000-62bf3000 r--s 00005000 08:01 2478904    /home/sarnobat/github/groovy_libraries/.groovy/lib/plexus-compiler-api-2.0.jar
62bf3000-62bf4000 r--s 00002000 08:01 2478893    /home/sarnobat/github/groovy_libraries/.groovy/lib/maven-reporting-api-2.0.6.jar
62bf4000-62bfa000 r--s 0003c000 08:01 2478412    /home/sarnobat/github/groovy_libraries/.groovy/lib/google-http-client-1.17.0-rc.jar
62bfa000-62bfe000 r--s 00028000 08:01 2478867    /home/sarnobat/github/groovy_libraries/.groovy/lib/jetty-util-6.1.26.jar
62bfe000-62c00000 r--s 00009000 08:01 2478891    /home/sarnobat/github/groovy_libraries/.groovy/lib/maven-compiler-plugin-3.0.jar
62c00000-62cfe000 rw-p 00000000 00:00 0 
62cfe000-62d00000 ---p 00000000 00:00 0 
62d00000-62e00000 rw-p 00000000 00:00 0 
62e00000-62e07000 r--s 00058000 08:01 2478396    /home/sarnobat/github/groovy_libraries/.groovy/lib/commons-lang3-3.2.1.jar
62e07000-62e09000 r--s 0000c000 08:01 2478385    /home/sarnobat/github/groovy_libraries/.groovy/lib/commons-cli-1.4.jar
62e09000-62e0b000 r--s 00007000 08:01 2478892    /home/sarnobat/github/groovy_libraries/.groovy/lib/maven-filtering-1.0-beta-4.jar
62e0b000-62e0c000 r--s 00004000 08:01 2478905    /home/sarnobat/github/groovy_libraries/.groovy/lib/plexus-compiler-javac-2.0.jar
62e0c000-62e13000 r--s 00048000 08:01 2478841    /home/sarnobat/github/groovy_libraries/.groovy/lib/httpcore-4.4.1.jar
62e13000-62e17000 r--s 000dc000 08:01 2478869    /home/sarnobat/github/groovy_libraries/.groovy/lib/jna-4.1.0.jar
62e17000-62e1d000 r--s 00043000 08:01 2478402    /home/sarnobat/github/groovy_libraries/.groovy/lib/genson-0.98.jar
62e1d000-62e1e000 r--s 00005000 08:01 2478894    /home/sarnobat/github/groovy_libraries/.groovy/lib/maven-resources-plugin-2.4.3.jar
62e1e000-62e22000 r--s 0003c000 08:01 2478394    /home/sarnobat/github/groovy_libraries/.groovy/lib/commons-lang-2.4.jar
62e22000-62e26000 r--s 00030000 08:01 2478913    /home/sarnobat/github/groovy_libraries/.groovy/lib/plexus-utils-1.5.1.jar
62e26000-62e2d000 r--s 0003f000 08:01 2478382    /home/sarnobat/github/groovy_libraries/.groovy/lib/cglib-2.1.88.jar
62e2d000-62e30000 r--s 00012000 08:01 2478851    /home/sarnobat/github/groovy_libraries/.groovy/lib/javax.json-1.0.4.jar
62e30000-62e42000 r--s 00099000 08:01 2478863    /home/sarnobat/github/groovy_libraries/.groovy/lib/jersey-server-2.0.jar
62e42000-62eb3000 r--s 00658000 08:01 2478916    /home/sarnobat/github/groovy_libraries/.groovy/lib/scala-library-2.10.0.jar
62eb3000-62f00000 r--s 0040d000 08:01 1149211    /usr/share/java/groovy-2.x.jar
62f00000-62ffc000 rw-p 00000000 00:00 0 
62ffc000-63000000 ---p 00000000 00:00 0 
63000000-63002000 r--s 00005000 08:01 2478844    /home/sarnobat/github/groovy_libraries/.groovy/lib/httpmime-4.2.3.jar
63002000-63003000 r--s 0000f000 08:01 2478884    /home/sarnobat/github/groovy_libraries/.groovy/lib/json-20131018.jar
63003000-63004000 r--s 00001000 08:01 2478418    /home/sarnobat/github/groovy_libraries/.groovy/lib/google-oauth-client-jetty-1.17.0-rc.jar
63004000-63009000 r--s 0002b000 08:01 2478401    /home/sarnobat/github/groovy_libraries/.groovy/lib/fuse-jna-0.0.1-SNAPSHOT.jar
63009000-6300b000 r--s 00006000 08:01 2478886    /home/sarnobat/github/groovy_libraries/.groovy/lib/jsr305-2.0.1.jar
6300b000-6300d000 r--s 00002000 08:01 2478911    /home/sarnobat/github/groovy_libraries/.groovy/lib/plexus-interactivity-api-1.0-alpha-4.jar
6300d000-6305a000 r--s 0040d000 08:01 1149211    /usr/share/java/groovy-2.x.jar
6305a000-6305b000 ---p 00000000 00:00 0 
6305b000-630db000 rw-p 00000000 00:00 0 
630db000-630de000 ---p 00000000 00:00 0 
630de000-6312c000 rw-p 00000000 00:00 0 
6312c000-6312f000 ---p 00000000 00:00 0 
6312f000-631ad000 rw-p 00000000 00:00 0 
631ad000-631b0000 ---p 00000000 00:00 0 
631b0000-6322e000 rw-p 00000000 00:00 0 
6322e000-63231000 ---p 00000000 00:00 0 
63231000-632af000 rw-p 00000000 00:00 0 
632af000-632b2000 ---p 00000000 00:00 0 
632b2000-63300000 rw-p 00000000 00:00 0 
63300000-63500000 r--p 00000000 08:01 1105218    /usr/lib/locale/locale-archive
63500000-635ff000 rw-p 00000000 00:00 0 
635ff000-63600000 ---p 00000000 00:00 0 
63600000-63621000 rw-p 00000000 00:00 0 
63621000-63700000 ---p 00000000 00:00 0 
63700000-637fc000 rw-p 00000000 00:00 0 
637fc000-63800000 ---p 00000000 00:00 0 
63800000-63805000 r--s 0001d000 08:01 2478917    /home/sarnobat/github/groovy_libraries/.groovy/lib/selenium-api-2.45.0.jar
63805000-6380c000 r--s 00064000 08:01 2478890    /home/sarnobat/github/groovy_libraries/.groovy/lib/mail-1.4.2.jar
6380c000-63813000 r--s 00050000 08:01 2478843    /home/sarnobat/github/groovy_libraries/.groovy/lib/httpcore-nio-4.4.1.jar
63813000-63816000 ---p 00000000 00:00 0 
63816000-63864000 rw-p 00000000 00:00 0 
63864000-63865000 ---p 00000000 00:00 0 
63865000-638e5000 rw-p 00000000 00:00 0 
638e5000-63ab4000 r--s 03c21000 08:01 1693223    /usr/lib/jvm/java-8-openjdk-i386/jre/lib/rt.jar
63ab4000-63efa000 rw-p 00000000 00:00 0 
63efa000-63f00000 ---p 00000000 00:00 0 
63f00000-66300000 rw-p 00000000 00:00 0 
66300000-663fa000 rw-p 00000000 00:00 0 
663fa000-66400000 ---p 00000000 00:00 0 
66400000-66401000 r--s 00001000 08:01 2478415    /home/sarnobat/github/groovy_libraries/.groovy/lib/google-http-client-jackson2-1.17.0-rc.jar
66401000-66402000 r--s 00004000 08:01 2478902    /home/sarnobat/github/groovy_libraries/.groovy/lib/osgi-resource-locator-1.0.1.jar
66402000-66403000 r--s 00001000 08:01 2478848    /home/sarnobat/github/groovy_libraries/.groovy/lib/javax.inject-2.1.88.jar
66403000-66407000 r--s 00033000 08:01 2478914    /home/sarnobat/github/groovy_libraries/.groovy/lib/plexus-utils-2.0.5.jar
66407000-6640a000 r--s 0001d000 08:01 2478854    /home/sarnobat/github/groovy_libraries/.groovy/lib/jersey-client-1.17.1.jar
6640a000-6640b000 r--s 00006000 08:01 1693894    /usr/share/maven-repo/org/codehaus/groovy/groovy-servlet/2.4.5/groovy-servlet-2.4.5.jar
6640b000-66419000 r--s 000c8000 08:01 1149227    /usr/share/java/testng.jar
66419000-6642e000 r--s 00124000 08:01 1147882    /usr/share/java/ivy-2.3.0.jar
6642e000-66431000 ---p 00000000 00:00 0 
66431000-6647f000 rw-p 00000000 00:00 0 
6647f000-66480000 ---p 00000000 00:00 0 
66480000-66500000 rw-p 00000000 00:00 0 
66500000-665fd000 rw-p 00000000 00:00 0 
665fd000-66600000 ---p 00000000 00:00 0 
66600000-66602000 r--s 0001b000 08:01 1693924    /usr/share/maven-repo/org/codehaus/groovy/groovy-docgenerator/2.4.5/groovy-docgenerator-2.4.5.jar
66602000-66604000 r--s 00011000 08:01 1147685    /usr/share/java/jsp-api-2.1.jar
66604000-66606000 r--s 0000c000 08:01 1149198    /usr/share/java/asm4-5.0.4.jar
66606000-66608000 r--s 00006000 08:01 1149197    /usr/share/java/asm4-tree-5.0.4.jar
66608000-6660a000 r--s 00012000 08:01 1839680    /usr/share/maven-repo/org/codehaus/groovy/groovy-test/2.4.5/groovy-test-2.4.5.jar
6660a000-6660b000 r--s 00004000 08:01 1144744    /usr/share/java/ant-launcher-1.9.6.jar
6660b000-6660c000 r--s 00005000 08:01 1147905    /usr/share/java/jansi-1.4.jar
6660c000-6660e000 r--s 00019000 08:01 1149207    /usr/share/java/jline2.jar
6660e000-66610000 r--s 00001000 08:01 1839692    /usr/share/maven-repo/org/codehaus/groovy/groovy-testng/2.4.5/groovy-testng-2.4.5.jar
66610000-66612000 r--s 00016000 08:01 1839697    /usr/share/maven-repo/org/codehaus/groovy/groovy-templates/2.4.5/groovy-templates-2.4.5.jar
66612000-66614000 r--s 00004000 08:01 1839662    /usr/share/maven-repo/org/codehaus/groovy/groovy-jsr223/2.4.5/groovy-jsr223-2.4.5.jar
66614000-66617000 r--s 0001e000 08:01 1147684    /usr/share/java/servlet-api-2.5.jar
66617000-66624000 r--s 00076000 08:01 1147859    /usr/share/java/xstream-1.4.8.jar
66624000-66628000 r--s 00028000 08:01 1149209    /usr/share/java/qdox-1.12.1.jar
66628000-6662c000 r--s 0001e000 08:01 1839667    /usr/share/maven-repo/org/codehaus/groovy/groovy-groovydoc/2.4.5/groovy-groovydoc-2.4.5.jar
6662c000-66631000 r--s 00068000 08:01 1144929    /usr/share/java/antlr.jar
66631000-6667f000 rw-p 00000000 00:00 0 
6667f000-66680000 ---p 00000000 00:00 0 
66680000-66700000 rw-p 00000000 00:00 0 
66700000-66721000 rw-p 00000000 00:00 0 
66721000-66800000 ---p 00000000 00:00 0 
66800000-66801000 r--s 00003000 08:01 1147898    /usr/share/java/hawtjni-runtime-1.10.jar
66801000-66802000 r--s 00001000 08:01 1147901    /usr/share/java/jansi-native-1.0.jar
66802000-66805000 r--s 0001d000 08:01 1839643    /usr/share/maven-repo/org/codehaus/groovy/groovy-json/2.4.5/groovy-json-2.4.5.jar
66805000-66824000 r--s 001d1000 08:01 1144743    /usr/share/java/ant-1.9.6.jar
66824000-6687f000 rw-p 00000000 00:00 0 
6687f000-66880000 ---p 00000000 00:00 0 
66880000-66900000 rw-p 00000000 00:00 0 
66900000-66921000 rw-p 00000000 00:00 0 
66921000-66a00000 ---p 00000000 00:00 0 
66a00000-66a01000 r--s 00005000 08:01 1147905    /usr/share/java/jansi-1.4.jar
66a01000-66a02000 r--s 0000d000 08:01 1147020    /usr/share/java/commons-logging-1.2.jar
66a02000-66a03000 r--s 0000a000 08:01 1149195    /usr/share/java/asm4-util-5.0.4.jar
66a03000-66a06000 r--s 0000d000 08:01 1149225    /usr/share/java/jcommander.jar
66a06000-66a07000 r--s 0000d000 08:01 1149216    /usr/share/java/jsr166y-1.7.0.jar
66a07000-66a09000 r--s 0000a000 08:01 1147016    /usr/share/java/commons-cli-1.3.1.jar
66a09000-66a0c000 r--s 00010000 08:01 1145778    /usr/share/java/bsf-2.4.0.jar
66a0c000-66a0e000 r--s 0001b000 08:01 1145289    /usr/share/java/ant-junit-1.9.6.jar
66a0e000-66a12000 r--s 00031000 08:01 1693912    /usr/share/maven-repo/org/codehaus/groovy/groovy-xml/2.4.5/groovy-xml-2.4.5.jar
66a12000-66a14000 r--s 0001d000 08:01 1693929    /usr/share/maven-repo/org/codehaus/groovy/groovy-jmx/2.4.5/groovy-jmx-2.4.5.jar
66a14000-66a1a000 r--s 0005e000 08:01 1693906    /usr/share/maven-repo/org/codehaus/groovy/groovy-groovysh/2.4.5/groovy-groovysh-2.4.5.jar
66a1a000-66a1c000 r--s 00004000 08:01 1149192    /usr/share/java/asm4-analysis-5.0.4.jar
66a1c000-66a28000 r--s 00094000 08:01 1693917    /usr/share/maven-repo/org/codehaus/groovy/groovy-console/2.4.5/groovy-console-2.4.5.jar
66a28000-66a29000 ---p 00000000 00:00 0 
66a29000-66abf000 rw-p 00000000 00:00 0 
66abf000-66bff000 ---p 00000000 00:00 0 
66bff000-66c15000 rw-p 00000000 00:00 0 
66c15000-66d54000 ---p 00000000 00:00 0 
66d54000-66d5f000 rw-p 00000000 00:00 0 
66d5f000-66dff000 ---p 00000000 00:00 0 
66dff000-698c0000 rw-p 00000000 00:00 0 
698c0000-918c0000 ---p 00000000 00:00 0 
918c0000-92e00000 rw-p 00000000 00:00 0 
92e00000-a6e00000 ---p 00000000 00:00 0 
a6e00000-a6e02000 r--s 0000a000 08:01 1147024    /usr/share/java/hamcrest-core-1.3.jar
a6e02000-a6e0a000 r--s 00045000 08:01 1147522    /usr/share/java/junit4-4.12.jar
a6e0a000-a6e25000 r--s 00394000 08:01 1693228    /usr/lib/jvm/java-8-openjdk-i386/jre/lib/ext/cldrdata.jar
a6e25000-a6e40000 r--s 001d6000 08:01 1693230    /usr/lib/jvm/java-8-openjdk-i386/jre/lib/ext/nashorn.jar
a6e40000-a6e4a000 rw-p 00000000 00:00 0 
a6e4a000-a7200000 ---p 00000000 00:00 0 
a7200000-a7460000 rwxp 00000000 00:00 0 
a7468000-b6200000 ---p 00000000 00:00 0 
b6200000-b62fb000 rw-p 00000000 00:00 0 
b62fb000-b6300000 ---p 00000000 00:00 0 
b6300000-b6301000 r--s 00002000 08:01 1145284    /usr/share/java/ant-antlr-1.9.6.jar
b6301000-b6307000 r--s 00051000 08:01 1839686    /usr/share/maven-repo/org/codehaus/groovy/groovy-swing/2.4.5/groovy-swing-2.4.5.jar
b6307000-b6309000 r--s 00010000 08:01 1839656    /usr/share/maven-repo/org/codehaus/groovy/groovy-ant/2.4.5/groovy-ant-2.4.5.jar
b6309000-b630b000 r--s 00012000 08:01 1839650    /usr/share/maven-repo/org/codehaus/groovy/groovy-sql/2.4.5/groovy-sql-2.4.5.jar
b630b000-b630d000 r--s 00009000 08:01 1148102    /usr/share/java/asm4-commons-5.0.4.jar
b630d000-b630e000 r--s 00002000 08:01 1839673    /usr/share/maven-repo/org/codehaus/groovy/groovy-bsf/2.4.5/groovy-bsf-2.4.5.jar
b630e000-b6310000 r--s 00008000 08:01 1693232    /usr/lib/jvm/java-8-openjdk-i386/jre/lib/ext/sunec.jar
b6310000-b6316000 r--s 0003a000 08:01 1693231    /usr/lib/jvm/java-8-openjdk-i386/jre/lib/ext/sunjce_provider.jar
b6316000-b6320000 r--s 00116000 08:01 1693233    /usr/lib/jvm/java-8-openjdk-i386/jre/lib/ext/localedata.jar
b6320000-b6338000 rw-p 00000000 00:00 0 
b6338000-b6343000 r-xp 00000000 08:01 3401300    /lib/i386-linux-gnu/libnss_files-2.23.so
b6343000-b6344000 r--p 0000a000 08:01 3401300    /lib/i386-linux-gnu/libnss_files-2.23.so
b6344000-b6345000 rw-p 0000b000 08:01 3401300    /lib/i386-linux-gnu/libnss_files-2.23.so
b6345000-b634b000 rw-p 00000000 00:00 0 
b634b000-b6356000 r-xp 00000000 08:01 3401303    /lib/i386-linux-gnu/libnss_nis-2.23.so
b6356000-b6357000 r--p 0000a000 08:01 3401303    /lib/i386-linux-gnu/libnss_nis-2.23.so
b6357000-b6358000 rw-p 0000b000 08:01 3401303    /lib/i386-linux-gnu/libnss_nis-2.23.so
b6358000-b636f000 r-xp 00000000 08:01 3401221    /lib/i386-linux-gnu/libnsl-2.23.so
b636f000-b6370000 r--p 00016000 08:01 3401221    /lib/i386-linux-gnu/libnsl-2.23.so
b6370000-b6371000 rw-p 00017000 08:01 3401221    /lib/i386-linux-gnu/libnsl-2.23.so
b6371000-b6373000 rw-p 00000000 00:00 0 
b6373000-b637b000 r-xp 00000000 08:01 3401309    /lib/i386-linux-gnu/libnss_compat-2.23.so
b637b000-b637c000 r--p 00007000 08:01 3401309    /lib/i386-linux-gnu/libnss_compat-2.23.so
b637c000-b637d000 rw-p 00008000 08:01 3401309    /lib/i386-linux-gnu/libnss_compat-2.23.so
b637d000-b637e000 r--s 00010000 08:01 1693229    /usr/lib/jvm/java-8-openjdk-i386/jre/lib/ext/zipfs.jar
b637e000-b6380000 r--s 00001000 08:01 1693236    /usr/lib/jvm/java-8-openjdk-i386/jre/lib/ext/dnsns.jar
b6380000-b6383000 r--s 0000f000 08:01 1693227    /usr/lib/jvm/java-8-openjdk-i386/jre/lib/ext/icedtea-sound.jar
b6383000-b638b000 r-xp 00000000 08:01 1693277    /usr/lib/jvm/java-8-openjdk-i386/jre/lib/i386/libzip.so
b638b000-b638c000 r--p 00007000 08:01 1693277    /usr/lib/jvm/java-8-openjdk-i386/jre/lib/i386/libzip.so
b638c000-b638d000 rw-p 00008000 08:01 1693277    /usr/lib/jvm/java-8-openjdk-i386/jre/lib/i386/libzip.so
b638d000-b6395000 rw-s 00000000 08:01 2577164    /tmp/hsperfdata_sarnobat/368
b6395000-b63bc000 r-xp 00000000 08:01 1693258    /usr/lib/jvm/java-8-openjdk-i386/jre/lib/i386/libjava.so
b63bc000-b63bd000 r--p 00026000 08:01 1693258    /usr/lib/jvm/java-8-openjdk-i386/jre/lib/i386/libjava.so
b63bd000-b63be000 rw-p 00027000 08:01 1693258    /usr/lib/jvm/java-8-openjdk-i386/jre/lib/i386/libjava.so
b63be000-b63c5000 r-xp 00000000 08:01 3401305    /lib/i386-linux-gnu/librt-2.23.so
b63c5000-b63c6000 r--p 00006000 08:01 3401305    /lib/i386-linux-gnu/librt-2.23.so
b63c6000-b63c7000 rw-p 00007000 08:01 3401305    /lib/i386-linux-gnu/librt-2.23.so
b63c7000-b63ca000 ---p 00000000 00:00 0 
b63ca000-b6418000 rw-p 00000000 00:00 0 
b6418000-b6434000 r-xp 00000000 08:01 3402590    /lib/i386-linux-gnu/libgcc_s.so.1
b6434000-b6435000 rw-p 0001b000 08:01 3402590    /lib/i386-linux-gnu/libgcc_s.so.1
b6435000-b6488000 r-xp 00000000 08:01 3401314    /lib/i386-linux-gnu/libm-2.23.so
b6488000-b6489000 r--p 00052000 08:01 3401314    /lib/i386-linux-gnu/libm-2.23.so
b6489000-b648a000 rw-p 00053000 08:01 3401314    /lib/i386-linux-gnu/libm-2.23.so
b648a000-b65f7000 r-xp 00000000 08:01 1110301    /usr/lib/i386-linux-gnu/libstdc++.so.6.0.21
b65f7000-b65f8000 ---p 0016d000 08:01 1110301    /usr/lib/i386-linux-gnu/libstdc++.so.6.0.21
b65f8000-b65fd000 r--p 0016d000 08:01 1110301    /usr/lib/i386-linux-gnu/libstdc++.so.6.0.21
b65fd000-b65fe000 rw-p 00172000 08:01 1110301    /usr/lib/i386-linux-gnu/libstdc++.so.6.0.21
b65fe000-b6601000 rw-p 00000000 00:00 0 
b6601000-b70d2000 r-xp 00000000 08:01 1693269    /usr/lib/jvm/java-8-openjdk-i386/jre/lib/i386/server/libjvm.so
b70d2000-b7118000 r--p 00ad0000 08:01 1693269    /usr/lib/jvm/java-8-openjdk-i386/jre/lib/i386/server/libjvm.so
b7118000-b712f000 rw-p 00b16000 08:01 1693269    /usr/lib/jvm/java-8-openjdk-i386/jre/lib/i386/server/libjvm.so
b712f000-b7550000 rw-p 00000000 00:00 0 
b7550000-b7569000 r-xp 00000000 08:01 3401302    /lib/i386-linux-gnu/libpthread-2.23.so
b7569000-b756a000 r--p 00018000 08:01 3401302    /lib/i386-linux-gnu/libpthread-2.23.so
b756a000-b756b000 rw-p 00019000 08:01 3401302    /lib/i386-linux-gnu/libpthread-2.23.so
b756b000-b756d000 rw-p 00000000 00:00 0 
b756d000-b7570000 r-xp 00000000 08:01 3401308    /lib/i386-linux-gnu/libdl-2.23.so
b7570000-b7571000 r--p 00002000 08:01 3401308    /lib/i386-linux-gnu/libdl-2.23.so
b7571000-b7572000 rw-p 00003000 08:01 3401308    /lib/i386-linux-gnu/libdl-2.23.so
b7572000-b758b000 r-xp 00000000 08:01 3402741    /lib/i386-linux-gnu/libz.so.1.2.8
b758b000-b758c000 r--p 00018000 08:01 3402741    /lib/i386-linux-gnu/libz.so.1.2.8
b758c000-b758d000 rw-p 00019000 08:01 3402741    /lib/i386-linux-gnu/libz.so.1.2.8
b758d000-b773d000 r-xp 00000000 08:01 3402570    /lib/i386-linux-gnu/libc-2.23.so
b773d000-b773f000 r--p 001af000 08:01 3402570    /lib/i386-linux-gnu/libc-2.23.so
b773f000-b7740000 rw-p 001b1000 08:01 3402570    /lib/i386-linux-gnu/libc-2.23.so
b7740000-b7743000 rw-p 00000000 00:00 0 
b7743000-b7744000 r--s 0000a000 08:01 1693235    /usr/lib/jvm/java-8-openjdk-i386/jre/lib/ext/jaccess.jar
b7744000-b7748000 r--s 00037000 08:01 1693234    /usr/lib/jvm/java-8-openjdk-i386/jre/lib/ext/sunpkcs11.jar
b7748000-b7749000 r--p 002d4000 08:01 1105218    /usr/lib/locale/locale-archive
b7749000-b774a000 rw-p 00000000 00:00 0 
b774a000-b774b000 r--p 00000000 00:00 0 
b774b000-b7759000 r-xp 00000000 08:01 1693275    /usr/lib/jvm/java-8-openjdk-i386/jre/lib/i386/libverify.so
b7759000-b775a000 r--p 0000d000 08:01 1693275    /usr/lib/jvm/java-8-openjdk-i386/jre/lib/i386/libverify.so
b775a000-b775b000 rw-p 0000e000 08:01 1693275    /usr/lib/jvm/java-8-openjdk-i386/jre/lib/i386/libverify.so
b775b000-b7768000 r-xp 00000000 08:01 1693273    /usr/lib/jvm/java-8-openjdk-i386/jre/lib/i386/jli/libjli.so
b7768000-b7769000 r--p 0000c000 08:01 1693273    /usr/lib/jvm/java-8-openjdk-i386/jre/lib/i386/jli/libjli.so
b7769000-b776a000 rw-p 0000d000 08:01 1693273    /usr/lib/jvm/java-8-openjdk-i386/jre/lib/i386/jli/libjli.so
b776a000-b776c000 rw-p 00000000 00:00 0 
b776c000-b776e000 r--p 00000000 00:00 0          [vvar]
b776e000-b776f000 r-xp 00000000 00:00 0          [vdso]
b776f000-b7791000 r-xp 00000000 08:01 3401231    /lib/i386-linux-gnu/ld-2.23.so
b7791000-b7792000 rw-p 00000000 00:00 0 
b7792000-b7793000 r--p 00022000 08:01 3401231    /lib/i386-linux-gnu/ld-2.23.so
b7793000-b7794000 rw-p 00023000 08:01 3401231    /lib/i386-linux-gnu/ld-2.23.so
bfdf1000-bfe12000 rw-p 00000000 00:00 0          [stack]

VM Arguments:
jvm_args: -Dscript.name=/usr/bin/groovy -Dprogram.name=groovy -Dgroovy.starter.conf=/usr/share/groovy2/conf/groovy-starter.conf -Dgroovy.home=/usr/share/groovy2 -Dtools.jar=/usr/lib/jvm/default-java/lib/tools.jar 
java_command: org.codehaus.groovy.tools.GroovyStarter --main groovy.ui.GroovyMain --conf /usr/share/groovy2/conf/groovy-starter.conf --classpath . httpcat_with_write.groovy 4470 /home/sarnobat/sarnobat.git/www/podcasts/podcasts.txt
java_class_path (initial): /usr/share/groovy2/lib/groovy-2.4.5.jar
Launcher Type: SUN_STANDARD

Environment Variables:
PATH=/usr/bin:/bin
SHELL=/bin/sh

Signal Handlers:
SIGSEGV: [libjvm.so+0x8d7370], sa_mask[0]=11111111011111111101111111111110, sa_flags=SA_RESTART|SA_SIGINFO
SIGBUS: [libjvm.so+0x8d7370], sa_mask[0]=11111111011111111101111111111110, sa_flags=SA_RESTART|SA_SIGINFO
SIGFPE: [libjvm.so+0x73d1c0], sa_mask[0]=11111111011111111101111111111110, sa_flags=SA_RESTART|SA_SIGINFO
SIGPIPE: [libjvm.so+0x73d1c0], sa_mask[0]=11111111011111111101111111111110, sa_flags=SA_RESTART|SA_SIGINFO
SIGXFSZ: [libjvm.so+0x73d1c0], sa_mask[0]=11111111011111111101111111111110, sa_flags=SA_RESTART|SA_SIGINFO
SIGILL: [libjvm.so+0x73d1c0], sa_mask[0]=11111111011111111101111111111110, sa_flags=SA_RESTART|SA_SIGINFO
SIGUSR1: SIG_DFL, sa_mask[0]=00000000000000000000000000000000, sa_flags=none
SIGUSR2: [libjvm.so+0x73d000], sa_mask[0]=00000000000000000000000000000000, sa_flags=SA_RESTART|SA_SIGINFO
SIGHUP: [libjvm.so+0x73d790], sa_mask[0]=11111111011111111101111111111110, sa_flags=SA_RESTART|SA_SIGINFO
SIGINT: [libjvm.so+0x73d790], sa_mask[0]=11111111011111111101111111111110, sa_flags=SA_RESTART|SA_SIGINFO
SIGTERM: [libjvm.so+0x73d790], sa_mask[0]=11111111011111111101111111111110, sa_flags=SA_RESTART|SA_SIGINFO
SIGQUIT: [libjvm.so+0x73d790], sa_mask[0]=11111111011111111101111111111110, sa_flags=SA_RESTART|SA_SIGINFO


---------------  S Y S T E M  ---------------

OS:DISTRIB_ID=Ubuntu
DISTRIB_RELEASE=16.04
DISTRIB_CODENAME=xenial
DISTRIB_DESCRIPTION="Ubuntu 16.04.1 LTS"

uname:Linux 4.4.0-104-generic #127-Ubuntu SMP Mon Dec 11 12:16:50 UTC 2017 i686
libc:glibc 2.23 NPTL 2.23 
rlimit: STACK 8192k, CORE 0k, NPROC 63057, NOFILE 65536, AS infinity
load average:120.40 111.09 193.99

/proc/meminfo:
MemTotal:        8107456 kB
MemFree:          395968 kB
MemAvailable:          0 kB
Buffers:            7232 kB
Cached:           179132 kB
SwapCached:        16932 kB
Active:          6179100 kB
Inactive:        1068840 kB
Active(anon):    6137212 kB
Inactive(anon):  1037632 kB
Active(file):      41888 kB
Inactive(file):    31208 kB
Unevictable:           0 kB
Mlocked:               0 kB
HighTotal:       7292552 kB
HighFree:         107884 kB
LowTotal:         814904 kB
LowFree:          288084 kB
SwapTotal:       4007932 kB
SwapFree:             72 kB
Dirty:              2004 kB
Writeback:           256 kB
AnonPages:       7045124 kB
Mapped:            43788 kB
Shmem:            112956 kB
Slab:             151736 kB
SReclaimable:      30336 kB
SUnreclaim:       121400 kB
KernelStack:       61520 kB
PageTables:       141172 kB
NFS_Unstable:          0 kB
Bounce:                0 kB
WritebackTmp:          0 kB
CommitLimit:     8061660 kB
Committed_AS:   28590364 kB
VmallocTotal:     122880 kB
VmallocUsed:           0 kB
VmallocChunk:          0 kB
AnonHugePages:   2791424 kB
CmaTotal:              0 kB
CmaFree:               0 kB
HugePages_Total:       0
HugePages_Free:        0
HugePages_Rsvd:        0
HugePages_Surp:        0
Hugepagesize:       2048 kB
DirectMap4k:       40952 kB
DirectMap2M:      870400 kB


CPU:total 4 (initial active 4) (2 cores per cpu, 2 threads per core) family 6 model 58 stepping 9, cmov, cx8, fxsr, mmx, sse, sse2, sse3, ssse3, sse4.1, sse4.2, popcnt, avx, aes, clmul, erms, ht, tsc, tscinvbit, tscinv

/proc/cpuinfo:
processor	: 0
vendor_id	: GenuineIntel
cpu family	: 6
model		: 58
model name	: Intel(R) Core(TM) i5-3427U CPU @ 1.80GHz
stepping	: 9
microcode	: 0x17
cpu MHz		: 2599.988
cache size	: 3072 KB
physical id	: 0
siblings	: 4
core id		: 0
cpu cores	: 2
apicid		: 0
initial apicid	: 0
fdiv_bug	: no
f00f_bug	: no
coma_bug	: no
fpu		: yes
fpu_exception	: yes
cpuid level	: 13
wp		: yes
flags		: fpu vme de pse tsc msr pae mce cx8 apic sep mtrr pge mca cmov pat pse36 clflush dts acpi mmx fxsr sse sse2 ss ht tm pbe nx rdtscp lm constant_tsc arch_perfmon pebs bts xtopology nonstop_tsc aperfmperf eagerfpu pni pclmulqdq dtes64 monitor ds_cpl vmx smx est tm2 ssse3 cx16 xtpr pdcm pcid sse4_1 sse4_2 x2apic popcnt tsc_deadline_timer aes xsave avx f16c rdrand lahf_lm epb tpr_shadow vnmi flexpriority ept vpid fsgsbase smep erms xsaveopt dtherm ida arat pln pts
bugs		:
bogomips	: 4589.83
clflush size	: 64
cache_alignment	: 64
address sizes	: 36 bits physical, 48 bits virtual
power management:

processor	: 1
vendor_id	: GenuineIntel
cpu family	: 6
model		: 58
model name	: Intel(R) Core(TM) i5-3427U CPU @ 1.80GHz
stepping	: 9
microcode	: 0x17
cpu MHz		: 2599.988
cache size	: 3072 KB
physical id	: 0
siblings	: 4
core id		: 1
cpu cores	: 2
apicid		: 2
initial apicid	: 2
fdiv_bug	: no
f00f_bug	: no
coma_bug	: no
fpu		: yes
fpu_exception	: yes
cpuid level	: 13
wp		: yes
flags		: fpu vme de pse tsc msr pae mce cx8 apic sep mtrr pge mca cmov pat pse36 clflush dts acpi mmx fxsr sse sse2 ss ht tm pbe nx rdtscp lm constant_tsc arch_perfmon pebs bts xtopology nonstop_tsc aperfmperf eagerfpu pni pclmulqdq dtes64 monitor ds_cpl vmx smx est tm2 ssse3 cx16 xtpr pdcm pcid sse4_1 sse4_2 x2apic popcnt tsc_deadline_timer aes xsave avx f16c rdrand lahf_lm epb tpr_shadow vnmi flexpriority ept vpid fsgsbase smep erms xsaveopt dtherm ida arat pln pts
bugs		:
bogomips	: 4589.83
clflush size	: 64
cache_alignment	: 64
address sizes	: 36 bits physical, 48 bits virtual
power management:

processor	: 2
vendor_id	: GenuineIntel
cpu family	: 6
model		: 58
model name	: Intel(R) Core(TM) i5-3427U CPU @ 1.80GHz
stepping	: 9
microcode	: 0x17
cpu MHz		: 2599.988
cache size	: 3072 KB
physical id	: 0
siblings	: 4
core id		: 0
cpu cores	: 2
apicid		: 1
initial apicid	: 1
fdiv_bug	: no
f00f_bug	: no
coma_bug	: no
fpu		: yes
fpu_exception	: yes
cpuid level	: 13
wp		: yes
flags		: fpu vme de pse tsc msr pae mce cx8 apic sep mtrr pge mca cmov pat pse36 clflush dts acpi mmx fxsr sse sse2 ss ht tm pbe nx rdtscp lm constant_tsc arch_perfmon pebs bts xtopology nonstop_tsc aperfmperf eagerfpu pni pclmulqdq dtes64 monitor ds_cpl vmx smx est tm2 ssse3 cx16 xtpr pdcm pcid sse4_1 sse4_2 x2apic popcnt tsc_deadline_timer aes xsave avx f16c rdrand lahf_lm epb tpr_shadow vnmi flexpriority ept vpid fsgsbase smep erms xsaveopt dtherm ida arat pln pts
bugs		:
bogomips	: 4589.83
clflush size	: 64
cache_alignment	: 64
address sizes	: 36 bits physical, 48 bits virtual
power management:

processor	: 3
vendor_id	: GenuineIntel
cpu family	: 6
model		: 58
model name	: Intel(R) Core(TM) i5-3427U CPU @ 1.80GHz
stepping	: 9
microcode	: 0x17
cpu MHz		: 2599.988
cache size	: 3072 KB
physical id	: 0
siblings	: 4
core id		: 1
cpu cores	: 2
apicid		: 3
initial apicid	: 3
fdiv_bug	: no
f00f_bug	: no
coma_bug	: no
fpu		: yes
fpu_exception	: yes
cpuid level	: 13
wp		: yes
flags		: fpu vme de pse tsc msr pae mce cx8 apic sep mtrr pge mca cmov pat pse36 clflush dts acpi mmx fxsr sse sse2 ss ht tm pbe nx rdtscp lm constant_tsc arch_perfmon pebs bts xtopology nonstop_tsc aperfmperf eagerfpu pni pclmulqdq dtes64 monitor ds_cpl vmx smx est tm2 ssse3 cx16 xtpr pdcm pcid sse4_1 sse4_2 x2apic popcnt tsc_deadline_timer aes xsave avx f16c rdrand lahf_lm epb tpr_shadow vnmi flexpriority ept vpid fsgsbase smep erms xsaveopt dtherm ida arat pln pts
bugs		:
bogomips	: 4589.83
clflush size	: 64
cache_alignment	: 64
address sizes	: 36 bits physical, 48 bits virtual
power management:



Memory: 4k page, physical 8107456k(395968k free), swap 4007932k(72k free)

vm_info: OpenJDK Server VM (25.151-b12) for linux-x86 JRE (1.8.0_151-8u151-b12-0ubuntu0.16.04.2-b12), built on Oct 27 2017 22:05:04 by "buildd" with gcc 5.4.0 20160609

time: Thu Dec 21 05:00:56 2017
elapsed time: 52 seconds (0d 0h 0m 52s)

