#
# There is insufficient memory for the Java Runtime Environment to continue.
# Native memory allocation (mmap) failed to map 32768 bytes for committing reserved memory.
# Possible reasons:
#   The system is out of physical RAM or swap space
#   In 32 bit mode, the process size limit was hit
# Possible solutions:
#   Reduce memory load on the system
#   Increase physical memory or swap space
#   Check if swap backing store is full
#   Use 64 bit Java on a 64 bit OS
#   Decrease Java heap size (-Xmx/-Xms)
#   Decrease number of Java threads
#   Decrease Java thread stack sizes (-Xss)
#   Set larger code cache with -XX:ReservedCodeCacheSize=
# This output file may be truncated or incomplete.
#
#  Out of Memory Error (os_linux.cpp:2643), pid=6392, tid=0xb63fdb40
#
# JRE version: OpenJDK Runtime Environment (8.0_151-b12) (build 1.8.0_151-8u151-b12-0ubuntu0.16.04.2-b12)
# Java VM: OpenJDK Server VM (25.151-b12 mixed mode linux-x86 )
# Failed to write core dump. Core dumps have been disabled. To enable core dumping, try "ulimit -c unlimited" before starting Java again
#

---------------  T H R E A D  ---------------

Current thread (0xb6207800):  JavaThread "main" [_thread_in_vm, id=6719, stack(0xb63ad000,0xb63fe000)]

Stack: [0xb63ad000,0xb63fe000],  sp=0xb63fafd8,  free space=311k
Native frames: (J=compiled Java code, j=interpreted, Vv=VM code, C=native code)
V  [libjvm.so+0x8d6834]
V  [libjvm.so+0x3a7c76]
V  [libjvm.so+0x7420c0]
V  [libjvm.so+0x73c013]
V  [libjvm.so+0x8d3264]
V  [libjvm.so+0x4ba943]
V  [libjvm.so+0x335e73]
V  [libjvm.so+0x330d33]
V  [libjvm.so+0x7e9666]
V  [libjvm.so+0x6d4ea5]
V  [libjvm.so+0x4e5705]
V  [libjvm.so+0x4e5d53]
V  [libjvm.so+0x4ec23c]
V  [libjvm.so+0x4ec7aa]
V  [libjvm.so+0x50e79f]
j  org.codehaus.groovy.syntax.Numbers.<clinit>()V+36
v  ~StubRoutines::call_stub
V  [libjvm.so+0x51faad]
V  [libjvm.so+0x746985]
V  [libjvm.so+0x51ebea]
V  [libjvm.so+0x4ebfb8]
V  [libjvm.so+0x4ec367]
V  [libjvm.so+0x4ec7aa]
V  [libjvm.so+0x62d508]
V  [libjvm.so+0x63147a]
V  [libjvm.so+0x633a38]
V  [libjvm.so+0x513af7]
j  org.codehaus.groovy.antlr.AntlrParserPlugin.integerExpression(Lgroovyjarjarantlr/collections/AST;)Lorg/codehaus/groovy/ast/expr/ConstantExpression;+8
j  org.codehaus.groovy.antlr.AntlrParserPlugin.expressionSwitch(Lgroovyjarjarantlr/collections/AST;)Lorg/codehaus/groovy/ast/expr/Expression;+1008
j  org.codehaus.groovy.antlr.AntlrParserPlugin.expression(Lgroovyjarjarantlr/collections/AST;Z)Lorg/codehaus/groovy/ast/expr/Expression;+2
j  org.codehaus.groovy.antlr.AntlrParserPlugin.expression(Lgroovyjarjarantlr/collections/AST;)Lorg/codehaus/groovy/ast/expr/Expression;+3
j  org.codehaus.groovy.antlr.AntlrParserPlugin.expressionSwitch(Lgroovyjarjarantlr/collections/AST;)Lorg/codehaus/groovy/ast/expr/Expression;+827
j  org.codehaus.groovy.antlr.AntlrParserPlugin.expression(Lgroovyjarjarantlr/collections/AST;Z)Lorg/codehaus/groovy/ast/expr/Expression;+2
j  org.codehaus.groovy.antlr.AntlrParserPlugin.expression(Lgroovyjarjarantlr/collections/AST;)Lorg/codehaus/groovy/ast/expr/Expression;+3
j  org.codehaus.groovy.antlr.AntlrParserPlugin.addArgumentExpression(Lgroovyjarjarantlr/collections/AST;Ljava/util/List;)Z+58
j  org.codehaus.groovy.antlr.AntlrParserPlugin.arguments(Lgroovyjarjarantlr/collections/AST;)Lorg/codehaus/groovy/ast/expr/Expression;+47
j  org.codehaus.groovy.antlr.AntlrParserPlugin.methodCallExpression(Lgroovyjarjarantlr/collections/AST;)Lorg/codehaus/groovy/ast/expr/Expression;+457
j  org.codehaus.groovy.antlr.AntlrParserPlugin.expressionSwitch(Lgroovyjarjarantlr/collections/AST;)Lorg/codehaus/groovy/ast/expr/Expression;+860
j  org.codehaus.groovy.antlr.AntlrParserPlugin.expression(Lgroovyjarjarantlr/collections/AST;Z)Lorg/codehaus/groovy/ast/expr/Expression;+2
j  org.codehaus.groovy.antlr.AntlrParserPlugin.expression(Lgroovyjarjarantlr/collections/AST;)Lorg/codehaus/groovy/ast/expr/Expression;+3
j  org.codehaus.groovy.antlr.AntlrParserPlugin.expressionSwitch(Lgroovyjarjarantlr/collections/AST;)Lorg/codehaus/groovy/ast/expr/Expression;+827
j  org.codehaus.groovy.antlr.AntlrParserPlugin.expression(Lgroovyjarjarantlr/collections/AST;Z)Lorg/codehaus/groovy/ast/expr/Expression;+2
j  org.codehaus.groovy.antlr.AntlrParserPlugin.expression(Lgroovyjarjarantlr/collections/AST;)Lorg/codehaus/groovy/ast/expr/Expression;+3
j  org.codehaus.groovy.antlr.AntlrParserPlugin.statement(Lgroovyjarjarantlr/collections/AST;)Lorg/codehaus/groovy/ast/stmt/Statement;+286
j  org.codehaus.groovy.antlr.AntlrParserPlugin.statementListNoChild(Lgroovyjarjarantlr/collections/AST;Lgroovyjarjarantlr/collections/AST;)Lorg/codehaus/groovy/ast/stmt/Statement;+34
j  org.codehaus.groovy.antlr.AntlrParserPlugin.statementList(Lgroovyjarjarantlr/collections/AST;)Lorg/codehaus/groovy/ast/stmt/Statement;+8
j  org.codehaus.groovy.antlr.AntlrParserPlugin.statement(Lgroovyjarjarantlr/collections/AST;)Lorg/codehaus/groovy/ast/stmt/Statement;+150
j  org.codehaus.groovy.antlr.AntlrParserPlugin.ifStatement(Lgroovyjarjarantlr/collections/AST;)Lorg/codehaus/groovy/ast/stmt/Statement;+29
j  org.codehaus.groovy.antlr.AntlrParserPlugin.statement(Lgroovyjarjarantlr/collections/AST;)Lorg/codehaus/groovy/ast/stmt/Statement;+210
j  org.codehaus.groovy.antlr.AntlrParserPlugin.statementListNoChild(Lgroovyjarjarantlr/collections/AST;Lgroovyjarjarantlr/collections/AST;)Lorg/codehaus/groovy/ast/stmt/Statement;+34
j  org.codehaus.groovy.antlr.AntlrParserPlugin.statementList(Lgroovyjarjarantlr/collections/AST;)Lorg/codehaus/groovy/ast/stmt/Statement;+8
j  org.codehaus.groovy.antlr.AntlrParserPlugin.statement(Lgroovyjarjarantlr/collections/AST;)Lorg/codehaus/groovy/ast/stmt/Statement;+150
j  org.codehaus.groovy.antlr.AntlrParserPlugin.tryStatement(Lgroovyjarjarantlr/collections/AST;)Lorg/codehaus/groovy/ast/stmt/Statement;+9
j  org.codehaus.groovy.antlr.AntlrParserPlugin.statement(Lgroovyjarjarantlr/collections/AST;)Lorg/codehaus/groovy/ast/stmt/Statement;+255
j  org.codehaus.groovy.antlr.AntlrParserPlugin.statementListNoChild(Lgroovyjarjarantlr/collections/AST;Lgroovyjarjarantlr/collections/AST;)Lorg/codehaus/groovy/ast/stmt/Statement;+34
j  org.codehaus.groovy.antlr.AntlrParserPlugin.statementList(Lgroovyjarjarantlr/collections/AST;)Lorg/codehaus/groovy/ast/stmt/Statement;+8
j  org.codehaus.groovy.antlr.AntlrParserPlugin.statement(Lgroovyjarjarantlr/collections/AST;)Lorg/codehaus/groovy/ast/stmt/Statement;+150
j  org.codehaus.groovy.antlr.AntlrParserPlugin.labelledStatement(Lgroovyjarjarantlr/collections/AST;)Lorg/codehaus/groovy/ast/stmt/Statement;+20
j  org.codehaus.groovy.antlr.AntlrParserPlugin.statement(Lgroovyjarjarantlr/collections/AST;)Lorg/codehaus/groovy/ast/stmt/Statement;+177
j  org.codehaus.groovy.antlr.AntlrParserPlugin.statementListNoChild(Lgroovyjarjarantlr/collections/AST;Lgroovyjarjarantlr/collections/AST;)Lorg/codehaus/groovy/ast/stmt/Statement;+34
j  org.codehaus.groovy.antlr.AntlrParserPlugin.statementList(Lgroovyjarjarantlr/collections/AST;)Lorg/codehaus/groovy/ast/stmt/Statement;+8
j  org.codehaus.groovy.antlr.AntlrParserPlugin.methodDef(Lgroovyjarjarantlr/collections/AST;)V+462
j  org.codehaus.groovy.antlr.AntlrParserPlugin.objectBlock(Lgroovyjarjarantlr/collections/AST;)V+134
j  org.codehaus.groovy.antlr.AntlrParserPlugin.innerClassDef(Lgroovyjarjarantlr/collections/AST;)V+388
j  org.codehaus.groovy.antlr.AntlrParserPlugin.classDef(Lgroovyjarjarantlr/collections/AST;)V+7
j  org.codehaus.groovy.antlr.AntlrParserPlugin.convertGroovy(Lgroovyjarjarantlr/collections/AST;)V+114
j  org.codehaus.groovy.antlr.AntlrParserPlugin.buildAST(Lorg/codehaus/groovy/control/SourceUnit;Ljava/lang/ClassLoader;Lorg/codehaus/groovy/syntax/Reduction;)Lorg/codehaus/groovy/ast/ModuleNode;+14
j  org.codehaus.groovy.control.SourceUnit.convert()V+52
j  org.codehaus.groovy.control.CompilationUnit$13.call(Lorg/codehaus/groovy/control/SourceUnit;)V+1
j  org.codehaus.groovy.control.CompilationUnit.applyToSourceUnits(Lorg/codehaus/groovy/control/CompilationUnit$SourceUnitOperation;)V+79
j  org.codehaus.groovy.control.CompilationUnit.doPhaseOperation(Ljava/lang/Object;)V+30
j  org.codehaus.groovy.control.CompilationUnit.processPhaseOperations(I)V+32
j  org.codehaus.groovy.control.CompilationUnit.compile(I)V+60
j  groovy.lang.GroovyClassLoader.doParseClass(Lgroovy/lang/GroovyCodeSource;)Ljava/lang/Class;+164
j  groovy.lang.GroovyClassLoader.parseClass(Lgroovy/lang/GroovyCodeSource;Z)Ljava/lang/Class;+37
j  groovy.lang.GroovyShell.parseClass(Lgroovy/lang/GroovyCodeSource;)Ljava/lang/Class;+6
j  groovy.lang.GroovyShell.run(Lgroovy/lang/GroovyCodeSource;[Ljava/lang/String;)Ljava/lang/Object;+2
j  groovy.lang.GroovyShell.run(Lgroovy/lang/GroovyCodeSource;Ljava/util/List;)Ljava/lang/Object;+23
j  groovy.ui.GroovyMain.processOnce()V+33
j  groovy.ui.GroovyMain.run()Z+29
j  groovy.ui.GroovyMain.process(Lgroovyjarjarcommonscli/CommandLine;)Z+602
j  groovy.ui.GroovyMain.processArgs([Ljava/lang/String;Ljava/io/PrintStream;)V+108
j  groovy.ui.GroovyMain.main([Ljava/lang/String;)V+4
v  ~StubRoutines::call_stub
V  [libjvm.so+0x51faad]
V  [libjvm.so+0x746985]
V  [libjvm.so+0x51ebea]
V  [libjvm.so+0x7b8d25]
V  [libjvm.so+0x7baa5e]
V  [libjvm.so+0x565ade]  JVM_InvokeMethod+0x10e
C  [libjava.so+0xcf53]  Java_sun_reflect_NativeMethodAccessorImpl_invoke0+0x23
j  sun.reflect.NativeMethodAccessorImpl.invoke0(Ljava/lang/reflect/Method;Ljava/lang/Object;[Ljava/lang/Object;)Ljava/lang/Object;+0
j  sun.reflect.NativeMethodAccessorImpl.invoke(Ljava/lang/Object;[Ljava/lang/Object;)Ljava/lang/Object;+100
j  sun.reflect.DelegatingMethodAccessorImpl.invoke(Ljava/lang/Object;[Ljava/lang/Object;)Ljava/lang/Object;+6
j  java.lang.reflect.Method.invoke(Ljava/lang/Object;[Ljava/lang/Object;)Ljava/lang/Object;+56
j  org.codehaus.groovy.tools.GroovyStarter.rootLoader([Ljava/lang/String;)V+391
j  org.codehaus.groovy.tools.GroovyStarter.main([Ljava/lang/String;)V+1
v  ~StubRoutines::call_stub
V  [libjvm.so+0x51faad]
V  [libjvm.so+0x746985]
...<more frames>...

Java frames: (J=compiled Java code, j=interpreted, Vv=VM code)
j  org.codehaus.groovy.syntax.Numbers.<clinit>()V+36
v  ~StubRoutines::call_stub
j  org.codehaus.groovy.antlr.AntlrParserPlugin.integerExpression(Lgroovyjarjarantlr/collections/AST;)Lorg/codehaus/groovy/ast/expr/ConstantExpression;+8
j  org.codehaus.groovy.antlr.AntlrParserPlugin.expressionSwitch(Lgroovyjarjarantlr/collections/AST;)Lorg/codehaus/groovy/ast/expr/Expression;+1008
j  org.codehaus.groovy.antlr.AntlrParserPlugin.expression(Lgroovyjarjarantlr/collections/AST;Z)Lorg/codehaus/groovy/ast/expr/Expression;+2
j  org.codehaus.groovy.antlr.AntlrParserPlugin.expression(Lgroovyjarjarantlr/collections/AST;)Lorg/codehaus/groovy/ast/expr/Expression;+3
j  org.codehaus.groovy.antlr.AntlrParserPlugin.expressionSwitch(Lgroovyjarjarantlr/collections/AST;)Lorg/codehaus/groovy/ast/expr/Expression;+827
j  org.codehaus.groovy.antlr.AntlrParserPlugin.expression(Lgroovyjarjarantlr/collections/AST;Z)Lorg/codehaus/groovy/ast/expr/Expression;+2
j  org.codehaus.groovy.antlr.AntlrParserPlugin.expression(Lgroovyjarjarantlr/collections/AST;)Lorg/codehaus/groovy/ast/expr/Expression;+3
j  org.codehaus.groovy.antlr.AntlrParserPlugin.addArgumentExpression(Lgroovyjarjarantlr/collections/AST;Ljava/util/List;)Z+58
j  org.codehaus.groovy.antlr.AntlrParserPlugin.arguments(Lgroovyjarjarantlr/collections/AST;)Lorg/codehaus/groovy/ast/expr/Expression;+47
j  org.codehaus.groovy.antlr.AntlrParserPlugin.methodCallExpression(Lgroovyjarjarantlr/collections/AST;)Lorg/codehaus/groovy/ast/expr/Expression;+457
j  org.codehaus.groovy.antlr.AntlrParserPlugin.expressionSwitch(Lgroovyjarjarantlr/collections/AST;)Lorg/codehaus/groovy/ast/expr/Expression;+860
j  org.codehaus.groovy.antlr.AntlrParserPlugin.expression(Lgroovyjarjarantlr/collections/AST;Z)Lorg/codehaus/groovy/ast/expr/Expression;+2
j  org.codehaus.groovy.antlr.AntlrParserPlugin.expression(Lgroovyjarjarantlr/collections/AST;)Lorg/codehaus/groovy/ast/expr/Expression;+3
j  org.codehaus.groovy.antlr.AntlrParserPlugin.expressionSwitch(Lgroovyjarjarantlr/collections/AST;)Lorg/codehaus/groovy/ast/expr/Expression;+827
j  org.codehaus.groovy.antlr.AntlrParserPlugin.expression(Lgroovyjarjarantlr/collections/AST;Z)Lorg/codehaus/groovy/ast/expr/Expression;+2
j  org.codehaus.groovy.antlr.AntlrParserPlugin.expression(Lgroovyjarjarantlr/collections/AST;)Lorg/codehaus/groovy/ast/expr/Expression;+3
j  org.codehaus.groovy.antlr.AntlrParserPlugin.statement(Lgroovyjarjarantlr/collections/AST;)Lorg/codehaus/groovy/ast/stmt/Statement;+286
j  org.codehaus.groovy.antlr.AntlrParserPlugin.statementListNoChild(Lgroovyjarjarantlr/collections/AST;Lgroovyjarjarantlr/collections/AST;)Lorg/codehaus/groovy/ast/stmt/Statement;+34
j  org.codehaus.groovy.antlr.AntlrParserPlugin.statementList(Lgroovyjarjarantlr/collections/AST;)Lorg/codehaus/groovy/ast/stmt/Statement;+8
j  org.codehaus.groovy.antlr.AntlrParserPlugin.statement(Lgroovyjarjarantlr/collections/AST;)Lorg/codehaus/groovy/ast/stmt/Statement;+150
j  org.codehaus.groovy.antlr.AntlrParserPlugin.ifStatement(Lgroovyjarjarantlr/collections/AST;)Lorg/codehaus/groovy/ast/stmt/Statement;+29
j  org.codehaus.groovy.antlr.AntlrParserPlugin.statement(Lgroovyjarjarantlr/collections/AST;)Lorg/codehaus/groovy/ast/stmt/Statement;+210
j  org.codehaus.groovy.antlr.AntlrParserPlugin.statementListNoChild(Lgroovyjarjarantlr/collections/AST;Lgroovyjarjarantlr/collections/AST;)Lorg/codehaus/groovy/ast/stmt/Statement;+34
j  org.codehaus.groovy.antlr.AntlrParserPlugin.statementList(Lgroovyjarjarantlr/collections/AST;)Lorg/codehaus/groovy/ast/stmt/Statement;+8
j  org.codehaus.groovy.antlr.AntlrParserPlugin.statement(Lgroovyjarjarantlr/collections/AST;)Lorg/codehaus/groovy/ast/stmt/Statement;+150
j  org.codehaus.groovy.antlr.AntlrParserPlugin.tryStatement(Lgroovyjarjarantlr/collections/AST;)Lorg/codehaus/groovy/ast/stmt/Statement;+9
j  org.codehaus.groovy.antlr.AntlrParserPlugin.statement(Lgroovyjarjarantlr/collections/AST;)Lorg/codehaus/groovy/ast/stmt/Statement;+255
j  org.codehaus.groovy.antlr.AntlrParserPlugin.statementListNoChild(Lgroovyjarjarantlr/collections/AST;Lgroovyjarjarantlr/collections/AST;)Lorg/codehaus/groovy/ast/stmt/Statement;+34
j  org.codehaus.groovy.antlr.AntlrParserPlugin.statementList(Lgroovyjarjarantlr/collections/AST;)Lorg/codehaus/groovy/ast/stmt/Statement;+8
j  org.codehaus.groovy.antlr.AntlrParserPlugin.statement(Lgroovyjarjarantlr/collections/AST;)Lorg/codehaus/groovy/ast/stmt/Statement;+150
j  org.codehaus.groovy.antlr.AntlrParserPlugin.labelledStatement(Lgroovyjarjarantlr/collections/AST;)Lorg/codehaus/groovy/ast/stmt/Statement;+20
j  org.codehaus.groovy.antlr.AntlrParserPlugin.statement(Lgroovyjarjarantlr/collections/AST;)Lorg/codehaus/groovy/ast/stmt/Statement;+177
j  org.codehaus.groovy.antlr.AntlrParserPlugin.statementListNoChild(Lgroovyjarjarantlr/collections/AST;Lgroovyjarjarantlr/collections/AST;)Lorg/codehaus/groovy/ast/stmt/Statement;+34
j  org.codehaus.groovy.antlr.AntlrParserPlugin.statementList(Lgroovyjarjarantlr/collections/AST;)Lorg/codehaus/groovy/ast/stmt/Statement;+8
j  org.codehaus.groovy.antlr.AntlrParserPlugin.methodDef(Lgroovyjarjarantlr/collections/AST;)V+462
j  org.codehaus.groovy.antlr.AntlrParserPlugin.objectBlock(Lgroovyjarjarantlr/collections/AST;)V+134
j  org.codehaus.groovy.antlr.AntlrParserPlugin.innerClassDef(Lgroovyjarjarantlr/collections/AST;)V+388
j  org.codehaus.groovy.antlr.AntlrParserPlugin.classDef(Lgroovyjarjarantlr/collections/AST;)V+7
j  org.codehaus.groovy.antlr.AntlrParserPlugin.convertGroovy(Lgroovyjarjarantlr/collections/AST;)V+114
j  org.codehaus.groovy.antlr.AntlrParserPlugin.buildAST(Lorg/codehaus/groovy/control/SourceUnit;Ljava/lang/ClassLoader;Lorg/codehaus/groovy/syntax/Reduction;)Lorg/codehaus/groovy/ast/ModuleNode;+14
j  org.codehaus.groovy.control.SourceUnit.convert()V+52
j  org.codehaus.groovy.control.CompilationUnit$13.call(Lorg/codehaus/groovy/control/SourceUnit;)V+1
j  org.codehaus.groovy.control.CompilationUnit.applyToSourceUnits(Lorg/codehaus/groovy/control/CompilationUnit$SourceUnitOperation;)V+79
j  org.codehaus.groovy.control.CompilationUnit.doPhaseOperation(Ljava/lang/Object;)V+30
j  org.codehaus.groovy.control.CompilationUnit.processPhaseOperations(I)V+32
j  org.codehaus.groovy.control.CompilationUnit.compile(I)V+60
j  groovy.lang.GroovyClassLoader.doParseClass(Lgroovy/lang/GroovyCodeSource;)Ljava/lang/Class;+164
j  groovy.lang.GroovyClassLoader.parseClass(Lgroovy/lang/GroovyCodeSource;Z)Ljava/lang/Class;+37
j  groovy.lang.GroovyShell.parseClass(Lgroovy/lang/GroovyCodeSource;)Ljava/lang/Class;+6
j  groovy.lang.GroovyShell.run(Lgroovy/lang/GroovyCodeSource;[Ljava/lang/String;)Ljava/lang/Object;+2
j  groovy.lang.GroovyShell.run(Lgroovy/lang/GroovyCodeSource;Ljava/util/List;)Ljava/lang/Object;+23
j  groovy.ui.GroovyMain.processOnce()V+33
j  groovy.ui.GroovyMain.run()Z+29
j  groovy.ui.GroovyMain.process(Lgroovyjarjarcommonscli/CommandLine;)Z+602
j  groovy.ui.GroovyMain.processArgs([Ljava/lang/String;Ljava/io/PrintStream;)V+108
j  groovy.ui.GroovyMain.main([Ljava/lang/String;)V+4
v  ~StubRoutines::call_stub
j  sun.reflect.NativeMethodAccessorImpl.invoke0(Ljava/lang/reflect/Method;Ljava/lang/Object;[Ljava/lang/Object;)Ljava/lang/Object;+0
j  sun.reflect.NativeMethodAccessorImpl.invoke(Ljava/lang/Object;[Ljava/lang/Object;)Ljava/lang/Object;+100
j  sun.reflect.DelegatingMethodAccessorImpl.invoke(Ljava/lang/Object;[Ljava/lang/Object;)Ljava/lang/Object;+6
j  java.lang.reflect.Method.invoke(Ljava/lang/Object;[Ljava/lang/Object;)Ljava/lang/Object;+56
j  org.codehaus.groovy.tools.GroovyStarter.rootLoader([Ljava/lang/String;)V+391
j  org.codehaus.groovy.tools.GroovyStarter.main([Ljava/lang/String;)V+1
v  ~StubRoutines::call_stub

---------------  P R O C E S S  ---------------

Java Threads: ( => current thread )
  0x637a9c00 JavaThread "Service Thread" daemon [_thread_blocked, id=7266, stack(0x630db000,0x6312c000)]
  0x637a7000 JavaThread "C1 CompilerThread2" daemon [_thread_blocked, id=7250, stack(0x6312c000,0x631ad000)]
  0x637a5c00 JavaThread "C2 CompilerThread1" daemon [_thread_blocked, id=7239, stack(0x631ad000,0x6322e000)]
  0x637a3c00 JavaThread "C2 CompilerThread0" daemon [_thread_blocked, id=7230, stack(0x6322e000,0x632af000)]
  0x637a2400 JavaThread "Signal Dispatcher" daemon [_thread_blocked, id=7191, stack(0x632af000,0x63300000)]
  0x63788800 JavaThread "Finalizer" daemon [_thread_blocked, id=7033, stack(0x63813000,0x63864000)]
  0x63785800 JavaThread "Reference Handler" daemon [_thread_blocked, id=7005, stack(0x6642e000,0x6647f000)]
=>0xb6207800 JavaThread "main" [_thread_in_vm, id=6719, stack(0xb63ad000,0xb63fe000)]

Other Threads:
  0x63781000 VMThread [stack: 0x63864000,0x638e5000] [id=6982]
  0x637ab800 WatcherThread [stack: 0x6305a000,0x630db000] [id=7275]

VM state:not at safepoint (normal execution)

VM Mutex/Monitor currently owned by a thread:  ([mutex/lock_event])
[0xb6204560] CodeCache_lock - owner thread: 0xb6207800
[0xb6205330] AdapterHandlerLibrary_lock - owner thread: 0xb6207800

Heap:
 PSYoungGen      total 35840K, used 5425K [0x918c0000, 0x93e40000, 0xa6e00000)
  eden space 33280K, 8% used [0x918c0000,0x91b8e578,0x93940000)
  from space 2560K, 99% used [0x93bc0000,0x93e3e180,0x93e40000)
  to   space 2560K, 0% used [0x93940000,0x93940000,0x93bc0000)
 ParOldGen       total 43776K, used 1389K [0x66e00000, 0x698c0000, 0x918c0000)
  object space 43776K, 3% used [0x66e00000,0x66f5b4e8,0x698c0000)
 Metaspace       used 6548K, capacity 6604K, committed 6680K, reserved 7472K

Card table byte_map: [0x66bff000,0x66e00000] byte_map_base: 0x668c8000

Marking Bits: (ParMarkBitMap*) 0xb7123880
 Begin Bits: [0x64300000, 0x65300000)
 End Bits:   [0x65300000, 0x66300000)

Polling page: 0xb7730000

CodeCache: size=245760Kb used=2524Kb max_used=2524Kb free=243235Kb
 bounds [0xa7200000, 0xa7478000, 0xb6200000]
 total_blobs=985 nmethods=818 adapters=81
 compilation: enabled

Compilation events (10 events):
Event: 56.431 Thread 0x637a7000  847       3       org.codehaus.groovy.antlr.AntlrParserPlugin::configureAST (95 bytes)
Event: 56.433 Thread 0x637a7000 nmethod 847 0xa7472b48 code [0xa7472dc0, 0xa7473d10]
Event: 56.433 Thread 0x637a7000  848       3       org.codehaus.groovy.ast.ASTNode::setColumnNumber (6 bytes)
Event: 56.433 Thread 0x637a7000 nmethod 848 0xa74728c8 code [0xa74729e0, 0xa7472ac0]
Event: 56.433 Thread 0x637a7000  849       3       org.codehaus.groovy.ast.ASTNode::setLineNumber (6 bytes)
Event: 56.433 Thread 0x637a7000 nmethod 849 0xa7477688 code [0xa74777a0, 0xa7477880]
Event: 56.433 Thread 0x637a7000  850       3       org.codehaus.groovy.ast.ASTNode::setLastColumnNumber (6 bytes)
Event: 56.433 Thread 0x637a7000 nmethod 850 0xa7477908 code [0xa7477a20, 0xa7477b00]
Event: 56.434 Thread 0x637a7000  851       3       org.codehaus.groovy.ast.ASTNode::setLastLineNumber (6 bytes)
Event: 56.434 Thread 0x637a7000 nmethod 851 0xa7477b88 code [0xa7477ca0, 0xa7477d80]

GC Heap History (4 events):
Event: 28.928 GC heap before
{Heap before GC invocations=1 (full 0):
 PSYoungGen      total 19200K, used 16640K [0x918c0000, 0x92e00000, 0xa6e00000)
  eden space 16640K, 100% used [0x918c0000,0x92900000,0x92900000)
  from space 2560K, 0% used [0x92b80000,0x92b80000,0x92e00000)
  to   space 2560K, 0% used [0x92900000,0x92900000,0x92b80000)
 ParOldGen       total 43776K, used 0K [0x66e00000, 0x698c0000, 0x918c0000)
  object space 43776K, 0% used [0x66e00000,0x66e00000,0x698c0000)
 Metaspace       used 3726K, capacity 3786K, committed 3864K, reserved 4400K
Event: 29.564 GC heap after
Heap after GC invocations=1 (full 0):
 PSYoungGen      total 19200K, used 2551K [0x918c0000, 0x93e40000, 0xa6e00000)
  eden space 16640K, 0% used [0x918c0000,0x918c0000,0x92900000)
  from space 2560K, 99% used [0x92900000,0x92b7de80,0x92b80000)
  to   space 2560K, 0% used [0x93bc0000,0x93bc0000,0x93e40000)
 ParOldGen       total 43776K, used 121K [0x66e00000, 0x698c0000, 0x918c0000)
  object space 43776K, 0% used [0x66e00000,0x66e1e610,0x698c0000)
 Metaspace       used 3726K, capacity 3786K, committed 3864K, reserved 4400K
}
Event: 49.522 GC heap before
{Heap before GC invocations=2 (full 0):
 PSYoungGen      total 19200K, used 19191K [0x918c0000, 0x93e40000, 0xa6e00000)
  eden space 16640K, 100% used [0x918c0000,0x92900000,0x92900000)
  from space 2560K, 99% used [0x92900000,0x92b7de80,0x92b80000)
  to   space 2560K, 0% used [0x93bc0000,0x93bc0000,0x93e40000)
 ParOldGen       total 43776K, used 121K [0x66e00000, 0x698c0000, 0x918c0000)
  object space 43776K, 0% used [0x66e00000,0x66e1e610,0x698c0000)
 Metaspace       used 6102K, capacity 6154K, committed 6168K, reserved 6448K
Event: 49.542 GC heap after
Heap after GC invocations=2 (full 0):
 PSYoungGen      total 35840K, used 2552K [0x918c0000, 0x93e40000, 0xa6e00000)
  eden space 33280K, 0% used [0x918c0000,0x918c0000,0x93940000)
  from space 2560K, 99% used [0x93bc0000,0x93e3e180,0x93e40000)
  to   space 2560K, 0% used [0x93940000,0x93940000,0x93bc0000)
 ParOldGen       total 43776K, used 1389K [0x66e00000, 0x698c0000, 0x918c0000)
  object space 43776K, 3% used [0x66e00000,0x66f5b4e8,0x698c0000)
 Metaspace       used 6102K, capacity 6154K, committed 6168K, reserved 6448K
}

Deoptimization events (10 events):
Event: 18.302 Thread 0xb6207800 Uncommon trap: reason=unstable_if action=reinterpret pc=0xa734d4f4 method=java.io.BufferedInputStream.read()I @ 8
Event: 26.925 Thread 0xb6207800 Uncommon trap: reason=unstable_if action=reinterpret pc=0xa7321888 method=java.lang.String.indexOf([CII[CIII)I @ 3
Event: 29.564 Thread 0xb6207800 Uncommon trap: reason=unstable_if action=reinterpret pc=0xa7375f84 method=java.lang.ref.SoftReference.get()Ljava/lang/Object; @ 17
Event: 31.021 Thread 0xb6207800 Uncommon trap: reason=unstable_if action=reinterpret pc=0xa7312330 method=sun.misc.URLClassPath.getLoader(I)Lsun/misc/URLClassPath$Loader; @ 36
Event: 31.021 Thread 0xb6207800 Uncommon trap: reason=bimorphic action=maybe_recompile pc=0xa737895c method=java.util.HashMap.getNode(ILjava/lang/Object;)Ljava/util/HashMap$Node; @ 126
Event: 31.022 Thread 0xb6207800 Uncommon trap: reason=unstable_if action=reinterpret pc=0xa7334e50 method=sun.misc.URLClassPath$JarLoader.getResource(Ljava/lang/String;Z)Lsun/misc/Resource; @ 4
Event: 31.022 Thread 0xb6207800 Uncommon trap: reason=bimorphic action=maybe_recompile pc=0xa737895c method=java.util.HashMap.getNode(ILjava/lang/Object;)Ljava/util/HashMap$Node; @ 126
Event: 34.008 Thread 0xb6207800 Uncommon trap: reason=bimorphic action=maybe_recompile pc=0xa737895c method=java.util.HashMap.getNode(ILjava/lang/Object;)Ljava/util/HashMap$Node; @ 126
Event: 34.009 Thread 0xb6207800 Uncommon trap: reason=unstable_if action=reinterpret pc=0xa7378900 method=java.util.HashMap.getNode(ILjava/lang/Object;)Ljava/util/HashMap$Node; @ 62
Event: 34.009 Thread 0xb6207800 Uncommon trap: reason=bimorphic action=maybe_recompile pc=0xa736b1b0 method=java.util.HashMap.getNode(ILjava/lang/Object;)Ljava/util/HashMap$Node; @ 126

Internal exceptions (10 events):
Event: 43.843 Thread 0xb6207800 Exception <a 'java/lang/ArrayIndexOutOfBoundsException'> (0x924a5910) thrown at [/build/openjdk-8-Y4imzb/openjdk-8-8u151-b12/src/hotspot/src/share/vm/runtime/sharedRuntime.cpp, line 605]
Event: 43.843 Thread 0xb6207800 Exception <a 'java/lang/ArrayIndexOutOfBoundsException'> (0x924a6760) thrown at [/build/openjdk-8-Y4imzb/openjdk-8-8u151-b12/src/hotspot/src/share/vm/runtime/sharedRuntime.cpp, line 605]
Event: 43.843 Thread 0xb6207800 Exception <a 'java/lang/ArrayIndexOutOfBoundsException'> (0x924a7590) thrown at [/build/openjdk-8-Y4imzb/openjdk-8-8u151-b12/src/hotspot/src/share/vm/runtime/sharedRuntime.cpp, line 605]
Event: 43.843 Thread 0xb6207800 Exception <a 'java/lang/ArrayIndexOutOfBoundsException'> (0x924a8688) thrown at [/build/openjdk-8-Y4imzb/openjdk-8-8u151-b12/src/hotspot/src/share/vm/runtime/sharedRuntime.cpp, line 605]
Event: 43.844 Thread 0xb6207800 Exception <a 'java/lang/ArrayIndexOutOfBoundsException'> (0x924a94d8) thrown at [/build/openjdk-8-Y4imzb/openjdk-8-8u151-b12/src/hotspot/src/share/vm/runtime/sharedRuntime.cpp, line 605]
Event: 43.844 Thread 0xb6207800 Exception <a 'java/lang/ArrayIndexOutOfBoundsException'> (0x924aa320) thrown at [/build/openjdk-8-Y4imzb/openjdk-8-8u151-b12/src/hotspot/src/share/vm/runtime/sharedRuntime.cpp, line 605]
Event: 43.848 Thread 0xb6207800 Exception <a 'java/lang/ArrayIndexOutOfBoundsException'> (0x924ab410) thrown at [/build/openjdk-8-Y4imzb/openjdk-8-8u151-b12/src/hotspot/src/share/vm/runtime/sharedRuntime.cpp, line 605]
Event: 43.848 Thread 0xb6207800 Exception <a 'java/lang/ArrayIndexOutOfBoundsException'> (0x924ac2c8) thrown at [/build/openjdk-8-Y4imzb/openjdk-8-8u151-b12/src/hotspot/src/share/vm/runtime/sharedRuntime.cpp, line 605]
Event: 43.848 Thread 0xb6207800 Exception <a 'java/lang/ArrayIndexOutOfBoundsException'> (0x924ad178) thrown at [/build/openjdk-8-Y4imzb/openjdk-8-8u151-b12/src/hotspot/src/share/vm/runtime/sharedRuntime.cpp, line 605]
Event: 43.848 Thread 0xb6207800 Exception <a 'java/lang/ArrayIndexOutOfBoundsException'> (0x924ae230) thrown at [/build/openjdk-8-Y4imzb/openjdk-8-8u151-b12/src/hotspot/src/share/vm/runtime/sharedRuntime.cpp, line 605]

Events (10 events):
Event: 51.302 loading class sun/reflect/Label$PatchInfo
Event: 51.302 loading class sun/reflect/Label$PatchInfo done
Event: 51.302 loading class sun/reflect/MethodAccessorGenerator$1
Event: 51.302 loading class sun/reflect/MethodAccessorGenerator$1 done
Event: 51.302 loading class sun/reflect/ClassDefiner
Event: 51.302 loading class sun/reflect/ClassDefiner done
Event: 51.302 loading class sun/reflect/ClassDefiner$1
Event: 51.302 loading class sun/reflect/ClassDefiner$1 done
Event: 51.303 loading class sun/reflect/BootstrapConstructorAccessorImpl
Event: 51.303 loading class sun/reflect/BootstrapConstructorAccessorImpl done


Dynamic libraries:
08048000-08049000 r-xp 00000000 08:01 1693306    /usr/lib/jvm/java-8-openjdk-i386/jre/bin/java
08049000-0804a000 r--p 00000000 08:01 1693306    /usr/lib/jvm/java-8-openjdk-i386/jre/bin/java
0804a000-0804b000 rw-p 00001000 08:01 1693306    /usr/lib/jvm/java-8-openjdk-i386/jre/bin/java
086ac000-086cd000 rw-p 00000000 00:00 0          [heap]
61b00000-61b29000 rw-p 00000000 00:00 0 
61b29000-61c00000 ---p 00000000 00:00 0 
61d00000-61d40000 rw-p 00000000 00:00 0 
61d40000-61e00000 ---p 00000000 00:00 0 
61e00000-61e82000 rw-p 00000000 00:00 0 
61e82000-61f00000 ---p 00000000 00:00 0 
61f00000-61fe4000 rw-p 00000000 00:00 0 
61fe4000-62000000 ---p 00000000 00:00 0 
62000000-62100000 rw-p 00000000 00:00 0 
62100000-621fc000 rw-p 00000000 00:00 0 
621fc000-62200000 ---p 00000000 00:00 0 
62200000-622a8000 rw-p 00000000 00:00 0 
622a8000-62300000 ---p 00000000 00:00 0 
62300000-62400000 rw-p 00000000 00:00 0 
62400000-624ff000 rw-p 00000000 00:00 0 
624ff000-62500000 ---p 00000000 00:00 0 
62500000-625fd000 rw-p 00000000 00:00 0 
625fd000-62600000 ---p 00000000 00:00 0 
6265a000-626d3000 r--s 010fe000 08:01 1694179    /usr/lib/jvm/java-8-openjdk-i386/lib/tools.jar
626d3000-626d6000 r--s 00023000 08:01 2478896    /home/sarnobat/github/groovy_libraries/.groovy/lib/maven-shared-utils-0.1.jar
626d6000-626d9000 r--s 0000b000 08:01 2478399    /home/sarnobat/github/groovy_libraries/.groovy/lib/concurrentlinkedhashmap-lru-1.3.1.jar
626d9000-626e0000 r--s 0005b000 08:01 2478897    /home/sarnobat/github/groovy_libraries/.groovy/lib/mongo-java-driver-2.10.1.jar
626e0000-626e2000 r--s 0000c000 08:01 2478389    /home/sarnobat/github/groovy_libraries/.groovy/lib/commons-exec-1.3.jar
626e2000-626e3000 r--s 0000a000 08:01 2478397    /home/sarnobat/github/groovy_libraries/.groovy/lib/commons-logging-api-1.1.jar
626e3000-626e5000 r--s 00008000 08:01 2478930    /home/sarnobat/github/groovy_libraries/.groovy/lib/vget-1.1.5.jar
626e5000-626f3000 r--s 000ad000 08:01 2478846    /home/sarnobat/github/groovy_libraries/.groovy/lib/jackson-mapper-asl-1.9.2.jar
626f3000-62700000 r--s 000a2000 08:01 2478391    /home/sarnobat/github/groovy_libraries/.groovy/lib/commons-imaging-1.0-R1480221.jar
62700000-627f9000 rw-p 00000000 00:00 0 
627f9000-62800000 ---p 00000000 00:00 0 
62800000-62801000 r--s 00004000 08:01 2478901    /home/sarnobat/github/groovy_libraries/.groovy/lib/opencsv-2.3.jar
62801000-62803000 r--s 00000000 08:01 2478907    /home/sarnobat/github/groovy_libraries/.groovy/lib/plexus-component-annotations-1.5.5.jar
62803000-62807000 r--s 0000c000 08:01 2478929    /home/sarnobat/github/groovy_libraries/.groovy/lib/validation-api-1.1.0.Final.jar
62807000-62809000 r--s 00005000 08:01 2478924    /home/sarnobat/github/groovy_libraries/.groovy/lib/slf4j-api-1.7.5.jar
62809000-6280e000 r--s 0002a000 08:01 2478419    /home/sarnobat/github/groovy_libraries/.groovy/lib/gson-2.2.4.jar
6280e000-6280f000 r--s 00002000 08:01 2478875    /home/sarnobat/github/groovy_libraries/.groovy/lib/jsch.agentproxy.connector-factory-0.0.6.jar
6280f000-6281c000 r--s 00082000 08:01 2478856    /home/sarnobat/github/groovy_libraries/.groovy/lib/jersey-common-2.0.jar
6281c000-6281e000 r--s 0000d000 08:01 2478912    /home/sarnobat/github/groovy_libraries/.groovy/lib/plexus-interpolation-1.13.jar
6281e000-62843000 r--s 002e3000 08:01 2478932    /home/sarnobat/github/groovy_libraries/.groovy/lib/xalan-2.7.1.jar
62843000-62846000 r--s 0001b000 08:01 2478888    /home/sarnobat/github/groovy_libraries/.groovy/lib/junit-3.8.2.jar
62846000-62847000 r--s 00001000 08:01 2478400    /home/sarnobat/github/groovy_libraries/.groovy/lib/doxia-sink-api-1.0-alpha-7.jar
62847000-62849000 r--s 00011000 08:01 2478873    /home/sarnobat/github/groovy_libraries/.groovy/lib/jsch-extension-0.1.3.jar
62849000-62878000 r--s 0028b000 08:01 2478865    /home/sarnobat/github/groovy_libraries/.groovy/lib/jetty-all-9.2.21.v20170120.jar
62878000-6287c000 r--s 00040000 08:01 2478871    /home/sarnobat/github/groovy_libraries/.groovy/lib/jsch-0.1.53-sources.jar
6287c000-6287f000 r--s 00023000 08:01 2478853    /home/sarnobat/github/groovy_libraries/.groovy/lib/jdom-1.0.jar
6287f000-62880000 r--s 00003000 08:01 2478407    /home/sarnobat/github/groovy_libraries/.groovy/lib/geronimo-jta_1.1_spec-1.1.1.jar
62880000-62881000 r--s 00003000 08:01 2478857    /home/sarnobat/github/groovy_libraries/.groovy/lib/jersey-container-jdk-http-2.0.jar
62881000-62885000 r--s 0003b000 08:01 2478870    /home/sarnobat/github/groovy_libraries/.groovy/lib/jsch-0.1.50.jar.disabled
62885000-62889000 r--s 00032000 08:01 2478915    /home/sarnobat/github/groovy_libraries/.groovy/lib/rome-1.0.jar
62889000-62894000 r--s 00068000 08:01 2478859    /home/sarnobat/github/groovy_libraries/.groovy/lib/jersey-core-1.17.1.jar
62894000-62896000 r--s 0000d000 08:01 2479615    /home/sarnobat/github/groovy_libraries/.groovy/lib/commons-codec-1.4.jar
62896000-62897000 r--s 00007000 08:01 2478923    /home/sarnobat/github/groovy_libraries/.groovy/lib/slf4j-api-1.7.12.jar
62897000-62899000 r--s 0000a000 08:01 2478931    /home/sarnobat/github/groovy_libraries/.groovy/lib/wget-1.2.9.jar
62899000-628a8000 r--s 00095000 08:01 2478927    /home/sarnobat/github/groovy_libraries/.groovy/lib/sshd-core-0.14.0.jar
628a8000-628a9000 r--s 00001000 08:01 2478881    /home/sarnobat/github/groovy_libraries/.groovy/lib/jsch.agentproxy.usocket-jna-0.0.6.jar
628a9000-628ab000 r--s 00000000 08:01 2478877    /home/sarnobat/github/groovy_libraries/.groovy/lib/jsch.agentproxy.jsch-0.0.6.jar
628ab000-628af000 r--s 0001d000 08:01 2478933    /home/sarnobat/github/groovy_libraries/.groovy/lib/xbean-reflect-3.4.jar
628af000-628b4000 r--s 00047000 08:01 2478381    /home/sarnobat/github/groovy_libraries/.groovy/lib/asm-all-repackaged-2.1.88.jar
628b4000-628b6000 r--s 00000000 08:01 2478906    /home/sarnobat/github/groovy_libraries/.groovy/lib/plexus-compiler-manager-2.0.jar
628b6000-628b8000 r--s 00002000 08:01 2478895    /home/sarnobat/github/groovy_libraries/.groovy/lib/maven-shared-incremental-1.0.jar
628b8000-628ba000 r--s 00001000 08:01 2478876    /home/sarnobat/github/groovy_libraries/.groovy/lib/jsch.agentproxy.core-0.0.6.jar
628ba000-628bc000 r--s 00282000 08:01 2478919    /home/sarnobat/github/groovy_libraries/.groovy/lib/selenium-firefox-driver-2.45.0.jar
628bc000-628be000 r--s 00005000 08:01 2478847    /home/sarnobat/github/groovy_libraries/.groovy/lib/javax.annotation-api-1.2.jar
628be000-628bf000 r--s 00001000 08:01 2478878    /home/sarnobat/github/groovy_libraries/.groovy/lib/jsch.agentproxy.pageant-0.0.6.jar
628bf000-628c1000 r--s 00000000 08:01 2478879    /home/sarnobat/github/groovy_libraries/.groovy/lib/jsch.agentproxy.sshagent-0.0.6.jar
628c1000-628c3000 r--s 0000d000 08:01 2478416    /home/sarnobat/github/groovy_libraries/.groovy/lib/google-oauth-client-1.17.0-rc.jar
628c3000-628c7000 r--s 00025000 08:01 2478408    /home/sarnobat/github/groovy_libraries/.groovy/lib/google-api-client-1.17.0-rc.jar
628c7000-628c8000 r--s 00001000 08:01 2478903    /home/sarnobat/github/groovy_libraries/.groovy/lib/plexus-build-api-0.0.4.jar
628c8000-628cb000 r--s 0001b000 08:01 2478887    /home/sarnobat/github/groovy_libraries/.groovy/lib/junit-3.8.1.jar
628cb000-628cf000 r--s 00019000 08:01 2478855    /home/sarnobat/github/groovy_libraries/.groovy/lib/jersey-client-2.0.jar
628cf000-628d1000 r--s 0000d000 08:01 2478874    /home/sarnobat/github/groovy_libraries/.groovy/lib/jsch-nio-0.1.5.jar
628d1000-628d7000 r--s 00033000 08:01 2478921    /home/sarnobat/github/groovy_libraries/.groovy/lib/selenium-remote-driver-2.45.0.jar
628d7000-62900000 r--s 001ee000 08:01 2478420    /home/sarnobat/github/groovy_libraries/.groovy/lib/guava-14.0.1.jar
62900000-629fa000 rw-p 00000000 00:00 0 
629fa000-62a00000 ---p 00000000 00:00 0 
62a00000-62aff000 rw-p 00000000 00:00 0 
62aff000-62b00000 ---p 00000000 00:00 0 
62b00000-62b04000 r--s 0002f000 08:01 2478845    /home/sarnobat/github/groovy_libraries/.groovy/lib/jackson-core-2.1.3.jar
62b04000-62b07000 r--s 00015000 08:01 2478409    /home/sarnobat/github/groovy_libraries/.groovy/lib/google-api-services-calendar-v3-rev72-1.17.0-rc.jar
62b07000-62b09000 r--s 0000b000 08:01 2478427    /home/sarnobat/github/groovy_libraries/.groovy/lib/hk2-utils-2.1.88.jar
62b09000-62b0f000 r--s 00042000 08:01 2478885    /home/sarnobat/github/groovy_libraries/.groovy/lib/jsoup-1.7.2.jar
62b0f000-62b1d000 r--s 0007f000 08:01 2478387    /home/sarnobat/github/groovy_libraries/.groovy/lib/commons-collections-3.2.1.jar
62b1d000-62b28000 r--s 00085000 08:01 2478429    /home/sarnobat/github/groovy_libraries/.groovy/lib/httpclient-4.3.3.jar
62b28000-62b29000 r--s 00002000 08:01 2478417    /home/sarnobat/github/groovy_libraries/.groovy/lib/google-oauth-client-java6-1.17.0-rc.jar
62b29000-62b2a000 r--s 00001000 08:01 2478883    /home/sarnobat/github/groovy_libraries/.groovy/lib/jsch.agentproxy.usocket-nc-0.0.6.jar
62b2a000-62b2e000 r--s 00017000 08:01 2478928    /home/sarnobat/github/groovy_libraries/.groovy/lib/thumbnailator-0.4.8.jar
62b2e000-62b30000 r--s 0001f000 08:01 2478922    /home/sarnobat/github/groovy_libraries/.groovy/lib/servlet-api-2.5-20081211.jar
62b30000-62b99000 r--s 003e4000 08:01 2478899    /home/sarnobat/github/groovy_libraries/.groovy/lib/neo4j-cypher-1.9.2.jar
62b99000-62b9b000 r--s 0001d000 08:01 2478425    /home/sarnobat/github/groovy_libraries/.groovy/lib/hk2-locator-2.1.88.jar
62b9b000-62b9f000 r--s 00018000 08:01 2478424    /home/sarnobat/github/groovy_libraries/.groovy/lib/hk2-api-2.1.88.jar
62b9f000-62ba0000 r--s 00002000 08:01 2478918    /home/sarnobat/github/groovy_libraries/.groovy/lib/selenium-chrome-driver-2.45.0.jar
62ba0000-62ba4000 r--s 00024000 08:01 2478861    /home/sarnobat/github/groovy_libraries/.groovy/lib/jersey-json-1.17.1.jar
62ba4000-62ba8000 r--s 0002a000 08:01 2478393    /home/sarnobat/github/groovy_libraries/.groovy/lib/commons-io-2.4.jar
62ba8000-62bc7000 r--s 00153000 08:01 2478900    /home/sarnobat/github/groovy_libraries/.groovy/lib/neo4j-kernel-1.9.2.jar
62bc7000-62bce000 r--s 00051000 08:01 2478889    /home/sarnobat/github/groovy_libraries/.groovy/lib/log4j-1.2.12.jar
62bce000-62bcf000 r--s 00006000 08:01 2478926    /home/sarnobat/github/groovy_libraries/.groovy/lib/solr-commons-csv-3.5.0.jar
62bcf000-62bd3000 r--s 00018000 08:01 2478852    /home/sarnobat/github/groovy_libraries/.groovy/lib/javax.ws.rs-api-2.0.jar
62bd3000-62bd5000 r--s 0000b000 08:01 2478388    /home/sarnobat/github/groovy_libraries/.groovy/lib/commons-exec-1.1.jar
62bd5000-62bd7000 r--s 00001000 08:01 2478925    /home/sarnobat/github/groovy_libraries/.groovy/lib/slf4j-log4j12-1.7.12.jar
62bd7000-62bd9000 r--s 00005000 08:01 2478904    /home/sarnobat/github/groovy_libraries/.groovy/lib/plexus-compiler-api-2.0.jar
62bd9000-62bda000 r--s 00002000 08:01 2478893    /home/sarnobat/github/groovy_libraries/.groovy/lib/maven-reporting-api-2.0.6.jar
62bda000-62be0000 r--s 0003c000 08:01 2478412    /home/sarnobat/github/groovy_libraries/.groovy/lib/google-http-client-1.17.0-rc.jar
62be0000-62be4000 r--s 00028000 08:01 2478867    /home/sarnobat/github/groovy_libraries/.groovy/lib/jetty-util-6.1.26.jar
62be4000-62be6000 r--s 00009000 08:01 2478891    /home/sarnobat/github/groovy_libraries/.groovy/lib/maven-compiler-plugin-3.0.jar
62be6000-62bed000 r--s 00058000 08:01 2478396    /home/sarnobat/github/groovy_libraries/.groovy/lib/commons-lang3-3.2.1.jar
62bed000-62bef000 r--s 0000c000 08:01 2478385    /home/sarnobat/github/groovy_libraries/.groovy/lib/commons-cli-1.4.jar
62bef000-62bf6000 r--s 00048000 08:01 2478841    /home/sarnobat/github/groovy_libraries/.groovy/lib/httpcore-4.4.1.jar
62bf6000-62bfa000 r--s 000dc000 08:01 2478869    /home/sarnobat/github/groovy_libraries/.groovy/lib/jna-4.1.0.jar
62bfa000-62c00000 r--s 00043000 08:01 2478402    /home/sarnobat/github/groovy_libraries/.groovy/lib/genson-0.98.jar
62c00000-62cfc000 rw-p 00000000 00:00 0 
62cfc000-62d00000 ---p 00000000 00:00 0 
62d00000-62dfc000 rw-p 00000000 00:00 0 
62dfc000-62e00000 ---p 00000000 00:00 0 
62e00000-62e02000 r--s 00007000 08:01 2478892    /home/sarnobat/github/groovy_libraries/.groovy/lib/maven-filtering-1.0-beta-4.jar
62e02000-62e03000 r--s 00004000 08:01 2478905    /home/sarnobat/github/groovy_libraries/.groovy/lib/plexus-compiler-javac-2.0.jar
62e03000-62e04000 r--s 00005000 08:01 2478894    /home/sarnobat/github/groovy_libraries/.groovy/lib/maven-resources-plugin-2.4.3.jar
62e04000-62e06000 r--s 00005000 08:01 2478844    /home/sarnobat/github/groovy_libraries/.groovy/lib/httpmime-4.2.3.jar
62e06000-62e0a000 r--s 0003c000 08:01 2478394    /home/sarnobat/github/groovy_libraries/.groovy/lib/commons-lang-2.4.jar
62e0a000-62e0e000 r--s 00030000 08:01 2478913    /home/sarnobat/github/groovy_libraries/.groovy/lib/plexus-utils-1.5.1.jar
62e0e000-62e15000 r--s 0003f000 08:01 2478382    /home/sarnobat/github/groovy_libraries/.groovy/lib/cglib-2.1.88.jar
62e15000-62e18000 r--s 00012000 08:01 2478851    /home/sarnobat/github/groovy_libraries/.groovy/lib/javax.json-1.0.4.jar
62e18000-62e19000 r--s 0000f000 08:01 2478884    /home/sarnobat/github/groovy_libraries/.groovy/lib/json-20131018.jar
62e19000-62e1a000 r--s 00001000 08:01 2478418    /home/sarnobat/github/groovy_libraries/.groovy/lib/google-oauth-client-jetty-1.17.0-rc.jar
62e1a000-62e1f000 r--s 0002b000 08:01 2478401    /home/sarnobat/github/groovy_libraries/.groovy/lib/fuse-jna-0.0.1-SNAPSHOT.jar
62e1f000-62e31000 r--s 00099000 08:01 2478863    /home/sarnobat/github/groovy_libraries/.groovy/lib/jersey-server-2.0.jar
62e31000-62e33000 r--s 00006000 08:01 2478886    /home/sarnobat/github/groovy_libraries/.groovy/lib/jsr305-2.0.1.jar
62e33000-62e34000 r--s 00001000 08:01 2478415    /home/sarnobat/github/groovy_libraries/.groovy/lib/google-http-client-jackson2-1.17.0-rc.jar
62e34000-62e36000 r--s 00002000 08:01 2478911    /home/sarnobat/github/groovy_libraries/.groovy/lib/plexus-interactivity-api-1.0-alpha-4.jar
62e36000-62e3b000 r--s 0001d000 08:01 2478917    /home/sarnobat/github/groovy_libraries/.groovy/lib/selenium-api-2.45.0.jar
62e3b000-62e42000 r--s 00064000 08:01 2478890    /home/sarnobat/github/groovy_libraries/.groovy/lib/mail-1.4.2.jar
62e42000-62eb3000 r--s 00658000 08:01 2478916    /home/sarnobat/github/groovy_libraries/.groovy/lib/scala-library-2.10.0.jar
62eb3000-62f00000 r--s 0040d000 08:01 1149211    /usr/share/java/groovy-2.x.jar
62f00000-62ffd000 rw-p 00000000 00:00 0 
62ffd000-63000000 ---p 00000000 00:00 0 
63000000-63001000 r--s 00004000 08:01 2478902    /home/sarnobat/github/groovy_libraries/.groovy/lib/osgi-resource-locator-1.0.1.jar
63001000-63002000 r--s 00001000 08:01 2478848    /home/sarnobat/github/groovy_libraries/.groovy/lib/javax.inject-2.1.88.jar
63002000-63009000 r--s 00050000 08:01 2478843    /home/sarnobat/github/groovy_libraries/.groovy/lib/httpcore-nio-4.4.1.jar
63009000-6300d000 r--s 00033000 08:01 2478914    /home/sarnobat/github/groovy_libraries/.groovy/lib/plexus-utils-2.0.5.jar
6300d000-6305a000 r--s 0040d000 08:01 1149211    /usr/share/java/groovy-2.x.jar
6305a000-6305b000 ---p 00000000 00:00 0 
6305b000-630db000 rw-p 00000000 00:00 0 
630db000-630de000 ---p 00000000 00:00 0 
630de000-6312c000 rw-p 00000000 00:00 0 
6312c000-6312f000 ---p 00000000 00:00 0 
6312f000-631ad000 rw-p 00000000 00:00 0 
631ad000-631b0000 ---p 00000000 00:00 0 
631b0000-6322e000 rw-p 00000000 00:00 0 
6322e000-63231000 ---p 00000000 00:00 0 
63231000-632af000 rw-p 00000000 00:00 0 
632af000-632b2000 ---p 00000000 00:00 0 
632b2000-63300000 rw-p 00000000 00:00 0 
63300000-63500000 r--p 00000000 08:01 1105218    /usr/lib/locale/locale-archive
63500000-635fe000 rw-p 00000000 00:00 0 
635fe000-63600000 ---p 00000000 00:00 0 
63600000-63621000 rw-p 00000000 00:00 0 
63621000-63700000 ---p 00000000 00:00 0 
63700000-637fb000 rw-p 00000000 00:00 0 
637fb000-63800000 ---p 00000000 00:00 0 
63800000-63803000 r--s 0001d000 08:01 2478854    /home/sarnobat/github/groovy_libraries/.groovy/lib/jersey-client-1.17.1.jar
63803000-63805000 r--s 0001b000 08:01 1693924    /usr/share/maven-repo/org/codehaus/groovy/groovy-docgenerator/2.4.5/groovy-docgenerator-2.4.5.jar
63805000-63813000 r--s 000c8000 08:01 1149227    /usr/share/java/testng.jar
63813000-63816000 ---p 00000000 00:00 0 
63816000-63864000 rw-p 00000000 00:00 0 
63864000-63865000 ---p 00000000 00:00 0 
63865000-638e5000 rw-p 00000000 00:00 0 
638e5000-63ab4000 r--s 03c21000 08:01 1693223    /usr/lib/jvm/java-8-openjdk-i386/jre/lib/rt.jar
63ab4000-63efa000 rw-p 00000000 00:00 0 
63efa000-63f00000 ---p 00000000 00:00 0 
63f00000-66300000 rw-p 00000000 00:00 0 
66300000-663e2000 rw-p 00000000 00:00 0 
663e2000-66400000 ---p 00000000 00:00 0 
66400000-66401000 r--s 00006000 08:01 1693894    /usr/share/maven-repo/org/codehaus/groovy/groovy-servlet/2.4.5/groovy-servlet-2.4.5.jar
66401000-66403000 r--s 00011000 08:01 1147685    /usr/share/java/jsp-api-2.1.jar
66403000-66405000 r--s 0000c000 08:01 1149198    /usr/share/java/asm4-5.0.4.jar
66405000-66407000 r--s 00006000 08:01 1149197    /usr/share/java/asm4-tree-5.0.4.jar
66407000-66409000 r--s 00012000 08:01 1839680    /usr/share/maven-repo/org/codehaus/groovy/groovy-test/2.4.5/groovy-test-2.4.5.jar
66409000-6640a000 r--s 00004000 08:01 1144744    /usr/share/java/ant-launcher-1.9.6.jar
6640a000-6640b000 r--s 00005000 08:01 1147905    /usr/share/java/jansi-1.4.jar
6640b000-6640d000 r--s 00019000 08:01 1149207    /usr/share/java/jline2.jar
6640d000-6640f000 r--s 00001000 08:01 1839692    /usr/share/maven-repo/org/codehaus/groovy/groovy-testng/2.4.5/groovy-testng-2.4.5.jar
6640f000-66424000 r--s 00124000 08:01 1147882    /usr/share/java/ivy-2.3.0.jar
66424000-66426000 r--s 00016000 08:01 1839697    /usr/share/maven-repo/org/codehaus/groovy/groovy-templates/2.4.5/groovy-templates-2.4.5.jar
66426000-66428000 r--s 00004000 08:01 1839662    /usr/share/maven-repo/org/codehaus/groovy/groovy-jsr223/2.4.5/groovy-jsr223-2.4.5.jar
66428000-6642b000 r--s 0001e000 08:01 1147684    /usr/share/java/servlet-api-2.5.jar
6642b000-6642c000 r--s 00003000 08:01 1147898    /usr/share/java/hawtjni-runtime-1.10.jar
6642c000-6642d000 r--s 00001000 08:01 1147901    /usr/share/java/jansi-native-1.0.jar
6642d000-6642e000 r--s 00005000 08:01 1147905    /usr/share/java/jansi-1.4.jar
6642e000-66431000 ---p 00000000 00:00 0 
66431000-6647f000 rw-p 00000000 00:00 0 
6647f000-66480000 ---p 00000000 00:00 0 
66480000-66500000 rw-p 00000000 00:00 0 
66500000-665fb000 rw-p 00000000 00:00 0 
665fb000-66600000 ---p 00000000 00:00 0 
66600000-6660d000 r--s 00076000 08:01 1147859    /usr/share/java/xstream-1.4.8.jar
6660d000-66611000 r--s 00028000 08:01 1149209    /usr/share/java/qdox-1.12.1.jar
66611000-66615000 r--s 0001e000 08:01 1839667    /usr/share/maven-repo/org/codehaus/groovy/groovy-groovydoc/2.4.5/groovy-groovydoc-2.4.5.jar
66615000-66616000 r--s 0000d000 08:01 1147020    /usr/share/java/commons-logging-1.2.jar
66616000-6661b000 r--s 00068000 08:01 1144929    /usr/share/java/antlr.jar
6661b000-6661e000 r--s 0001d000 08:01 1839643    /usr/share/maven-repo/org/codehaus/groovy/groovy-json/2.4.5/groovy-json-2.4.5.jar
6661e000-6661f000 r--s 0000a000 08:01 1149195    /usr/share/java/asm4-util-5.0.4.jar
6661f000-66622000 r--s 0000d000 08:01 1149225    /usr/share/java/jcommander.jar
66622000-66624000 r--s 0000a000 08:01 1147016    /usr/share/java/commons-cli-1.3.1.jar
66624000-66627000 r--s 00010000 08:01 1145778    /usr/share/java/bsf-2.4.0.jar
66627000-6662b000 r--s 00031000 08:01 1693912    /usr/share/maven-repo/org/codehaus/groovy/groovy-xml/2.4.5/groovy-xml-2.4.5.jar
6662b000-66631000 r--s 0005e000 08:01 1693906    /usr/share/maven-repo/org/codehaus/groovy/groovy-groovysh/2.4.5/groovy-groovysh-2.4.5.jar
66631000-6667f000 rw-p 00000000 00:00 0 
6667f000-66680000 ---p 00000000 00:00 0 
66680000-66700000 rw-p 00000000 00:00 0 
66700000-66721000 rw-p 00000000 00:00 0 
66721000-66800000 ---p 00000000 00:00 0 
66800000-66801000 r--s 0000d000 08:01 1149216    /usr/share/java/jsr166y-1.7.0.jar
66801000-66803000 r--s 0001b000 08:01 1145289    /usr/share/java/ant-junit-1.9.6.jar
66803000-66805000 r--s 0001d000 08:01 1693929    /usr/share/maven-repo/org/codehaus/groovy/groovy-jmx/2.4.5/groovy-jmx-2.4.5.jar
66805000-66824000 r--s 001d1000 08:01 1144743    /usr/share/java/ant-1.9.6.jar
66824000-6687f000 rw-p 00000000 00:00 0 
6687f000-66880000 ---p 00000000 00:00 0 
66880000-66900000 rw-p 00000000 00:00 0 
66900000-66921000 rw-p 00000000 00:00 0 
66921000-66a00000 ---p 00000000 00:00 0 
66a00000-66a01000 r--s 00002000 08:01 1145284    /usr/share/java/ant-antlr-1.9.6.jar
66a01000-66a03000 r--s 00004000 08:01 1149192    /usr/share/java/asm4-analysis-5.0.4.jar
66a03000-66a0f000 r--s 00094000 08:01 1693917    /usr/share/maven-repo/org/codehaus/groovy/groovy-console/2.4.5/groovy-console-2.4.5.jar
66a0f000-66a11000 r--s 0000a000 08:01 1147024    /usr/share/java/hamcrest-core-1.3.jar
66a11000-66a19000 r--s 00045000 08:01 1147522    /usr/share/java/junit4-4.12.jar
66a19000-66a1f000 r--s 00051000 08:01 1839686    /usr/share/maven-repo/org/codehaus/groovy/groovy-swing/2.4.5/groovy-swing-2.4.5.jar
66a1f000-66a21000 r--s 00010000 08:01 1839656    /usr/share/maven-repo/org/codehaus/groovy/groovy-ant/2.4.5/groovy-ant-2.4.5.jar
66a21000-66a23000 r--s 00012000 08:01 1839650    /usr/share/maven-repo/org/codehaus/groovy/groovy-sql/2.4.5/groovy-sql-2.4.5.jar
66a23000-66a25000 r--s 00009000 08:01 1148102    /usr/share/java/asm4-commons-5.0.4.jar
66a25000-66a26000 r--s 00002000 08:01 1839673    /usr/share/maven-repo/org/codehaus/groovy/groovy-bsf/2.4.5/groovy-bsf-2.4.5.jar
66a26000-66a28000 r--s 00008000 08:01 1693232    /usr/lib/jvm/java-8-openjdk-i386/jre/lib/ext/sunec.jar
66a28000-66a29000 ---p 00000000 00:00 0 
66a29000-66abf000 rw-p 00000000 00:00 0 
66abf000-66bff000 ---p 00000000 00:00 0 
66bff000-66c15000 rw-p 00000000 00:00 0 
66c15000-66d54000 ---p 00000000 00:00 0 
66d54000-66d68000 rw-p 00000000 00:00 0 
66d68000-66dff000 ---p 00000000 00:00 0 
66dff000-698c0000 rw-p 00000000 00:00 0 
698c0000-918c0000 ---p 00000000 00:00 0 
918c0000-93e40000 rw-p 00000000 00:00 0 
93e40000-a6e00000 ---p 00000000 00:00 0 
a6e00000-a6e1b000 r--s 00394000 08:01 1693228    /usr/lib/jvm/java-8-openjdk-i386/jre/lib/ext/cldrdata.jar
a6e1b000-a6e36000 r--s 001d6000 08:01 1693230    /usr/lib/jvm/java-8-openjdk-i386/jre/lib/ext/nashorn.jar
a6e36000-a6e40000 r--s 00116000 08:01 1693233    /usr/lib/jvm/java-8-openjdk-i386/jre/lib/ext/localedata.jar
a6e40000-a6e4a000 rw-p 00000000 00:00 0 
a6e4a000-a7200000 ---p 00000000 00:00 0 
a7200000-a7478000 rwxp 00000000 00:00 0 
a7480000-b6200000 ---p 00000000 00:00 0 
b6200000-b62fb000 rw-p 00000000 00:00 0 
b62fb000-b6300000 ---p 00000000 00:00 0 
b6300000-b6306000 r--s 0003a000 08:01 1693231    /usr/lib/jvm/java-8-openjdk-i386/jre/lib/ext/sunjce_provider.jar
b6306000-b631e000 rw-p 00000000 00:00 0 
b631e000-b6329000 r-xp 00000000 08:01 3401300    /lib/i386-linux-gnu/libnss_files-2.23.so
b6329000-b632a000 r--p 0000a000 08:01 3401300    /lib/i386-linux-gnu/libnss_files-2.23.so
b632a000-b632b000 rw-p 0000b000 08:01 3401300    /lib/i386-linux-gnu/libnss_files-2.23.so
b632b000-b6331000 rw-p 00000000 00:00 0 
b6331000-b633c000 r-xp 00000000 08:01 3401303    /lib/i386-linux-gnu/libnss_nis-2.23.so
b633c000-b633d000 r--p 0000a000 08:01 3401303    /lib/i386-linux-gnu/libnss_nis-2.23.so
b633d000-b633e000 rw-p 0000b000 08:01 3401303    /lib/i386-linux-gnu/libnss_nis-2.23.so
b633e000-b6355000 r-xp 00000000 08:01 3401221    /lib/i386-linux-gnu/libnsl-2.23.so
b6355000-b6356000 r--p 00016000 08:01 3401221    /lib/i386-linux-gnu/libnsl-2.23.so
b6356000-b6357000 rw-p 00017000 08:01 3401221    /lib/i386-linux-gnu/libnsl-2.23.so
b6357000-b6359000 rw-p 00000000 00:00 0 
b6359000-b6361000 r-xp 00000000 08:01 3401309    /lib/i386-linux-gnu/libnss_compat-2.23.so
b6361000-b6362000 r--p 00007000 08:01 3401309    /lib/i386-linux-gnu/libnss_compat-2.23.so
b6362000-b6363000 rw-p 00008000 08:01 3401309    /lib/i386-linux-gnu/libnss_compat-2.23.so
b6363000-b6364000 r--s 00010000 08:01 1693229    /usr/lib/jvm/java-8-openjdk-i386/jre/lib/ext/zipfs.jar
b6364000-b6366000 r--s 00001000 08:01 1693236    /usr/lib/jvm/java-8-openjdk-i386/jre/lib/ext/dnsns.jar
b6366000-b6369000 r--s 0000f000 08:01 1693227    /usr/lib/jvm/java-8-openjdk-i386/jre/lib/ext/icedtea-sound.jar
b6369000-b6371000 r-xp 00000000 08:01 1693277    /usr/lib/jvm/java-8-openjdk-i386/jre/lib/i386/libzip.so
b6371000-b6372000 r--p 00007000 08:01 1693277    /usr/lib/jvm/java-8-openjdk-i386/jre/lib/i386/libzip.so
b6372000-b6373000 rw-p 00008000 08:01 1693277    /usr/lib/jvm/java-8-openjdk-i386/jre/lib/i386/libzip.so
b6373000-b637b000 rw-s 00000000 08:01 2577040    /tmp/hsperfdata_sarnobat/6392
b637b000-b63a2000 r-xp 00000000 08:01 1693258    /usr/lib/jvm/java-8-openjdk-i386/jre/lib/i386/libjava.so
b63a2000-b63a3000 r--p 00026000 08:01 1693258    /usr/lib/jvm/java-8-openjdk-i386/jre/lib/i386/libjava.so
b63a3000-b63a4000 rw-p 00027000 08:01 1693258    /usr/lib/jvm/java-8-openjdk-i386/jre/lib/i386/libjava.so
b63a4000-b63ab000 r-xp 00000000 08:01 3401305    /lib/i386-linux-gnu/librt-2.23.so
b63ab000-b63ac000 r--p 00006000 08:01 3401305    /lib/i386-linux-gnu/librt-2.23.so
b63ac000-b63ad000 rw-p 00007000 08:01 3401305    /lib/i386-linux-gnu/librt-2.23.so
b63ad000-b63b0000 ---p 00000000 00:00 0 
b63b0000-b63fe000 rw-p 00000000 00:00 0 
b63fe000-b641a000 r-xp 00000000 08:01 3402590    /lib/i386-linux-gnu/libgcc_s.so.1
b641a000-b641b000 rw-p 0001b000 08:01 3402590    /lib/i386-linux-gnu/libgcc_s.so.1
b641b000-b646e000 r-xp 00000000 08:01 3401314    /lib/i386-linux-gnu/libm-2.23.so
b646e000-b646f000 r--p 00052000 08:01 3401314    /lib/i386-linux-gnu/libm-2.23.so
b646f000-b6470000 rw-p 00053000 08:01 3401314    /lib/i386-linux-gnu/libm-2.23.so
b6470000-b65dd000 r-xp 00000000 08:01 1110301    /usr/lib/i386-linux-gnu/libstdc++.so.6.0.21
b65dd000-b65de000 ---p 0016d000 08:01 1110301    /usr/lib/i386-linux-gnu/libstdc++.so.6.0.21
b65de000-b65e3000 r--p 0016d000 08:01 1110301    /usr/lib/i386-linux-gnu/libstdc++.so.6.0.21
b65e3000-b65e4000 rw-p 00172000 08:01 1110301    /usr/lib/i386-linux-gnu/libstdc++.so.6.0.21
b65e4000-b65e7000 rw-p 00000000 00:00 0 
b65e7000-b70b8000 r-xp 00000000 08:01 1693269    /usr/lib/jvm/java-8-openjdk-i386/jre/lib/i386/server/libjvm.so
b70b8000-b70fe000 r--p 00ad0000 08:01 1693269    /usr/lib/jvm/java-8-openjdk-i386/jre/lib/i386/server/libjvm.so
b70fe000-b7115000 rw-p 00b16000 08:01 1693269    /usr/lib/jvm/java-8-openjdk-i386/jre/lib/i386/server/libjvm.so
b7115000-b7536000 rw-p 00000000 00:00 0 
b7536000-b754f000 r-xp 00000000 08:01 3401302    /lib/i386-linux-gnu/libpthread-2.23.so
b754f000-b7550000 r--p 00018000 08:01 3401302    /lib/i386-linux-gnu/libpthread-2.23.so
b7550000-b7551000 rw-p 00019000 08:01 3401302    /lib/i386-linux-gnu/libpthread-2.23.so
b7551000-b7553000 rw-p 00000000 00:00 0 
b7553000-b7556000 r-xp 00000000 08:01 3401308    /lib/i386-linux-gnu/libdl-2.23.so
b7556000-b7557000 r--p 00002000 08:01 3401308    /lib/i386-linux-gnu/libdl-2.23.so
b7557000-b7558000 rw-p 00003000 08:01 3401308    /lib/i386-linux-gnu/libdl-2.23.so
b7558000-b7571000 r-xp 00000000 08:01 3402741    /lib/i386-linux-gnu/libz.so.1.2.8
b7571000-b7572000 r--p 00018000 08:01 3402741    /lib/i386-linux-gnu/libz.so.1.2.8
b7572000-b7573000 rw-p 00019000 08:01 3402741    /lib/i386-linux-gnu/libz.so.1.2.8
b7573000-b7723000 r-xp 00000000 08:01 3402570    /lib/i386-linux-gnu/libc-2.23.so
b7723000-b7725000 r--p 001af000 08:01 3402570    /lib/i386-linux-gnu/libc-2.23.so
b7725000-b7726000 rw-p 001b1000 08:01 3402570    /lib/i386-linux-gnu/libc-2.23.so
b7726000-b7729000 rw-p 00000000 00:00 0 
b7729000-b772a000 r--s 0000a000 08:01 1693235    /usr/lib/jvm/java-8-openjdk-i386/jre/lib/ext/jaccess.jar
b772a000-b772e000 r--s 00037000 08:01 1693234    /usr/lib/jvm/java-8-openjdk-i386/jre/lib/ext/sunpkcs11.jar
b772e000-b772f000 r--p 002d4000 08:01 1105218    /usr/lib/locale/locale-archive
b772f000-b7730000 rw-p 00000000 00:00 0 
b7730000-b7731000 r--p 00000000 00:00 0 
b7731000-b773f000 r-xp 00000000 08:01 1693275    /usr/lib/jvm/java-8-openjdk-i386/jre/lib/i386/libverify.so
b773f000-b7740000 r--p 0000d000 08:01 1693275    /usr/lib/jvm/java-8-openjdk-i386/jre/lib/i386/libverify.so
b7740000-b7741000 rw-p 0000e000 08:01 1693275    /usr/lib/jvm/java-8-openjdk-i386/jre/lib/i386/libverify.so
b7741000-b774e000 r-xp 00000000 08:01 1693273    /usr/lib/jvm/java-8-openjdk-i386/jre/lib/i386/jli/libjli.so
b774e000-b774f000 r--p 0000c000 08:01 1693273    /usr/lib/jvm/java-8-openjdk-i386/jre/lib/i386/jli/libjli.so
b774f000-b7750000 rw-p 0000d000 08:01 1693273    /usr/lib/jvm/java-8-openjdk-i386/jre/lib/i386/jli/libjli.so
b7750000-b7752000 rw-p 00000000 00:00 0 
b7752000-b7754000 r--p 00000000 00:00 0          [vvar]
b7754000-b7755000 r-xp 00000000 00:00 0          [vdso]
b7755000-b7777000 r-xp 00000000 08:01 3401231    /lib/i386-linux-gnu/ld-2.23.so
b7777000-b7778000 rw-p 00000000 00:00 0 
b7778000-b7779000 r--p 00022000 08:01 3401231    /lib/i386-linux-gnu/ld-2.23.so
b7779000-b777a000 rw-p 00023000 08:01 3401231    /lib/i386-linux-gnu/ld-2.23.so
bfd1b000-bfd3c000 rw-p 00000000 00:00 0          [stack]

VM Arguments:
jvm_args: -Dscript.name=/usr/bin/groovy -Dprogram.name=groovy -Dgroovy.starter.conf=/usr/share/groovy2/conf/groovy-starter.conf -Dgroovy.home=/usr/share/groovy2 -Dtools.jar=/usr/lib/jvm/default-java/lib/tools.jar 
java_command: org.codehaus.groovy.tools.GroovyStarter --main groovy.ui.GroovyMain --conf /usr/share/groovy2/conf/groovy-starter.conf --classpath . httpcat.groovy 4466
java_class_path (initial): /usr/share/groovy2/lib/groovy-2.4.5.jar
Launcher Type: SUN_STANDARD

Environment Variables:
PATH=/usr/bin:/bin
SHELL=/bin/sh

Signal Handlers:
SIGSEGV: [libjvm.so+0x8d7370], sa_mask[0]=11111111011111111101111111111110, sa_flags=SA_RESTART|SA_SIGINFO
SIGBUS: [libjvm.so+0x8d7370], sa_mask[0]=11111111011111111101111111111110, sa_flags=SA_RESTART|SA_SIGINFO
SIGFPE: [libjvm.so+0x73d1c0], sa_mask[0]=11111111011111111101111111111110, sa_flags=SA_RESTART|SA_SIGINFO
SIGPIPE: [libjvm.so+0x73d1c0], sa_mask[0]=11111111011111111101111111111110, sa_flags=SA_RESTART|SA_SIGINFO
SIGXFSZ: [libjvm.so+0x73d1c0], sa_mask[0]=11111111011111111101111111111110, sa_flags=SA_RESTART|SA_SIGINFO
SIGILL: [libjvm.so+0x73d1c0], sa_mask[0]=11111111011111111101111111111110, sa_flags=SA_RESTART|SA_SIGINFO
SIGUSR1: SIG_DFL, sa_mask[0]=00000000000000000000000000000000, sa_flags=none
SIGUSR2: [libjvm.so+0x73d000], sa_mask[0]=00000000000000000000000000000000, sa_flags=SA_RESTART|SA_SIGINFO
SIGHUP: [libjvm.so+0x73d790], sa_mask[0]=11111111011111111101111111111110, sa_flags=SA_RESTART|SA_SIGINFO
SIGINT: [libjvm.so+0x73d790], sa_mask[0]=11111111011111111101111111111110, sa_flags=SA_RESTART|SA_SIGINFO
SIGTERM: [libjvm.so+0x73d790], sa_mask[0]=11111111011111111101111111111110, sa_flags=SA_RESTART|SA_SIGINFO
SIGQUIT: [libjvm.so+0x73d790], sa_mask[0]=11111111011111111101111111111110, sa_flags=SA_RESTART|SA_SIGINFO


---------------  S Y S T E M  ---------------

OS:DISTRIB_ID=Ubuntu
DISTRIB_RELEASE=16.04
DISTRIB_CODENAME=xenial
DISTRIB_DESCRIPTION="Ubuntu 16.04.1 LTS"

uname:Linux 4.4.0-104-generic #127-Ubuntu SMP Mon Dec 11 12:16:50 UTC 2017 i686
libc:glibc 2.23 NPTL 2.23 
rlimit: STACK 8192k, CORE 0k, NPROC 63057, NOFILE 65536, AS infinity
load average:119.18 101.25 97.27

/proc/meminfo:
MemTotal:        8107456 kB
MemFree:          490940 kB
MemAvailable:      42788 kB
Buffers:            7004 kB
Cached:           161556 kB
SwapCached:        48440 kB
Active:          6243312 kB
Inactive:        1127116 kB
Active(anon):    6220548 kB
Inactive(anon):  1112968 kB
Active(file):      22764 kB
Inactive(file):    14148 kB
Unevictable:           0 kB
Mlocked:               0 kB
HighTotal:       7292552 kB
HighFree:         196300 kB
LowTotal:         814904 kB
LowFree:          294640 kB
SwapTotal:       4007932 kB
SwapFree:              0 kB
Dirty:              1032 kB
Writeback:           336 kB
AnonPages:       7148880 kB
Mapped:            25576 kB
Shmem:            131184 kB
Slab:              98836 kB
SReclaimable:      31164 kB
SUnreclaim:        67672 kB
KernelStack:       30432 kB
PageTables:        65512 kB
NFS_Unstable:          0 kB
Bounce:                0 kB
WritebackTmp:          0 kB
CommitLimit:     8061660 kB
Committed_AS:   28539592 kB
VmallocTotal:     122880 kB
VmallocUsed:           0 kB
VmallocChunk:          0 kB
AnonHugePages:   3383296 kB
CmaTotal:              0 kB
CmaFree:               0 kB
HugePages_Total:       0
HugePages_Free:        0
HugePages_Rsvd:        0
HugePages_Surp:        0
Hugepagesize:       2048 kB
DirectMap4k:       40952 kB
DirectMap2M:      870400 kB


CPU:total 4 (initial active 4) (2 cores per cpu, 2 threads per core) family 6 model 58 stepping 9, cmov, cx8, fxsr, mmx, sse, sse2, sse3, ssse3, sse4.1, sse4.2, popcnt, avx, aes, clmul, erms, ht, tsc, tscinvbit, tscinv

/proc/cpuinfo:
processor	: 0
vendor_id	: GenuineIntel
cpu family	: 6
model		: 58
model name	: Intel(R) Core(TM) i5-3427U CPU @ 1.80GHz
stepping	: 9
microcode	: 0x17
cpu MHz		: 2599.988
cache size	: 3072 KB
physical id	: 0
siblings	: 4
core id		: 0
cpu cores	: 2
apicid		: 0
initial apicid	: 0
fdiv_bug	: no
f00f_bug	: no
coma_bug	: no
fpu		: yes
fpu_exception	: yes
cpuid level	: 13
wp		: yes
flags		: fpu vme de pse tsc msr pae mce cx8 apic sep mtrr pge mca cmov pat pse36 clflush dts acpi mmx fxsr sse sse2 ss ht tm pbe nx rdtscp lm constant_tsc arch_perfmon pebs bts xtopology nonstop_tsc aperfmperf eagerfpu pni pclmulqdq dtes64 monitor ds_cpl vmx smx est tm2 ssse3 cx16 xtpr pdcm pcid sse4_1 sse4_2 x2apic popcnt tsc_deadline_timer aes xsave avx f16c rdrand lahf_lm epb tpr_shadow vnmi flexpriority ept vpid fsgsbase smep erms xsaveopt dtherm ida arat pln pts
bugs		:
bogomips	: 4589.83
clflush size	: 64
cache_alignment	: 64
address sizes	: 36 bits physical, 48 bits virtual
power management:

processor	: 1
vendor_id	: GenuineIntel
cpu family	: 6
model		: 58
model name	: Intel(R) Core(TM) i5-3427U CPU @ 1.80GHz
stepping	: 9
microcode	: 0x17
cpu MHz		: 2599.988
cache size	: 3072 KB
physical id	: 0
siblings	: 4
core id		: 1
cpu cores	: 2
apicid		: 2
initial apicid	: 2
fdiv_bug	: no
f00f_bug	: no
coma_bug	: no
fpu		: yes
fpu_exception	: yes
cpuid level	: 13
wp		: yes
flags		: fpu vme de pse tsc msr pae mce cx8 apic sep mtrr pge mca cmov pat pse36 clflush dts acpi mmx fxsr sse sse2 ss ht tm pbe nx rdtscp lm constant_tsc arch_perfmon pebs bts xtopology nonstop_tsc aperfmperf eagerfpu pni pclmulqdq dtes64 monitor ds_cpl vmx smx est tm2 ssse3 cx16 xtpr pdcm pcid sse4_1 sse4_2 x2apic popcnt tsc_deadline_timer aes xsave avx f16c rdrand lahf_lm epb tpr_shadow vnmi flexpriority ept vpid fsgsbase smep erms xsaveopt dtherm ida arat pln pts
bugs		:
bogomips	: 4589.83
clflush size	: 64
cache_alignment	: 64
address sizes	: 36 bits physical, 48 bits virtual
power management:

processor	: 2
vendor_id	: GenuineIntel
cpu family	: 6
model		: 58
model name	: Intel(R) Core(TM) i5-3427U CPU @ 1.80GHz
stepping	: 9
microcode	: 0x17
cpu MHz		: 2599.988
cache size	: 3072 KB
physical id	: 0
siblings	: 4
core id		: 0
cpu cores	: 2
apicid		: 1
initial apicid	: 1
fdiv_bug	: no
f00f_bug	: no
coma_bug	: no
fpu		: yes
fpu_exception	: yes
cpuid level	: 13
wp		: yes
flags		: fpu vme de pse tsc msr pae mce cx8 apic sep mtrr pge mca cmov pat pse36 clflush dts acpi mmx fxsr sse sse2 ss ht tm pbe nx rdtscp lm constant_tsc arch_perfmon pebs bts xtopology nonstop_tsc aperfmperf eagerfpu pni pclmulqdq dtes64 monitor ds_cpl vmx smx est tm2 ssse3 cx16 xtpr pdcm pcid sse4_1 sse4_2 x2apic popcnt tsc_deadline_timer aes xsave avx f16c rdrand lahf_lm epb tpr_shadow vnmi flexpriority ept vpid fsgsbase smep erms xsaveopt dtherm ida arat pln pts
bugs		:
bogomips	: 4589.83
clflush size	: 64
cache_alignment	: 64
address sizes	: 36 bits physical, 48 bits virtual
power management:

processor	: 3
vendor_id	: GenuineIntel
cpu family	: 6
model		: 58
model name	: Intel(R) Core(TM) i5-3427U CPU @ 1.80GHz
stepping	: 9
microcode	: 0x17
cpu MHz		: 2599.988
cache size	: 3072 KB
physical id	: 0
siblings	: 4
core id		: 1
cpu cores	: 2
apicid		: 3
initial apicid	: 3
fdiv_bug	: no
f00f_bug	: no
coma_bug	: no
fpu		: yes
fpu_exception	: yes
cpuid level	: 13
wp		: yes
flags		: fpu vme de pse tsc msr pae mce cx8 apic sep mtrr pge mca cmov pat pse36 clflush dts acpi mmx fxsr sse sse2 ss ht tm pbe nx rdtscp lm constant_tsc arch_perfmon pebs bts xtopology nonstop_tsc aperfmperf eagerfpu pni pclmulqdq dtes64 monitor ds_cpl vmx smx est tm2 ssse3 cx16 xtpr pdcm pcid sse4_1 sse4_2 x2apic popcnt tsc_deadline_timer aes xsave avx f16c rdrand lahf_lm epb tpr_shadow vnmi flexpriority ept vpid fsgsbase smep erms xsaveopt dtherm ida arat pln pts
bugs		:
bogomips	: 4589.83
clflush size	: 64
cache_alignment	: 64
address sizes	: 36 bits physical, 48 bits virtual
power management:



Memory: 4k page, physical 8107456k(588292k free), swap 4007932k(4k free)

vm_info: OpenJDK Server VM (25.151-b12) for linux-x86 JRE (1.8.0_151-8u151-b12-0ubuntu0.16.04.2-b12), built on Oct 27 2017 22:05:04 by "buildd" with gcc 5.4.0 20160609

time: Wed Dec 20 16:00:59 2017
elapsed time: 56 seconds (0d 0h 0m 56s)

